Log file open, 11/05/21 18:52:00
LogWindows: Failed to load 'aqProf.dll' (GetLastError=126)
LogWindows: File 'aqProf.dll' does not exist
LogWindows: Failed to load 'VtuneApi.dll' (GetLastError=126)
LogWindows: File 'VtuneApi.dll' does not exist
LogWindows: Failed to load 'VtuneApi32e.dll' (GetLastError=126)
LogWindows: File 'VtuneApi32e.dll' does not exist
LogConsoleResponse: Display: Failed to find resolution value strings in scalability ini. Falling back to default.
LogConsoleResponse: Display: Failed to find resolution value strings in scalability ini. Falling back to default.
LogInit: Display: Running engine for game: Netshoot
LogPlatformFile: Not using cached read wrapper
LogTaskGraph: Started task graph with 5 named threads and 17 total threads with 3 sets of task threads.
LogStats: Stats thread started at 0.127586
LogICUInternationalization: ICU TimeZone Detection - Raw Offset: +8:00, Platform Override: ''
LogInit: Display: Loading text-based GConfig....
LogPluginManager: Mounting plugin MeshPainting
LogPluginManager: Mounting plugin XGEController
LogPluginManager: Mounting plugin Paper2D
LogPluginManager: Mounting plugin AISupport
LogPluginManager: Mounting plugin EnvironmentQueryEditor
LogPluginManager: Mounting plugin LiveLink
LogPluginManager: Mounting plugin LightPropagationVolume
LogPluginManager: Mounting plugin CameraShakePreviewer
LogPluginManager: Mounting plugin GameplayCameras
LogPluginManager: Mounting plugin OodleData
LogPluginManager: Mounting plugin OodleNetwork
LogPluginManager: Mounting plugin AnimationSharing
LogPluginManager: Mounting plugin CLionSourceCodeAccess
LogPluginManager: Mounting plugin CodeLiteSourceCodeAccess
LogPluginManager: Mounting plugin GitSourceControl
LogPluginManager: Mounting plugin KDevelopSourceCodeAccess
LogPluginManager: Mounting plugin NullSourceCodeAccess
LogPluginManager: Mounting plugin PerforceSourceControl
LogPluginManager: Mounting plugin PixWinPlugin
LogPluginManager: Mounting plugin PlasticSourceControl
LogPluginManager: Mounting plugin PluginUtils
LogPluginManager: Mounting plugin PropertyAccessNode
LogPluginManager: Mounting plugin RiderSourceCodeAccess
LogPluginManager: Mounting plugin SubversionSourceControl
LogPluginManager: Mounting plugin TextureFormatOodle
LogPluginManager: Mounting plugin UObjectPlugin
LogPluginManager: Mounting plugin VisualStudioCodeSourceCodeAccess
LogPluginManager: Mounting plugin VisualStudioSourceCodeAccess
LogPluginManager: Mounting plugin XCodeSourceCodeAccess
LogPluginManager: Mounting plugin AssetManagerEditor
LogPluginManager: Mounting plugin CryptoKeys
LogPluginManager: Mounting plugin CurveEditorTools
LogPluginManager: Mounting plugin DataValidation
LogPluginManager: Mounting plugin FacialAnimation
LogPluginManager: Mounting plugin GameplayTagsEditor
LogPluginManager: Mounting plugin GeometryMode
LogPluginManager: Mounting plugin MacGraphicsSwitching
LogPluginManager: Mounting plugin MaterialAnalyzer
LogPluginManager: Mounting plugin MobileLauncherProfileWizard
LogPluginManager: Mounting plugin PluginBrowser
LogPluginManager: Mounting plugin SpeedTreeImporter
LogPluginManager: Mounting plugin DatasmithContent
LogPluginManager: Mounting plugin VariantManagerContent
LogPluginManager: Mounting plugin AlembicImporter
LogPluginManager: Mounting plugin AutomationUtils
LogPluginManager: Mounting plugin BackChannel
LogPluginManager: Mounting plugin ChaosCloth
LogPluginManager: Mounting plugin ChaosClothEditor
LogPluginManager: Mounting plugin ChaosEditor
LogPluginManager: Mounting plugin ChaosNiagara
LogPluginManager: Mounting plugin ChaosSolverPlugin
LogPluginManager: Mounting plugin CharacterAI
LogPluginManager: Mounting plugin GeometryCache
LogPluginManager: Mounting plugin GeometryCollectionPlugin
LogPluginManager: Mounting plugin GeometryProcessing
LogPluginManager: Mounting plugin MotoSynth
LogPluginManager: Mounting plugin OpenImageDenoise
LogPluginManager: Mounting plugin PlanarCut
LogPluginManager: Mounting plugin PlatformCrypto
LogPluginManager: Mounting plugin ProxyLODPlugin
LogPluginManager: Mounting plugin PythonScriptPlugin
LogPluginManager: Mounting plugin SkeletalReduction
LogPluginManager: Mounting plugin Niagara
LogPluginManager: Mounting plugin LuminPlatformFeatures
LogPluginManager: Mounting plugin MagicLeap
LogPluginManager: Mounting plugin MagicLeapLightEstimation
LogPluginManager: Mounting plugin MagicLeapMedia
LogPluginManager: Mounting plugin MagicLeapPassableWorld
LogPluginManager: Mounting plugin MLSDK
LogPluginManager: Mounting plugin AndroidMedia
LogPluginManager: Mounting plugin AvfMedia
LogPluginManager: Mounting plugin ImgMedia
LogPluginManager: Mounting plugin MediaCompositing
LogPluginManager: Mounting plugin MediaPlayerEditor
LogPluginManager: Mounting plugin WebMMedia
LogPluginManager: Mounting plugin WmfMedia
LogPluginManager: Mounting plugin TcpMessaging
LogPluginManager: Mounting plugin UdpMessaging
LogPluginManager: Mounting plugin ActorSequence
LogPluginManager: Mounting plugin LevelSequenceEditor
LogPluginManager: Mounting plugin MatineeToLevelSequence
LogPluginManager: Mounting plugin TemplateSequence
LogPluginManager: Mounting plugin OnlineSubsystem
LogPluginManager: Mounting plugin OnlineSubsystemNull
LogPluginManager: Mounting plugin OnlineSubsystemUtils
LogPluginManager: Mounting plugin LauncherChunkInstaller
LogPluginManager: Mounting plugin ActorLayerUtilities
LogPluginManager: Mounting plugin AndroidDeviceProfileSelector
LogPluginManager: Mounting plugin AndroidMoviePlayer
LogPluginManager: Mounting plugin AndroidPermission
LogPluginManager: Mounting plugin AppleImageUtils
LogPluginManager: Mounting plugin AppleMoviePlayer
LogPluginManager: Mounting plugin ArchVisCharacter
LogPluginManager: Mounting plugin AssetTags
LogPluginManager: Mounting plugin AudioCapture
LogPluginManager: Mounting plugin AudioSynesthesia
LogPluginManager: Mounting plugin CableComponent
LogPluginManager: Mounting plugin ChunkDownloader
LogPluginManager: Mounting plugin CustomMeshComponent
LogPluginManager: Mounting plugin EditableMesh
LogPluginManager: Mounting plugin ExampleDeviceProfileSelector
LogPluginManager: Mounting plugin GoogleCloudMessaging
LogPluginManager: Mounting plugin GooglePAD
LogPluginManager: Mounting plugin IOSDeviceProfileSelector
LogPluginManager: Mounting plugin LinuxDeviceProfileSelector
LogPluginManager: Mounting plugin LocationServicesBPLibrary
LogPluginManager: Mounting plugin MobilePatchingUtils
LogPluginManager: Mounting plugin OpenXR
LogPluginManager: Mounting plugin OpenXREyeTracker
LogPluginManager: Mounting plugin OpenXRHandTracking
LogPluginManager: Mounting plugin PhysXVehicles
LogPluginManager: Mounting plugin PostSplashScreen
LogPluginManager: Mounting plugin ProceduralMeshComponent
LogPluginManager: Mounting plugin PropertyAccessEditor
LogPluginManager: Mounting plugin RuntimePhysXCooking
LogPluginManager: Mounting plugin SignificanceManager
LogPluginManager: Mounting plugin SoundFields
LogPluginManager: Mounting plugin Synthesis
LogPluginManager: Mounting plugin WebMMoviePlayer
LogPluginManager: Mounting plugin WindowsMoviePlayer
LogPluginManager: Mounting plugin ScreenshotTools
LogPluginManager: Mounting plugin Takes
LogPluginManager: Mounting plugin ContentBrowserAssetDataSource
LogPluginManager: Mounting plugin ContentBrowserClassDataSource
LogPluginManager: Mounting plugin ContentBrowserFileDataSource
LogPluginManager: Mounting plugin OnlineSubsystemGooglePlay
LogPluginManager: Mounting plugin OnlineSubsystemIOS
LogPluginManager: Mounting plugin OculusVR
LogPluginManager: Mounting plugin SteamVR
PixWinPlugin: PIX capture plugin failed to initialize! Check that the process is launched from PIX.
LogInit: Using libcurl 7.55.1-DEV
LogInit:  - built for x86_64-pc-win32
LogInit:  - supports SSL with OpenSSL/1.1.1
LogInit:  - supports HTTP deflate (compression) using libz 1.2.8
LogInit:  - other features:
LogInit:      CURL_VERSION_SSL
LogInit:      CURL_VERSION_LIBZ
LogInit:      CURL_VERSION_IPV6
LogInit:      CURL_VERSION_ASYNCHDNS
LogInit:      CURL_VERSION_LARGEFILE
LogInit:      CURL_VERSION_IDN
LogInit:  CurlRequestOptions (configurable via config and command line):
LogInit:  - bVerifyPeer = true  - Libcurl will verify peer certificate
LogInit:  - bUseHttpProxy = false  - Libcurl will NOT use HTTP proxy
LogInit:  - bDontReuseConnections = false  - Libcurl will reuse connections
LogInit:  - MaxHostConnections = 16  - Libcurl will limit the number of connections to a host
LogInit:  - LocalHostAddr = Default
LogInit:  - BufferSize = 65536
LogOnline: Warning: OSS: TryLoadSubsystemAndSetDefault: LoadSubsystemModule([Steam]) failed
LogOnline: OSS: Creating online subsystem instance for: NULL
LogInit: WinSock: version 1.1 (2.2), MaxSocks=32767, MaxUdp=65467
LogOnline: OSS: TryLoadSubsystemAndSetDefault: Loaded subsystem for module [NULL]
LogInit: Build: ++UE4+Release-4.27-CL-0
LogInit: Engine Version: 4.27.0-0+++UE4+Release-4.27
LogInit: Compatible Engine Version: 4.27.0-0+++UE4+Release-4.27
LogInit: Net CL: 0
LogInit: OS: Windows 10 (Release 2009) (), CPU: Intel(R) Core(TM) i5-8400 CPU @ 2.80GHz, GPU: NVIDIA GeForce GTX 1060 6GB
LogInit: Compiled (64-bit): Oct 12 2021 09:26:09
LogInit: Compiled with Visual C++: 19.29.30136.00
LogInit: Build Configuration: Development
LogInit: Branch Name: ++UE4+Release-4.27
LogInit: Command Line:  Level_01 -server -log -nosteam
LogInit: Base Directory: D:/ue4code/UnrealEngine/Engine/Binaries/Win64/
LogInit: Allocator: TBB
LogInit: Installed Engine Build: 0
LogDevObjectVersion: Number of dev versions registered: 29
LogDevObjectVersion:   Dev-Blueprints (B0D832E4-1F89-4F0D-ACCF-7EB736FD4AA2): 10
LogDevObjectVersion:   Dev-Build (E1C64328-A22C-4D53-A36C-8E866417BD8C): 0
LogDevObjectVersion:   Dev-Core (375EC13C-06E4-48FB-B500-84F0262A717E): 4
LogDevObjectVersion:   Dev-Editor (E4B068ED-F494-42E9-A231-DA0B2E46BB41): 40
LogDevObjectVersion:   Dev-Framework (CFFC743F-43B0-4480-9391-14DF171D2073): 37
LogDevObjectVersion:   Dev-Mobile (B02B49B5-BB20-44E9-A304-32B752E40360): 3
LogDevObjectVersion:   Dev-Networking (A4E4105C-59A1-49B5-A7C5-40C4547EDFEE): 0
LogDevObjectVersion:   Dev-Online (39C831C9-5AE6-47DC-9A44-9C173E1C8E7C): 0
LogDevObjectVersion:   Dev-Physics (78F01B33-EBEA-4F98-B9B4-84EACCB95AA2): 14
LogDevObjectVersion:   Dev-Platform (6631380F-2D4D-43E0-8009-CF276956A95A): 0
LogDevObjectVersion:   Dev-Rendering (12F88B9F-8875-4AFC-A67C-D90C383ABD29): 45
LogDevObjectVersion:   Dev-Sequencer (7B5AE74C-D270-4C10-A958-57980B212A5A): 13
LogDevObjectVersion:   Dev-VR (D7296918-1DD6-4BDD-9DE2-64A83CC13884): 3
LogDevObjectVersion:   Dev-LoadTimes (C2A15278-BFE7-4AFE-6C17-90FF531DF755): 1
LogDevObjectVersion:   Private-Geometry (6EACA3D4-40EC-4CC1-B786-8BED09428FC5): 3
LogDevObjectVersion:   Dev-AnimPhys (29E575DD-E0A3-4627-9D10-D276232CDCEA): 17
LogDevObjectVersion:   Dev-Anim (AF43A65D-7FD3-4947-9873-3E8ED9C1BB05): 15
LogDevObjectVersion:   Dev-ReflectionCapture (6B266CEC-1EC7-4B8F-A30B-E4D90942FC07): 1
LogDevObjectVersion:   Dev-Automation (0DF73D61-A23F-47EA-B727-89E90C41499A): 1
LogDevObjectVersion:   FortniteMain (601D1886-AC64-4F84-AA16-D3DE0DEAC7D6): 47
LogDevObjectVersion:   FortniteRelease (E7086368-6B23-4C58-8439-1B7016265E91): 1
LogDevObjectVersion:   Dev-Enterprise (9DFFBCD6-494F-0158-E221-12823C92A888): 10
LogDevObjectVersion:   Dev-Niagara (F2AED0AC-9AFE-416F-8664-AA7FFA26D6FC): 1
LogDevObjectVersion:   Dev-Destruction (174F1F0B-B4C6-45A5-B13F-2EE8D0FB917D): 10
LogDevObjectVersion:   Dev-Physics-Ext (35F94A83-E258-406C-A318-09F59610247C): 41
LogDevObjectVersion:   Dev-PhysicsMaterial-Chaos (B68FC16E-8B1B-42E2-B453-215C058844FE): 1
LogDevObjectVersion:   Dev-CineCamera (B2E18506-4273-CFC2-A54E-F4BB758BBA07): 1
LogDevObjectVersion:   Dev-VirtualProduction (64F58936-FD1B-42BA-BA96-7289D5D0FA4E): 1
LogDevObjectVersion:   Dev-MediaFramework (6F0ED827-A609-4895-9C91-998D90180EA4): 2
LogInit: Presizing for max 25165824 objects, including 0 objects not considered by GC, pre-allocating 0 bytes for permanent pool.
LogConfig: Applying CVar settings from Section [/Script/Engine.StreamingSettings] File [D:/ue4Project/Netshoot/Netshoot/Saved/Config/Windows/Engine.ini]
LogConfig: Setting CVar [[s.MinBulkDataSizeForAsyncLoading:131072]]
LogConfig: Setting CVar [[s.AsyncLoadingThreadEnabled:0]]
LogConfig: Setting CVar [[s.EventDrivenLoaderEnabled:1]]
LogConfig: Setting CVar [[s.WarnIfTimeLimitExceeded:0]]
LogConfig: Setting CVar [[s.TimeLimitExceededMultiplier:1.5]]
LogConfig: Setting CVar [[s.TimeLimitExceededMinTime:0.005]]
LogConfig: Setting CVar [[s.UseBackgroundLevelStreaming:1]]
LogConfig: Setting CVar [[s.PriorityAsyncLoadingExtraTime:15.0]]
LogConfig: Setting CVar [[s.LevelStreamingActorsUpdateTimeLimit:5.0]]
LogConfig: Setting CVar [[s.PriorityLevelStreamingActorsUpdateExtraTime:5.0]]
LogConfig: Setting CVar [[s.LevelStreamingComponentsRegistrationGranularity:10]]
LogConfig: Setting CVar [[s.UnregisterComponentsTimeLimit:1.0]]
LogConfig: Setting CVar [[s.LevelStreamingComponentsUnregistrationGranularity:5]]
LogConfig: Setting CVar [[s.FlushStreamingOnExit:1]]
LogInit: Object subsystem initialized
LogConfig: Setting CVar [[con.DebugEarlyDefault:1]]
LogConfig: Setting CVar [[r.setres:1280x720]]
[2021.11.05-10.52.00:673][  0]LogConfig: Setting CVar [[con.DebugEarlyDefault:1]]
[2021.11.05-10.52.00:677][  0]LogConfig: Setting CVar [[r.setres:1280x720]]
[2021.11.05-10.52.00:677][  0]LogConfig: Applying CVar settings from Section [/Script/Engine.RendererSettings] File [D:/ue4Project/Netshoot/Netshoot/Saved/Config/Windows/Engine.ini]
[2021.11.05-10.52.00:677][  0]LogConfig: Setting CVar [[r.GPUCrashDebugging:0]]
[2021.11.05-10.52.00:678][  0]LogConfig: Setting CVar [[r.MobileHDR:1]]
[2021.11.05-10.52.00:678][  0]LogConfig: Setting CVar [[r.AllowOcclusionQueries:1]]
[2021.11.05-10.52.00:678][  0]LogConfig: Setting CVar [[r.MinScreenRadiusForLights:0.030000]]
[2021.11.05-10.52.00:678][  0]LogConfig: Setting CVar [[r.MinScreenRadiusForDepthPrepass:0.030000]]
[2021.11.05-10.52.00:679][  0]LogConfig: Setting CVar [[r.PrecomputedVisibilityWarning:0]]
[2021.11.05-10.52.00:679][  0]LogConfig: Setting CVar [[r.TextureStreaming:1]]
[2021.11.05-10.52.00:679][  0]LogConfig: Setting CVar [[Compat.UseDXT5NormalMaps:0]]
[2021.11.05-10.52.00:680][  0]LogConfig: Setting CVar [[r.AllowStaticLighting:1]]
[2021.11.05-10.52.00:680][  0]LogConfig: Setting CVar [[r.NormalMapsForStaticLighting:0]]
[2021.11.05-10.52.00:680][  0]LogConfig: Setting CVar [[r.GenerateMeshDistanceFields:1]]
[2021.11.05-10.52.00:681][  0]LogConfig: Setting CVar [[r.TessellationAdaptivePixelsPerTriangle:48.000000]]
[2021.11.05-10.52.00:681][  0]LogConfig: Setting CVar [[r.SeparateTranslucency:1]]
[2021.11.05-10.52.00:681][  0]LogConfig: Setting CVar [[r.CustomDepth:1]]
[2021.11.05-10.52.00:682][  0]LogConfig: Setting CVar [[r.DefaultFeature.Bloom:1]]
[2021.11.05-10.52.00:682][  0]LogConfig: Setting CVar [[r.DefaultFeature.AmbientOcclusion:1]]
[2021.11.05-10.52.00:682][  0]LogConfig: Setting CVar [[r.DefaultFeature.AmbientOcclusionStaticFraction:1]]
[2021.11.05-10.52.00:683][  0]LogConfig: Setting CVar [[r.DefaultFeature.AutoExposure:1]]
[2021.11.05-10.52.00:683][  0]LogConfig: Setting CVar [[r.DefaultFeature.MotionBlur:1]]
[2021.11.05-10.52.00:684][  0]LogConfig: Setting CVar [[r.DefaultFeature.LensFlare:1]]
[2021.11.05-10.52.00:684][  0]LogConfig: Setting CVar [[r.DefaultFeature.AntiAliasing:2]]
[2021.11.05-10.52.00:684][  0]LogConfig: Setting CVar [[r.EarlyZPass:3]]
[2021.11.05-10.52.00:685][  0]LogConfig: Setting CVar [[r.DBuffer:0]]
[2021.11.05-10.52.00:687][  0]LogConfig: Setting CVar [[r.ClearSceneMethod:1]]
[2021.11.05-10.52.00:687][  0]LogConfig: Setting CVar [[r.MSAA.CompositingSampleCount:4]]
[2021.11.05-10.52.00:687][  0]LogConfig: Setting CVar [[r.WireframeCullThreshold:5.000000]]
[2021.11.05-10.52.00:688][  0]LogConfig: Applying CVar settings from Section [/Script/Engine.RendererOverrideSettings] File [D:/ue4Project/Netshoot/Netshoot/Saved/Config/Windows/Engine.ini]
[2021.11.05-10.52.00:688][  0]LogConfig: Applying CVar settings from Section [/Script/Engine.StreamingSettings] File [D:/ue4Project/Netshoot/Netshoot/Saved/Config/Windows/Engine.ini]
[2021.11.05-10.52.00:688][  0]LogConfig: Setting CVar [[s.MinBulkDataSizeForAsyncLoading:131072]]
[2021.11.05-10.52.00:688][  0]LogConfig: Setting CVar [[s.AsyncLoadingThreadEnabled:0]]
[2021.11.05-10.52.00:689][  0]LogConfig: Setting CVar [[s.EventDrivenLoaderEnabled:1]]
[2021.11.05-10.52.00:689][  0]LogConfig: Setting CVar [[s.WarnIfTimeLimitExceeded:0]]
[2021.11.05-10.52.00:689][  0]LogConfig: Setting CVar [[s.TimeLimitExceededMultiplier:1.5]]
[2021.11.05-10.52.00:690][  0]LogConfig: Setting CVar [[s.TimeLimitExceededMinTime:0.005]]
[2021.11.05-10.52.00:690][  0]LogConfig: Setting CVar [[s.UseBackgroundLevelStreaming:1]]
[2021.11.05-10.52.00:690][  0]LogConfig: Setting CVar [[s.PriorityAsyncLoadingExtraTime:15.0]]
[2021.11.05-10.52.00:691][  0]LogConfig: Setting CVar [[s.LevelStreamingActorsUpdateTimeLimit:5.0]]
[2021.11.05-10.52.00:691][  0]LogConfig: Setting CVar [[s.PriorityLevelStreamingActorsUpdateExtraTime:5.0]]
[2021.11.05-10.52.00:691][  0]LogConfig: Setting CVar [[s.LevelStreamingComponentsRegistrationGranularity:10]]
[2021.11.05-10.52.00:691][  0]LogConfig: Setting CVar [[s.UnregisterComponentsTimeLimit:1.0]]
[2021.11.05-10.52.00:692][  0]LogConfig: Setting CVar [[s.LevelStreamingComponentsUnregistrationGranularity:5]]
[2021.11.05-10.52.00:692][  0]LogConfig: Setting CVar [[s.FlushStreamingOnExit:1]]
[2021.11.05-10.52.00:692][  0]LogConfig: Applying CVar settings from Section [/Script/Engine.GarbageCollectionSettings] File [D:/ue4Project/Netshoot/Netshoot/Saved/Config/Windows/Engine.ini]
[2021.11.05-10.52.00:692][  0]LogConfig: Setting CVar [[gc.MaxObjectsNotConsideredByGC:1]]
[2021.11.05-10.52.00:693][  0]LogConfig: Setting CVar [[gc.SizeOfPermanentObjectPool:0]]
[2021.11.05-10.52.00:693][  0]LogConfig: Setting CVar [[gc.FlushStreamingOnGC:0]]
[2021.11.05-10.52.00:693][  0]LogConfig: Setting CVar [[gc.NumRetriesBeforeForcingGC:10]]
[2021.11.05-10.52.00:694][  0]LogConfig: Setting CVar [[gc.AllowParallelGC:1]]
[2021.11.05-10.52.00:694][  0]LogConfig: Setting CVar [[gc.TimeBetweenPurgingPendingKillObjects:61.1]]
[2021.11.05-10.52.00:694][  0]LogConfig: Setting CVar [[gc.MaxObjectsInEditor:25165824]]
[2021.11.05-10.52.00:694][  0]LogConfig: Setting CVar [[gc.IncrementalBeginDestroyEnabled:1]]
[2021.11.05-10.52.00:695][  0]LogConfig: Setting CVar [[gc.CreateGCClusters:1]]
[2021.11.05-10.52.00:695][  0]LogConfig: Setting CVar [[gc.MinGCClusterSize:5]]
[2021.11.05-10.52.00:695][  0]LogConfig: Setting CVar [[gc.ActorClusteringEnabled:0]]
[2021.11.05-10.52.00:695][  0]LogConfig: Setting CVar [[gc.BlueprintClusteringEnabled:0]]
[2021.11.05-10.52.00:696][  0]LogConfig: Setting CVar [[gc.UseDisregardForGCOnDedicatedServers:0]]
[2021.11.05-10.52.00:696][  0]LogConfig: Setting CVar [[gc.MultithreadedDestructionEnabled:1]]
[2021.11.05-10.52.00:697][  0]LogConfig: Applying CVar settings from Section [/Script/Engine.NetworkSettings] File [D:/ue4Project/Netshoot/Netshoot/Saved/Config/Windows/Engine.ini]
[2021.11.05-10.52.00:697][  0]LogConfig: Applying CVar settings from Section [/Script/UnrealEd.CookerSettings] File [D:/ue4Project/Netshoot/Netshoot/Saved/Config/Windows/Engine.ini]
[2021.11.05-10.52.00:697][  0]LogConfig: Applying CVar settings from Section [ViewDistanceQuality@3] File [D:/ue4Project/Netshoot/Netshoot/Saved/Config/Windows/Scalability.ini]
[2021.11.05-10.52.00:697][  0]LogConfig: Setting CVar [[r.SkeletalMeshLODBias:0]]
[2021.11.05-10.52.00:698][  0]LogConfig: Setting CVar [[r.ViewDistanceScale:1.0]]
[2021.11.05-10.52.00:698][  0]LogConfig: Applying CVar settings from Section [AntiAliasingQuality@3] File [D:/ue4Project/Netshoot/Netshoot/Saved/Config/Windows/Scalability.ini]
[2021.11.05-10.52.00:698][  0]LogConfig: Setting CVar [[r.PostProcessAAQuality:4]]
[2021.11.05-10.52.00:698][  0]LogConfig: Applying CVar settings from Section [ShadowQuality@3] File [D:/ue4Project/Netshoot/Netshoot/Saved/Config/Windows/Scalability.ini]
[2021.11.05-10.52.00:699][  0]LogConfig: Setting CVar [[r.LightFunctionQuality:1]]
[2021.11.05-10.52.00:699][  0]LogConfig: Setting CVar [[r.ShadowQuality:5]]
[2021.11.05-10.52.00:699][  0]LogConfig: Setting CVar [[r.Shadow.CSM.MaxCascades:10]]
[2021.11.05-10.52.00:700][  0]LogConfig: Setting CVar [[r.Shadow.MaxResolution:2048]]
[2021.11.05-10.52.00:700][  0]LogConfig: Setting CVar [[r.Shadow.MaxCSMResolution:2048]]
[2021.11.05-10.52.00:700][  0]LogConfig: Setting CVar [[r.Shadow.RadiusThreshold:0.01]]
[2021.11.05-10.52.00:700][  0]LogConfig: Setting CVar [[r.Shadow.DistanceScale:1.0]]
[2021.11.05-10.52.00:701][  0]LogConfig: Setting CVar [[r.Shadow.CSM.TransitionScale:1.0]]
[2021.11.05-10.52.00:703][  0]LogConfig: Setting CVar [[r.Shadow.PreShadowResolutionFactor:1.0]]
[2021.11.05-10.52.00:703][  0]LogConfig: Setting CVar [[r.DistanceFieldShadowing:1]]
[2021.11.05-10.52.00:703][  0]LogConfig: Setting CVar [[r.DistanceFieldAO:1]]
[2021.11.05-10.52.00:704][  0]LogConfig: Setting CVar [[r.AOQuality:2]]
[2021.11.05-10.52.00:704][  0]LogConfig: Setting CVar [[r.VolumetricFog:1]]
[2021.11.05-10.52.00:704][  0]LogConfig: Setting CVar [[r.VolumetricFog.GridPixelSize:8]]
[2021.11.05-10.52.00:704][  0]LogConfig: Setting CVar [[r.VolumetricFog.GridSizeZ:128]]
[2021.11.05-10.52.00:705][  0]LogConfig: Setting CVar [[r.VolumetricFog.HistoryMissSupersampleCount:4]]
[2021.11.05-10.52.00:705][  0]LogConfig: Setting CVar [[r.LightMaxDrawDistanceScale:1]]
[2021.11.05-10.52.00:705][  0]LogConfig: Setting CVar [[r.CapsuleShadows:1]]
[2021.11.05-10.52.00:705][  0]LogConfig: Applying CVar settings from Section [PostProcessQuality@3] File [D:/ue4Project/Netshoot/Netshoot/Saved/Config/Windows/Scalability.ini]
[2021.11.05-10.52.00:706][  0]LogConfig: Setting CVar [[r.MotionBlurQuality:4]]
[2021.11.05-10.52.00:706][  0]LogConfig: Setting CVar [[r.AmbientOcclusionMipLevelFactor:0.4]]
[2021.11.05-10.52.00:706][  0]LogConfig: Setting CVar [[r.AmbientOcclusionMaxQuality:100]]
[2021.11.05-10.52.00:706][  0]LogConfig: Setting CVar [[r.AmbientOcclusionLevels:-1]]
[2021.11.05-10.52.00:707][  0]LogConfig: Setting CVar [[r.AmbientOcclusionRadiusScale:1.0]]
[2021.11.05-10.52.00:707][  0]LogConfig: Setting CVar [[r.DepthOfFieldQuality:2]]
[2021.11.05-10.52.00:707][  0]LogConfig: Setting CVar [[r.RenderTargetPoolMin:400]]
[2021.11.05-10.52.00:707][  0]LogConfig: Setting CVar [[r.LensFlareQuality:2]]
[2021.11.05-10.52.00:708][  0]LogConfig: Setting CVar [[r.SceneColorFringeQuality:1]]
[2021.11.05-10.52.00:708][  0]LogConfig: Setting CVar [[r.EyeAdaptationQuality:2]]
[2021.11.05-10.52.00:708][  0]LogConfig: Setting CVar [[r.BloomQuality:5]]
[2021.11.05-10.52.00:709][  0]LogConfig: Setting CVar [[r.FastBlurThreshold:100]]
[2021.11.05-10.52.00:709][  0]LogConfig: Setting CVar [[r.Upscale.Quality:3]]
[2021.11.05-10.52.00:709][  0]LogConfig: Setting CVar [[r.Tonemapper.GrainQuantization:1]]
[2021.11.05-10.52.00:710][  0]LogConfig: Setting CVar [[r.LightShaftQuality:1]]
[2021.11.05-10.52.00:710][  0]LogConfig: Setting CVar [[r.Filter.SizeScale:1]]
[2021.11.05-10.52.00:710][  0]LogConfig: Setting CVar [[r.Tonemapper.Quality:5]]
[2021.11.05-10.52.00:710][  0]LogConfig: Setting CVar [[r.DOF.Gather.AccumulatorQuality:1        ; higher gathering accumulator quality]]
[2021.11.05-10.52.00:711][  0]LogConfig: Setting CVar [[r.DOF.Gather.PostfilterMethod:1          ; Median3x3 postfilering method]]
[2021.11.05-10.52.00:711][  0]LogConfig: Setting CVar [[r.DOF.Gather.EnableBokehSettings:0       ; no bokeh simulation when gathering]]
[2021.11.05-10.52.00:711][  0]LogConfig: Setting CVar [[r.DOF.Gather.RingCount:4                 ; medium number of samples when gathering]]
[2021.11.05-10.52.00:711][  0]LogConfig: Setting CVar [[r.DOF.Scatter.ForegroundCompositing:1    ; additive foreground scattering]]
[2021.11.05-10.52.00:712][  0]LogConfig: Setting CVar [[r.DOF.Scatter.BackgroundCompositing:2    ; additive background scattering]]
[2021.11.05-10.52.00:712][  0]LogConfig: Setting CVar [[r.DOF.Scatter.EnableBokehSettings:1      ; bokeh simulation when scattering]]
[2021.11.05-10.52.00:712][  0]LogConfig: Setting CVar [[r.DOF.Scatter.MaxSpriteRatio:0.1         ; only a maximum of 10% of scattered bokeh]]
[2021.11.05-10.52.00:713][  0]LogConfig: Setting CVar [[r.DOF.Recombine.Quality:1                ; cheap slight out of focus]]
[2021.11.05-10.52.00:713][  0]LogConfig: Setting CVar [[r.DOF.Recombine.EnableBokehSettings:0    ; no bokeh simulation on slight out of focus]]
[2021.11.05-10.52.00:713][  0]LogConfig: Setting CVar [[r.DOF.TemporalAAQuality:1                ; more stable temporal accumulation]]
[2021.11.05-10.52.00:713][  0]LogConfig: Setting CVar [[r.DOF.Kernel.MaxForegroundRadius:0.025]]
[2021.11.05-10.52.00:714][  0]LogConfig: Setting CVar [[r.DOF.Kernel.MaxBackgroundRadius:0.025]]
[2021.11.05-10.52.00:714][  0]LogConfig: Applying CVar settings from Section [TextureQuality@3] File [D:/ue4Project/Netshoot/Netshoot/Saved/Config/Windows/Scalability.ini]
[2021.11.05-10.52.00:714][  0]LogConfig: Setting CVar [[r.Streaming.MipBias:0]]
[2021.11.05-10.52.00:715][  0]LogConfig: Setting CVar [[r.Streaming.AmortizeCPUToGPUCopy:0]]
[2021.11.05-10.52.00:715][  0]LogConfig: Setting CVar [[r.Streaming.MaxNumTexturesToStreamPerFrame:0]]
[2021.11.05-10.52.00:715][  0]LogConfig: Setting CVar [[r.Streaming.Boost:1]]
[2021.11.05-10.52.00:715][  0]LogConfig: Setting CVar [[r.MaxAnisotropy:8]]
[2021.11.05-10.52.00:716][  0]LogConfig: Setting CVar [[r.VT.MaxAnisotropy:8]]
[2021.11.05-10.52.00:716][  0]LogConfig: Setting CVar [[r.Streaming.LimitPoolSizeToVRAM:0]]
[2021.11.05-10.52.00:716][  0]LogConfig: Setting CVar [[r.Streaming.PoolSize:1000]]
[2021.11.05-10.52.00:717][  0]LogConfig: Setting CVar [[r.Streaming.MaxEffectiveScreenSize:0]]
[2021.11.05-10.52.00:719][  0]LogConfig: Applying CVar settings from Section [EffectsQuality@3] File [D:/ue4Project/Netshoot/Netshoot/Saved/Config/Windows/Scalability.ini]
[2021.11.05-10.52.00:719][  0]LogConfig: Setting CVar [[r.TranslucencyLightingVolumeDim:64]]
[2021.11.05-10.52.00:720][  0]LogConfig: Setting CVar [[r.RefractionQuality:2]]
[2021.11.05-10.52.00:720][  0]LogConfig: Setting CVar [[r.SSR.Quality:3]]
[2021.11.05-10.52.00:721][  0]LogConfig: Setting CVar [[r.SSR.HalfResSceneColor:0]]
[2021.11.05-10.52.00:721][  0]LogConfig: Setting CVar [[r.SceneColorFormat:4]]
[2021.11.05-10.52.00:722][  0]LogConfig: Setting CVar [[r.DetailMode:2]]
[2021.11.05-10.52.00:722][  0]LogConfig: Setting CVar [[r.TranslucencyVolumeBlur:1]]
[2021.11.05-10.52.00:722][  0]LogConfig: Setting CVar [[r.MaterialQualityLevel:1 ; High quality]]
[2021.11.05-10.52.00:723][  0]LogConfig: Setting CVar [[r.AnisotropicMaterials:1]]
[2021.11.05-10.52.00:723][  0]LogConfig: Setting CVar [[r.SSS.Scale:1]]
[2021.11.05-10.52.00:723][  0]LogConfig: Setting CVar [[r.SSS.SampleSet:2]]
[2021.11.05-10.52.00:724][  0]LogConfig: Setting CVar [[r.SSS.Quality:1]]
[2021.11.05-10.52.00:724][  0]LogConfig: Setting CVar [[r.SSS.HalfRes:0]]
[2021.11.05-10.52.00:724][  0]LogConfig: Setting CVar [[r.SSGI.Quality:3]]
[2021.11.05-10.52.00:724][  0]LogConfig: Setting CVar [[r.EmitterSpawnRateScale:1.0]]
[2021.11.05-10.52.00:725][  0]LogConfig: Setting CVar [[r.ParticleLightQuality:2]]
[2021.11.05-10.52.00:725][  0]LogConfig: Setting CVar [[r.SkyAtmosphere.AerialPerspectiveLUT.FastApplyOnOpaque:1 ; Always have FastSkyLUT 1 in this case to avoid wrong sky]]
[2021.11.05-10.52.00:725][  0]LogConfig: Setting CVar [[r.SkyAtmosphere.AerialPerspectiveLUT.SampleCountMaxPerSlice:4]]
[2021.11.05-10.52.00:726][  0]LogConfig: Setting CVar [[r.SkyAtmosphere.AerialPerspectiveLUT.DepthResolution:16.0]]
[2021.11.05-10.52.00:726][  0]LogConfig: Setting CVar [[r.SkyAtmosphere.FastSkyLUT:1]]
[2021.11.05-10.52.00:726][  0]LogConfig: Setting CVar [[r.SkyAtmosphere.FastSkyLUT.SampleCountMin:4.0]]
[2021.11.05-10.52.00:726][  0]LogConfig: Setting CVar [[r.SkyAtmosphere.FastSkyLUT.SampleCountMax:128.0]]
[2021.11.05-10.52.00:727][  0]LogConfig: Setting CVar [[r.SkyAtmosphere.SampleCountMin:4.0]]
[2021.11.05-10.52.00:727][  0]LogConfig: Setting CVar [[r.SkyAtmosphere.SampleCountMax:128.0]]
[2021.11.05-10.52.00:727][  0]LogConfig: Setting CVar [[r.SkyAtmosphere.TransmittanceLUT.UseSmallFormat:0]]
[2021.11.05-10.52.00:727][  0]LogConfig: Setting CVar [[r.SkyAtmosphere.TransmittanceLUT.SampleCount:10.0]]
[2021.11.05-10.52.00:728][  0]LogConfig: Setting CVar [[r.SkyAtmosphere.MultiScatteringLUT.SampleCount:15.0]]
[2021.11.05-10.52.00:728][  0]LogConfig: Setting CVar [[r.SkyLight.RealTimeReflectionCapture:1]]
[2021.11.05-10.52.00:728][  0]LogConfig: Applying CVar settings from Section [FoliageQuality@3] File [D:/ue4Project/Netshoot/Netshoot/Saved/Config/Windows/Scalability.ini]
[2021.11.05-10.52.00:729][  0]LogConfig: Setting CVar [[foliage.DensityScale:1.0]]
[2021.11.05-10.52.00:729][  0]LogConfig: Setting CVar [[grass.DensityScale:1.0]]
[2021.11.05-10.52.00:729][  0]LogConfig: Applying CVar settings from Section [ShadingQuality@3] File [D:/ue4Project/Netshoot/Netshoot/Saved/Config/Windows/Scalability.ini]
[2021.11.05-10.52.00:730][  0]LogConfig: Setting CVar [[r.HairStrands.SkyLighting.IntegrationType:2]]
[2021.11.05-10.52.00:730][  0]LogConfig: Setting CVar [[r.HairStrands.SkyAO.SampleCount:4]]
[2021.11.05-10.52.00:730][  0]LogConfig: Setting CVar [[r.HairStrands.Visibility.MSAA.SamplePerPixel:4]]
[2021.11.05-10.52.00:730][  0]LogInit: Selected Device Profile: [Windows]
[2021.11.05-10.52.00:731][  0]LogInit: Applying CVar settings loaded from the selected device profile: [Windows]
[2021.11.05-10.52.00:731][  0]LogHAL: Display: Platform has ~ 16 GB [17110147072 / 17179869184 / 16], which maps to Larger [LargestMinGB=32, LargerMinGB=12, DefaultMinGB=8, SmallerMinGB=6, SmallestMinGB=0)
[2021.11.05-10.52.00:731][  0]LogInit: Going up to parent DeviceProfile []
[2021.11.05-10.52.00:732][  0]LogConfig: Applying CVar settings from Section [ViewDistanceQuality@3] File [D:/ue4Project/Netshoot/Netshoot/Saved/Config/Windows/Scalability.ini]
[2021.11.05-10.52.00:732][  0]LogConfig: Setting CVar [[r.SkeletalMeshLODBias:0]]
[2021.11.05-10.52.00:732][  0]LogConfig: Setting CVar [[r.ViewDistanceScale:1.0]]
[2021.11.05-10.52.00:732][  0]LogConfig: Applying CVar settings from Section [AntiAliasingQuality@3] File [D:/ue4Project/Netshoot/Netshoot/Saved/Config/Windows/Scalability.ini]
[2021.11.05-10.52.00:733][  0]LogConfig: Setting CVar [[r.PostProcessAAQuality:4]]
[2021.11.05-10.52.00:735][  0]LogConfig: Applying CVar settings from Section [ShadowQuality@3] File [D:/ue4Project/Netshoot/Netshoot/Saved/Config/Windows/Scalability.ini]
[2021.11.05-10.52.00:736][  0]LogConfig: Setting CVar [[r.LightFunctionQuality:1]]
[2021.11.05-10.52.00:736][  0]LogConfig: Setting CVar [[r.ShadowQuality:5]]
[2021.11.05-10.52.00:736][  0]LogConfig: Setting CVar [[r.Shadow.CSM.MaxCascades:10]]
[2021.11.05-10.52.00:737][  0]LogConfig: Setting CVar [[r.Shadow.MaxResolution:2048]]
[2021.11.05-10.52.00:737][  0]LogConfig: Setting CVar [[r.Shadow.MaxCSMResolution:2048]]
[2021.11.05-10.52.00:737][  0]LogConfig: Setting CVar [[r.Shadow.RadiusThreshold:0.01]]
[2021.11.05-10.52.00:737][  0]LogConfig: Setting CVar [[r.Shadow.DistanceScale:1.0]]
[2021.11.05-10.52.00:738][  0]LogConfig: Setting CVar [[r.Shadow.CSM.TransitionScale:1.0]]
[2021.11.05-10.52.00:738][  0]LogConfig: Setting CVar [[r.Shadow.PreShadowResolutionFactor:1.0]]
[2021.11.05-10.52.00:738][  0]LogConfig: Setting CVar [[r.DistanceFieldShadowing:1]]
[2021.11.05-10.52.00:738][  0]LogConfig: Setting CVar [[r.DistanceFieldAO:1]]
[2021.11.05-10.52.00:739][  0]LogConfig: Setting CVar [[r.AOQuality:2]]
[2021.11.05-10.52.00:739][  0]LogConfig: Setting CVar [[r.VolumetricFog:1]]
[2021.11.05-10.52.00:739][  0]LogConfig: Setting CVar [[r.VolumetricFog.GridPixelSize:8]]
[2021.11.05-10.52.00:739][  0]LogConfig: Setting CVar [[r.VolumetricFog.GridSizeZ:128]]
[2021.11.05-10.52.00:740][  0]LogConfig: Setting CVar [[r.VolumetricFog.HistoryMissSupersampleCount:4]]
[2021.11.05-10.52.00:740][  0]LogConfig: Setting CVar [[r.LightMaxDrawDistanceScale:1]]
[2021.11.05-10.52.00:740][  0]LogConfig: Setting CVar [[r.CapsuleShadows:1]]
[2021.11.05-10.52.00:740][  0]LogConfig: Applying CVar settings from Section [PostProcessQuality@3] File [D:/ue4Project/Netshoot/Netshoot/Saved/Config/Windows/Scalability.ini]
[2021.11.05-10.52.00:741][  0]LogConfig: Setting CVar [[r.MotionBlurQuality:4]]
[2021.11.05-10.52.00:741][  0]LogConfig: Setting CVar [[r.AmbientOcclusionMipLevelFactor:0.4]]
[2021.11.05-10.52.00:741][  0]LogConfig: Setting CVar [[r.AmbientOcclusionMaxQuality:100]]
[2021.11.05-10.52.00:742][  0]LogConfig: Setting CVar [[r.AmbientOcclusionLevels:-1]]
[2021.11.05-10.52.00:742][  0]LogConfig: Setting CVar [[r.AmbientOcclusionRadiusScale:1.0]]
[2021.11.05-10.52.00:742][  0]LogConfig: Setting CVar [[r.DepthOfFieldQuality:2]]
[2021.11.05-10.52.00:742][  0]LogConfig: Setting CVar [[r.RenderTargetPoolMin:400]]
[2021.11.05-10.52.00:743][  0]LogConfig: Setting CVar [[r.LensFlareQuality:2]]
[2021.11.05-10.52.00:743][  0]LogConfig: Setting CVar [[r.SceneColorFringeQuality:1]]
[2021.11.05-10.52.00:743][  0]LogConfig: Setting CVar [[r.EyeAdaptationQuality:2]]
[2021.11.05-10.52.00:743][  0]LogConfig: Setting CVar [[r.BloomQuality:5]]
[2021.11.05-10.52.00:744][  0]LogConfig: Setting CVar [[r.FastBlurThreshold:100]]
[2021.11.05-10.52.00:744][  0]LogConfig: Setting CVar [[r.Upscale.Quality:3]]
[2021.11.05-10.52.00:744][  0]LogConfig: Setting CVar [[r.Tonemapper.GrainQuantization:1]]
[2021.11.05-10.52.00:744][  0]LogConfig: Setting CVar [[r.LightShaftQuality:1]]
[2021.11.05-10.52.00:745][  0]LogConfig: Setting CVar [[r.Filter.SizeScale:1]]
[2021.11.05-10.52.00:745][  0]LogConfig: Setting CVar [[r.Tonemapper.Quality:5]]
[2021.11.05-10.52.00:745][  0]LogConfig: Setting CVar [[r.DOF.Gather.AccumulatorQuality:1        ; higher gathering accumulator quality]]
[2021.11.05-10.52.00:745][  0]LogConfig: Setting CVar [[r.DOF.Gather.PostfilterMethod:1          ; Median3x3 postfilering method]]
[2021.11.05-10.52.00:746][  0]LogConfig: Setting CVar [[r.DOF.Gather.EnableBokehSettings:0       ; no bokeh simulation when gathering]]
[2021.11.05-10.52.00:746][  0]LogConfig: Setting CVar [[r.DOF.Gather.RingCount:4                 ; medium number of samples when gathering]]
[2021.11.05-10.52.00:746][  0]LogConfig: Setting CVar [[r.DOF.Scatter.ForegroundCompositing:1    ; additive foreground scattering]]
[2021.11.05-10.52.00:747][  0]LogConfig: Setting CVar [[r.DOF.Scatter.BackgroundCompositing:2    ; additive background scattering]]
[2021.11.05-10.52.00:747][  0]LogConfig: Setting CVar [[r.DOF.Scatter.EnableBokehSettings:1      ; bokeh simulation when scattering]]
[2021.11.05-10.52.00:747][  0]LogConfig: Setting CVar [[r.DOF.Scatter.MaxSpriteRatio:0.1         ; only a maximum of 10% of scattered bokeh]]
[2021.11.05-10.52.00:748][  0]LogConfig: Setting CVar [[r.DOF.Recombine.Quality:1                ; cheap slight out of focus]]
[2021.11.05-10.52.00:748][  0]LogConfig: Setting CVar [[r.DOF.Recombine.EnableBokehSettings:0    ; no bokeh simulation on slight out of focus]]
[2021.11.05-10.52.00:748][  0]LogConfig: Setting CVar [[r.DOF.TemporalAAQuality:1                ; more stable temporal accumulation]]
[2021.11.05-10.52.00:749][  0]LogConfig: Setting CVar [[r.DOF.Kernel.MaxForegroundRadius:0.025]]
[2021.11.05-10.52.00:751][  0]LogConfig: Setting CVar [[r.DOF.Kernel.MaxBackgroundRadius:0.025]]
[2021.11.05-10.52.00:751][  0]LogConfig: Applying CVar settings from Section [TextureQuality@3] File [D:/ue4Project/Netshoot/Netshoot/Saved/Config/Windows/Scalability.ini]
[2021.11.05-10.52.00:752][  0]LogConfig: Setting CVar [[r.Streaming.MipBias:0]]
[2021.11.05-10.52.00:752][  0]LogConfig: Setting CVar [[r.Streaming.AmortizeCPUToGPUCopy:0]]
[2021.11.05-10.52.00:752][  0]LogConfig: Setting CVar [[r.Streaming.MaxNumTexturesToStreamPerFrame:0]]
[2021.11.05-10.52.00:752][  0]LogConfig: Setting CVar [[r.Streaming.Boost:1]]
[2021.11.05-10.52.00:753][  0]LogConfig: Setting CVar [[r.MaxAnisotropy:8]]
[2021.11.05-10.52.00:753][  0]LogConfig: Setting CVar [[r.VT.MaxAnisotropy:8]]
[2021.11.05-10.52.00:753][  0]LogConfig: Setting CVar [[r.Streaming.LimitPoolSizeToVRAM:0]]
[2021.11.05-10.52.00:753][  0]LogConfig: Setting CVar [[r.Streaming.PoolSize:1000]]
[2021.11.05-10.52.00:754][  0]LogConfig: Setting CVar [[r.Streaming.MaxEffectiveScreenSize:0]]
[2021.11.05-10.52.00:754][  0]LogConfig: Applying CVar settings from Section [EffectsQuality@3] File [D:/ue4Project/Netshoot/Netshoot/Saved/Config/Windows/Scalability.ini]
[2021.11.05-10.52.00:754][  0]LogConfig: Setting CVar [[r.TranslucencyLightingVolumeDim:64]]
[2021.11.05-10.52.00:755][  0]LogConfig: Setting CVar [[r.RefractionQuality:2]]
[2021.11.05-10.52.00:755][  0]LogConfig: Setting CVar [[r.SSR.Quality:3]]
[2021.11.05-10.52.00:755][  0]LogConfig: Setting CVar [[r.SSR.HalfResSceneColor:0]]
[2021.11.05-10.52.00:755][  0]LogConfig: Setting CVar [[r.SceneColorFormat:4]]
[2021.11.05-10.52.00:756][  0]LogConfig: Setting CVar [[r.DetailMode:2]]
[2021.11.05-10.52.00:756][  0]LogConfig: Setting CVar [[r.TranslucencyVolumeBlur:1]]
[2021.11.05-10.52.00:756][  0]LogConfig: Setting CVar [[r.MaterialQualityLevel:1 ; High quality]]
[2021.11.05-10.52.00:756][  0]LogConfig: Setting CVar [[r.AnisotropicMaterials:1]]
[2021.11.05-10.52.00:757][  0]LogConfig: Setting CVar [[r.SSS.Scale:1]]
[2021.11.05-10.52.00:757][  0]LogConfig: Setting CVar [[r.SSS.SampleSet:2]]
[2021.11.05-10.52.00:757][  0]LogConfig: Setting CVar [[r.SSS.Quality:1]]
[2021.11.05-10.52.00:758][  0]LogConfig: Setting CVar [[r.SSS.HalfRes:0]]
[2021.11.05-10.52.00:758][  0]LogConfig: Setting CVar [[r.SSGI.Quality:3]]
[2021.11.05-10.52.00:758][  0]LogConfig: Setting CVar [[r.EmitterSpawnRateScale:1.0]]
[2021.11.05-10.52.00:758][  0]LogConfig: Setting CVar [[r.ParticleLightQuality:2]]
[2021.11.05-10.52.00:759][  0]LogConfig: Setting CVar [[r.SkyAtmosphere.AerialPerspectiveLUT.FastApplyOnOpaque:1 ; Always have FastSkyLUT 1 in this case to avoid wrong sky]]
[2021.11.05-10.52.00:759][  0]LogConfig: Setting CVar [[r.SkyAtmosphere.AerialPerspectiveLUT.SampleCountMaxPerSlice:4]]
[2021.11.05-10.52.00:759][  0]LogConfig: Setting CVar [[r.SkyAtmosphere.AerialPerspectiveLUT.DepthResolution:16.0]]
[2021.11.05-10.52.00:759][  0]LogConfig: Setting CVar [[r.SkyAtmosphere.FastSkyLUT:1]]
[2021.11.05-10.52.00:760][  0]LogConfig: Setting CVar [[r.SkyAtmosphere.FastSkyLUT.SampleCountMin:4.0]]
[2021.11.05-10.52.00:760][  0]LogConfig: Setting CVar [[r.SkyAtmosphere.FastSkyLUT.SampleCountMax:128.0]]
[2021.11.05-10.52.00:760][  0]LogConfig: Setting CVar [[r.SkyAtmosphere.SampleCountMin:4.0]]
[2021.11.05-10.52.00:760][  0]LogConfig: Setting CVar [[r.SkyAtmosphere.SampleCountMax:128.0]]
[2021.11.05-10.52.00:761][  0]LogConfig: Setting CVar [[r.SkyAtmosphere.TransmittanceLUT.UseSmallFormat:0]]
[2021.11.05-10.52.00:761][  0]LogConfig: Setting CVar [[r.SkyAtmosphere.TransmittanceLUT.SampleCount:10.0]]
[2021.11.05-10.52.00:761][  0]LogConfig: Setting CVar [[r.SkyAtmosphere.MultiScatteringLUT.SampleCount:15.0]]
[2021.11.05-10.52.00:762][  0]LogConfig: Setting CVar [[r.SkyLight.RealTimeReflectionCapture:1]]
[2021.11.05-10.52.00:762][  0]LogConfig: Applying CVar settings from Section [FoliageQuality@3] File [D:/ue4Project/Netshoot/Netshoot/Saved/Config/Windows/Scalability.ini]
[2021.11.05-10.52.00:762][  0]LogConfig: Setting CVar [[foliage.DensityScale:1.0]]
[2021.11.05-10.52.00:762][  0]LogConfig: Setting CVar [[grass.DensityScale:1.0]]
[2021.11.05-10.52.00:763][  0]LogConfig: Applying CVar settings from Section [ShadingQuality@3] File [D:/ue4Project/Netshoot/Netshoot/Saved/Config/Windows/Scalability.ini]
[2021.11.05-10.52.00:763][  0]LogConfig: Setting CVar [[r.HairStrands.SkyLighting.IntegrationType:2]]
[2021.11.05-10.52.00:763][  0]LogConfig: Setting CVar [[r.HairStrands.SkyAO.SampleCount:4]]
[2021.11.05-10.52.00:764][  0]LogConfig: Setting CVar [[r.HairStrands.Visibility.MSAA.SamplePerPixel:4]]
[2021.11.05-10.52.00:764][  0]LogConfig: Applying CVar settings from Section [Startup] File [../../../Engine/Config/ConsoleVariables.ini]
[2021.11.05-10.52.00:764][  0]LogConfig: Setting CVar [[net.UseAdaptiveNetUpdateFrequency:0]]
[2021.11.05-10.52.00:765][  0]LogConfig: Setting CVar [[p.chaos.AllowCreatePhysxBodies:1]]
[2021.11.05-10.52.00:767][  0]LogConfig: Setting CVar [[fx.SkipVectorVMBackendOptimizations:1]]
[2021.11.05-10.52.00:767][  0]LogConfig: Applying CVar settings from Section [ConsoleVariables] File [D:/ue4Project/Netshoot/Netshoot/Saved/Config/Windows/Engine.ini]
[2021.11.05-10.52.00:768][  0]LogConfig: Applying CVar settings from Section [ConsoleVariables] File [D:/ue4Project/Netshoot/Netshoot/Saved/Config/Windows/Editor.ini]
[2021.11.05-10.52.00:768][  0]LogInit: Computer: DESKTOP-GH4GCSH
[2021.11.05-10.52.00:768][  0]LogInit: User: yanning
[2021.11.05-10.52.00:768][  0]LogInit: CPU Page size=4096, Cores=6
[2021.11.05-10.52.00:769][  0]LogInit: High frequency timer resolution =10.000000 MHz
[2021.11.05-10.52.00:769][  0]LogMemory: Memory total: Physical=15.9GB (16GB approx)
[2021.11.05-10.52.00:769][  0]LogMemory: Platform Memory Stats for Windows
[2021.11.05-10.52.00:769][  0]LogMemory: Process Physical Memory: 135.27 MB used, 135.27 MB peak
[2021.11.05-10.52.00:770][  0]LogMemory: Process Virtual Memory: 113.23 MB used, 113.23 MB peak
[2021.11.05-10.52.00:770][  0]LogMemory: Physical Memory: 4775.54 MB used,  11541.96 MB free, 16317.51 MB total
[2021.11.05-10.52.00:770][  0]LogMemory: Virtual Memory: 134195712.00 MB used,  22018.11 MB free, 134217728.00 MB total
[2021.11.05-10.52.00:775][  0]LogWindows: WindowsPlatformFeatures disabled or dedicated server build
[2021.11.05-10.52.00:809][  0]LogInit: Physics initialised using underlying interface: PhysX
[2021.11.05-10.52.00:809][  0]LogInit: Using OS detected language (zh-CN).
[2021.11.05-10.52.00:810][  0]LogInit: Using OS detected locale (zh-CN).
[2021.11.05-10.52.00:811][  0]LogTextLocalizationManager: No specific localization for 'zh-CN' exists, so the 'zh-Hans' localization will be used.
[2021.11.05-10.52.00:927][  0]LogTextLocalizationResource: LocRes '../../../Engine/Content/Localization/Editor/zh/Editor.locres' could not be opened for reading!
[2021.11.05-10.52.00:928][  0]LogTextLocalizationResource: LocRes '../../../Engine/Content/Localization/EditorTutorials/zh/EditorTutorials.locres' could not be opened for reading!
[2021.11.05-10.52.00:929][  0]LogTextLocalizationResource: LocRes '../../../Engine/Content/Localization/Keywords/zh/Keywords.locres' could not be opened for reading!
[2021.11.05-10.52.00:929][  0]LogTextLocalizationResource: LocRes '../../../Engine/Content/Localization/Category/zh/Category.locres' could not be opened for reading!
[2021.11.05-10.52.00:929][  0]LogTextLocalizationResource: LocRes '../../../Engine/Content/Localization/ToolTips/zh/ToolTips.locres' could not be opened for reading!
[2021.11.05-10.52.00:930][  0]LogTextLocalizationResource: LocRes '../../../Engine/Content/Localization/PropertyNames/zh/PropertyNames.locres' could not be opened for reading!
[2021.11.05-10.52.00:930][  0]LogTextLocalizationResource: LocRes '../../../Engine/Content/Localization/Engine/zh/Engine.locres' could not be opened for reading!
[2021.11.05-10.52.00:931][  0]LogTextLocalizationResource: LocRes '../../../Engine/Plugins/Online/OnlineSubsystem/Content/Localization/OnlineSubsystem/zh/OnlineSubsystem.locres' could not be opened for reading!
[2021.11.05-10.52.00:931][  0]LogTextLocalizationResource: LocRes '../../../Engine/Plugins/Online/OnlineSubsystemUtils/Content/Localization/OnlineSubsystemUtils/zh/OnlineSubsystemUtils.locres' could not be opened for reading!
[2021.11.05-10.52.00:932][  0]LogTextLocalizationResource: LocRes '../../../Engine/Plugins/Online/Android/OnlineSubsystemGooglePlay/Content/Localization/OnlineSubsystemGooglePlay/zh/OnlineSubsystemGooglePlay.locres' could not be opened for reading!
[2021.11.05-10.52.00:932][  0]LogTextLocalizationResource: LocRes '../../../Engine/Plugins/Online/IOS/OnlineSubsystemIOS/Content/Localization/OnlineSubsystemIOS/zh/OnlineSubsystemIOS.locres' could not be opened for reading!
[2021.11.05-10.52.01:174][  0]LogTargetPlatformManager: Display: Loaded TargetPlatform 'AllDesktop'
[2021.11.05-10.52.01:195][  0]LogTargetPlatformManager: Display: Loaded TargetPlatform 'Android'
[2021.11.05-10.52.01:195][  0]LogTargetPlatformManager: Display: Loaded TargetPlatform 'Android_ASTC'
[2021.11.05-10.52.01:195][  0]LogTargetPlatformManager: Display: Loaded TargetPlatform 'Android_DXT'
[2021.11.05-10.52.01:197][  0]LogTargetPlatformManager: Display: Loaded TargetPlatform 'Android_ETC2'
[2021.11.05-10.52.01:198][  0]LogTargetPlatformManager: Display: Loaded TargetPlatform 'AndroidClient'
[2021.11.05-10.52.01:198][  0]LogTargetPlatformManager: Display: Loaded TargetPlatform 'Android_ASTCClient'
[2021.11.05-10.52.01:198][  0]LogTargetPlatformManager: Display: Loaded TargetPlatform 'Android_DXTClient'
[2021.11.05-10.52.01:198][  0]LogTargetPlatformManager: Display: Loaded TargetPlatform 'Android_ETC2Client'
[2021.11.05-10.52.01:199][  0]LogTargetPlatformManager: Display: Loaded TargetPlatform 'Android_Multi'
[2021.11.05-10.52.01:199][  0]LogTargetPlatformManager: Display: Loaded TargetPlatform 'Android_MultiClient'
[2021.11.05-10.52.01:213][  0]LogTargetPlatformManager: Display: Loaded TargetPlatform 'IOSClient'
[2021.11.05-10.52.01:213][  0]LogTargetPlatformManager: Display: Loaded TargetPlatform 'IOS'
[2021.11.05-10.52.01:236][  0]LogTargetPlatformManager: Display: Loaded TargetPlatform 'Lumin'
[2021.11.05-10.52.01:236][  0]LogTargetPlatformManager: Display: Loaded TargetPlatform 'LuminClient'
[2021.11.05-10.52.01:244][  0]LogTargetPlatformManager: Display: Loaded TargetPlatform 'MacNoEditor'
[2021.11.05-10.52.01:248][  0]LogTargetPlatformManager: Display: Loaded TargetPlatform 'Mac'
[2021.11.05-10.52.01:252][  0]LogTargetPlatformManager: Display: Loaded TargetPlatform 'MacClient'
[2021.11.05-10.52.01:256][  0]LogTargetPlatformManager: Display: Loaded TargetPlatform 'MacServer'
[2021.11.05-10.52.01:265][  0]LogTargetPlatformManager: Display: Loaded TargetPlatform 'TVOSClient'
[2021.11.05-10.52.01:266][  0]LogTargetPlatformManager: Display: Loaded TargetPlatform 'TVOS'
[2021.11.05-10.52.01:274][  0]LogTargetPlatformManager: Display: Loaded TargetPlatform 'WindowsNoEditor'
[2021.11.05-10.52.01:278][  0]LogTargetPlatformManager: Display: Loaded TargetPlatform 'Windows'
[2021.11.05-10.52.01:282][  0]LogTargetPlatformManager: Display: Loaded TargetPlatform 'WindowsClient'
[2021.11.05-10.52.01:286][  0]LogTargetPlatformManager: Display: Loaded TargetPlatform 'WindowsServer'
[2021.11.05-10.52.01:286][  0]LogTargetPlatformManager: Display: Building Assets For Windows
[2021.11.05-10.52.01:292][  0]LogAudioDebug: Display: Lib vorbis DLL was dynamically loaded.
[2021.11.05-10.52.01:316][  0]LogTextureFormatOodle: Display: Oodle Texture 2.9.0 init RDO Off
[2021.11.05-10.52.01:342][  0]LogRendererCore: Ray tracing is disabled. Reason: r.RayTracing=0.
[2021.11.05-10.52.01:342][  0]LogShaderCompilers: Guid format shader working directory is 4 characters bigger than the processId version (../../../../../ue4Project/Netshoot/Netshoot/Intermediate/Shaders/WorkingDirectory/14048/).
[2021.11.05-10.52.01:343][  0]LogShaderCompilers: Cleaned the shader compiler working directory 'C:/Users/yanning/AppData/Local/Temp/UnrealShaderWorkingDir/171AB232430DF334D679A1AE4B5C37C0/'.
[2021.11.05-10.52.01:343][  0]LogXGEController: Cannot use XGE Controller as Incredibuild is not installed on this machine.
[2021.11.05-10.52.01:344][  0]LogShaderCompilers: Cannot use XGE Shader Compiler as Incredibuild is not installed on this machine.
[2021.11.05-10.52.01:344][  0]LogShaderCompilers: Display: Using Local Shader Compiler.
[2021.11.05-10.52.01:860][  0]LogDerivedDataCache: Display: Max Cache Size: 512 MB
[2021.11.05-10.52.01:928][  0]LogDerivedDataCache: Loaded boot cache 0.07s 96MB ../../../../../ue4Project/Netshoot/Netshoot/DerivedDataCache/Boot.ddc.
[2021.11.05-10.52.01:928][  0]LogDerivedDataCache: Display: Loaded Boot cache: ../../../../../ue4Project/Netshoot/Netshoot/DerivedDataCache/Boot.ddc
[2021.11.05-10.52.01:929][  0]LogDerivedDataCache: FDerivedDataBackendGraph:  Pak pak cache file ../../../../../ue4Project/Netshoot/Netshoot/DerivedDataCache/DDC.ddp not found, will not use a pak cache.
[2021.11.05-10.52.01:930][  0]LogDerivedDataCache: Unable to find inner node Pak for hierarchical cache Hierarchy.
[2021.11.05-10.52.01:930][  0]LogDerivedDataCache: FDerivedDataBackendGraph:  EnginePak pak cache file ../../../Engine/DerivedDataCache/DDC.ddp not found, will not use a pak cache.
[2021.11.05-10.52.01:931][  0]LogDerivedDataCache: Unable to find inner node EnginePak for hierarchical cache Hierarchy.
[2021.11.05-10.52.01:935][  0]LogDerivedDataCache: Speed tests for ../../../Engine/DerivedDataCache took 0.00 seconds
[2021.11.05-10.52.01:935][  0]LogDerivedDataCache: Display: Performance to ../../../Engine/DerivedDataCache: Latency=0.01ms. RandomReadSpeed=1392.37MBs, RandomWriteSpeed=310.41MBs. Assigned SpeedClass 'Local'
[2021.11.05-10.52.01:942][  0]LogDerivedDataCache: Using Local data cache path ../../../Engine/DerivedDataCache: Writable
[2021.11.05-10.52.01:942][  0]LogDerivedDataCache: Shared data cache path not found in *engine.ini, will not use an Shared cache.
[2021.11.05-10.52.01:942][  0]LogDerivedDataCache: Unable to find inner node Shared for hierarchical cache Hierarchy.
[2021.11.05-10.52.01:945][  0]LogInit: Using OS detected language (zh-CN).
[2021.11.05-10.52.01:945][  0]LogInit: Using OS detected locale (zh-CN).
[2021.11.05-10.52.01:945][  0]LogTextLocalizationManager: No localization for 'zh-CN' exists, so 'en' will be used for the language.
[2021.11.05-10.52.01:950][  0]LogTextLocalizationManager: No localization for 'zh-CN' exists, so 'en' will be used for the locale.
[2021.11.05-10.52.01:954][  0]LogAssetRegistry: FAssetRegistry took 0.0018 seconds to start up
[2021.11.05-10.52.02:159][  0]LogTextLocalizationManager: Compacting localization data took   0.00ms
[2021.11.05-10.52.02:159][  0]LogPackageLocalizationCache: Processed 27 localized package path(s) for 1 prioritized culture(s) in 0.017225 seconds
[2021.11.05-10.52.02:231][  0]LogInit: Selected Device Profile: [Windows]
[2021.11.05-10.52.02:232][  0]LogInit: Active device profile: [000002896DD5D300][0000028971456200 49] Windows
[2021.11.05-10.52.02:233][  0]LogInit: Profiles: [000002896DD5D300][0000028971456200 49] Windows, [000002896DD42A00][00000289714644C0 49] WindowsNoEditor, [000002896DD5EE00][0000028971468780 49] WindowsServer, [000002896DD42000][000002897146CA40 49] WindowsClient, [000002896DD5E700][000002897145ACC0 49] IOS, [000002896DD43400][0000028971470F40 49] iPadAir, [000002896DD5F500][0000028971479200 49] iPadAir2, [000002896DCF0E00][0000028971B8F740 49] IPadPro, [000002896DCF0F00][000002897147D780 49] iPadAir3, [000002896DDD0D00][000002897148BA40 49] iPadAir4, [000002896DCF0D00][0000028971486180 49] iPadMini2, [000002896DD40500][0000028971B8A440 49] iPadMini3, [000002896DCF3A00][0000028971B98700 49] iPadMini4, [000002896DD41D00][0000028971B9C9C0 49] iPadMini5, [000002896DCF4800][0000028971BACEC0 49] iPhone6, [000002896DCF4900][0000028971BA0F00 49] iPodTouch6, [000002896DD5C200][0000028971BB9400 49] iPhone7, [000002896DD5C100][0000028971475440 49] iPodTouch7, [000002896DCF0B00][0000028971BB1700 49] iPhone5S, [000002896DD5E800][0000028971BA59C0 49] iPhone6Plus, [000002896DCF3B00][0000028971BB4100 49] iPhone6S, [000002896DD5EB00][0000028971BBC3C0 49] iPhone6SPlus, [000002896DCF1400][0000028971BC0680 49] iPhone7Plus, [000002896DD5FF00][0000028971BC4940 49] iPhoneSE, [000002896DCF2200][0000028971BC8C00 49] iPhone8, [000002896DD5F700][0000028971BCCEC0 49] iPhone8Plus, [000002896DCF4100][0000028971BA9140 49] iPhoneX, [000002896DDD0200][0000028971BD13C0 49] iPhoneXS, [000002896DCF6400][0000028971BD9680 49] iPhoneXSMax, [000002896DD5EA00][0000028971BDD940 49] iPhoneXR, [000002896DCF4B00][0000028971BE1C00 49] iPhone11, [000002896DD5F400][0000028971BE4340 49] iPhone11Pro, [000002896DCF7E00][0000028971BE8600 49] iPhone11ProMax, [000002896DD5DB00][0000028971BEC8C0 49] iPhoneSE2, [000002896DCF5B00][0000028971BF0B80 49] iPhone12Mini, [000002896DD5DE00][0000028971BF4E40 49] iPhone12, [000002896DCF4500][0000028971BF9100 49] iPhone12Pro, [000002896DD5D700][0000028971BD5380 49] iPhone12ProMax, [000002896DCF5400][0000028971BFD600 49] iPadPro105, [000002896DD5C800][0000028971C058C0 49] iPadPro129, [000002896DCF4600][0000028971C09B80 49] iPadPro97, [000002896DD5E000][0000028971C0C2C0 49] iPadPro2_129, [000002896DCF7800][0000028971C10580 49] iPad5, [000002896DD5DF00][0000028971C14840 49] iPad6, [000002896DCF6B00][0000028971C18B00 49] iPad7, [000002896DD5CA00][0000028971C1CDC0 49] iPad8, [000002896DCF7000][0000028971C21080 49] iPadPro11, [000002896DD5DA00][0000028971C25340 49] iPadPro2_11, [000002896DCF7900][0000028971C015C0 49] iPadPro3_129, [000002896DD5F200][0000028971C29840 49] iPadPro4_129, [000002896DCF4200][0000028971C31B00 49] AppleTV, [000002896DD5E100][0000028971C34240 49] AppleTV4K, [000002896DCF4E00][0000028971C38500 49] TVOS, [000002896DD5FB00][0000028971C3C7C0 49] Mac, [000002896DCF4300][0000028971C40A80 49] MacClient, [000002896DD5EF00][0000028971C44D40 49] MacNoEditor, [000002896DCF4A00][0000028971C49000 49] MacServer, [000002896DD5D900][0000028971C4D2C0 49] Linux, [000002896DD43A00][0000028971C51580 49] LinuxAArch64, [000002896DCF2500][0000028971C2D800 49] LinuxNoEditor, [000002896DD42B00][0000028971C59AC0 49] LinuxAArch64NoEditor, [000002896DCF0A00][0000028971C5C200 49] LinuxClient, [000002896DD42C00][0000028971C604C0 49] LinuxAArch64Client, [000002896DCF0300][0000028971C64780 49] LinuxServer, [000002896DD41B00][0000028971C68A40 49] LinuxAArch64Server, [000002896DCF3200][0000028971C6CD00 49] Android, [000002896DD42900][0000028971C70FC0 49] Android_Low, [000002896DCF1200][0000028971C75280 49] Android_Mid, [000002896DD42E00][0000028971C79540 49] Android_High, [000002896DCF2000][0000028971C557C0 49] Android_Default, [000002896DD40700][0000028971C7DA40 49] Android_Adreno4xx, [000002896DCF0500][0000028971C84180 49] Android_Adreno5xx_Low, [000002896DD43C00][0000028971C88440 49] Android_Adreno5xx, [000002896DCF3800][0000028971C8C700 49] Android_Adreno6xx, [000002896DD42F00][0000028971C909C0 49] Android_Adreno6xx_Vulkan, [000002896DCF1C00][0000028971C94C80 49] Android_Mali_T6xx, [000002896DD43600][0000028971C98F40 49] Android_Mali_T7xx, [000002896DCF1800][0000028971C9D200 49] Android_Mali_T8xx, [000002896DD40D00][0000028971CA14C0 49] Android_Mali_G71, [000002896DCF1B00][0000028971CA5780 49] Android_Mali_G72, [000002896DD43300][0000028971C81A00 49] Android_Mali_G72_Vulkan, [000002896DD5CD00][0000028971CA8100 49] Android_Mali_G76, [000002896DD41C00][00000289714A03C0 49] Android_Mali_G76_Vulkan, [000002896DD5F900][00000289714A4680 49] Android_Mali_G77, [000002896DD41A00][00000289714A8940 49] Android_Mali_G77_Vulkan, [000002896DD5DD00][00000289714ACC00 49] Android_Mali_G78, [000002896DD42600][00000289714B0EC0 49] Android_Mali_G78_Vulkan, [000002896DD5FE00][00000289714B5180 49] Android_Mali_G710, [000002896DD42800][00000289714B9440 49] Android_Mali_G710_Vulkan, [000002896DD5D500][00000289714BD700 49] Android_Vulkan_SM5, [000002896DD41400][00000289714C19C0 49] Android_PowerVR_G6xxx, [000002896DD5D100][0000028971CAC0C0 49] Android_PowerVR_GT7xxx, [000002896DD40F00][00000289714C4340 49] Android_PowerVR_GE8xxx, [000002896DD5F000][00000289714CC600 49] Android_PowerVR_GM9xxx, [000002896DD40A00][00000289714D08C0 49] Android_PowerVR_GM9xxx_Vulkan, [000002896DD5C500][00000289714D4B80 49] Android_TegraK1, [000002896DD41900][00000289714D8E40 49] Android_Unknown_Vulkan, [000002896DD5C700][00000289714DD100 49] Lumin, [000002896DD41700][00000289714E13C0 49] Lumin_Desktop, [000002896DD5D400][00000289714E5680 49] HoloLens, 
[2021.11.05-10.52.02:249][  0]LogMeshReduction: Using QuadricMeshReduction for automatic static mesh reduction
[2021.11.05-10.52.02:249][  0]LogMeshReduction: Using SimplygonMeshReduction for automatic skeletal mesh reduction
[2021.11.05-10.52.02:250][  0]LogMeshReduction: Using ProxyLODMeshReduction for automatic mesh merging
[2021.11.05-10.52.02:250][  0]LogMeshReduction: No distributed automatic mesh merging module available
[2021.11.05-10.52.02:250][  0]LogMeshMerging: No distributed automatic mesh merging module available
[2021.11.05-10.52.02:259][  0]LogNetVersion: Netshoot 1.0.0, NetCL: 0, EngineNetVer: 17, GameNetVer: 0 (Checksum: 2292170303)
[2021.11.05-10.52.02:339][  0]LogTexture: Default maximum texture size for cubemaps generated from long-lat sources has been changed from 512 to unlimited. In order to preserve old behaiour for '/Engine/MapTemplates/Sky/DaylightAmbientCubemap.DaylightAmbientCubemap', its maximum texture size has been explicitly set to 512.
[2021.11.05-10.52.02:351][  0]LogHMD: PokeAHoleMaterial loaded successfully
[2021.11.05-10.52.02:398][  0]LogPython: Using Python 3.7.7
[2021.11.05-10.52.02:798][  0]LogNiagaraDebuggerClient: Niagara Debugger Client Initialized | Session: 87EC6D5A481C442EFE93899DE30C1CD5 | Instance: 474AE2654D6A85BC44F414867C9CB744 (DESKTOP-GH4GCSH-14048).
[2021.11.05-10.52.02:809][  0]LogCollectionManager: Loaded 0 collections in 0.000723 seconds
[2021.11.05-10.52.02:811][  0]LogFileCache: Scanning file cache for directory 'D:/ue4Project/Netshoot/Netshoot/Saved/Collections/' took 0.00s
[2021.11.05-10.52.02:815][  0]LogFileCache: Scanning file cache for directory 'D:/ue4Project/Netshoot/Netshoot/Content/Developers/yanning/Collections/' took 0.00s
[2021.11.05-10.52.02:821][  0]LogFileCache: Scanning file cache for directory 'D:/ue4Project/Netshoot/Netshoot/Content/Collections/' took 0.00s
[2021.11.05-10.52.02:825][  0]LogCollectionManager: Fixed up redirectors for 0 collections in 0.000002 seconds (updated 0 objects)
[2021.11.05-10.52.02:943][  0]SourceControl: Source control is disabled
[2021.11.05-10.52.02:944][  0]SourceControl: Source control is disabled
[2021.11.05-10.52.02:946][  0]SourceControl: Source control is disabled
[2021.11.05-10.52.02:949][  0]LogUProjectInfo: Found projects:
[2021.11.05-10.52.02:987][  0]LogOpenImageDenoise: OIDN starting up
[2021.11.05-10.52.03:003][  0]LogAndroidPermission: UAndroidPermissionCallbackProxy::GetInstance
[2021.11.05-10.52.03:011][  0]LogAudioCaptureCore: Display: No Audio Capture implementations found. Audio input will be silent.
[2021.11.05-10.52.03:011][  0]LogAudioCaptureCore: Display: No Audio Capture implementations found. Audio input will be silent.
[2021.11.05-10.52.03:059][  0]LogOcInput: OculusInput pre-init called
[2021.11.05-10.52.03:068][  0]LogUObjectArray: 21903 objects as part of root set at end of initial load.
[2021.11.05-10.52.03:068][  0]LogUObjectAllocator: 5897856 out of 0 bytes used by permanent object pool.
[2021.11.05-10.52.03:069][  0]LogUObjectArray: CloseDisregardForGC: 0/0 objects in disregard for GC pool
[2021.11.05-10.52.03:100][  0]LogEngine: Initializing Engine...
[2021.11.05-10.52.03:101][  0]LogStats: UGameplayTagsManager::InitializeManager -  0.000 s
[2021.11.05-10.52.03:113][  0]LogInit: Initializing FReadOnlyCVARCache
[2021.11.05-10.52.03:113][  0]LogNetVersion: Set ProjectVersion to 1.0.0.0. Version Checksum will be recalculated on next use.
[2021.11.05-10.52.03:354][  0]LogDerivedDataCache: Saved boot cache 0.24s 96MB ../../../../../ue4Project/Netshoot/Netshoot/DerivedDataCache/Boot.ddc.
[2021.11.05-10.52.03:357][  0]LogInit: Texture streaming: Disabled
[2021.11.05-10.52.03:495][  0]LogInit: Display: Game Engine Initialized.
[2021.11.05-10.52.03:495][  0]LogNiagaraEditor: GEditor isn't valid! Particle reset commands will not work for Niagara components!
[2021.11.05-10.52.03:521][  0]LogInit: Display: Starting Game.
[2021.11.05-10.52.03:579][  0]LogPackageName: SearchForPackageOnDisk took   0.058s to resolve Level_01.umap.
[2021.11.05-10.52.03:579][  0]LogNet: Browse: /Game/Maps/Level_01?Name=Player
[2021.11.05-10.52.03:580][  0]LogLoad: LoadMap: /Game/Maps/Level_01?Name=Player
[2021.11.05-10.52.03:581][  0]LogWorld: BeginTearingDown for /Temp/Untitled_0
[2021.11.05-10.52.03:584][  0]LogWorld: UWorld::CleanupWorld for Untitled, bSessionEnded=true, bCleanupResources=true
[2021.11.05-10.52.03:595][  0]LogUObjectHash: Compacting FUObjectHashTables data took   1.19ms
[2021.11.05-10.52.03:847][  0]LogAIModule: Creating AISystem for world Level_01
[2021.11.05-10.52.03:848][  0]LogLoad: Game class is 'MyGameMode_C'
[2021.11.05-10.52.03:849][  0]LogNet: ReplicationDriverClass is null! Not using ReplicationDriver.
[2021.11.05-10.52.03:849][  0]LogNetCore: DDoS detection status: detection enabled: 0 analytics enabled: 0
[2021.11.05-10.52.03:849][  0]LogInit: WinSock: Socket queue. Rx: 131072 (config 131072) Tx: 131072 (config 131072)
[2021.11.05-10.52.03:850][  0]LogNet: Created socket for bind address: 0.0.0.0 on port 7777
[2021.11.05-10.52.03:850][  0]PacketHandlerLog: Loaded PacketHandler component: Engine.EngineHandlerComponentFactory (StatelessConnectHandlerComponent)
[2021.11.05-10.52.03:851][  0]LogNet: GameNetDriver IpNetDriver_0 IpNetDriver listening on port 7777
[2021.11.05-10.52.03:855][  0]LogWorld: Bringing World /Game/Maps/Level_01.Level_01 up for play (max tick rate 30) at 2021.11.05-18.52.03
[2021.11.05-10.52.03:855][  0]LogWorld: Bringing up level for play took: 0.003165
[2021.11.05-10.52.03:856][  0]LogGameMode: Display: Match State Changed from EnteringMap to WaitingToStart
[2021.11.05-10.52.03:856][  0]LogGameState: Match State Changed from EnteringMap to WaitingToStart
[2021.11.05-10.52.03:856][  0]LogLoad: Took 0.275148 seconds to LoadMap(/Game/Maps/Level_01)
[2021.11.05-10.52.03:861][  0]LogInit: Display: Engine is initialized. Leaving FEngineLoop::Init()
[2021.11.05-10.52.03:861][  0]LogLoad: (Engine Initialization) Total time: 4.34 seconds
[2021.11.05-10.52.03:861][  0]LogLoad: (Engine Initialization) Total Blueprint compile time: 0.00 seconds
[2021.11.05-10.52.04:786][ 27]LogNet: NotifyAcceptingConnection accepted from: 127.0.0.1:51250
[2021.11.05-10.52.04:786][ 27]LogHandshake: SendConnectChallenge. Timestamp: 0.924449, Cookie: 053143073099233145118147025019098049130095033053142015103239
[2021.11.05-10.52.04:819][ 28]LogNet: NotifyAcceptingConnection accepted from: 127.0.0.1:51250
[2021.11.05-10.52.04:819][ 28]LogHandshake: SendChallengeAck. InCookie: 053143073099233145118147025019098049130095033053142015103239
[2021.11.05-10.52.04:819][ 28]LogNet: Server accepting post-challenge connection from: 127.0.0.1:51250
[2021.11.05-10.52.04:820][ 28]PacketHandlerLog: Loaded PacketHandler component: Engine.EngineHandlerComponentFactory (StatelessConnectHandlerComponent)
[2021.11.05-10.52.04:821][ 28]LogNet: NotifyAcceptedConnection: Name: Level_01, TimeStamp: 11/05/21 18:52:04, [UNetConnection] RemoteAddr: 127.0.0.1:51250, Name: IpConnection_0, Driver: GameNetDriver IpNetDriver_0, IsServer: YES, PC: NULL, Owner: NULL, UniqueId: INVALID
[2021.11.05-10.52.04:822][ 28]LogNet: AddClientConnection: Added client connection: [UNetConnection] RemoteAddr: 127.0.0.1:51250, Name: IpConnection_0, Driver: GameNetDriver IpNetDriver_0, IsServer: YES, PC: NULL, Owner: NULL, UniqueId: INVALID
[2021.11.05-10.52.04:823][ 28]LogNet: NotifyAcceptingChannel Control 0 server World /Game/Maps/Level_01.Level_01: Accepted
[2021.11.05-10.52.04:823][ 28]LogNet: Remote platform little endian=1
[2021.11.05-10.52.04:823][ 28]LogNet: This platform little endian=1
[2021.11.05-10.52.04:824][ 28]LogNetVersion: Netshoot 1.0.0.0, NetCL: 0, EngineNetVer: 17, GameNetVer: 0 (Checksum: 3847081628)
[2021.11.05-10.52.04:853][ 29]LogNet: Login request: ?Name=DESKTOP-GH4GCSH-E0BD4A784E69D9354C6DE8A98AC45E9B userId: NULL:DESKTOP-GH4GCSH-E0BD4A784E69D9354C6DE8A98AC45E9B platform: NULL
[2021.11.05-10.52.05:116][ 37]LogNet: Client netspeed is 100000
[2021.11.05-10.52.05:116][ 37]LogNet: Join request: /Engine/Maps/Entry?Name=DESKTOP-GH4GCSH-E0BD4A784E69D9354C6DE8A98AC45E9B?SplitscreenCount=1
[2021.11.05-10.52.05:117][ 37]LogScript: Warning: Script Msg: MyPlayerController_C_0 自定义事件_0 SetTimer passed a negative or zero time. The associated timer may fail to be created/fire! If using InitialStartDelayVariance, be sure it is smaller than (Time + InitialStartDelay).
[2021.11.05-10.52.05:118][ 37]LogOnlineSession: Warning: OSS: No game present to join for session (GameSession)
[2021.11.05-10.52.05:119][ 37]LogGameMode: Display: Match State Changed from WaitingToStart to InProgress
[2021.11.05-10.52.05:122][ 37]LogGameState: Match State Changed from WaitingToStart to InProgress
[2021.11.05-10.52.05:122][ 37]LogNet: Join succeeded: DESKTOP-GH4GCSH-E0BD
[2021.11.05-10.52.12:236][250]LogNet: NotifyAcceptingConnection accepted from: 127.0.0.1:51251
[2021.11.05-10.52.12:236][250]LogHandshake: SendConnectChallenge. Timestamp: 8.374229, Cookie: 250142062217216063113227229234057177064005127131059218124033
[2021.11.05-10.52.12:270][251]LogNet: NotifyAcceptingConnection accepted from: 127.0.0.1:51251
[2021.11.05-10.52.12:270][251]LogHandshake: SendChallengeAck. InCookie: 250142062217216063113227229234057177064005127131059218124033
[2021.11.05-10.52.12:270][251]LogNet: Server accepting post-challenge connection from: 127.0.0.1:51251
[2021.11.05-10.52.12:271][251]PacketHandlerLog: Loaded PacketHandler component: Engine.EngineHandlerComponentFactory (StatelessConnectHandlerComponent)
[2021.11.05-10.52.12:271][251]LogNet: NotifyAcceptedConnection: Name: Level_01, TimeStamp: 11/05/21 18:52:12, [UNetConnection] RemoteAddr: 127.0.0.1:51251, Name: IpConnection_1, Driver: GameNetDriver IpNetDriver_0, IsServer: YES, PC: NULL, Owner: NULL, UniqueId: INVALID
[2021.11.05-10.52.12:272][251]LogNet: AddClientConnection: Added client connection: [UNetConnection] RemoteAddr: 127.0.0.1:51251, Name: IpConnection_1, Driver: GameNetDriver IpNetDriver_0, IsServer: YES, PC: NULL, Owner: NULL, UniqueId: INVALID
[2021.11.05-10.52.12:303][252]LogNet: NotifyAcceptingChannel Control 0 server World /Game/Maps/Level_01.Level_01: Accepted
[2021.11.05-10.52.12:303][252]LogNet: Remote platform little endian=1
[2021.11.05-10.52.12:304][252]LogNet: This platform little endian=1
[2021.11.05-10.52.12:337][253]LogNet: Login request: ?Name=DESKTOP-GH4GCSH-B7C606874FB7A519F7B5F08AC2061C72 userId: NULL:DESKTOP-GH4GCSH-B7C606874FB7A519F7B5F08AC2061C72 platform: NULL
[2021.11.05-10.52.12:635][262]LogNet: Client netspeed is 100000
[2021.11.05-10.52.12:637][262]LogNet: Join request: /Engine/Maps/Entry?Name=DESKTOP-GH4GCSH-B7C606874FB7A519F7B5F08AC2061C72?SplitscreenCount=1
[2021.11.05-10.52.12:637][262]LogScript: Warning: Script Msg: MyPlayerController_C_1 自定义事件_0 SetTimer passed a negative or zero time. The associated timer may fail to be created/fire! If using InitialStartDelayVariance, be sure it is smaller than (Time + InitialStartDelay).
[2021.11.05-10.52.12:638][262]LogOnlineSession: Warning: OSS: No game present to join for session (GameSession)
[2021.11.05-10.52.12:641][262]LogNet: Join succeeded: DESKTOP-GH4GCSH-B7C6
[2021.11.05-10.52.59:592][664]LogScript: Warning: Attempted to access ProjectileMovement via property ProjectileMovement, but ProjectileMovement is pending kill
	BP_Projectile_C /Game/Maps/Level_01.Level_01:PersistentLevel.BP_Projectile_C_11
	Function /Game/Blueprints/BP_Projectile.BP_Projectile_C:ExecuteUbergraph_BP_Projectile:01A6
[2021.11.05-10.52.59:593][664]LogScript: Warning: Script call stack:
	Function /Game/Blueprints/BP_Projectile.BP_Projectile_C:ReceiveHit
	Function /Game/Blueprints/BP_Projectile.BP_Projectile_C:ExecuteUbergraph_BP_Projectile

[2021.11.05-10.53.17:950][211]LogNet: UChannel::ReceivedSequencedBunch: Bunch.bClose == true. ChIndex == 0. Calling ConditionalCleanUp.
[2021.11.05-10.53.17:950][211]LogNet: UChannel::CleanUp: ChIndex == 0. Closing connection. [UChannel] ChIndex: 0, Closing: 0 [UNetConnection] RemoteAddr: 127.0.0.1:51250, Name: IpConnection_0, Driver: GameNetDriver IpNetDriver_0, IsServer: YES, PC: MyPlayerController_C_0, Owner: MyPlayerController_C_0, UniqueId: NULL:DESKTOP-GH4GCSH-E0BD4A784E69D9354C6DE8A98AC45E9B
[2021.11.05-10.53.17:951][211]LogNet: UNetConnection::Close: [UNetConnection] RemoteAddr: 127.0.0.1:51250, Name: IpConnection_0, Driver: GameNetDriver IpNetDriver_0, IsServer: YES, PC: MyPlayerController_C_0, Owner: MyPlayerController_C_0, UniqueId: NULL:DESKTOP-GH4GCSH-E0BD4A784E69D9354C6DE8A98AC45E9B, Channels: 19, Time: 2021.11.05-10.53.17
[2021.11.05-10.53.17:951][211]LogNet: UChannel::Close: Sending CloseBunch. ChIndex == 0. Name: [UChannel] ChIndex: 0, Closing: 0 [UNetConnection] RemoteAddr: 127.0.0.1:51250, Name: IpConnection_0, Driver: GameNetDriver IpNetDriver_0, IsServer: YES, PC: MyPlayerController_C_0, Owner: MyPlayerController_C_0, UniqueId: NULL:DESKTOP-GH4GCSH-E0BD4A784E69D9354C6DE8A98AC45E9B
[2021.11.05-10.53.17:953][211]LogOnlineSession: Warning: OSS: No game present to leave for session (GameSession)
[2021.11.05-10.53.23:166][367]LogNet: UChannel::ReceivedSequencedBunch: Bunch.bClose == true. ChIndex == 0. Calling ConditionalCleanUp.
[2021.11.05-10.53.23:166][367]LogNet: UChannel::CleanUp: ChIndex == 0. Closing connection. [UChannel] ChIndex: 0, Closing: 0 [UNetConnection] RemoteAddr: 127.0.0.1:51251, Name: IpConnection_1, Driver: GameNetDriver IpNetDriver_0, IsServer: YES, PC: MyPlayerController_C_1, Owner: MyPlayerController_C_1, UniqueId: NULL:DESKTOP-GH4GCSH-B7C606874FB7A519F7B5F08AC2061C72
[2021.11.05-10.53.23:167][367]LogNet: UNetConnection::Close: [UNetConnection] RemoteAddr: 127.0.0.1:51251, Name: IpConnection_1, Driver: GameNetDriver IpNetDriver_0, IsServer: YES, PC: MyPlayerController_C_1, Owner: MyPlayerController_C_1, UniqueId: NULL:DESKTOP-GH4GCSH-B7C606874FB7A519F7B5F08AC2061C72, Channels: 19, Time: 2021.11.05-10.53.23
[2021.11.05-10.53.23:167][367]LogNet: UChannel::Close: Sending CloseBunch. ChIndex == 0. Name: [UChannel] ChIndex: 0, Closing: 0 [UNetConnection] RemoteAddr: 127.0.0.1:51251, Name: IpConnection_1, Driver: GameNetDriver IpNetDriver_0, IsServer: YES, PC: MyPlayerController_C_1, Owner: MyPlayerController_C_1, UniqueId: NULL:DESKTOP-GH4GCSH-B7C606874FB7A519F7B5F08AC2061C72
[2021.11.05-10.53.23:168][367]LogOnlineSession: Warning: OSS: No game present to leave for session (GameSession)
