Log file open, 11/05/21 18:56:05
LogWindows: Failed to load 'aqProf.dll' (GetLastError=126)
LogWindows: File 'aqProf.dll' does not exist
LogWindows: Failed to load 'VtuneApi.dll' (GetLastError=126)
LogWindows: File 'VtuneApi.dll' does not exist
LogWindows: Failed to load 'VtuneApi32e.dll' (GetLastError=126)
LogWindows: File 'VtuneApi32e.dll' does not exist
LogConsoleResponse: Display: Failed to find resolution value strings in scalability ini. Falling back to default.
LogConsoleResponse: Display: Failed to find resolution value strings in scalability ini. Falling back to default.
LogInit: Display: Running engine for game: Netshoot
LogPlatformFile: Not using cached read wrapper
LogTaskGraph: Started task graph with 5 named threads and 20 total threads with 3 sets of task threads.
LogStats: Stats thread started at 0.123444
LogICUInternationalization: ICU TimeZone Detection - Raw Offset: +8:00, Platform Override: ''
LogInit: Display: Loading text-based GConfig....
LogPluginManager: Mounting plugin MeshPainting
LogPluginManager: Mounting plugin XGEController
LogPluginManager: Mounting plugin Paper2D
LogPluginManager: Mounting plugin AISupport
LogPluginManager: Mounting plugin EnvironmentQueryEditor
LogPluginManager: Mounting plugin LightPropagationVolume
LogPluginManager: Mounting plugin LiveLink
LogPluginManager: Mounting plugin CameraShakePreviewer
LogPluginManager: Mounting plugin GameplayCameras
LogPluginManager: Mounting plugin OodleData
LogPluginManager: Mounting plugin AssetManagerEditor
LogPluginManager: Mounting plugin OodleNetwork
LogPluginManager: Mounting plugin CryptoKeys
LogPluginManager: Mounting plugin CurveEditorTools
LogPluginManager: Mounting plugin DataValidation
LogPluginManager: Mounting plugin FacialAnimation
LogPluginManager: Mounting plugin GameplayTagsEditor
LogPluginManager: Mounting plugin GeometryMode
LogPluginManager: Mounting plugin MacGraphicsSwitching
LogPluginManager: Mounting plugin MaterialAnalyzer
LogPluginManager: Mounting plugin MobileLauncherProfileWizard
LogPluginManager: Mounting plugin PluginBrowser
LogPluginManager: Mounting plugin SpeedTreeImporter
LogPluginManager: Mounting plugin DatasmithContent
LogPluginManager: Mounting plugin AlembicImporter
LogPluginManager: Mounting plugin AutomationUtils
LogPluginManager: Mounting plugin VariantManagerContent
LogPluginManager: Mounting plugin BackChannel
LogPluginManager: Mounting plugin ChaosCloth
LogPluginManager: Mounting plugin ChaosClothEditor
LogPluginManager: Mounting plugin ChaosEditor
LogPluginManager: Mounting plugin ChaosNiagara
LogPluginManager: Mounting plugin ChaosSolverPlugin
LogPluginManager: Mounting plugin AnimationSharing
LogPluginManager: Mounting plugin CharacterAI
LogPluginManager: Mounting plugin CLionSourceCodeAccess
LogPluginManager: Mounting plugin GeometryCache
LogPluginManager: Mounting plugin GeometryCollectionPlugin
LogPluginManager: Mounting plugin CodeLiteSourceCodeAccess
LogPluginManager: Mounting plugin GitSourceControl
LogPluginManager: Mounting plugin KDevelopSourceCodeAccess
LogPluginManager: Mounting plugin NullSourceCodeAccess
LogPluginManager: Mounting plugin PerforceSourceControl
LogPluginManager: Mounting plugin PixWinPlugin
LogPluginManager: Mounting plugin PlasticSourceControl
LogPluginManager: Mounting plugin PluginUtils
LogPluginManager: Mounting plugin PropertyAccessNode
LogPluginManager: Mounting plugin RiderSourceCodeAccess
LogPluginManager: Mounting plugin SubversionSourceControl
LogPluginManager: Mounting plugin TextureFormatOodle
LogPluginManager: Mounting plugin UObjectPlugin
LogPluginManager: Mounting plugin VisualStudioCodeSourceCodeAccess
LogPluginManager: Mounting plugin VisualStudioSourceCodeAccess
LogPluginManager: Mounting plugin XCodeSourceCodeAccess
LogPluginManager: Mounting plugin GeometryProcessing
LogPluginManager: Mounting plugin OpenImageDenoise
LogPluginManager: Mounting plugin MotoSynth
LogPluginManager: Mounting plugin PlanarCut
LogPluginManager: Mounting plugin PlatformCrypto
LogPluginManager: Mounting plugin ProxyLODPlugin
LogPluginManager: Mounting plugin PythonScriptPlugin
LogPluginManager: Mounting plugin SkeletalReduction
LogPluginManager: Mounting plugin Niagara
LogPluginManager: Mounting plugin LuminPlatformFeatures
LogPluginManager: Mounting plugin MagicLeap
LogPluginManager: Mounting plugin MagicLeapLightEstimation
LogPluginManager: Mounting plugin MagicLeapMedia
LogPluginManager: Mounting plugin MagicLeapPassableWorld
LogPluginManager: Mounting plugin MLSDK
LogPluginManager: Mounting plugin AndroidMedia
LogPluginManager: Mounting plugin AvfMedia
LogPluginManager: Mounting plugin ImgMedia
LogPluginManager: Mounting plugin MediaCompositing
LogPluginManager: Mounting plugin MediaPlayerEditor
LogPluginManager: Mounting plugin WebMMedia
LogPluginManager: Mounting plugin WmfMedia
LogPluginManager: Mounting plugin TcpMessaging
LogPluginManager: Mounting plugin UdpMessaging
LogPluginManager: Mounting plugin ActorSequence
LogPluginManager: Mounting plugin LevelSequenceEditor
LogPluginManager: Mounting plugin OnlineSubsystem
LogPluginManager: Mounting plugin MatineeToLevelSequence
LogPluginManager: Mounting plugin TemplateSequence
LogPluginManager: Mounting plugin OnlineSubsystemNull
LogPluginManager: Mounting plugin OnlineSubsystemUtils
LogPluginManager: Mounting plugin LauncherChunkInstaller
LogPluginManager: Mounting plugin ActorLayerUtilities
LogPluginManager: Mounting plugin AndroidDeviceProfileSelector
LogPluginManager: Mounting plugin AndroidMoviePlayer
LogPluginManager: Mounting plugin AndroidPermission
LogPluginManager: Mounting plugin AppleImageUtils
LogPluginManager: Mounting plugin AppleMoviePlayer
LogPluginManager: Mounting plugin ArchVisCharacter
LogPluginManager: Mounting plugin AssetTags
LogPluginManager: Mounting plugin AudioCapture
LogPluginManager: Mounting plugin AudioSynesthesia
LogPluginManager: Mounting plugin CableComponent
LogPluginManager: Mounting plugin ChunkDownloader
LogPluginManager: Mounting plugin CustomMeshComponent
LogPluginManager: Mounting plugin EditableMesh
LogPluginManager: Mounting plugin ExampleDeviceProfileSelector
LogPluginManager: Mounting plugin GoogleCloudMessaging
LogPluginManager: Mounting plugin GooglePAD
LogPluginManager: Mounting plugin ScreenshotTools
LogPluginManager: Mounting plugin IOSDeviceProfileSelector
LogPluginManager: Mounting plugin LinuxDeviceProfileSelector
LogPluginManager: Mounting plugin LocationServicesBPLibrary
LogPluginManager: Mounting plugin MobilePatchingUtils
LogPluginManager: Mounting plugin OpenXREyeTracker
LogPluginManager: Mounting plugin OpenXRHandTracking
LogPluginManager: Mounting plugin PhysXVehicles
LogPluginManager: Mounting plugin ProceduralMeshComponent
LogPluginManager: Mounting plugin OpenXR
LogPluginManager: Mounting plugin PropertyAccessEditor
LogPluginManager: Mounting plugin RuntimePhysXCooking
LogPluginManager: Mounting plugin SignificanceManager
LogPluginManager: Mounting plugin SoundFields
LogPluginManager: Mounting plugin Synthesis
LogPluginManager: Mounting plugin WebMMoviePlayer
LogPluginManager: Mounting plugin PostSplashScreen
LogPluginManager: Mounting plugin WindowsMoviePlayer
LogPluginManager: Mounting plugin Takes
LogPluginManager: Mounting plugin ContentBrowserAssetDataSource
LogPluginManager: Mounting plugin ContentBrowserClassDataSource
LogPluginManager: Mounting plugin ContentBrowserFileDataSource
LogPluginManager: Mounting plugin OnlineSubsystemGooglePlay
LogPluginManager: Mounting plugin OnlineSubsystemIOS
LogPluginManager: Mounting plugin OculusVR
LogPluginManager: Mounting plugin SteamVR
PixWinPlugin: PIX capture plugin failed to initialize! Check that the process is launched from PIX.
LogInit: Using libcurl 7.55.1-DEV
LogInit:  - built for x86_64-pc-win32
LogInit:  - supports SSL with OpenSSL/1.1.1
LogInit:  - supports HTTP deflate (compression) using libz 1.2.8
LogInit:  - other features:
LogInit:      CURL_VERSION_SSL
LogInit:      CURL_VERSION_LIBZ
LogInit:      CURL_VERSION_IPV6
LogInit:      CURL_VERSION_ASYNCHDNS
LogInit:      CURL_VERSION_LARGEFILE
LogInit:      CURL_VERSION_IDN
LogInit:  CurlRequestOptions (configurable via config and command line):
LogInit:  - bVerifyPeer = true  - Libcurl will verify peer certificate
LogInit:  - bUseHttpProxy = false  - Libcurl will NOT use HTTP proxy
LogInit:  - bDontReuseConnections = false  - Libcurl will reuse connections
LogInit:  - MaxHostConnections = 16  - Libcurl will limit the number of connections to a host
LogInit:  - LocalHostAddr = Default
LogInit:  - BufferSize = 65536
LogOnline: Warning: OSS: TryLoadSubsystemAndSetDefault: LoadSubsystemModule([Steam]) failed
LogOnline: OSS: Creating online subsystem instance for: NULL
LogInit: WinSock: version 1.1 (2.2), MaxSocks=32767, MaxUdp=65467
LogOnline: OSS: TryLoadSubsystemAndSetDefault: Loaded subsystem for module [NULL]
LogOculusPluginWrapper: OculusPlugin initialized successfully
LogHMD: Failed initializing OVRPlugin 1.59.0
LogInit: Build: ++UE4+Release-4.27-CL-0
LogInit: Engine Version: 4.27.0-0+++UE4+Release-4.27
LogInit: Compatible Engine Version: 4.27.0-0+++UE4+Release-4.27
LogInit: Net CL: 0
LogInit: OS: Windows 10 (Release 2009) (), CPU: Intel(R) Core(TM) i5-8400 CPU @ 2.80GHz, GPU: NVIDIA GeForce GTX 1060 6GB
LogInit: Compiled (64-bit): Oct 12 2021 09:26:09
LogInit: Compiled with Visual C++: 19.29.30136.00
LogInit: Build Configuration: Development
LogInit: Branch Name: ++UE4+Release-4.27
LogInit: Command Line:  127.0.0.1 -game -log -nosteam
LogInit: Base Directory: D:/ue4code/UnrealEngine/Engine/Binaries/Win64/
LogInit: Allocator: TBB
LogInit: Installed Engine Build: 0
LogDevObjectVersion: Number of dev versions registered: 29
LogDevObjectVersion:   Dev-Blueprints (B0D832E4-1F89-4F0D-ACCF-7EB736FD4AA2): 10
LogDevObjectVersion:   Dev-Build (E1C64328-A22C-4D53-A36C-8E866417BD8C): 0
LogDevObjectVersion:   Dev-Core (375EC13C-06E4-48FB-B500-84F0262A717E): 4
LogDevObjectVersion:   Dev-Editor (E4B068ED-F494-42E9-A231-DA0B2E46BB41): 40
LogDevObjectVersion:   Dev-Framework (CFFC743F-43B0-4480-9391-14DF171D2073): 37
LogDevObjectVersion:   Dev-Mobile (B02B49B5-BB20-44E9-A304-32B752E40360): 3
LogDevObjectVersion:   Dev-Networking (A4E4105C-59A1-49B5-A7C5-40C4547EDFEE): 0
LogDevObjectVersion:   Dev-Online (39C831C9-5AE6-47DC-9A44-9C173E1C8E7C): 0
LogDevObjectVersion:   Dev-Physics (78F01B33-EBEA-4F98-B9B4-84EACCB95AA2): 14
LogDevObjectVersion:   Dev-Platform (6631380F-2D4D-43E0-8009-CF276956A95A): 0
LogDevObjectVersion:   Dev-Rendering (12F88B9F-8875-4AFC-A67C-D90C383ABD29): 45
LogDevObjectVersion:   Dev-Sequencer (7B5AE74C-D270-4C10-A958-57980B212A5A): 13
LogDevObjectVersion:   Dev-VR (D7296918-1DD6-4BDD-9DE2-64A83CC13884): 3
LogDevObjectVersion:   Dev-LoadTimes (C2A15278-BFE7-4AFE-6C17-90FF531DF755): 1
LogDevObjectVersion:   Private-Geometry (6EACA3D4-40EC-4CC1-B786-8BED09428FC5): 3
LogDevObjectVersion:   Dev-AnimPhys (29E575DD-E0A3-4627-9D10-D276232CDCEA): 17
LogDevObjectVersion:   Dev-Anim (AF43A65D-7FD3-4947-9873-3E8ED9C1BB05): 15
LogDevObjectVersion:   Dev-ReflectionCapture (6B266CEC-1EC7-4B8F-A30B-E4D90942FC07): 1
LogDevObjectVersion:   Dev-Automation (0DF73D61-A23F-47EA-B727-89E90C41499A): 1
LogDevObjectVersion:   FortniteMain (601D1886-AC64-4F84-AA16-D3DE0DEAC7D6): 47
LogDevObjectVersion:   FortniteRelease (E7086368-6B23-4C58-8439-1B7016265E91): 1
LogDevObjectVersion:   Dev-Enterprise (9DFFBCD6-494F-0158-E221-12823C92A888): 10
LogDevObjectVersion:   Dev-Niagara (F2AED0AC-9AFE-416F-8664-AA7FFA26D6FC): 1
LogDevObjectVersion:   Dev-Destruction (174F1F0B-B4C6-45A5-B13F-2EE8D0FB917D): 10
LogDevObjectVersion:   Dev-Physics-Ext (35F94A83-E258-406C-A318-09F59610247C): 41
LogDevObjectVersion:   Dev-PhysicsMaterial-Chaos (B68FC16E-8B1B-42E2-B453-215C058844FE): 1
LogDevObjectVersion:   Dev-CineCamera (B2E18506-4273-CFC2-A54E-F4BB758BBA07): 1
LogDevObjectVersion:   Dev-VirtualProduction (64F58936-FD1B-42BA-BA96-7289D5D0FA4E): 1
LogDevObjectVersion:   Dev-MediaFramework (6F0ED827-A609-4895-9C91-998D90180EA4): 2
LogInit: Presizing for max 25165824 objects, including 0 objects not considered by GC, pre-allocating 0 bytes for permanent pool.
LogConfig: Applying CVar settings from Section [/Script/Engine.StreamingSettings] File [D:/ue4Project/Netshoot/Netshoot/Saved/Config/Windows/Engine.ini]
LogConfig: Setting CVar [[s.MinBulkDataSizeForAsyncLoading:131072]]
LogConfig: Setting CVar [[s.AsyncLoadingThreadEnabled:0]]
LogConfig: Setting CVar [[s.EventDrivenLoaderEnabled:1]]
LogConfig: Setting CVar [[s.WarnIfTimeLimitExceeded:0]]
LogConfig: Setting CVar [[s.TimeLimitExceededMultiplier:1.5]]
LogConfig: Setting CVar [[s.TimeLimitExceededMinTime:0.005]]
LogConfig: Setting CVar [[s.UseBackgroundLevelStreaming:1]]
LogConfig: Setting CVar [[s.PriorityAsyncLoadingExtraTime:15.0]]
LogConfig: Setting CVar [[s.LevelStreamingActorsUpdateTimeLimit:5.0]]
LogConfig: Setting CVar [[s.PriorityLevelStreamingActorsUpdateExtraTime:5.0]]
LogConfig: Setting CVar [[s.LevelStreamingComponentsRegistrationGranularity:10]]
LogConfig: Setting CVar [[s.UnregisterComponentsTimeLimit:1.0]]
LogConfig: Setting CVar [[s.LevelStreamingComponentsUnregistrationGranularity:5]]
LogConfig: Setting CVar [[s.FlushStreamingOnExit:1]]
LogInit: Object subsystem initialized
LogConfig: Setting CVar [[con.DebugEarlyDefault:1]]
LogConfig: Setting CVar [[r.setres:1280x720]]
[2021.11.05-10.56.05:988][  0]LogConfig: Setting CVar [[con.DebugEarlyDefault:1]]
[2021.11.05-10.56.05:988][  0]LogConfig: Setting CVar [[r.setres:1280x720]]
[2021.11.05-10.56.05:988][  0]LogConfig: Applying CVar settings from Section [/Script/Engine.RendererSettings] File [D:/ue4Project/Netshoot/Netshoot/Saved/Config/Windows/Engine.ini]
[2021.11.05-10.56.05:988][  0]LogConfig: Setting CVar [[r.GPUCrashDebugging:0]]
[2021.11.05-10.56.05:989][  0]LogConfig: Setting CVar [[r.MobileHDR:1]]
[2021.11.05-10.56.05:989][  0]LogConfig: Setting CVar [[r.AllowOcclusionQueries:1]]
[2021.11.05-10.56.05:990][  0]LogConfig: Setting CVar [[r.MinScreenRadiusForLights:0.030000]]
[2021.11.05-10.56.05:990][  0]LogConfig: Setting CVar [[r.MinScreenRadiusForDepthPrepass:0.030000]]
[2021.11.05-10.56.05:990][  0]LogConfig: Setting CVar [[r.PrecomputedVisibilityWarning:0]]
[2021.11.05-10.56.05:990][  0]LogConfig: Setting CVar [[r.TextureStreaming:1]]
[2021.11.05-10.56.05:991][  0]LogConfig: Setting CVar [[Compat.UseDXT5NormalMaps:0]]
[2021.11.05-10.56.05:991][  0]LogConfig: Setting CVar [[r.AllowStaticLighting:1]]
[2021.11.05-10.56.05:991][  0]LogConfig: Setting CVar [[r.NormalMapsForStaticLighting:0]]
[2021.11.05-10.56.05:992][  0]LogConfig: Setting CVar [[r.GenerateMeshDistanceFields:1]]
[2021.11.05-10.56.05:992][  0]LogConfig: Setting CVar [[r.TessellationAdaptivePixelsPerTriangle:48.000000]]
[2021.11.05-10.56.05:992][  0]LogConfig: Setting CVar [[r.SeparateTranslucency:1]]
[2021.11.05-10.56.05:993][  0]LogConfig: Setting CVar [[r.CustomDepth:1]]
[2021.11.05-10.56.05:993][  0]LogConfig: Setting CVar [[r.DefaultFeature.Bloom:1]]
[2021.11.05-10.56.05:993][  0]LogConfig: Setting CVar [[r.DefaultFeature.AmbientOcclusion:1]]
[2021.11.05-10.56.05:993][  0]LogConfig: Setting CVar [[r.DefaultFeature.AmbientOcclusionStaticFraction:1]]
[2021.11.05-10.56.05:994][  0]LogConfig: Setting CVar [[r.DefaultFeature.AutoExposure:1]]
[2021.11.05-10.56.05:994][  0]LogConfig: Setting CVar [[r.DefaultFeature.MotionBlur:1]]
[2021.11.05-10.56.05:994][  0]LogConfig: Setting CVar [[r.DefaultFeature.LensFlare:1]]
[2021.11.05-10.56.05:995][  0]LogConfig: Setting CVar [[r.DefaultFeature.AntiAliasing:2]]
[2021.11.05-10.56.05:995][  0]LogConfig: Setting CVar [[r.EarlyZPass:3]]
[2021.11.05-10.56.05:995][  0]LogConfig: Setting CVar [[r.DBuffer:0]]
[2021.11.05-10.56.05:996][  0]LogConfig: Setting CVar [[r.ClearSceneMethod:1]]
[2021.11.05-10.56.05:996][  0]LogConfig: Setting CVar [[r.MSAA.CompositingSampleCount:4]]
[2021.11.05-10.56.05:996][  0]LogConfig: Setting CVar [[r.WireframeCullThreshold:5.000000]]
[2021.11.05-10.56.05:996][  0]LogConfig: Applying CVar settings from Section [/Script/Engine.RendererOverrideSettings] File [D:/ue4Project/Netshoot/Netshoot/Saved/Config/Windows/Engine.ini]
[2021.11.05-10.56.05:997][  0]LogConfig: Applying CVar settings from Section [/Script/Engine.StreamingSettings] File [D:/ue4Project/Netshoot/Netshoot/Saved/Config/Windows/Engine.ini]
[2021.11.05-10.56.05:997][  0]LogConfig: Setting CVar [[s.MinBulkDataSizeForAsyncLoading:131072]]
[2021.11.05-10.56.05:997][  0]LogConfig: Setting CVar [[s.AsyncLoadingThreadEnabled:0]]
[2021.11.05-10.56.05:998][  0]LogConfig: Setting CVar [[s.EventDrivenLoaderEnabled:1]]
[2021.11.05-10.56.05:998][  0]LogConfig: Setting CVar [[s.WarnIfTimeLimitExceeded:0]]
[2021.11.05-10.56.05:998][  0]LogConfig: Setting CVar [[s.TimeLimitExceededMultiplier:1.5]]
[2021.11.05-10.56.05:999][  0]LogConfig: Setting CVar [[s.TimeLimitExceededMinTime:0.005]]
[2021.11.05-10.56.05:999][  0]LogConfig: Setting CVar [[s.UseBackgroundLevelStreaming:1]]
[2021.11.05-10.56.05:999][  0]LogConfig: Setting CVar [[s.PriorityAsyncLoadingExtraTime:15.0]]
[2021.11.05-10.56.05:999][  0]LogConfig: Setting CVar [[s.LevelStreamingActorsUpdateTimeLimit:5.0]]
[2021.11.05-10.56.06:002][  0]LogConfig: Setting CVar [[s.PriorityLevelStreamingActorsUpdateExtraTime:5.0]]
[2021.11.05-10.56.06:003][  0]LogConfig: Setting CVar [[s.LevelStreamingComponentsRegistrationGranularity:10]]
[2021.11.05-10.56.06:003][  0]LogConfig: Setting CVar [[s.UnregisterComponentsTimeLimit:1.0]]
[2021.11.05-10.56.06:003][  0]LogConfig: Setting CVar [[s.LevelStreamingComponentsUnregistrationGranularity:5]]
[2021.11.05-10.56.06:003][  0]LogConfig: Setting CVar [[s.FlushStreamingOnExit:1]]
[2021.11.05-10.56.06:004][  0]LogConfig: Applying CVar settings from Section [/Script/Engine.GarbageCollectionSettings] File [D:/ue4Project/Netshoot/Netshoot/Saved/Config/Windows/Engine.ini]
[2021.11.05-10.56.06:004][  0]LogConfig: Setting CVar [[gc.MaxObjectsNotConsideredByGC:1]]
[2021.11.05-10.56.06:004][  0]LogConfig: Setting CVar [[gc.SizeOfPermanentObjectPool:0]]
[2021.11.05-10.56.06:004][  0]LogConfig: Setting CVar [[gc.FlushStreamingOnGC:0]]
[2021.11.05-10.56.06:005][  0]LogConfig: Setting CVar [[gc.NumRetriesBeforeForcingGC:10]]
[2021.11.05-10.56.06:005][  0]LogConfig: Setting CVar [[gc.AllowParallelGC:1]]
[2021.11.05-10.56.06:005][  0]LogConfig: Setting CVar [[gc.TimeBetweenPurgingPendingKillObjects:61.1]]
[2021.11.05-10.56.06:006][  0]LogConfig: Setting CVar [[gc.MaxObjectsInEditor:25165824]]
[2021.11.05-10.56.06:006][  0]LogConfig: Setting CVar [[gc.IncrementalBeginDestroyEnabled:1]]
[2021.11.05-10.56.06:006][  0]LogConfig: Setting CVar [[gc.CreateGCClusters:1]]
[2021.11.05-10.56.06:006][  0]LogConfig: Setting CVar [[gc.MinGCClusterSize:5]]
[2021.11.05-10.56.06:007][  0]LogConfig: Setting CVar [[gc.ActorClusteringEnabled:0]]
[2021.11.05-10.56.06:007][  0]LogConfig: Setting CVar [[gc.BlueprintClusteringEnabled:0]]
[2021.11.05-10.56.06:007][  0]LogConfig: Setting CVar [[gc.UseDisregardForGCOnDedicatedServers:0]]
[2021.11.05-10.56.06:008][  0]LogConfig: Setting CVar [[gc.MultithreadedDestructionEnabled:1]]
[2021.11.05-10.56.06:008][  0]LogConfig: Applying CVar settings from Section [/Script/Engine.NetworkSettings] File [D:/ue4Project/Netshoot/Netshoot/Saved/Config/Windows/Engine.ini]
[2021.11.05-10.56.06:008][  0]LogConfig: Applying CVar settings from Section [/Script/UnrealEd.CookerSettings] File [D:/ue4Project/Netshoot/Netshoot/Saved/Config/Windows/Engine.ini]
[2021.11.05-10.56.06:021][  0]LogConfig: Applying CVar settings from Section [ViewDistanceQuality@3] File [D:/ue4Project/Netshoot/Netshoot/Saved/Config/Windows/Scalability.ini]
[2021.11.05-10.56.06:022][  0]LogConfig: Setting CVar [[r.SkeletalMeshLODBias:0]]
[2021.11.05-10.56.06:022][  0]LogConfig: Setting CVar [[r.ViewDistanceScale:1.0]]
[2021.11.05-10.56.06:022][  0]LogConfig: Applying CVar settings from Section [AntiAliasingQuality@3] File [D:/ue4Project/Netshoot/Netshoot/Saved/Config/Windows/Scalability.ini]
[2021.11.05-10.56.06:023][  0]LogConfig: Setting CVar [[r.PostProcessAAQuality:4]]
[2021.11.05-10.56.06:023][  0]LogConfig: Applying CVar settings from Section [ShadowQuality@3] File [D:/ue4Project/Netshoot/Netshoot/Saved/Config/Windows/Scalability.ini]
[2021.11.05-10.56.06:023][  0]LogConfig: Setting CVar [[r.LightFunctionQuality:1]]
[2021.11.05-10.56.06:024][  0]LogConfig: Setting CVar [[r.ShadowQuality:5]]
[2021.11.05-10.56.06:024][  0]LogConfig: Setting CVar [[r.Shadow.CSM.MaxCascades:10]]
[2021.11.05-10.56.06:024][  0]LogConfig: Setting CVar [[r.Shadow.MaxResolution:2048]]
[2021.11.05-10.56.06:025][  0]LogConfig: Setting CVar [[r.Shadow.MaxCSMResolution:2048]]
[2021.11.05-10.56.06:025][  0]LogConfig: Setting CVar [[r.Shadow.RadiusThreshold:0.01]]
[2021.11.05-10.56.06:025][  0]LogConfig: Setting CVar [[r.Shadow.DistanceScale:1.0]]
[2021.11.05-10.56.06:026][  0]LogConfig: Setting CVar [[r.Shadow.CSM.TransitionScale:1.0]]
[2021.11.05-10.56.06:026][  0]LogConfig: Setting CVar [[r.Shadow.PreShadowResolutionFactor:1.0]]
[2021.11.05-10.56.06:026][  0]LogConfig: Setting CVar [[r.DistanceFieldShadowing:1]]
[2021.11.05-10.56.06:026][  0]LogConfig: Setting CVar [[r.DistanceFieldAO:1]]
[2021.11.05-10.56.06:027][  0]LogConfig: Setting CVar [[r.AOQuality:2]]
[2021.11.05-10.56.06:027][  0]LogConfig: Setting CVar [[r.VolumetricFog:1]]
[2021.11.05-10.56.06:027][  0]LogConfig: Setting CVar [[r.VolumetricFog.GridPixelSize:8]]
[2021.11.05-10.56.06:028][  0]LogConfig: Setting CVar [[r.VolumetricFog.GridSizeZ:128]]
[2021.11.05-10.56.06:028][  0]LogConfig: Setting CVar [[r.VolumetricFog.HistoryMissSupersampleCount:4]]
[2021.11.05-10.56.06:028][  0]LogConfig: Setting CVar [[r.LightMaxDrawDistanceScale:1]]
[2021.11.05-10.56.06:029][  0]LogConfig: Setting CVar [[r.CapsuleShadows:1]]
[2021.11.05-10.56.06:029][  0]LogConfig: Applying CVar settings from Section [PostProcessQuality@3] File [D:/ue4Project/Netshoot/Netshoot/Saved/Config/Windows/Scalability.ini]
[2021.11.05-10.56.06:029][  0]LogConfig: Setting CVar [[r.MotionBlurQuality:4]]
[2021.11.05-10.56.06:029][  0]LogConfig: Setting CVar [[r.AmbientOcclusionMipLevelFactor:0.4]]
[2021.11.05-10.56.06:030][  0]LogConfig: Setting CVar [[r.AmbientOcclusionMaxQuality:100]]
[2021.11.05-10.56.06:030][  0]LogConfig: Setting CVar [[r.AmbientOcclusionLevels:-1]]
[2021.11.05-10.56.06:030][  0]LogConfig: Setting CVar [[r.AmbientOcclusionRadiusScale:1.0]]
[2021.11.05-10.56.06:031][  0]LogConfig: Setting CVar [[r.DepthOfFieldQuality:2]]
[2021.11.05-10.56.06:032][  0]LogConfig: Setting CVar [[r.RenderTargetPoolMin:400]]
[2021.11.05-10.56.06:032][  0]LogConfig: Setting CVar [[r.LensFlareQuality:2]]
[2021.11.05-10.56.06:033][  0]LogConfig: Setting CVar [[r.SceneColorFringeQuality:1]]
[2021.11.05-10.56.06:033][  0]LogConfig: Setting CVar [[r.EyeAdaptationQuality:2]]
[2021.11.05-10.56.06:033][  0]LogConfig: Setting CVar [[r.BloomQuality:5]]
[2021.11.05-10.56.06:033][  0]LogConfig: Setting CVar [[r.FastBlurThreshold:100]]
[2021.11.05-10.56.06:034][  0]LogConfig: Setting CVar [[r.Upscale.Quality:3]]
[2021.11.05-10.56.06:034][  0]LogConfig: Setting CVar [[r.Tonemapper.GrainQuantization:1]]
[2021.11.05-10.56.06:034][  0]LogConfig: Setting CVar [[r.LightShaftQuality:1]]
[2021.11.05-10.56.06:035][  0]LogConfig: Setting CVar [[r.Filter.SizeScale:1]]
[2021.11.05-10.56.06:035][  0]LogConfig: Setting CVar [[r.Tonemapper.Quality:5]]
[2021.11.05-10.56.06:035][  0]LogConfig: Setting CVar [[r.DOF.Gather.AccumulatorQuality:1        ; higher gathering accumulator quality]]
[2021.11.05-10.56.06:036][  0]LogConfig: Setting CVar [[r.DOF.Gather.PostfilterMethod:1          ; Median3x3 postfilering method]]
[2021.11.05-10.56.06:036][  0]LogConfig: Setting CVar [[r.DOF.Gather.EnableBokehSettings:0       ; no bokeh simulation when gathering]]
[2021.11.05-10.56.06:036][  0]LogConfig: Setting CVar [[r.DOF.Gather.RingCount:4                 ; medium number of samples when gathering]]
[2021.11.05-10.56.06:037][  0]LogConfig: Setting CVar [[r.DOF.Scatter.ForegroundCompositing:1    ; additive foreground scattering]]
[2021.11.05-10.56.06:037][  0]LogConfig: Setting CVar [[r.DOF.Scatter.BackgroundCompositing:2    ; additive background scattering]]
[2021.11.05-10.56.06:037][  0]LogConfig: Setting CVar [[r.DOF.Scatter.EnableBokehSettings:1      ; bokeh simulation when scattering]]
[2021.11.05-10.56.06:037][  0]LogConfig: Setting CVar [[r.DOF.Scatter.MaxSpriteRatio:0.1         ; only a maximum of 10% of scattered bokeh]]
[2021.11.05-10.56.06:038][  0]LogConfig: Setting CVar [[r.DOF.Recombine.Quality:1                ; cheap slight out of focus]]
[2021.11.05-10.56.06:038][  0]LogConfig: Setting CVar [[r.DOF.Recombine.EnableBokehSettings:0    ; no bokeh simulation on slight out of focus]]
[2021.11.05-10.56.06:038][  0]LogConfig: Setting CVar [[r.DOF.TemporalAAQuality:1                ; more stable temporal accumulation]]
[2021.11.05-10.56.06:039][  0]LogConfig: Setting CVar [[r.DOF.Kernel.MaxForegroundRadius:0.025]]
[2021.11.05-10.56.06:039][  0]LogConfig: Setting CVar [[r.DOF.Kernel.MaxBackgroundRadius:0.025]]
[2021.11.05-10.56.06:039][  0]LogConfig: Applying CVar settings from Section [TextureQuality@3] File [D:/ue4Project/Netshoot/Netshoot/Saved/Config/Windows/Scalability.ini]
[2021.11.05-10.56.06:040][  0]LogConfig: Setting CVar [[r.Streaming.MipBias:0]]
[2021.11.05-10.56.06:040][  0]LogConfig: Setting CVar [[r.Streaming.AmortizeCPUToGPUCopy:0]]
[2021.11.05-10.56.06:041][  0]LogConfig: Setting CVar [[r.Streaming.MaxNumTexturesToStreamPerFrame:0]]
[2021.11.05-10.56.06:041][  0]LogConfig: Setting CVar [[r.Streaming.Boost:1]]
[2021.11.05-10.56.06:041][  0]LogConfig: Setting CVar [[r.MaxAnisotropy:8]]
[2021.11.05-10.56.06:041][  0]LogConfig: Setting CVar [[r.VT.MaxAnisotropy:8]]
[2021.11.05-10.56.06:042][  0]LogConfig: Setting CVar [[r.Streaming.LimitPoolSizeToVRAM:0]]
[2021.11.05-10.56.06:042][  0]LogConfig: Setting CVar [[r.Streaming.PoolSize:1000]]
[2021.11.05-10.56.06:042][  0]LogConfig: Setting CVar [[r.Streaming.MaxEffectiveScreenSize:0]]
[2021.11.05-10.56.06:043][  0]LogConfig: Applying CVar settings from Section [EffectsQuality@3] File [D:/ue4Project/Netshoot/Netshoot/Saved/Config/Windows/Scalability.ini]
[2021.11.05-10.56.06:043][  0]LogConfig: Setting CVar [[r.TranslucencyLightingVolumeDim:64]]
[2021.11.05-10.56.06:043][  0]LogConfig: Setting CVar [[r.RefractionQuality:2]]
[2021.11.05-10.56.06:043][  0]LogConfig: Setting CVar [[r.SSR.Quality:3]]
[2021.11.05-10.56.06:044][  0]LogConfig: Setting CVar [[r.SSR.HalfResSceneColor:0]]
[2021.11.05-10.56.06:044][  0]LogConfig: Setting CVar [[r.SceneColorFormat:4]]
[2021.11.05-10.56.06:044][  0]LogConfig: Setting CVar [[r.DetailMode:2]]
[2021.11.05-10.56.06:045][  0]LogConfig: Setting CVar [[r.TranslucencyVolumeBlur:1]]
[2021.11.05-10.56.06:045][  0]LogConfig: Setting CVar [[r.MaterialQualityLevel:1 ; High quality]]
[2021.11.05-10.56.06:045][  0]LogConfig: Setting CVar [[r.AnisotropicMaterials:1]]
[2021.11.05-10.56.06:045][  0]LogConfig: Setting CVar [[r.SSS.Scale:1]]
[2021.11.05-10.56.06:048][  0]LogConfig: Setting CVar [[r.SSS.SampleSet:2]]
[2021.11.05-10.56.06:048][  0]LogConfig: Setting CVar [[r.SSS.Quality:1]]
[2021.11.05-10.56.06:049][  0]LogConfig: Setting CVar [[r.SSS.HalfRes:0]]
[2021.11.05-10.56.06:049][  0]LogConfig: Setting CVar [[r.SSGI.Quality:3]]
[2021.11.05-10.56.06:049][  0]LogConfig: Setting CVar [[r.EmitterSpawnRateScale:1.0]]
[2021.11.05-10.56.06:050][  0]LogConfig: Setting CVar [[r.ParticleLightQuality:2]]
[2021.11.05-10.56.06:050][  0]LogConfig: Setting CVar [[r.SkyAtmosphere.AerialPerspectiveLUT.FastApplyOnOpaque:1 ; Always have FastSkyLUT 1 in this case to avoid wrong sky]]
[2021.11.05-10.56.06:050][  0]LogConfig: Setting CVar [[r.SkyAtmosphere.AerialPerspectiveLUT.SampleCountMaxPerSlice:4]]
[2021.11.05-10.56.06:050][  0]LogConfig: Setting CVar [[r.SkyAtmosphere.AerialPerspectiveLUT.DepthResolution:16.0]]
[2021.11.05-10.56.06:051][  0]LogConfig: Setting CVar [[r.SkyAtmosphere.FastSkyLUT:1]]
[2021.11.05-10.56.06:051][  0]LogConfig: Setting CVar [[r.SkyAtmosphere.FastSkyLUT.SampleCountMin:4.0]]
[2021.11.05-10.56.06:051][  0]LogConfig: Setting CVar [[r.SkyAtmosphere.FastSkyLUT.SampleCountMax:128.0]]
[2021.11.05-10.56.06:051][  0]LogConfig: Setting CVar [[r.SkyAtmosphere.SampleCountMin:4.0]]
[2021.11.05-10.56.06:052][  0]LogConfig: Setting CVar [[r.SkyAtmosphere.SampleCountMax:128.0]]
[2021.11.05-10.56.06:052][  0]LogConfig: Setting CVar [[r.SkyAtmosphere.TransmittanceLUT.UseSmallFormat:0]]
[2021.11.05-10.56.06:052][  0]LogConfig: Setting CVar [[r.SkyAtmosphere.TransmittanceLUT.SampleCount:10.0]]
[2021.11.05-10.56.06:053][  0]LogConfig: Setting CVar [[r.SkyAtmosphere.MultiScatteringLUT.SampleCount:15.0]]
[2021.11.05-10.56.06:053][  0]LogConfig: Setting CVar [[r.SkyLight.RealTimeReflectionCapture:1]]
[2021.11.05-10.56.06:053][  0]LogConfig: Applying CVar settings from Section [FoliageQuality@3] File [D:/ue4Project/Netshoot/Netshoot/Saved/Config/Windows/Scalability.ini]
[2021.11.05-10.56.06:053][  0]LogConfig: Setting CVar [[foliage.DensityScale:1.0]]
[2021.11.05-10.56.06:054][  0]LogConfig: Setting CVar [[grass.DensityScale:1.0]]
[2021.11.05-10.56.06:054][  0]LogConfig: Applying CVar settings from Section [ShadingQuality@3] File [D:/ue4Project/Netshoot/Netshoot/Saved/Config/Windows/Scalability.ini]
[2021.11.05-10.56.06:054][  0]LogConfig: Setting CVar [[r.HairStrands.SkyLighting.IntegrationType:2]]
[2021.11.05-10.56.06:055][  0]LogConfig: Setting CVar [[r.HairStrands.SkyAO.SampleCount:4]]
[2021.11.05-10.56.06:055][  0]LogConfig: Setting CVar [[r.HairStrands.Visibility.MSAA.SamplePerPixel:4]]
[2021.11.05-10.56.06:055][  0]LogInit: Selected Device Profile: [Windows]
[2021.11.05-10.56.06:056][  0]LogInit: Applying CVar settings loaded from the selected device profile: [Windows]
[2021.11.05-10.56.06:056][  0]LogHAL: Display: Platform has ~ 16 GB [17110147072 / 17179869184 / 16], which maps to Larger [LargestMinGB=32, LargerMinGB=12, DefaultMinGB=8, SmallerMinGB=6, SmallestMinGB=0)
[2021.11.05-10.56.06:056][  0]LogInit: Going up to parent DeviceProfile []
[2021.11.05-10.56.06:057][  0]LogConfig: Applying CVar settings from Section [ViewDistanceQuality@3] File [D:/ue4Project/Netshoot/Netshoot/Saved/Config/Windows/Scalability.ini]
[2021.11.05-10.56.06:057][  0]LogConfig: Setting CVar [[r.SkeletalMeshLODBias:0]]
[2021.11.05-10.56.06:057][  0]LogConfig: Setting CVar [[r.ViewDistanceScale:1.0]]
[2021.11.05-10.56.06:057][  0]LogConfig: Applying CVar settings from Section [AntiAliasingQuality@3] File [D:/ue4Project/Netshoot/Netshoot/Saved/Config/Windows/Scalability.ini]
[2021.11.05-10.56.06:058][  0]LogConfig: Setting CVar [[r.PostProcessAAQuality:4]]
[2021.11.05-10.56.06:058][  0]LogConfig: Applying CVar settings from Section [ShadowQuality@3] File [D:/ue4Project/Netshoot/Netshoot/Saved/Config/Windows/Scalability.ini]
[2021.11.05-10.56.06:058][  0]LogConfig: Setting CVar [[r.LightFunctionQuality:1]]
[2021.11.05-10.56.06:058][  0]LogConfig: Setting CVar [[r.ShadowQuality:5]]
[2021.11.05-10.56.06:059][  0]LogConfig: Setting CVar [[r.Shadow.CSM.MaxCascades:10]]
[2021.11.05-10.56.06:059][  0]LogConfig: Setting CVar [[r.Shadow.MaxResolution:2048]]
[2021.11.05-10.56.06:059][  0]LogConfig: Setting CVar [[r.Shadow.MaxCSMResolution:2048]]
[2021.11.05-10.56.06:059][  0]LogConfig: Setting CVar [[r.Shadow.RadiusThreshold:0.01]]
[2021.11.05-10.56.06:060][  0]LogConfig: Setting CVar [[r.Shadow.DistanceScale:1.0]]
[2021.11.05-10.56.06:060][  0]LogConfig: Setting CVar [[r.Shadow.CSM.TransitionScale:1.0]]
[2021.11.05-10.56.06:060][  0]LogConfig: Setting CVar [[r.Shadow.PreShadowResolutionFactor:1.0]]
[2021.11.05-10.56.06:061][  0]LogConfig: Setting CVar [[r.DistanceFieldShadowing:1]]
[2021.11.05-10.56.06:061][  0]LogConfig: Setting CVar [[r.DistanceFieldAO:1]]
[2021.11.05-10.56.06:063][  0]LogConfig: Setting CVar [[r.AOQuality:2]]
[2021.11.05-10.56.06:064][  0]LogConfig: Setting CVar [[r.VolumetricFog:1]]
[2021.11.05-10.56.06:065][  0]LogConfig: Setting CVar [[r.VolumetricFog.GridPixelSize:8]]
[2021.11.05-10.56.06:065][  0]LogConfig: Setting CVar [[r.VolumetricFog.GridSizeZ:128]]
[2021.11.05-10.56.06:065][  0]LogConfig: Setting CVar [[r.VolumetricFog.HistoryMissSupersampleCount:4]]
[2021.11.05-10.56.06:066][  0]LogConfig: Setting CVar [[r.LightMaxDrawDistanceScale:1]]
[2021.11.05-10.56.06:066][  0]LogConfig: Setting CVar [[r.CapsuleShadows:1]]
[2021.11.05-10.56.06:067][  0]LogConfig: Applying CVar settings from Section [PostProcessQuality@3] File [D:/ue4Project/Netshoot/Netshoot/Saved/Config/Windows/Scalability.ini]
[2021.11.05-10.56.06:067][  0]LogConfig: Setting CVar [[r.MotionBlurQuality:4]]
[2021.11.05-10.56.06:067][  0]LogConfig: Setting CVar [[r.AmbientOcclusionMipLevelFactor:0.4]]
[2021.11.05-10.56.06:068][  0]LogConfig: Setting CVar [[r.AmbientOcclusionMaxQuality:100]]
[2021.11.05-10.56.06:068][  0]LogConfig: Setting CVar [[r.AmbientOcclusionLevels:-1]]
[2021.11.05-10.56.06:068][  0]LogConfig: Setting CVar [[r.AmbientOcclusionRadiusScale:1.0]]
[2021.11.05-10.56.06:069][  0]LogConfig: Setting CVar [[r.DepthOfFieldQuality:2]]
[2021.11.05-10.56.06:069][  0]LogConfig: Setting CVar [[r.RenderTargetPoolMin:400]]
[2021.11.05-10.56.06:069][  0]LogConfig: Setting CVar [[r.LensFlareQuality:2]]
[2021.11.05-10.56.06:069][  0]LogConfig: Setting CVar [[r.SceneColorFringeQuality:1]]
[2021.11.05-10.56.06:070][  0]LogConfig: Setting CVar [[r.EyeAdaptationQuality:2]]
[2021.11.05-10.56.06:070][  0]LogConfig: Setting CVar [[r.BloomQuality:5]]
[2021.11.05-10.56.06:070][  0]LogConfig: Setting CVar [[r.FastBlurThreshold:100]]
[2021.11.05-10.56.06:070][  0]LogConfig: Setting CVar [[r.Upscale.Quality:3]]
[2021.11.05-10.56.06:071][  0]LogConfig: Setting CVar [[r.Tonemapper.GrainQuantization:1]]
[2021.11.05-10.56.06:071][  0]LogConfig: Setting CVar [[r.LightShaftQuality:1]]
[2021.11.05-10.56.06:071][  0]LogConfig: Setting CVar [[r.Filter.SizeScale:1]]
[2021.11.05-10.56.06:071][  0]LogConfig: Setting CVar [[r.Tonemapper.Quality:5]]
[2021.11.05-10.56.06:072][  0]LogConfig: Setting CVar [[r.DOF.Gather.AccumulatorQuality:1        ; higher gathering accumulator quality]]
[2021.11.05-10.56.06:072][  0]LogConfig: Setting CVar [[r.DOF.Gather.PostfilterMethod:1          ; Median3x3 postfilering method]]
[2021.11.05-10.56.06:072][  0]LogConfig: Setting CVar [[r.DOF.Gather.EnableBokehSettings:0       ; no bokeh simulation when gathering]]
[2021.11.05-10.56.06:073][  0]LogConfig: Setting CVar [[r.DOF.Gather.RingCount:4                 ; medium number of samples when gathering]]
[2021.11.05-10.56.06:073][  0]LogConfig: Setting CVar [[r.DOF.Scatter.ForegroundCompositing:1    ; additive foreground scattering]]
[2021.11.05-10.56.06:073][  0]LogConfig: Setting CVar [[r.DOF.Scatter.BackgroundCompositing:2    ; additive background scattering]]
[2021.11.05-10.56.06:073][  0]LogConfig: Setting CVar [[r.DOF.Scatter.EnableBokehSettings:1      ; bokeh simulation when scattering]]
[2021.11.05-10.56.06:074][  0]LogConfig: Setting CVar [[r.DOF.Scatter.MaxSpriteRatio:0.1         ; only a maximum of 10% of scattered bokeh]]
[2021.11.05-10.56.06:074][  0]LogConfig: Setting CVar [[r.DOF.Recombine.Quality:1                ; cheap slight out of focus]]
[2021.11.05-10.56.06:074][  0]LogConfig: Setting CVar [[r.DOF.Recombine.EnableBokehSettings:0    ; no bokeh simulation on slight out of focus]]
[2021.11.05-10.56.06:074][  0]LogConfig: Setting CVar [[r.DOF.TemporalAAQuality:1                ; more stable temporal accumulation]]
[2021.11.05-10.56.06:075][  0]LogConfig: Setting CVar [[r.DOF.Kernel.MaxForegroundRadius:0.025]]
[2021.11.05-10.56.06:075][  0]LogConfig: Setting CVar [[r.DOF.Kernel.MaxBackgroundRadius:0.025]]
[2021.11.05-10.56.06:075][  0]LogConfig: Applying CVar settings from Section [TextureQuality@3] File [D:/ue4Project/Netshoot/Netshoot/Saved/Config/Windows/Scalability.ini]
[2021.11.05-10.56.06:076][  0]LogConfig: Setting CVar [[r.Streaming.MipBias:0]]
[2021.11.05-10.56.06:076][  0]LogConfig: Setting CVar [[r.Streaming.AmortizeCPUToGPUCopy:0]]
[2021.11.05-10.56.06:076][  0]LogConfig: Setting CVar [[r.Streaming.MaxNumTexturesToStreamPerFrame:0]]
[2021.11.05-10.56.06:076][  0]LogConfig: Setting CVar [[r.Streaming.Boost:1]]
[2021.11.05-10.56.06:077][  0]LogConfig: Setting CVar [[r.MaxAnisotropy:8]]
[2021.11.05-10.56.06:079][  0]LogConfig: Setting CVar [[r.VT.MaxAnisotropy:8]]
[2021.11.05-10.56.06:079][  0]LogConfig: Setting CVar [[r.Streaming.LimitPoolSizeToVRAM:0]]
[2021.11.05-10.56.06:079][  0]LogConfig: Setting CVar [[r.Streaming.PoolSize:1000]]
[2021.11.05-10.56.06:079][  0]LogConfig: Setting CVar [[r.Streaming.MaxEffectiveScreenSize:0]]
[2021.11.05-10.56.06:080][  0]LogConfig: Applying CVar settings from Section [EffectsQuality@3] File [D:/ue4Project/Netshoot/Netshoot/Saved/Config/Windows/Scalability.ini]
[2021.11.05-10.56.06:080][  0]LogConfig: Setting CVar [[r.TranslucencyLightingVolumeDim:64]]
[2021.11.05-10.56.06:080][  0]LogConfig: Setting CVar [[r.RefractionQuality:2]]
[2021.11.05-10.56.06:080][  0]LogConfig: Setting CVar [[r.SSR.Quality:3]]
[2021.11.05-10.56.06:081][  0]LogConfig: Setting CVar [[r.SSR.HalfResSceneColor:0]]
[2021.11.05-10.56.06:081][  0]LogConfig: Setting CVar [[r.SceneColorFormat:4]]
[2021.11.05-10.56.06:081][  0]LogConfig: Setting CVar [[r.DetailMode:2]]
[2021.11.05-10.56.06:081][  0]LogConfig: Setting CVar [[r.TranslucencyVolumeBlur:1]]
[2021.11.05-10.56.06:082][  0]LogConfig: Setting CVar [[r.MaterialQualityLevel:1 ; High quality]]
[2021.11.05-10.56.06:082][  0]LogConfig: Setting CVar [[r.AnisotropicMaterials:1]]
[2021.11.05-10.56.06:082][  0]LogConfig: Setting CVar [[r.SSS.Scale:1]]
[2021.11.05-10.56.06:083][  0]LogConfig: Setting CVar [[r.SSS.SampleSet:2]]
[2021.11.05-10.56.06:083][  0]LogConfig: Setting CVar [[r.SSS.Quality:1]]
[2021.11.05-10.56.06:083][  0]LogConfig: Setting CVar [[r.SSS.HalfRes:0]]
[2021.11.05-10.56.06:083][  0]LogConfig: Setting CVar [[r.SSGI.Quality:3]]
[2021.11.05-10.56.06:084][  0]LogConfig: Setting CVar [[r.EmitterSpawnRateScale:1.0]]
[2021.11.05-10.56.06:084][  0]LogConfig: Setting CVar [[r.ParticleLightQuality:2]]
[2021.11.05-10.56.06:084][  0]LogConfig: Setting CVar [[r.SkyAtmosphere.AerialPerspectiveLUT.FastApplyOnOpaque:1 ; Always have FastSkyLUT 1 in this case to avoid wrong sky]]
[2021.11.05-10.56.06:084][  0]LogConfig: Setting CVar [[r.SkyAtmosphere.AerialPerspectiveLUT.SampleCountMaxPerSlice:4]]
[2021.11.05-10.56.06:085][  0]LogConfig: Setting CVar [[r.SkyAtmosphere.AerialPerspectiveLUT.DepthResolution:16.0]]
[2021.11.05-10.56.06:085][  0]LogConfig: Setting CVar [[r.SkyAtmosphere.FastSkyLUT:1]]
[2021.11.05-10.56.06:085][  0]LogConfig: Setting CVar [[r.SkyAtmosphere.FastSkyLUT.SampleCountMin:4.0]]
[2021.11.05-10.56.06:085][  0]LogConfig: Setting CVar [[r.SkyAtmosphere.FastSkyLUT.SampleCountMax:128.0]]
[2021.11.05-10.56.06:086][  0]LogConfig: Setting CVar [[r.SkyAtmosphere.SampleCountMin:4.0]]
[2021.11.05-10.56.06:086][  0]LogConfig: Setting CVar [[r.SkyAtmosphere.SampleCountMax:128.0]]
[2021.11.05-10.56.06:086][  0]LogConfig: Setting CVar [[r.SkyAtmosphere.TransmittanceLUT.UseSmallFormat:0]]
[2021.11.05-10.56.06:086][  0]LogConfig: Setting CVar [[r.SkyAtmosphere.TransmittanceLUT.SampleCount:10.0]]
[2021.11.05-10.56.06:087][  0]LogConfig: Setting CVar [[r.SkyAtmosphere.MultiScatteringLUT.SampleCount:15.0]]
[2021.11.05-10.56.06:087][  0]LogConfig: Setting CVar [[r.SkyLight.RealTimeReflectionCapture:1]]
[2021.11.05-10.56.06:087][  0]LogConfig: Applying CVar settings from Section [FoliageQuality@3] File [D:/ue4Project/Netshoot/Netshoot/Saved/Config/Windows/Scalability.ini]
[2021.11.05-10.56.06:088][  0]LogConfig: Setting CVar [[foliage.DensityScale:1.0]]
[2021.11.05-10.56.06:088][  0]LogConfig: Setting CVar [[grass.DensityScale:1.0]]
[2021.11.05-10.56.06:088][  0]LogConfig: Applying CVar settings from Section [ShadingQuality@3] File [D:/ue4Project/Netshoot/Netshoot/Saved/Config/Windows/Scalability.ini]
[2021.11.05-10.56.06:088][  0]LogConfig: Setting CVar [[r.HairStrands.SkyLighting.IntegrationType:2]]
[2021.11.05-10.56.06:089][  0]LogConfig: Setting CVar [[r.HairStrands.SkyAO.SampleCount:4]]
[2021.11.05-10.56.06:089][  0]LogConfig: Setting CVar [[r.HairStrands.Visibility.MSAA.SamplePerPixel:4]]
[2021.11.05-10.56.06:089][  0]LogConfig: Applying CVar settings from Section [Startup] File [../../../Engine/Config/ConsoleVariables.ini]
[2021.11.05-10.56.06:090][  0]LogConfig: Setting CVar [[net.UseAdaptiveNetUpdateFrequency:0]]
[2021.11.05-10.56.06:090][  0]LogConfig: Setting CVar [[p.chaos.AllowCreatePhysxBodies:1]]
[2021.11.05-10.56.06:090][  0]LogConfig: Setting CVar [[fx.SkipVectorVMBackendOptimizations:1]]
[2021.11.05-10.56.06:090][  0]LogConfig: Applying CVar settings from Section [ConsoleVariables] File [D:/ue4Project/Netshoot/Netshoot/Saved/Config/Windows/Engine.ini]
[2021.11.05-10.56.06:091][  0]LogConfig: Applying CVar settings from Section [ConsoleVariables] File [D:/ue4Project/Netshoot/Netshoot/Saved/Config/Windows/Editor.ini]
[2021.11.05-10.56.06:091][  0]LogInit: Computer: DESKTOP-GH4GCSH
[2021.11.05-10.56.06:091][  0]LogInit: User: yanning
[2021.11.05-10.56.06:091][  0]LogInit: CPU Page size=4096, Cores=6
[2021.11.05-10.56.06:092][  0]LogInit: High frequency timer resolution =10.000000 MHz
[2021.11.05-10.56.06:092][  0]LogMemory: Memory total: Physical=15.9GB (16GB approx)
[2021.11.05-10.56.06:092][  0]LogMemory: Platform Memory Stats for Windows
[2021.11.05-10.56.06:092][  0]LogMemory: Process Physical Memory: 139.05 MB used, 139.05 MB peak
[2021.11.05-10.56.06:094][  0]LogMemory: Process Virtual Memory: 114.66 MB used, 114.66 MB peak
[2021.11.05-10.56.06:095][  0]LogMemory: Physical Memory: 4347.73 MB used,  11969.78 MB free, 16317.51 MB total
[2021.11.05-10.56.06:096][  0]LogMemory: Virtual Memory: 134195120.00 MB used,  22604.98 MB free, 134217728.00 MB total
[2021.11.05-10.56.06:101][  0]LogWindows: WindowsPlatformFeatures enabled
[2021.11.05-10.56.06:137][  0]LogInit: Physics initialised using underlying interface: PhysX
[2021.11.05-10.56.06:138][  0]LogInit: Using OS detected language (zh-CN).
[2021.11.05-10.56.06:138][  0]LogInit: Using OS detected locale (zh-CN).
[2021.11.05-10.56.06:139][  0]LogTextLocalizationManager: No specific localization for 'zh-CN' exists, so the 'zh-Hans' localization will be used.
[2021.11.05-10.56.06:250][  0]LogTextLocalizationResource: LocRes '../../../Engine/Content/Localization/Editor/zh/Editor.locres' could not be opened for reading!
[2021.11.05-10.56.06:250][  0]LogTextLocalizationResource: LocRes '../../../Engine/Content/Localization/EditorTutorials/zh/EditorTutorials.locres' could not be opened for reading!
[2021.11.05-10.56.06:252][  0]LogTextLocalizationResource: LocRes '../../../Engine/Content/Localization/Keywords/zh/Keywords.locres' could not be opened for reading!
[2021.11.05-10.56.06:253][  0]LogTextLocalizationResource: LocRes '../../../Engine/Content/Localization/Category/zh/Category.locres' could not be opened for reading!
[2021.11.05-10.56.06:253][  0]LogTextLocalizationResource: LocRes '../../../Engine/Content/Localization/ToolTips/zh/ToolTips.locres' could not be opened for reading!
[2021.11.05-10.56.06:253][  0]LogTextLocalizationResource: LocRes '../../../Engine/Content/Localization/PropertyNames/zh/PropertyNames.locres' could not be opened for reading!
[2021.11.05-10.56.06:253][  0]LogTextLocalizationResource: LocRes '../../../Engine/Content/Localization/Engine/zh/Engine.locres' could not be opened for reading!
[2021.11.05-10.56.06:254][  0]LogTextLocalizationResource: LocRes '../../../Engine/Plugins/Online/OnlineSubsystem/Content/Localization/OnlineSubsystem/zh/OnlineSubsystem.locres' could not be opened for reading!
[2021.11.05-10.56.06:254][  0]LogTextLocalizationResource: LocRes '../../../Engine/Plugins/Online/OnlineSubsystemUtils/Content/Localization/OnlineSubsystemUtils/zh/OnlineSubsystemUtils.locres' could not be opened for reading!
[2021.11.05-10.56.06:254][  0]LogTextLocalizationResource: LocRes '../../../Engine/Plugins/Online/Android/OnlineSubsystemGooglePlay/Content/Localization/OnlineSubsystemGooglePlay/zh/OnlineSubsystemGooglePlay.locres' could not be opened for reading!
[2021.11.05-10.56.06:255][  0]LogTextLocalizationResource: LocRes '../../../Engine/Plugins/Online/IOS/OnlineSubsystemIOS/Content/Localization/OnlineSubsystemIOS/zh/OnlineSubsystemIOS.locres' could not be opened for reading!
[2021.11.05-10.56.06:313][  0]LogWindowsTextInputMethodSystem: Display: IME system deactivated.
[2021.11.05-10.56.06:337][  0]LogSlate: New Slate User Created.  User Index 0, Is Virtual User: 0
[2021.11.05-10.56.06:337][  0]LogSlate: Slate User Registered.  User Index 0, Is Virtual User: 0
[2021.11.05-10.56.06:357][  0]LogD3D11RHI: Loaded GFSDK_Aftermath_Lib.x64.dll
[2021.11.05-10.56.06:359][  0]LogHMD: Failed to initialize OpenVR with code 110
[2021.11.05-10.56.06:360][  0]LogD3D11RHI: D3D11 min allowed feature level: 11_0
[2021.11.05-10.56.06:360][  0]LogD3D11RHI: D3D11 max allowed feature level: 11_0
[2021.11.05-10.56.06:360][  0]LogD3D11RHI: D3D11 adapters:
[2021.11.05-10.56.06:429][  0]LogD3D11RHI:    0. 'NVIDIA GeForce GTX 1060 6GB' (Feature Level 11_0)
[2021.11.05-10.56.06:429][  0]LogD3D11RHI:       6052/0/8158 MB DedicatedVideo/DedicatedSystem/SharedSystem, Outputs:2, VendorId:0x10de
[2021.11.05-10.56.06:432][  0]LogD3D11RHI:    1. 'Microsoft Basic Render Driver' (Feature Level 11_0)
[2021.11.05-10.56.06:432][  0]LogD3D11RHI:       0/0/8158 MB DedicatedVideo/DedicatedSystem/SharedSystem, Outputs:0, VendorId:0x1414
[2021.11.05-10.56.06:432][  0]LogD3D11RHI: Chosen D3D11 Adapter: 0
[2021.11.05-10.56.06:437][  0]LogD3D11RHI: Creating new Direct3DDevice
[2021.11.05-10.56.06:437][  0]LogD3D11RHI:     GPU DeviceId: 0x1c03 (for the marketing name, search the web for "GPU Device Id")
[2021.11.05-10.56.06:438][  0]LogWindows: EnumDisplayDevices:
[2021.11.05-10.56.06:438][  0]LogWindows:    0. 'NVIDIA GeForce GTX 1060 6GB' (P:1 D:1)
[2021.11.05-10.56.06:439][  0]LogWindows:    1. 'NVIDIA GeForce GTX 1060 6GB' (P:0 D:1)
[2021.11.05-10.56.06:439][  0]LogWindows:    2. 'NVIDIA GeForce GTX 1060 6GB' (P:0 D:0)
[2021.11.05-10.56.06:440][  0]LogWindows:    3. 'NVIDIA GeForce GTX 1060 6GB' (P:0 D:0)
[2021.11.05-10.56.06:440][  0]LogWindows: DebugString: FoundDriverCount:4 
[2021.11.05-10.56.06:440][  0]LogD3D11RHI:     Adapter Name: NVIDIA GeForce GTX 1060 6GB
[2021.11.05-10.56.06:441][  0]LogD3D11RHI:   Driver Version: 456.71 (internal:27.21.14.5671, unified:456.71)
[2021.11.05-10.56.06:441][  0]LogD3D11RHI:      Driver Date: 9-30-2020
[2021.11.05-10.56.06:441][  0]LogRHI: Texture pool is 4236 MB (70% of 6052 MB)
[2021.11.05-10.56.06:492][  0]LogD3D11RHI: RHI has support for 64 bit atomics
[2021.11.05-10.56.06:492][  0]LogD3D11RHI: Async texture creation enabled
[2021.11.05-10.56.06:493][  0]LogD3D11RHI: Array index from any shader is supported
[2021.11.05-10.56.06:511][  0]LogD3D11RHI: GPU Timing Frequency: 1000.000000 (Debug: 2 1)
[2021.11.05-10.56.06:555][  0]LogRHI: GeForceNow SDK initialized: 1
[2021.11.05-10.56.06:763][  0]LogTargetPlatformManager: Display: Loaded TargetPlatform 'WindowsNoEditor'
[2021.11.05-10.56.06:767][  0]LogTargetPlatformManager: Display: Loaded TargetPlatform 'Windows'
[2021.11.05-10.56.06:771][  0]LogTargetPlatformManager: Display: Loaded TargetPlatform 'WindowsClient'
[2021.11.05-10.56.06:774][  0]LogTargetPlatformManager: Display: Loaded TargetPlatform 'WindowsServer'
[2021.11.05-10.56.06:774][  0]LogTargetPlatformManager: Display: Building Assets For Windows
[2021.11.05-10.56.06:781][  0]LogAudioDebug: Display: Lib vorbis DLL was dynamically loaded.
[2021.11.05-10.56.06:807][  0]LogTextureFormatOodle: Display: Oodle Texture 2.9.0 init RDO Off
[2021.11.05-10.56.06:835][  0]LogRendererCore: Ray tracing is disabled. Reason: r.RayTracing=0.
[2021.11.05-10.56.06:835][  0]LogShaderCompilers: Guid format shader working directory is 4 characters bigger than the processId version (../../../../../ue4Project/Netshoot/Netshoot/Intermediate/Shaders/WorkingDirectory/13032/).
[2021.11.05-10.56.06:835][  0]LogShaderCompilers: Cleaned the shader compiler working directory 'C:/Users/yanning/AppData/Local/Temp/UnrealShaderWorkingDir/54DFE2614BE6C0ED7F117DA6C59C8C71/'.
[2021.11.05-10.56.06:836][  0]LogXGEController: Cannot use XGE Controller as Incredibuild is not installed on this machine.
[2021.11.05-10.56.06:836][  0]LogShaderCompilers: Cannot use XGE Shader Compiler as Incredibuild is not installed on this machine.
[2021.11.05-10.56.06:836][  0]LogShaderCompilers: Display: Using Local Shader Compiler.
[2021.11.05-10.56.07:557][  0]LogDerivedDataCache: Display: Max Cache Size: 512 MB
[2021.11.05-10.56.07:614][  0]LogDerivedDataCache: Loaded boot cache 0.06s 79MB ../../../../../ue4Project/Netshoot/Netshoot/DerivedDataCache/Boot.ddc.
[2021.11.05-10.56.07:614][  0]LogDerivedDataCache: Display: Loaded Boot cache: ../../../../../ue4Project/Netshoot/Netshoot/DerivedDataCache/Boot.ddc
[2021.11.05-10.56.07:616][  0]LogDerivedDataCache: FDerivedDataBackendGraph:  Pak pak cache file ../../../../../ue4Project/Netshoot/Netshoot/DerivedDataCache/DDC.ddp not found, will not use a pak cache.
[2021.11.05-10.56.07:618][  0]LogDerivedDataCache: Unable to find inner node Pak for hierarchical cache Hierarchy.
[2021.11.05-10.56.07:619][  0]LogDerivedDataCache: FDerivedDataBackendGraph:  EnginePak pak cache file ../../../Engine/DerivedDataCache/DDC.ddp not found, will not use a pak cache.
[2021.11.05-10.56.07:619][  0]LogDerivedDataCache: Unable to find inner node EnginePak for hierarchical cache Hierarchy.
[2021.11.05-10.56.07:672][  0]LogDerivedDataCache: Speed tests for ../../../Engine/DerivedDataCache took 0.05 seconds
[2021.11.05-10.56.07:676][  0]LogDerivedDataCache: Display: Performance to ../../../Engine/DerivedDataCache: Latency=0.01ms. RandomReadSpeed=1370.01MBs, RandomWriteSpeed=17.95MBs. Assigned SpeedClass 'Local'
[2021.11.05-10.56.07:678][  0]LogDerivedDataCache: Using Local data cache path ../../../Engine/DerivedDataCache: Writable
[2021.11.05-10.56.07:679][  0]LogDerivedDataCache: Shared data cache path not found in *engine.ini, will not use an Shared cache.
[2021.11.05-10.56.07:679][  0]LogDerivedDataCache: Unable to find inner node Shared for hierarchical cache Hierarchy.
[2021.11.05-10.56.07:717][  0]LogSlate: Using FreeType 2.10.0
[2021.11.05-10.56.07:717][  0]LogSlate: SlateFontServices - WITH_FREETYPE: 1, WITH_HARFBUZZ: 1
[2021.11.05-10.56.07:801][  0]LogInit: Using OS detected language (zh-CN).
[2021.11.05-10.56.07:801][  0]LogInit: Using OS detected locale (zh-CN).
[2021.11.05-10.56.07:801][  0]LogTextLocalizationManager: No localization for 'zh-CN' exists, so 'en' will be used for the language.
[2021.11.05-10.56.07:802][  0]LogTextLocalizationManager: No localization for 'zh-CN' exists, so 'en' will be used for the locale.
[2021.11.05-10.56.07:802][  0]LogSlate: FontCache flush requested. Reason: Culture for localization was changed
[2021.11.05-10.56.07:803][  0]LogSlate: FontCache flush requested. Reason: Culture for localization was changed
[2021.11.05-10.56.07:806][  0]LogAssetRegistry: FAssetRegistry took 0.0015 seconds to start up
[2021.11.05-10.56.07:978][  0]LogTextLocalizationManager: Compacting localization data took   0.00ms
[2021.11.05-10.56.07:978][  0]LogPackageLocalizationCache: Processed 27 localized package path(s) for 1 prioritized culture(s) in 0.013892 seconds
[2021.11.05-10.56.08:038][  0]LogInit: Selected Device Profile: [Windows]
[2021.11.05-10.56.08:039][  0]LogInit: Active device profile: [000002B16B132E00][000002B164704440 49] Windows
[2021.11.05-10.56.08:040][  0]LogInit: Profiles: [000002B16B132E00][000002B164704440 49] Windows, [000002B16B0BEC00][000002B16470C5C0 49] WindowsNoEditor, [000002B16B131100][000002B164710740 49] WindowsServer, [000002B16B0BEE00][000002B16112E8C0 49] WindowsClient, [000002B16B130F00][000002B161132A40 49] IOS, [000002B16B0AFF00][000002B161136BC0 49] iPadAir, [000002B16B0BC700][000002B16113AD40 49] iPadAir2, [000002B16B064800][000002B161143000 49] IPadPro, [000002B16B064900][000002B16113F040 49] iPadAir3, [000002B16B0AC200][000002B169DAD1C0 49] iPadAir4, [000002B16B065800][000002B169DB1340 49] iPadMini2, [000002B16B0AD100][000002B169DB54C0 49] iPadMini3, [000002B16B066500][000002B164709600 49] iPadMini4, [000002B16B0AF700][000002B169DB9740 49] iPadMini5, [000002B16B130900][000002B169DC59C0 49] iPhone6, [000002B16B131C00][000002B169DBDA00 49] iPodTouch6, [000002B16B0BED00][000002B169DCC140 49] iPhone7, [000002B16B0BFF00][000002B169DC8180 49] iPodTouch7, [000002B16B064F00][000002B169DD0300 49] iPhone5S, [000002B16B0BD300][000002B169DD4480 49] iPhone6Plus, [000002B16B064700][000002B169DD8600 49] iPhone6S, [000002B16B0BD800][000002B169DDC780 49] iPhone6SPlus, [000002B16B133700][000002B169DE0900 49] iPhone7Plus, [000002B16B0BD100][000002B169DE4A80 49] iPhoneSE, [000002B16B132400][000002B169DE8C00 49] iPhone8, [000002B16B0BEB00][000002B169DECD80 49] iPhone8Plus, [000002B16B130E00][000002B169DF0F00 49] iPhoneX, [000002B16B0BE100][000002B169DF5080 49] iPhoneXS, [000002B16B131300][000002B169DF9200 49] iPhoneXSMax, [000002B16B0BC400][000002B169DFD380 49] iPhoneXR, [000002B16B133100][000002B169E01500 49] iPhone11, [000002B16B0BF600][000002B169E05680 49] iPhone11Pro, [000002B16B133300][000002B169DC17C0 49] iPhone11ProMax, [000002B16B0BDC00][000002B169E09900 49] iPhoneSE2, [000002B16B133400][000002B169E0DA40 49] iPhone12Mini, [000002B16B0BDA00][000002B169E15BC0 49] iPhone12, [000002B16B131400][000002B169E181C0 49] iPhone12Pro, [000002B16B0BE700][000002B169E1C340 49] iPhone12ProMax, [000002B16B131500][000002B16BE304C0 49] iPadPro105, [000002B16B0BFC00][000002B16BE34640 49] iPadPro129, [000002B16B131700][000002B16BE387C0 49] iPadPro97, [000002B16B0BEA00][000002B16BE3C940 49] iPadPro2_129, [000002B16B130A00][000002B16BE40AC0 49] iPad5, [000002B16B0BFD00][000002B16BE44C40 49] iPad6, [000002B16B131800][000002B16BE48DC0 49] iPad7, [000002B16B0BD400][000002B16BE4CF40 49] iPad8, [000002B16B130C00][000002B16BE510C0 49] iPadPro11, [000002B16B0BF000][000002B16BE55240 49] iPadPro2_11, [000002B16B130800][000002B16BE593C0 49] iPadPro3_129, [000002B16B0BDB00][000002B16BE5D540 49] iPadPro4_129, [000002B16B132200][000002B16BE616C0 49] AppleTV, [000002B16B0BD200][000002B16BE65840 49] AppleTV4K, [000002B16B131B00][000002B169E11980 49] TVOS, [000002B16B0BC900][000002B16BE69AC0 49] Mac, [000002B16B132000][000002B16BE6DC00 49] MacClient, [000002B16B0BFE00][000002B16BE701C0 49] MacNoEditor, [000002B16B132100][000002B16BE78340 49] MacServer, [000002B16B0BD500][000002B16BE7C4C0 49] Linux, [000002B16B132D00][000002B16BE80640 49] LinuxAArch64, [000002B16B0BCB00][000002B16BE847C0 49] LinuxNoEditor, [000002B16B130700][000002B16BE88940 49] LinuxAArch64NoEditor, [000002B16B0BDE00][000002B16BE8CAC0 49] LinuxClient, [000002B16B131200][000002B16BE90C40 49] LinuxAArch64Client, [000002B16B0BC600][000002B16BE94DC0 49] LinuxServer, [000002B16B131600][000002B16BE98F40 49] LinuxAArch64Server, [000002B16B0AE500][000002B16BE9D0C0 49] Android, [000002B16B067A00][000002B16BEA1240 49] Android_Low, [000002B16B0AF300][000002B16BEA53C0 49] Android_Mid, [000002B16B065700][000002B16BEA9540 49] Android_High, [000002B16B0AC500][000002B16BEAD6C0 49] Android_Default, [000002B16B066800][000002B16BEB1840 49] Android_Adreno4xx, [000002B16B0AC400][000002B16BEB59C0 49] Android_Adreno5xx_Low, [000002B16B067B00][000002B16BE75B00 49] Android_Adreno5xx, [000002B16B0ACC00][000002B16BEB80C0 49] Android_Adreno6xx, [000002B16B067800][000002B16BEBC200 49] Android_Adreno6xx_Vulkan, [000002B16B0ADA00][000002B16BEC0340 49] Android_Mali_T6xx, [000002B16B067F00][000002B16BEC84C0 49] Android_Mali_T7xx, [000002B16B0AFE00][000002B16BECC640 49] Android_Mali_T8xx, [000002B16B065900][000002B16BED07C0 49] Android_Mali_G71, [000002B16B0AC800][000002B16BED4940 49] Android_Mali_G72, [000002B16B064E00][000002B16BED8AC0 49] Android_Mali_G72_Vulkan, [000002B16B0AEF00][000002B16BEDCC40 49] Android_Mali_G76, [000002B16B065E00][000002B16BEE0DC0 49] Android_Mali_G76_Vulkan, [000002B16B0AD800][000002B16BEE4F40 49] Android_Mali_G77, [000002B16B066C00][000002B16BEE90C0 49] Android_Mali_G77_Vulkan, [000002B16B0ADB00][000002B16BEED240 49] Android_Mali_G78, [000002B16B065B00][000002B16BEF13C0 49] Android_Mali_G78_Vulkan, [000002B16B0AE300][000002B16BEF5540 49] Android_Mali_G710, [000002B16B066A00][000002B16BEF96C0 49] Android_Mali_G710_Vulkan, [000002B16B0AF800][000002B16BEFD840 49] Android_Vulkan_SM5, [000002B16B066E00][000002B16BF019C0 49] Android_PowerVR_G6xxx, [000002B16B0AE100][000002B16BF05B40 49] Android_PowerVR_GT7xxx, [000002B16B067C00][000002B16BF08140 49] Android_PowerVR_GE8xxx, [000002B16B0ADF00][000002B16BEC4280 49] Android_PowerVR_GM9xxx, [000002B16B065A00][000002B16BF0C3C0 49] Android_PowerVR_GM9xxx_Vulkan, [000002B16B0AD000][000002B16BF10500 49] Android_TegraK1, [000002B16B066F00][000002B16BF18680 49] Android_Unknown_Vulkan, [000002B16B0AE400][000002B16BF1C800 49] Lumin, [000002B16B066700][000002B16BF20980 49] Lumin_Desktop, [000002B16B132900][000002B16BF24B00 49] HoloLens, 
[2021.11.05-10.56.08:078][  0]LogMeshReduction: Using QuadricMeshReduction for automatic static mesh reduction
[2021.11.05-10.56.08:078][  0]LogMeshReduction: Using SimplygonMeshReduction for automatic skeletal mesh reduction
[2021.11.05-10.56.08:079][  0]LogMeshReduction: Using ProxyLODMeshReduction for automatic mesh merging
[2021.11.05-10.56.08:079][  0]LogMeshReduction: No distributed automatic mesh merging module available
[2021.11.05-10.56.08:080][  0]LogMeshMerging: No distributed automatic mesh merging module available
[2021.11.05-10.56.08:183][  0]LogNetVersion: Netshoot 1.0.0, NetCL: 0, EngineNetVer: 17, GameNetVer: 0 (Checksum: 2292170303)
[2021.11.05-10.56.08:398][  0]LogTexture: Default maximum texture size for cubemaps generated from long-lat sources has been changed from 512 to unlimited. In order to preserve old behaiour for '/Engine/MapTemplates/Sky/DaylightAmbientCubemap.DaylightAmbientCubemap', its maximum texture size has been explicitly set to 512.
[2021.11.05-10.56.08:455][  0]LogHMD: PokeAHoleMaterial loaded successfully
[2021.11.05-10.56.08:535][  0]LogMoviePlayer: Initializing movie player
[2021.11.05-10.56.08:613][  0]LogPython: Using Python 3.7.7
[2021.11.05-10.56.09:029][  0]LogNiagaraDebuggerClient: Niagara Debugger Client Initialized | Session: 0ABCED8D47E907997F8F348A3E68DE57 | Instance: F64605274B0944828B868CBAF4044448 (DESKTOP-GH4GCSH-13032).
[2021.11.05-10.56.09:046][  0]LogCollectionManager: Loaded 0 collections in 0.000640 seconds
[2021.11.05-10.56.09:048][  0]LogFileCache: Scanning file cache for directory 'D:/ue4Project/Netshoot/Netshoot/Saved/Collections/' took 0.00s
[2021.11.05-10.56.09:048][  0]LogFileCache: Scanning file cache for directory 'D:/ue4Project/Netshoot/Netshoot/Content/Developers/yanning/Collections/' took 0.00s
[2021.11.05-10.56.09:049][  0]LogFileCache: Scanning file cache for directory 'D:/ue4Project/Netshoot/Netshoot/Content/Collections/' took 0.00s
[2021.11.05-10.56.09:049][  0]LogCollectionManager: Fixed up redirectors for 0 collections in 0.000002 seconds (updated 0 objects)
[2021.11.05-10.56.09:053][  0]LogStreaming: Warning: Failed to read file '../../../Engine/Content/Editor/Slate/Niagara/MenuSeparator.png' error.
[2021.11.05-10.56.09:053][  0]LogSlate: Could not find file for Slate resource: ../../../Engine/Content/Editor/Slate/Niagara/MenuSeparator.png
[2021.11.05-10.56.09:053][  0]LogStreaming: Warning: Failed to read file '../../../Engine/Content/Editor/Slate/Niagara/Common/Selector.png' error.
[2021.11.05-10.56.09:054][  0]LogSlate: Could not find file for Slate resource: ../../../Engine/Content/Editor/Slate/Niagara/Common/Selector.png
[2021.11.05-10.56.09:054][  0]LogStreaming: Warning: Failed to read file '../../../Engine/Content/Editor/Slate/Niagara/Common/Selection.png' error.
[2021.11.05-10.56.09:056][  0]LogSlate: Could not find file for Slate resource: ../../../Engine/Content/Editor/Slate/Niagara/Common/Selection.png
[2021.11.05-10.56.09:057][  0]LogStreaming: Warning: Failed to read file '../../../Engine/Content/Editor/Slate/Niagara/Common/DropZoneIndicator_Above.png' error.
[2021.11.05-10.56.09:057][  0]LogSlate: Could not find file for Slate resource: ../../../Engine/Content/Editor/Slate/Niagara/Common/DropZoneIndicator_Above.png
[2021.11.05-10.56.09:058][  0]LogStreaming: Warning: Failed to read file '../../../Engine/Content/Editor/Slate/Niagara/Common/DropZoneIndicator_Onto.png' error.
[2021.11.05-10.56.09:058][  0]LogStreaming: Warning: Failed to read file '../../../Engine/Content/Editor/Slate/Niagara/Common/DropZoneIndicator_Below.png' error.
[2021.11.05-10.56.09:058][  0]LogSlate: Could not find file for Slate resource: ../../../Engine/Content/Editor/Slate/Niagara/Common/DropZoneIndicator_Below.png
[2021.11.05-10.56.09:059][  0]LogStreaming: Warning: Failed to read file '../../../Engine/Content/Editor/Slate/Niagara/Common/RoundedSelection_16x.png' error.
[2021.11.05-10.56.09:059][  0]LogSlate: Could not find file for Slate resource: ../../../Engine/Content/Editor/Slate/Niagara/Common/RoundedSelection_16x.png
[2021.11.05-10.56.09:059][  0]LogStreaming: Warning: Failed to read file '../../../Engine/Content/Editor/Slate/Niagara/Common/FlatButton.png' error.
[2021.11.05-10.56.09:060][  0]LogSlate: Could not find file for Slate resource: ../../../Engine/Content/Editor/Slate/Niagara/Common/FlatButton.png
[2021.11.05-10.56.09:060][  0]LogImageWrapper: Warning: PNG Warning: Duplicate iCCP chunk
[2021.11.05-10.56.09:060][  0]LogImageWrapper: Warning: PNG Warning: Duplicate iCCP chunk
[2021.11.05-10.56.09:061][  0]LogSlate: Could not find file for Slate resource: ../../../Engine/Content/Editor/Slate/Niagara/Common/DropZoneIndicator_Onto.png
[2021.11.05-10.56.09:292][  0]SourceControl: Source control is disabled
[2021.11.05-10.56.09:293][  0]SourceControl: Source control is disabled
[2021.11.05-10.56.09:296][  0]SourceControl: Source control is disabled
[2021.11.05-10.56.09:302][  0]LogUProjectInfo: Found projects:
[2021.11.05-10.56.09:321][  0]LogOpenImageDenoise: OIDN starting up
[2021.11.05-10.56.09:355][  0]LogAndroidPermission: UAndroidPermissionCallbackProxy::GetInstance
[2021.11.05-10.56.09:373][  0]LogAudioCaptureCore: Display: No Audio Capture implementations found. Audio input will be silent.
[2021.11.05-10.56.09:373][  0]LogAudioCaptureCore: Display: No Audio Capture implementations found. Audio input will be silent.
[2021.11.05-10.56.09:431][  0]LogOcInput: OculusInput pre-init called
[2021.11.05-10.56.09:439][  0]LogUObjectArray: 22126 objects as part of root set at end of initial load.
[2021.11.05-10.56.09:439][  0]LogUObjectAllocator: 5976912 out of 0 bytes used by permanent object pool.
[2021.11.05-10.56.09:440][  0]LogUObjectArray: CloseDisregardForGC: 0/0 objects in disregard for GC pool
[2021.11.05-10.56.09:482][  0]LogEngine: Initializing Engine...
[2021.11.05-10.56.09:484][  0]LogHMD: Failed to enumerate extensions. Please check that you have a valid OpenXR runtime installed.
[2021.11.05-10.56.09:484][  0]LogHMD: Failed to initialize OpenVR with code 110
[2021.11.05-10.56.09:484][  0]LogMagicLeap: Warning: VR disabled because ZI is not enabled.  To enable, in the editor, Edit -> Project Settings -> Plugins -> Magic Leap Plugin -> Enable Zero Iteration
[2021.11.05-10.56.09:486][  0]LogStats: UGameplayTagsManager::InitializeManager -  0.000 s
[2021.11.05-10.56.09:583][  0]LogInit: Initializing FReadOnlyCVARCache
[2021.11.05-10.56.09:583][  0]LogAudio: Display: Initializing Audio Device Manager...
[2021.11.05-10.56.09:587][  0]LogAudio: Display: Loading Default Audio Settings Objects...
[2021.11.05-10.56.09:588][  0]LogAudio: Display: No default SoundConcurrencyObject specified (or failed to load).
[2021.11.05-10.56.09:588][  0]LogAudio: Display: Audio Device Manager Initialized
[2021.11.05-10.56.09:588][  0]LogAudio: Display: Creating Audio Device:                 Id: 1, Scope: Shared, Realtime: True
[2021.11.05-10.56.09:588][  0]LogAudioMixer: Display: Audio Mixer Platform Settings:
[2021.11.05-10.56.09:588][  0]LogAudioMixer: Display: 	Sample Rate:						  48000
[2021.11.05-10.56.09:588][  0]LogAudioMixer: Display: 	Callback Buffer Frame Size Requested: 1024
[2021.11.05-10.56.09:589][  0]LogAudioMixer: Display: 	Callback Buffer Frame Size To Use:	  1024
[2021.11.05-10.56.09:589][  0]LogAudioMixer: Display: 	Number of buffers to queue:			  2
[2021.11.05-10.56.09:589][  0]LogAudioMixer: Display: 	Max Channels (voices):				  32
[2021.11.05-10.56.09:589][  0]LogAudioMixer: Display: 	Number of Async Source Workers:		  0
[2021.11.05-10.56.09:590][  0]LogAudio: Display: AudioDevice MaxSources: 32
[2021.11.05-10.56.09:591][  0]LogAudio: Display: Audio Spatialization Plugin: None (built-in).
[2021.11.05-10.56.09:591][  0]LogAudio: Display: Audio Reverb Plugin: None (built-in).
[2021.11.05-10.56.09:591][  0]LogAudio: Display: Audio Occlusion Plugin: None (built-in).
[2021.11.05-10.56.09:591][  0]LogAudioMixer: Display: Initializing audio mixer.
[2021.11.05-10.56.09:602][  0]LogAudioMixer: Display: 0: FrontLeft
[2021.11.05-10.56.09:602][  0]LogAudioMixer: Display: 1: FrontRight
[2021.11.05-10.56.09:632][  0]LogAudioMixer: Display: Using Audio Device 2180W (NVIDIA High Definition Audio)
[2021.11.05-10.56.09:637][  0]LogAudioMixer: Display: Initializing Sound Submixes...
[2021.11.05-10.56.09:639][  0]LogAudioMixer: Display: Creating Master Submix 'MasterSubmixDefault'
[2021.11.05-10.56.09:640][  0]LogAudioMixer: Display: Creating Master Submix 'MasterReverbSubmixDefault'
[2021.11.05-10.56.09:640][  0]LogAudioMixer: Display: Creating Master Submix 'MasterEQSubmixDefault'
[2021.11.05-10.56.09:640][  0]LogAudioMixer: FMixerPlatformXAudio2::StartAudioStream() called
[2021.11.05-10.56.09:641][  0]LogAudioMixer: Display: Output buffers initialized: Frames=1024, Channels=2, Samples=2048
[2021.11.05-10.56.09:642][  0]LogAudioMixer: Display: Starting AudioMixerPlatformInterface::RunInternal()
[2021.11.05-10.56.09:642][  0]LogAudioMixer: Display: FMixerPlatformXAudio2::SubmitBuffer() called for the first time
[2021.11.05-10.56.09:642][  0]LogInit: FAudioDevice initialized.
[2021.11.05-10.56.09:644][  0]LogNetVersion: Set ProjectVersion to 1.0.0.0. Version Checksum will be recalculated on next use.
[2021.11.05-10.56.09:802][  0]LogDerivedDataCache: Saved boot cache 0.16s 79MB ../../../../../ue4Project/Netshoot/Netshoot/DerivedDataCache/Boot.ddc.
[2021.11.05-10.56.09:802][  0]LogInit: Texture streaming: Enabled
[2021.11.05-10.56.09:962][  0]LogAudio: Display: Audio Device (ID: 1) registered with world 'Untitled'.
[2021.11.05-10.56.09:962][  0]LogSlate: Updating window title bar state: overlay mode, drag disabled, window buttons hidden, title bar hidden
[2021.11.05-10.56.09:964][  0]LogInit: Display: Game Engine Initialized.
[2021.11.05-10.56.09:964][  0]LogNiagaraEditor: GEditor isn't valid! Particle reset commands will not work for Niagara components!
[2021.11.05-10.56.10:052][  0]LogStreaming: Warning: Failed to read file '../../../Engine/Content/Editor/Slate/Niagara/MenuSeparator.png' error.
[2021.11.05-10.56.10:052][  0]LogSlate: Could not find file for Slate resource: ../../../Engine/Content/Editor/Slate/Niagara/MenuSeparator.png
[2021.11.05-10.56.10:053][  0]LogStreaming: Warning: Failed to read file '../../../Engine/Content/Editor/Slate/Niagara/Common/Selector.png' error.
[2021.11.05-10.56.10:054][  0]LogSlate: Could not find file for Slate resource: ../../../Engine/Content/Editor/Slate/Niagara/Common/Selector.png
[2021.11.05-10.56.10:054][  0]LogStreaming: Warning: Failed to read file '../../../Engine/Content/Editor/Slate/Niagara/Common/Selection.png' error.
[2021.11.05-10.56.10:054][  0]LogSlate: Could not find file for Slate resource: ../../../Engine/Content/Editor/Slate/Niagara/Common/Selection.png
[2021.11.05-10.56.10:054][  0]LogStreaming: Warning: Failed to read file '../../../Engine/Content/Editor/Slate/Niagara/Common/DropZoneIndicator_Above.png' error.
[2021.11.05-10.56.10:055][  0]LogSlate: Could not find file for Slate resource: ../../../Engine/Content/Editor/Slate/Niagara/Common/DropZoneIndicator_Above.png
[2021.11.05-10.56.10:055][  0]LogStreaming: Warning: Failed to read file '../../../Engine/Content/Editor/Slate/Niagara/Common/DropZoneIndicator_Onto.png' error.
[2021.11.05-10.56.10:056][  0]LogStreaming: Warning: Failed to read file '../../../Engine/Content/Editor/Slate/Niagara/Common/DropZoneIndicator_Below.png' error.
[2021.11.05-10.56.10:056][  0]LogSlate: Could not find file for Slate resource: ../../../Engine/Content/Editor/Slate/Niagara/Common/DropZoneIndicator_Below.png
[2021.11.05-10.56.10:056][  0]LogStreaming: Warning: Failed to read file '../../../Engine/Content/Editor/Slate/Niagara/Common/RoundedSelection_16x.png' error.
[2021.11.05-10.56.10:057][  0]LogSlate: Could not find file for Slate resource: ../../../Engine/Content/Editor/Slate/Niagara/Common/RoundedSelection_16x.png
[2021.11.05-10.56.10:057][  0]LogStreaming: Warning: Failed to read file '../../../Engine/Content/Editor/Slate/Niagara/Common/FlatButton.png' error.
[2021.11.05-10.56.10:057][  0]LogSlate: Could not find file for Slate resource: ../../../Engine/Content/Editor/Slate/Niagara/Common/FlatButton.png
[2021.11.05-10.56.10:058][  0]LogImageWrapper: Warning: PNG Warning: Duplicate iCCP chunk
[2021.11.05-10.56.10:058][  0]LogImageWrapper: Warning: PNG Warning: Duplicate iCCP chunk
[2021.11.05-10.56.10:058][  0]LogSlate: Could not find file for Slate resource: ../../../Engine/Content/Editor/Slate/Niagara/Common/DropZoneIndicator_Onto.png
[2021.11.05-10.56.10:072][  0]LogInit: Display: Starting Game.
[2021.11.05-10.56.10:072][  0]LogNet: Browse: 127.0.0.1/Game/Maps/MainMenu?Name=Player
[2021.11.05-10.56.10:073][  0]LogInit: WinSock: Socket queue. Rx: 32768 (config 32768) Tx: 32768 (config 32768)
[2021.11.05-10.56.10:073][  0]LogNet: Created socket for bind address: 0.0.0.0 on port 0
[2021.11.05-10.56.10:073][  0]PacketHandlerLog: Loaded PacketHandler component: Engine.EngineHandlerComponentFactory (StatelessConnectHandlerComponent)
[2021.11.05-10.56.10:073][  0]LogNet: Game client on port 7777, rate 100000
[2021.11.05-10.56.10:176][  0]LogInit: Display: Engine is initialized. Leaving FEngineLoop::Init()
[2021.11.05-10.56.10:177][  0]LogLoad: (Engine Initialization) Total time: 4.91 seconds
[2021.11.05-10.56.10:177][  0]LogLoad: (Engine Initialization) Total Blueprint compile time: 0.00 seconds
[2021.11.05-10.56.10:184][  0]LogContentStreaming: Texture pool size now 1000 MB
[2021.11.05-10.56.10:187][  0]LogSlate: InvalidateAllWidgets triggered.  All widgets were invalidated
[2021.11.05-10.56.11:113][567]LogHandshake: SendChallengeResponse. Timestamp: 0.298382, Cookie: 253027201103150001172030005085212165183147153057094128213251
[2021.11.05-10.56.11:147][697]LogNetVersion: Netshoot 1.0.0.0, NetCL: 0, EngineNetVer: 17, GameNetVer: 0 (Checksum: 3847081628)
[2021.11.05-10.56.11:147][697]LogNet: UPendingNetGame::SendInitialJoin: Sending hello. [UNetConnection] RemoteAddr: 127.0.0.1:7777, Name: IpConnection_0, Driver: PendingNetDriver IpNetDriver_0, IsServer: NO, PC: NULL, Owner: NULL, UniqueId: INVALID
[2021.11.05-10.56.11:180][817]LogNet: Welcomed by server (Level: /Game/Maps/Level_01, Game: /Game/Blueprints/MyGameMode.MyGameMode_C)
[2021.11.05-10.56.11:180][817]LogLoad: LoadMap: 127.0.0.1/Game/Maps/Level_01?Name=Player?game=/Game/Blueprints/MyGameMode.MyGameMode_C
[2021.11.05-10.56.11:181][817]LogWorld: BeginTearingDown for /Temp/Untitled_0
[2021.11.05-10.56.11:181][817]LogWorld: UWorld::CleanupWorld for Untitled, bSessionEnded=true, bCleanupResources=true
[2021.11.05-10.56.11:182][817]LogSlate: InvalidateAllWidgets triggered.  All widgets were invalidated
[2021.11.05-10.56.11:187][817]LogAudio: Display: Audio Device unregistered from world 'None'.
[2021.11.05-10.56.11:190][817]LogUObjectHash: Compacting FUObjectHashTables data took   0.80ms
[2021.11.05-10.56.11:412][817]LogAudio: Display: Audio Device (ID: 1) registered with world 'Level_01'.
[2021.11.05-10.56.11:419][817]LogWorld: Bringing World /Game/Maps/Level_01.Level_01 up for play (max tick rate 0) at 2021.11.05-18.56.11
[2021.11.05-10.56.11:419][817]LogWorld: Bringing up level for play took: 0.002920
[2021.11.05-10.56.11:420][817]LogSlate: Took 0.000175 seconds to synchronously load lazily loaded font '../../../Engine/Content/Slate/Fonts/Roboto-Regular.ttf' (155K)
[2021.11.05-10.56.11:421][817]LogLoad: Took 0.240446 seconds to LoadMap(/Game/Maps/Level_01)
[2021.11.05-10.56.11:422][818]LogRenderer: Reallocating scene render targets to support 1920x1080 Format 10 NumSamples 1 (Frame:1).
[2021.11.05-10.56.11:480][819]LogStaticMesh: Allocated 485x128x64 distance field atlas = 7.6Mb, with 33 objects containing 3.6Mb backing data
[2021.11.05-10.56.11:500][819]LogViewport: Display: Viewport MouseCaptureMode Changed, CapturePermanently_IncludingInitialMouseDown -> CapturePermanently
[2021.11.05-10.56.11:501][819]LogScript: Warning: Script Msg: MyPlayerController_C_0 自定义事件_0 SetTimer passed a negative or zero time. The associated timer may fail to be created/fire! If using InitialStartDelayVariance, be sure it is smaller than (Time + InitialStartDelay).
[2021.11.05-10.56.11:501][819]LogOnlineSession: Warning: OSS: No game present to join for session (GameSession)
[2021.11.05-10.56.14:945][348]LogNetPlayerMovement: Warning: CreateSavedMove: Hit limit of 96 saved moves (timing out or very bad ping?)
[2021.11.05-10.56.16:790][631]LogNetPlayerMovement: Warning: CreateSavedMove: Hit limit of 96 saved moves (timing out or very bad ping?)
[2021.11.05-10.56.18:610][916]LogNetPlayerMovement: Warning: CreateSavedMove: Hit limit of 96 saved moves (timing out or very bad ping?)
[2021.11.05-10.56.20:458][201]LogNetPlayerMovement: Warning: CreateSavedMove: Hit limit of 96 saved moves (timing out or very bad ping?)
[2021.11.05-10.56.22:376][484]LogNetPlayerMovement: Warning: CreateSavedMove: Hit limit of 96 saved moves (timing out or very bad ping?)
[2021.11.05-10.56.24:223][767]LogNetPlayerMovement: Warning: CreateSavedMove: Hit limit of 96 saved moves (timing out or very bad ping?)
[2021.11.05-10.56.26:043][ 52]LogNetPlayerMovement: Warning: CreateSavedMove: Hit limit of 96 saved moves (timing out or very bad ping?)
[2021.11.05-10.56.32:393][223]LogNetPlayerMovement: Warning: CreateSavedMove: Hit limit of 96 saved moves (timing out or very bad ping?)
[2021.11.05-10.56.36:421][442]LogNetPlayerMovement: Warning: CreateSavedMove: Hit limit of 96 saved moves (timing out or very bad ping?)
[2021.11.05-10.56.38:443][727]LogNetPlayerMovement: Warning: CreateSavedMove: Hit limit of 96 saved moves (timing out or very bad ping?)
[2021.11.05-10.56.42:514][943]LogNetPlayerMovement: Warning: CreateSavedMove: Hit limit of 96 saved moves (timing out or very bad ping?)
[2021.11.05-10.56.45:330][173]LogNetPlayerMovement: Warning: CreateSavedMove: Hit limit of 96 saved moves (timing out or very bad ping?)
[2021.11.05-10.56.47:434][433]LogNetPlayerMovement: Warning: CreateSavedMove: Hit limit of 96 saved moves (timing out or very bad ping?)
[2021.11.05-10.56.49:499][623]LogNetPlayerMovement: Warning: CreateSavedMove: Hit limit of 96 saved moves (timing out or very bad ping?)
[2021.11.05-10.56.51:870][814]LogNetPlayerMovement: Warning: CreateSavedMove: Hit limit of 96 saved moves (timing out or very bad ping?)
[2021.11.05-10.56.54:600][993]LogNetPlayerMovement: Warning: CreateSavedMove: Hit limit of 96 saved moves (timing out or very bad ping?)
[2021.11.05-10.56.56:936][181]LogNetPlayerMovement: Warning: CreateSavedMove: Hit limit of 96 saved moves (timing out or very bad ping?)
[2021.11.05-10.56.59:279][367]LogNetPlayerMovement: Warning: CreateSavedMove: Hit limit of 96 saved moves (timing out or very bad ping?)
[2021.11.05-10.57.01:437][558]LogNetPlayerMovement: Warning: CreateSavedMove: Hit limit of 96 saved moves (timing out or very bad ping?)
[2021.11.05-10.57.03:368][812]LogNetPlayerMovement: Warning: CreateSavedMove: Hit limit of 96 saved moves (timing out or very bad ping?)
[2021.11.05-10.57.05:203][ 95]LogNetPlayerMovement: Warning: CreateSavedMove: Hit limit of 96 saved moves (timing out or very bad ping?)
[2021.11.05-10.57.07:094][375]LogNetPlayerMovement: Warning: CreateSavedMove: Hit limit of 96 saved moves (timing out or very bad ping?)
[2021.11.05-10.57.08:958][660]LogNetPlayerMovement: Warning: CreateSavedMove: Hit limit of 96 saved moves (timing out or very bad ping?)
[2021.11.05-10.57.10:778][944]LogNetPlayerMovement: Warning: CreateSavedMove: Hit limit of 96 saved moves (timing out or very bad ping?)
[2021.11.05-10.57.13:257][163]LogNet: Warning: UNetConnection::Tick: Connection TIMED OUT. Closing connection.. Elapsed: 60.04, Real: 60.04, Good: 60.04, DriverTime: 63.08, Threshold: 60.00, [UNetConnection] RemoteAddr: 127.0.0.1:7777, Name: IpConnection_0, Driver: GameNetDriver IpNetDriver_0, IsServer: NO, PC: MyPlayerController_C_0, Owner: MyPlayerController_C_0, UniqueId: NULL:DESKTOP-GH4GCSH-E0BD4A784E69D9354C6DE8A98AC45E9B
[2021.11.05-10.57.13:258][163]LogNet: Error: UEngine::BroadcastNetworkFailure: FailureType = ConnectionTimeout, ErrorString = UNetConnection::Tick: Connection TIMED OUT. Closing connection.. Elapsed: 60.04, Real: 60.04, Good: 60.04, DriverTime: 63.08, Threshold: 60.00, [UNetConnection] RemoteAddr: 127.0.0.1:7777, Name: IpConnection_0, Driver: GameNetDriver IpNetDriver_0, IsServer: NO, PC: MyPlayerController_C_0, Owner: MyPlayerController_C_0, UniqueId: NULL:DESKTOP-GH4GCSH-E0BD4A784E69D9354C6DE8A98AC45E9B, Driver = GameNetDriver IpNetDriver_0
[2021.11.05-10.57.13:260][163]LogNet: Warning: Network Failure: GameNetDriver[ConnectionTimeout]: UNetConnection::Tick: Connection TIMED OUT. Closing connection.. Elapsed: 60.04, Real: 60.04, Good: 60.04, DriverTime: 63.08, Threshold: 60.00, [UNetConnection] RemoteAddr: 127.0.0.1:7777, Name: IpConnection_0, Driver: GameNetDriver IpNetDriver_0, IsServer: NO, PC: MyPlayerController_C_0, Owner: MyPlayerController_C_0, UniqueId: NULL:DESKTOP-GH4GCSH-E0BD4A784E69D9354C6DE8A98AC45E9B
[2021.11.05-10.57.13:260][163]LogNet: NetworkFailure: ConnectionTimeout, Error: 'UNetConnection::Tick: Connection TIMED OUT. Closing connection.. Elapsed: 60.04, Real: 60.04, Good: 60.04, DriverTime: 63.08, Threshold: 60.00, [UNetConnection] RemoteAddr: 127.0.0.1:7777, Name: IpConnection_0, Driver: GameNetDriver IpNetDriver_0, IsServer: NO, PC: MyPlayerController_C_0, Owner: MyPlayerController_C_0, UniqueId: NULL:DESKTOP-GH4GCSH-E0BD4A784E69D9354C6DE8A98AC45E9B'
[2021.11.05-10.57.13:260][163]LogOnlineSession: Warning: OSS: Can't destroy a null online session (GameSession)
[2021.11.05-10.57.13:261][163]LogOnlineSession: Warning: OSS: Can't destroy a null online session (GameSession)
[2021.11.05-10.57.13:262][163]LogPlayerController: Error: InputMode:UIOnly - Attempting to focus Non-Focusable widget SObjectWidget [Widget.cpp(799)]!
[2021.11.05-10.57.13:262][163]LogViewport: Display: Viewport MouseLockMode Changed, LockOnCapture -> DoNotLock
[2021.11.05-10.57.13:262][163]LogViewport: Display: Viewport MouseCaptureMode Changed, CapturePermanently -> NoCapture
[2021.11.05-10.57.13:263][163]LogNet: UNetConnection::Close: [UNetConnection] RemoteAddr: 127.0.0.1:7777, Name: IpConnection_0, Driver: GameNetDriver IpNetDriver_0, IsServer: NO, PC: MyPlayerController_C_0, Owner: MyPlayerController_C_0, UniqueId: NULL:DESKTOP-GH4GCSH-E0BD4A784E69D9354C6DE8A98AC45E9B, Channels: 9, Time: 2021.11.05-10.57.13
[2021.11.05-10.57.13:263][163]LogNet: UChannel::Close: Sending CloseBunch. ChIndex == 0. Name: [UChannel] ChIndex: 0, Closing: 0 [UNetConnection] RemoteAddr: 127.0.0.1:7777, Name: IpConnection_0, Driver: GameNetDriver IpNetDriver_0, IsServer: NO, PC: MyPlayerController_C_0, Owner: MyPlayerController_C_0, UniqueId: NULL:DESKTOP-GH4GCSH-E0BD4A784E69D9354C6DE8A98AC45E9B
[2021.11.05-10.57.13:327][164]LogNet: Browse: /Game/Maps/MainMenu?closed
[2021.11.05-10.57.13:328][164]LogNet: Connection failed; returning to Entry
[2021.11.05-10.57.13:328][164]LogLoad: LoadMap: /Game/Maps/MainMenu?closed
[2021.11.05-10.57.13:328][164]LogWorld: BeginTearingDown for /Game/Maps/Level_01
[2021.11.05-10.57.13:329][164]LogNet: World NetDriver shutdown IpNetDriver_0 [GameNetDriver]
[2021.11.05-10.57.13:329][164]LogNet: DestroyNamedNetDriver IpNetDriver_0 [GameNetDriver]
[2021.11.05-10.57.13:330][164]LogExit: GameNetDriver IpNetDriver_0 shut down
[2021.11.05-10.57.13:331][164]LogWorld: UWorld::CleanupWorld for Level_01, bSessionEnded=true, bCleanupResources=true
[2021.11.05-10.57.13:332][164]LogSlate: InvalidateAllWidgets triggered.  All widgets were invalidated
[2021.11.05-10.57.13:368][164]LogAudio: Display: Waited 35.278000 ms for audio thread.
[2021.11.05-10.57.13:373][164]LogAudio: Display: Waited 41.077698 ms for audio thread.
[2021.11.05-10.57.13:381][164]LogAudio: Display: Audio Device unregistered from world 'None'.
[2021.11.05-10.57.13:606][164]LogUObjectHash: Compacting FUObjectHashTables data took   0.69ms
[2021.11.05-10.57.13:612][164]LogAudio: Display: Audio Device (ID: 1) registered with world 'MainMenu'.
[2021.11.05-10.57.13:620][164]LogAIModule: Creating AISystem for world MainMenu
[2021.11.05-10.57.13:621][164]LogLoad: Game class is 'GameModeBase'
[2021.11.05-10.57.13:623][164]LogWorld: Bringing World /Game/Maps/MainMenu.MainMenu up for play (max tick rate 0) at 2021.11.05-18.57.13
[2021.11.05-10.57.13:624][164]LogWorld: Bringing up level for play took: 0.000554
[2021.11.05-10.57.13:624][164]LogGameMode: FindPlayerStart: PATHS NOT DEFINED or NO PLAYERSTART with positive rating
[2021.11.05-10.57.13:625][164]LogLoad: Took 0.297116 seconds to LoadMap(/Game/Maps/MainMenu)
[2021.11.05-10.57.13:640][164]LogUObjectHash: Compacting FUObjectHashTables data took   1.03ms
[2021.11.05-10.57.23:698][ 94]LogSlate: Window 'Netshoot (64-bit Development PCD3D_SM5) ' being destroyed
[2021.11.05-10.57.23:702][ 95]LogSlate: Updating window title bar state: overlay mode, drag disabled, window buttons hidden, title bar hidden
[2021.11.05-10.57.23:702][ 95]LogEngine: All Windows Closed
[2021.11.05-10.57.23:702][ 95]LogWindows: FPlatformMisc::RequestExit(0)
[2021.11.05-10.57.23:703][ 95]LogWindows: FPlatformMisc::RequestExitWithStatus(0, 0)
[2021.11.05-10.57.23:703][ 95]LogCore: Engine exit requested (reason: Win RequestExit)
[2021.11.05-10.57.23:704][ 96]LogCore: Engine exit requested (reason: EngineExit() was called; note: exit was already requested)
[2021.11.05-10.57.23:704][ 96]LogInit: Display: PreExit Game.
[2021.11.05-10.57.23:712][ 96]LogWorld: BeginTearingDown for /Game/Maps/MainMenu
[2021.11.05-10.57.23:712][ 96]LogWorld: UWorld::CleanupWorld for MainMenu, bSessionEnded=true, bCleanupResources=true
[2021.11.05-10.57.23:713][ 96]LogSlate: InvalidateAllWidgets triggered.  All widgets were invalidated
[2021.11.05-10.57.24:526][ 96]LogAudio: Display: Beginning Audio Device Manager Shutdown (Module: AudioMixerXAudio2)...
[2021.11.05-10.57.24:526][ 96]LogAudio: Display: Destroying 1 Remaining Audio Device(s)...
[2021.11.05-10.57.24:527][ 96]LogAudio: Display: Audio Device unregistered from world 'MainMenu'.
[2021.11.05-10.57.24:574][ 96]LogAudioMixer: FMixerPlatformXAudio2::StopAudioStream() called
[2021.11.05-10.57.24:575][ 96]LogAudioMixer: FMixerPlatformXAudio2::StopAudioStream() called
[2021.11.05-10.57.24:584][ 96]LogAudio: Display: Audio Device Manager Shutdown
[2021.11.05-10.57.24:586][ 96]LogExit: Preparing to exit.
[2021.11.05-10.57.24:590][ 96]LogSlate: Updating window title bar state: overlay mode, drag disabled, window buttons hidden, title bar hidden
[2021.11.05-10.57.24:592][ 96]LogUObjectHash: Compacting FUObjectHashTables data took   0.60ms
[2021.11.05-10.57.24:636][ 96]LogMoviePlayer: Shutting down movie player
[2021.11.05-10.57.24:654][ 96]LogDemo: Cleaned up 0 splitscreen connections with owner deletion
[2021.11.05-10.57.24:658][ 96]LogExit: Game engine shut down
[2021.11.05-10.57.24:692][ 96]LogExit: Object subsystem successfully closed.
[2021.11.05-10.57.24:698][ 96]LogShaderCompilers: Display: === FShaderJobCache stats ===
[2021.11.05-10.57.24:699][ 96]LogShaderCompilers: Display: Total job queries 0, among them cache hits 0 (0.00%)
[2021.11.05-10.57.24:699][ 96]LogShaderCompilers: Display: Tracking 0 distinct input hashes that result in 0 distinct outputs (0.00%)
[2021.11.05-10.57.24:699][ 96]LogShaderCompilers: Display: RAM used: 0.00 MB (0.00 GB) of 819.20 MB (0.80 GB) budget. Usage: 0.00%
[2021.11.05-10.57.24:700][ 96]LogShaderCompilers: Display: ================================================
[2021.11.05-10.57.24:713][ 96]LogShaderCompilers: Display: Shaders left to compile 0
[2021.11.05-10.57.24:720][ 96]LogModuleManager: Shutting down and abandoning module AIModule (564)
[2021.11.05-10.57.24:721][ 96]LogModuleManager: Shutting down and abandoning module AITestSuite (563)
[2021.11.05-10.57.24:721][ 96]LogModuleManager: Shutting down and abandoning module NavigationSystem (561)
[2021.11.05-10.57.24:721][ 96]LogModuleManager: Shutting down and abandoning module GameplayDebugger (558)
[2021.11.05-10.57.24:721][ 96]LogModuleManager: Shutting down and abandoning module Voice (556)
[2021.11.05-10.57.24:722][ 96]LogModuleManager: Shutting down and abandoning module AnimGraph (552)
[2021.11.05-10.57.24:722][ 96]LogModuleManager: Shutting down and abandoning module SequenceRecorderSections (550)
[2021.11.05-10.57.24:722][ 96]LogModuleManager: Shutting down and abandoning module SequenceRecorder (548)
[2021.11.05-10.57.24:722][ 96]LogModuleManager: Shutting down and abandoning module AutomationController (546)
[2021.11.05-10.57.24:723][ 96]LogModuleManager: Shutting down and abandoning module AutomationWorker (544)
[2021.11.05-10.57.24:723][ 96]LogModuleManager: Shutting down and abandoning module SteamVREditor (542)
[2021.11.05-10.57.24:723][ 96]LogModuleManager: Shutting down and abandoning module ToolMenus (541)
[2021.11.05-10.57.24:724][ 96]LogModuleManager: Shutting down and abandoning module OculusMR (538)
[2021.11.05-10.57.24:724][ 96]LogModuleManager: Shutting down and abandoning module TakeRecorderSources (536)
[2021.11.05-10.57.24:724][ 96]LogModuleManager: Shutting down and abandoning module TakeRecorder (535)
[2021.11.05-10.57.24:725][ 96]LogModuleManager: Shutting down and abandoning module TakeTrackRecorders (532)
[2021.11.05-10.57.24:725][ 96]LogModuleManager: Shutting down and abandoning module TakesCore (530)
[2021.11.05-10.57.24:725][ 96]LogModuleManager: Shutting down and abandoning module OpenXRInput (528)
[2021.11.05-10.57.24:726][ 96]LogModuleManager: Shutting down and abandoning module WmfMediaFactory (526)
[2021.11.05-10.57.24:726][ 96]LogModuleManager: Shutting down and abandoning module WebMMediaFactory (524)
[2021.11.05-10.57.24:726][ 96]LogModuleManager: Shutting down and abandoning module WebMMedia (522)
[2021.11.05-10.57.24:726][ 96]LogModuleManager: Shutting down and abandoning module OpenExrWrapper (520)
[2021.11.05-10.57.24:727][ 96]LogModuleManager: Shutting down and abandoning module ImgMediaFactory (518)
[2021.11.05-10.57.24:727][ 96]LogModuleManager: Shutting down and abandoning module AvfMediaFactory (516)
[2021.11.05-10.57.24:727][ 96]LogModuleManager: Shutting down and abandoning module MagicLeapMediaCodecFactory (514)
[2021.11.05-10.57.24:728][ 96]LogModuleManager: Shutting down and abandoning module MagicLeapMediaFactory (512)
[2021.11.05-10.57.24:728][ 96]LogModuleManager: Shutting down and abandoning module PlanarCut (510)
[2021.11.05-10.57.24:728][ 96]LogModuleManager: Shutting down and abandoning module CharacterAI (508)
[2021.11.05-10.57.24:729][ 96]LogModuleManager: Shutting down and abandoning module SessionServices (506)
[2021.11.05-10.57.24:729][ 96]LogModuleManager