Log file open, 11/05/21 18:57:32
LogWindows: Failed to load 'aqProf.dll' (GetLastError=126)
LogWindows: File 'aqProf.dll' does not exist
LogWindows: Failed to load 'VtuneApi.dll' (GetLastError=126)
LogWindows: File 'VtuneApi.dll' does not exist
LogWindows: Failed to load 'VtuneApi32e.dll' (GetLastError=126)
LogWindows: File 'VtuneApi32e.dll' does not exist
LogConsoleResponse: Display: Failed to find resolution value strings in scalability ini. Falling back to default.
LogConsoleResponse: Display: Failed to find resolution value strings in scalability ini. Falling back to default.
LogInit: Display: Running engine for game: Netshoot
LogPlatformFile: Not using cached read wrapper
LogTaskGraph: Started task graph with 5 named threads and 17 total threads with 3 sets of task threads.
LogStats: Stats thread started at 0.129071
LogICUInternationalization: ICU TimeZone Detection - Raw Offset: +8:00, Platform Override: ''
LogInit: Display: Loading text-based GConfig....
LogPluginManager: Mounting plugin MeshPainting
LogPluginManager: Mounting plugin XGEController
LogPluginManager: Mounting plugin Paper2D
LogPluginManager: Mounting plugin AISupport
LogPluginManager: Mounting plugin EnvironmentQueryEditor
LogPluginManager: Mounting plugin LiveLink
LogPluginManager: Mounting plugin LightPropagationVolume
LogPluginManager: Mounting plugin CameraShakePreviewer
LogPluginManager: Mounting plugin GameplayCameras
LogPluginManager: Mounting plugin OodleData
LogPluginManager: Mounting plugin OodleNetwork
LogPluginManager: Mounting plugin AnimationSharing
LogPluginManager: Mounting plugin CLionSourceCodeAccess
LogPluginManager: Mounting plugin CodeLiteSourceCodeAccess
LogPluginManager: Mounting plugin GitSourceControl
LogPluginManager: Mounting plugin KDevelopSourceCodeAccess
LogPluginManager: Mounting plugin NullSourceCodeAccess
LogPluginManager: Mounting plugin PerforceSourceControl
LogPluginManager: Mounting plugin PixWinPlugin
LogPluginManager: Mounting plugin PlasticSourceControl
LogPluginManager: Mounting plugin PluginUtils
LogPluginManager: Mounting plugin PropertyAccessNode
LogPluginManager: Mounting plugin RiderSourceCodeAccess
LogPluginManager: Mounting plugin SubversionSourceControl
LogPluginManager: Mounting plugin TextureFormatOodle
LogPluginManager: Mounting plugin UObjectPlugin
LogPluginManager: Mounting plugin VisualStudioCodeSourceCodeAccess
LogPluginManager: Mounting plugin VisualStudioSourceCodeAccess
LogPluginManager: Mounting plugin XCodeSourceCodeAccess
LogPluginManager: Mounting plugin AssetManagerEditor
LogPluginManager: Mounting plugin CryptoKeys
LogPluginManager: Mounting plugin CurveEditorTools
LogPluginManager: Mounting plugin DataValidation
LogPluginManager: Mounting plugin FacialAnimation
LogPluginManager: Mounting plugin GameplayTagsEditor
LogPluginManager: Mounting plugin GeometryMode
LogPluginManager: Mounting plugin MacGraphicsSwitching
LogPluginManager: Mounting plugin MaterialAnalyzer
LogPluginManager: Mounting plugin MobileLauncherProfileWizard
LogPluginManager: Mounting plugin PluginBrowser
LogPluginManager: Mounting plugin SpeedTreeImporter
LogPluginManager: Mounting plugin DatasmithContent
LogPluginManager: Mounting plugin VariantManagerContent
LogPluginManager: Mounting plugin AlembicImporter
LogPluginManager: Mounting plugin AutomationUtils
LogPluginManager: Mounting plugin BackChannel
LogPluginManager: Mounting plugin ChaosCloth
LogPluginManager: Mounting plugin ChaosClothEditor
LogPluginManager: Mounting plugin ChaosEditor
LogPluginManager: Mounting plugin ChaosNiagara
LogPluginManager: Mounting plugin ChaosSolverPlugin
LogPluginManager: Mounting plugin CharacterAI
LogPluginManager: Mounting plugin GeometryCache
LogPluginManager: Mounting plugin GeometryCollectionPlugin
LogPluginManager: Mounting plugin GeometryProcessing
LogPluginManager: Mounting plugin MotoSynth
LogPluginManager: Mounting plugin OpenImageDenoise
LogPluginManager: Mounting plugin PlanarCut
LogPluginManager: Mounting plugin PlatformCrypto
LogPluginManager: Mounting plugin ProxyLODPlugin
LogPluginManager: Mounting plugin PythonScriptPlugin
LogPluginManager: Mounting plugin SkeletalReduction
LogPluginManager: Mounting plugin Niagara
LogPluginManager: Mounting plugin LuminPlatformFeatures
LogPluginManager: Mounting plugin MagicLeap
LogPluginManager: Mounting plugin MagicLeapLightEstimation
LogPluginManager: Mounting plugin MagicLeapMedia
LogPluginManager: Mounting plugin MagicLeapPassableWorld
LogPluginManager: Mounting plugin MLSDK
LogPluginManager: Mounting plugin AndroidMedia
LogPluginManager: Mounting plugin AvfMedia
LogPluginManager: Mounting plugin ImgMedia
LogPluginManager: Mounting plugin MediaCompositing
LogPluginManager: Mounting plugin MediaPlayerEditor
LogPluginManager: Mounting plugin WebMMedia
LogPluginManager: Mounting plugin WmfMedia
LogPluginManager: Mounting plugin TcpMessaging
LogPluginManager: Mounting plugin UdpMessaging
LogPluginManager: Mounting plugin ActorSequence
LogPluginManager: Mounting plugin LevelSequenceEditor
LogPluginManager: Mounting plugin MatineeToLevelSequence
LogPluginManager: Mounting plugin TemplateSequence
LogPluginManager: Mounting plugin OnlineSubsystem
LogPluginManager: Mounting plugin OnlineSubsystemNull
LogPluginManager: Mounting plugin OnlineSubsystemUtils
LogPluginManager: Mounting plugin LauncherChunkInstaller
LogPluginManager: Mounting plugin ActorLayerUtilities
LogPluginManager: Mounting plugin AndroidDeviceProfileSelector
LogPluginManager: Mounting plugin AndroidMoviePlayer
LogPluginManager: Mounting plugin AndroidPermission
LogPluginManager: Mounting plugin AppleImageUtils
LogPluginManager: Mounting plugin AppleMoviePlayer
LogPluginManager: Mounting plugin ArchVisCharacter
LogPluginManager: Mounting plugin AssetTags
LogPluginManager: Mounting plugin AudioCapture
LogPluginManager: Mounting plugin AudioSynesthesia
LogPluginManager: Mounting plugin CableComponent
LogPluginManager: Mounting plugin ChunkDownloader
LogPluginManager: Mounting plugin CustomMeshComponent
LogPluginManager: Mounting plugin EditableMesh
LogPluginManager: Mounting plugin ExampleDeviceProfileSelector
LogPluginManager: Mounting plugin GoogleCloudMessaging
LogPluginManager: Mounting plugin GooglePAD
LogPluginManager: Mounting plugin IOSDeviceProfileSelector
LogPluginManager: Mounting plugin LinuxDeviceProfileSelector
LogPluginManager: Mounting plugin LocationServicesBPLibrary
LogPluginManager: Mounting plugin MobilePatchingUtils
LogPluginManager: Mounting plugin OpenXR
LogPluginManager: Mounting plugin OpenXREyeTracker
LogPluginManager: Mounting plugin OpenXRHandTracking
LogPluginManager: Mounting plugin PhysXVehicles
LogPluginManager: Mounting plugin PostSplashScreen
LogPluginManager: Mounting plugin ProceduralMeshComponent
LogPluginManager: Mounting plugin PropertyAccessEditor
LogPluginManager: Mounting plugin RuntimePhysXCooking
LogPluginManager: Mounting plugin SignificanceManager
LogPluginManager: Mounting plugin SoundFields
LogPluginManager: Mounting plugin Synthesis
LogPluginManager: Mounting plugin WebMMoviePlayer
LogPluginManager: Mounting plugin WindowsMoviePlayer
LogPluginManager: Mounting plugin ScreenshotTools
LogPluginManager: Mounting plugin Takes
LogPluginManager: Mounting plugin ContentBrowserAssetDataSource
LogPluginManager: Mounting plugin ContentBrowserClassDataSource
LogPluginManager: Mounting plugin ContentBrowserFileDataSource
LogPluginManager: Mounting plugin OnlineSubsystemGooglePlay
LogPluginManager: Mounting plugin OnlineSubsystemIOS
LogPluginManager: Mounting plugin OculusVR
LogPluginManager: Mounting plugin SteamVR
PixWinPlugin: PIX capture plugin failed to initialize! Check that the process is launched from PIX.
LogInit: Using libcurl 7.55.1-DEV
LogInit:  - built for x86_64-pc-win32
LogInit:  - supports SSL with OpenSSL/1.1.1
LogInit:  - supports HTTP deflate (compression) using libz 1.2.8
LogInit:  - other features:
LogInit:      CURL_VERSION_SSL
LogInit:      CURL_VERSION_LIBZ
LogInit:      CURL_VERSION_IPV6
LogInit:      CURL_VERSION_ASYNCHDNS
LogInit:      CURL_VERSION_LARGEFILE
LogInit:      CURL_VERSION_IDN
LogInit:  CurlRequestOptions (configurable via config and command line):
LogInit:  - bVerifyPeer = true  - Libcurl will verify peer certificate
LogInit:  - bUseHttpProxy = false  - Libcurl will NOT use HTTP proxy
LogInit:  - bDontReuseConnections = false  - Libcurl will reuse connections
LogInit:  - MaxHostConnections = 16  - Libcurl will limit the number of connections to a host
LogInit:  - LocalHostAddr = Default
LogInit:  - BufferSize = 65536
LogOnline: Warning: OSS: TryLoadSubsystemAndSetDefault: LoadSubsystemModule([Steam]) failed
LogOnline: OSS: Creating online subsystem instance for: NULL
LogInit: WinSock: version 1.1 (2.2), MaxSocks=32767, MaxUdp=65467
LogOnline: OSS: TryLoadSubsystemAndSetDefault: Loaded subsystem for module [NULL]
LogInit: Build: ++UE4+Release-4.27-CL-0
LogInit: Engine Version: 4.27.0-0+++UE4+Release-4.27
LogInit: Compatible Engine Version: 4.27.0-0+++UE4+Release-4.27
LogInit: Net CL: 0
LogInit: OS: Windows 10 (Release 2009) (), CPU: Intel(R) Core(TM) i5-8400 CPU @ 2.80GHz, GPU: NVIDIA GeForce GTX 1060 6GB
LogInit: Compiled (64-bit): Oct 12 2021 09:26:09
LogInit: Compiled with Visual C++: 19.29.30136.00
LogInit: Build Configuration: Development
LogInit: Branch Name: ++UE4+Release-4.27
LogInit: Command Line:  Level_01 -server -log -nosteam
LogInit: Base Directory: D:/ue4code/UnrealEngine/Engine/Binaries/Win64/
LogInit: Allocator: TBB
LogInit: Installed Engine Build: 0
LogDevObjectVersion: Number of dev versions registered: 29
LogDevObjectVersion:   Dev-Blueprints (B0D832E4-1F89-4F0D-ACCF-7EB736FD4AA2): 10
LogDevObjectVersion:   Dev-Build (E1C64328-A22C-4D53-A36C-8E866417BD8C): 0
LogDevObjectVersion:   Dev-Core (375EC13C-06E4-48FB-B500-84F0262A717E): 4
LogDevObjectVersion:   Dev-Editor (E4B068ED-F494-42E9-A231-DA0B2E46BB41): 40
LogDevObjectVersion:   Dev-Framework (CFFC743F-43B0-4480-9391-14DF171D2073): 37
LogDevObjectVersion:   Dev-Mobile (B02B49B5-BB20-44E9-A304-32B752E40360): 3
LogDevObjectVersion:   Dev-Networking (A4E4105C-59A1-49B5-A7C5-40C4547EDFEE): 0
LogDevObjectVersion:   Dev-Online (39C831C9-5AE6-47DC-9A44-9C173E1C8E7C): 0
LogDevObjectVersion:   Dev-Physics (78F01B33-EBEA-4F98-B9B4-84EACCB95AA2): 14
LogDevObjectVersion:   Dev-Platform (6631380F-2D4D-43E0-8009-CF276956A95A): 0
LogDevObjectVersion:   Dev-Rendering (12F88B9F-8875-4AFC-A67C-D90C383ABD29): 45
LogDevObjectVersion:   Dev-Sequencer (7B5AE74C-D270-4C10-A958-57980B212A5A): 13
LogDevObjectVersion:   Dev-VR (D7296918-1DD6-4BDD-9DE2-64A83CC13884): 3
LogDevObjectVersion:   Dev-LoadTimes (C2A15278-BFE7-4AFE-6C17-90FF531DF755): 1
LogDevObjectVersion:   Private-Geometry (6EACA3D4-40EC-4CC1-B786-8BED09428FC5): 3
LogDevObjectVersion:   Dev-AnimPhys (29E575DD-E0A3-4627-9D10-D276232CDCEA): 17
LogDevObjectVersion:   Dev-Anim (AF43A65D-7FD3-4947-9873-3E8ED9C1BB05): 15
LogDevObjectVersion:   Dev-ReflectionCapture (6B266CEC-1EC7-4B8F-A30B-E4D90942FC07): 1
LogDevObjectVersion:   Dev-Automation (0DF73D61-A23F-47EA-B727-89E90C41499A): 1
LogDevObjectVersion:   FortniteMain (601D1886-AC64-4F84-AA16-D3DE0DEAC7D6): 47
LogDevObjectVersion:   FortniteRelease (E7086368-6B23-4C58-8439-1B7016265E91): 1
LogDevObjectVersion:   Dev-Enterprise (9DFFBCD6-494F-0158-E221-12823C92A888): 10
LogDevObjectVersion:   Dev-Niagara (F2AED0AC-9AFE-416F-8664-AA7FFA26D6FC): 1
LogDevObjectVersion:   Dev-Destruction (174F1F0B-B4C6-45A5-B13F-2EE8D0FB917D): 10
LogDevObjectVersion:   Dev-Physics-Ext (35F94A83-E258-406C-A318-09F59610247C): 41
LogDevObjectVersion:   Dev-PhysicsMaterial-Chaos (B68FC16E-8B1B-42E2-B453-215C058844FE): 1
LogDevObjectVersion:   Dev-CineCamera (B2E18506-4273-CFC2-A54E-F4BB758BBA07): 1
LogDevObjectVersion:   Dev-VirtualProduction (64F58936-FD1B-42BA-BA96-7289D5D0FA4E): 1
LogDevObjectVersion:   Dev-MediaFramework (6F0ED827-A609-4895-9C91-998D90180EA4): 2
LogInit: Presizing for max 25165824 objects, including 0 objects not considered by GC, pre-allocating 0 bytes for permanent pool.
LogConfig: Applying CVar settings from Section [/Script/Engine.StreamingSettings] File [D:/ue4Project/Netshoot/Netshoot/Saved/Config/Windows/Engine.ini]
LogConfig: Setting CVar [[s.MinBulkDataSizeForAsyncLoading:131072]]
LogConfig: Setting CVar [[s.AsyncLoadingThreadEnabled:0]]
LogConfig: Setting CVar [[s.EventDrivenLoaderEnabled:1]]
LogConfig: Setting CVar [[s.WarnIfTimeLimitExceeded:0]]
LogConfig: Setting CVar [[s.TimeLimitExceededMultiplier:1.5]]
LogConfig: Setting CVar [[s.TimeLimitExceededMinTime:0.005]]
LogConfig: Setting CVar [[s.UseBackgroundLevelStreaming:1]]
LogConfig: Setting CVar [[s.PriorityAsyncLoadingExtraTime:15.0]]
LogConfig: Setting CVar [[s.LevelStreamingActorsUpdateTimeLimit:5.0]]
LogConfig: Setting CVar [[s.PriorityLevelStreamingActorsUpdateExtraTime:5.0]]
LogConfig: Setting CVar [[s.LevelStreamingComponentsRegistrationGranularity:10]]
LogConfig: Setting CVar [[s.UnregisterComponentsTimeLimit:1.0]]
LogConfig: Setting CVar [[s.LevelStreamingComponentsUnregistrationGranularity:5]]
LogConfig: Setting CVar [[s.FlushStreamingOnExit:1]]
LogInit: Object subsystem initialized
LogConfig: Setting CVar [[con.DebugEarlyDefault:1]]
LogConfig: Setting CVar [[r.setres:1280x720]]
[2021.11.05-10.57.32:985][  0]LogConfig: Setting CVar [[con.DebugEarlyDefault:1]]
[2021.11.05-10.57.32:985][  0]LogConfig: Setting CVar [[r.setres:1280x720]]
[2021.11.05-10.57.32:985][  0]LogConfig: Applying CVar settings from Section [/Script/Engine.RendererSettings] File [D:/ue4Project/Netshoot/Netshoot/Saved/Config/Windows/Engine.ini]
[2021.11.05-10.57.32:986][  0]LogConfig: Setting CVar [[r.GPUCrashDebugging:0]]
[2021.11.05-10.57.32:986][  0]LogConfig: Setting CVar [[r.MobileHDR:1]]
[2021.11.05-10.57.32:986][  0]LogConfig: Setting CVar [[r.AllowOcclusionQueries:1]]
[2021.11.05-10.57.32:987][  0]LogConfig: Setting CVar [[r.MinScreenRadiusForLights:0.030000]]
[2021.11.05-10.57.32:987][  0]LogConfig: Setting CVar [[r.MinScreenRadiusForDepthPrepass:0.030000]]
[2021.11.05-10.57.32:987][  0]LogConfig: Setting CVar [[r.PrecomputedVisibilityWarning:0]]
[2021.11.05-10.57.32:987][  0]LogConfig: Setting CVar [[r.TextureStreaming:1]]
[2021.11.05-10.57.32:988][  0]LogConfig: Setting CVar [[Compat.UseDXT5NormalMaps:0]]
[2021.11.05-10.57.32:989][  0]LogConfig: Setting CVar [[r.AllowStaticLighting:1]]
[2021.11.05-10.57.32:990][  0]LogConfig: Setting CVar [[r.NormalMapsForStaticLighting:0]]
[2021.11.05-10.57.32:990][  0]LogConfig: Setting CVar [[r.GenerateMeshDistanceFields:1]]
[2021.11.05-10.57.32:990][  0]LogConfig: Setting CVar [[r.TessellationAdaptivePixelsPerTriangle:48.000000]]
[2021.11.05-10.57.32:991][  0]LogConfig: Setting CVar [[r.SeparateTranslucency:1]]
[2021.11.05-10.57.32:991][  0]LogConfig: Setting CVar [[r.CustomDepth:1]]
[2021.11.05-10.57.32:991][  0]LogConfig: Setting CVar [[r.DefaultFeature.Bloom:1]]
[2021.11.05-10.57.32:991][  0]LogConfig: Setting CVar [[r.DefaultFeature.AmbientOcclusion:1]]
[2021.11.05-10.57.32:992][  0]LogConfig: Setting CVar [[r.DefaultFeature.AmbientOcclusionStaticFraction:1]]
[2021.11.05-10.57.32:992][  0]LogConfig: Setting CVar [[r.DefaultFeature.AutoExposure:1]]
[2021.11.05-10.57.32:992][  0]LogConfig: Setting CVar [[r.DefaultFeature.MotionBlur:1]]
[2021.11.05-10.57.32:993][  0]LogConfig: Setting CVar [[r.DefaultFeature.LensFlare:1]]
[2021.11.05-10.57.32:994][  0]LogConfig: Setting CVar [[r.DefaultFeature.AntiAliasing:2]]
[2021.11.05-10.57.32:994][  0]LogConfig: Setting CVar [[r.EarlyZPass:3]]
[2021.11.05-10.57.32:995][  0]LogConfig: Setting CVar [[r.DBuffer:0]]
[2021.11.05-10.57.32:995][  0]LogConfig: Setting CVar [[r.ClearSceneMethod:1]]
[2021.11.05-10.57.32:995][  0]LogConfig: Setting CVar [[r.MSAA.CompositingSampleCount:4]]
[2021.11.05-10.57.32:996][  0]LogConfig: Setting CVar [[r.WireframeCullThreshold:5.000000]]
[2021.11.05-10.57.32:996][  0]LogConfig: Applying CVar settings from Section [/Script/Engine.RendererOverrideSettings] File [D:/ue4Project/Netshoot/Netshoot/Saved/Config/Windows/Engine.ini]
[2021.11.05-10.57.32:996][  0]LogConfig: Applying CVar settings from Section [/Script/Engine.StreamingSettings] File [D:/ue4Project/Netshoot/Netshoot/Saved/Config/Windows/Engine.ini]
[2021.11.05-10.57.32:996][  0]LogConfig: Setting CVar [[s.MinBulkDataSizeForAsyncLoading:131072]]
[2021.11.05-10.57.32:997][  0]LogConfig: Setting CVar [[s.AsyncLoadingThreadEnabled:0]]
[2021.11.05-10.57.32:997][  0]LogConfig: Setting CVar [[s.EventDrivenLoaderEnabled:1]]
[2021.11.05-10.57.32:997][  0]LogConfig: Setting CVar [[s.WarnIfTimeLimitExceeded:0]]
[2021.11.05-10.57.32:997][  0]LogConfig: Setting CVar [[s.TimeLimitExceededMultiplier:1.5]]
[2021.11.05-10.57.32:998][  0]LogConfig: Setting CVar [[s.TimeLimitExceededMinTime:0.005]]
[2021.11.05-10.57.32:998][  0]LogConfig: Setting CVar [[s.UseBackgroundLevelStreaming:1]]
[2021.11.05-10.57.32:998][  0]LogConfig: Setting CVar [[s.PriorityAsyncLoadingExtraTime:15.0]]
[2021.11.05-10.57.32:999][  0]LogConfig: Setting CVar [[s.LevelStreamingActorsUpdateTimeLimit:5.0]]
[2021.11.05-10.57.32:999][  0]LogConfig: Setting CVar [[s.PriorityLevelStreamingActorsUpdateExtraTime:5.0]]
[2021.11.05-10.57.32:999][  0]LogConfig: Setting CVar [[s.LevelStreamingComponentsRegistrationGranularity:10]]
[2021.11.05-10.57.32:999][  0]LogConfig: Setting CVar [[s.UnregisterComponentsTimeLimit:1.0]]
[2021.11.05-10.57.33:000][  0]LogConfig: Setting CVar [[s.LevelStreamingComponentsUnregistrationGranularity:5]]
[2021.11.05-10.57.33:000][  0]LogConfig: Setting CVar [[s.FlushStreamingOnExit:1]]
[2021.11.05-10.57.33:000][  0]LogConfig: Applying CVar settings from Section [/Script/Engine.GarbageCollectionSettings] File [D:/ue4Project/Netshoot/Netshoot/Saved/Config/Windows/Engine.ini]
[2021.11.05-10.57.33:001][  0]LogConfig: Setting CVar [[gc.MaxObjectsNotConsideredByGC:1]]
[2021.11.05-10.57.33:001][  0]LogConfig: Setting CVar [[gc.SizeOfPermanentObjectPool:0]]
[2021.11.05-10.57.33:001][  0]LogConfig: Setting CVar [[gc.FlushStreamingOnGC:0]]
[2021.11.05-10.57.33:001][  0]LogConfig: Setting CVar [[gc.NumRetriesBeforeForcingGC:10]]
[2021.11.05-10.57.33:002][  0]LogConfig: Setting CVar [[gc.AllowParallelGC:1]]
[2021.11.05-10.57.33:002][  0]LogConfig: Setting CVar [[gc.TimeBetweenPurgingPendingKillObjects:61.1]]
[2021.11.05-10.57.33:002][  0]LogConfig: Setting CVar [[gc.MaxObjectsInEditor:25165824]]
[2021.11.05-10.57.33:003][  0]LogConfig: Setting CVar [[gc.IncrementalBeginDestroyEnabled:1]]
[2021.11.05-10.57.33:003][  0]LogConfig: Setting CVar [[gc.CreateGCClusters:1]]
[2021.11.05-10.57.33:003][  0]LogConfig: Setting CVar [[gc.MinGCClusterSize:5]]
[2021.11.05-10.57.33:004][  0]LogConfig: Setting CVar [[gc.ActorClusteringEnabled:0]]
[2021.11.05-10.57.33:006][  0]LogConfig: Setting CVar [[gc.BlueprintClusteringEnabled:0]]
[2021.11.05-10.57.33:006][  0]LogConfig: Setting CVar [[gc.UseDisregardForGCOnDedicatedServers:0]]
[2021.11.05-10.57.33:007][  0]LogConfig: Setting CVar [[gc.MultithreadedDestructionEnabled:1]]
[2021.11.05-10.57.33:007][  0]LogConfig: Applying CVar settings from Section [/Script/Engine.NetworkSettings] File [D:/ue4Project/Netshoot/Netshoot/Saved/Config/Windows/Engine.ini]
[2021.11.05-10.57.33:007][  0]LogConfig: Applying CVar settings from Section [/Script/UnrealEd.CookerSettings] File [D:/ue4Project/Netshoot/Netshoot/Saved/Config/Windows/Engine.ini]
[2021.11.05-10.57.33:008][  0]LogConfig: Applying CVar settings from Section [ViewDistanceQuality@3] File [D:/ue4Project/Netshoot/Netshoot/Saved/Config/Windows/Scalability.ini]
[2021.11.05-10.57.33:008][  0]LogConfig: Setting CVar [[r.SkeletalMeshLODBias:0]]
[2021.11.05-10.57.33:008][  0]LogConfig: Setting CVar [[r.ViewDistanceScale:1.0]]
[2021.11.05-10.57.33:008][  0]LogConfig: Applying CVar settings from Section [AntiAliasingQuality@3] File [D:/ue4Project/Netshoot/Netshoot/Saved/Config/Windows/Scalability.ini]
[2021.11.05-10.57.33:009][  0]LogConfig: Setting CVar [[r.PostProcessAAQuality:4]]
[2021.11.05-10.57.33:009][  0]LogConfig: Applying CVar settings from Section [ShadowQuality@3] File [D:/ue4Project/Netshoot/Netshoot/Saved/Config/Windows/Scalability.ini]
[2021.11.05-10.57.33:009][  0]LogConfig: Setting CVar [[r.LightFunctionQuality:1]]
[2021.11.05-10.57.33:010][  0]LogConfig: Setting CVar [[r.ShadowQuality:5]]
[2021.11.05-10.57.33:010][  0]LogConfig: Setting CVar [[r.Shadow.CSM.MaxCascades:10]]
[2021.11.05-10.57.33:010][  0]LogConfig: Setting CVar [[r.Shadow.MaxResolution:2048]]
[2021.11.05-10.57.33:011][  0]LogConfig: Setting CVar [[r.Shadow.MaxCSMResolution:2048]]
[2021.11.05-10.57.33:011][  0]LogConfig: Setting CVar [[r.Shadow.RadiusThreshold:0.01]]
[2021.11.05-10.57.33:011][  0]LogConfig: Setting CVar [[r.Shadow.DistanceScale:1.0]]
[2021.11.05-10.57.33:012][  0]LogConfig: Setting CVar [[r.Shadow.CSM.TransitionScale:1.0]]
[2021.11.05-10.57.33:012][  0]LogConfig: Setting CVar [[r.Shadow.PreShadowResolutionFactor:1.0]]
[2021.11.05-10.57.33:012][  0]LogConfig: Setting CVar [[r.DistanceFieldShadowing:1]]
[2021.11.05-10.57.33:012][  0]LogConfig: Setting CVar [[r.DistanceFieldAO:1]]
[2021.11.05-10.57.33:013][  0]LogConfig: Setting CVar [[r.AOQuality:2]]
[2021.11.05-10.57.33:013][  0]LogConfig: Setting CVar [[r.VolumetricFog:1]]
[2021.11.05-10.57.33:013][  0]LogConfig: Setting CVar [[r.VolumetricFog.GridPixelSize:8]]
[2021.11.05-10.57.33:014][  0]LogConfig: Setting CVar [[r.VolumetricFog.GridSizeZ:128]]
[2021.11.05-10.57.33:014][  0]LogConfig: Setting CVar [[r.VolumetricFog.HistoryMissSupersampleCount:4]]
[2021.11.05-10.57.33:014][  0]LogConfig: Setting CVar [[r.LightMaxDrawDistanceScale:1]]
[2021.11.05-10.57.33:014][  0]LogConfig: Setting CVar [[r.CapsuleShadows:1]]
[2021.11.05-10.57.33:015][  0]LogConfig: Applying CVar settings from Section [PostProcessQuality@3] File [D:/ue4Project/Netshoot/Netshoot/Saved/Config/Windows/Scalability.ini]
[2021.11.05-10.57.33:015][  0]LogConfig: Setting CVar [[r.MotionBlurQuality:4]]
[2021.11.05-10.57.33:015][  0]LogConfig: Setting CVar [[r.AmbientOcclusionMipLevelFactor:0.4]]
[2021.11.05-10.57.33:016][  0]LogConfig: Setting CVar [[r.AmbientOcclusionMaxQuality:100]]
[2021.11.05-10.57.33:016][  0]LogConfig: Setting CVar [[r.AmbientOcclusionLevels:-1]]
[2021.11.05-10.57.33:016][  0]LogConfig: Setting CVar [[r.AmbientOcclusionRadiusScale:1.0]]
[2021.11.05-10.57.33:016][  0]LogConfig: Setting CVar [[r.DepthOfFieldQuality:2]]
[2021.11.05-10.57.33:017][  0]LogConfig: Setting CVar [[r.RenderTargetPoolMin:400]]
[2021.11.05-10.57.33:017][  0]LogConfig: Setting CVar [[r.LensFlareQuality:2]]
[2021.11.05-10.57.33:017][  0]LogConfig: Setting CVar [[r.SceneColorFringeQuality:1]]
[2021.11.05-10.57.33:018][  0]LogConfig: Setting CVar [[r.EyeAdaptationQuality:2]]
[2021.11.05-10.57.33:018][  0]LogConfig: Setting CVar [[r.BloomQuality:5]]
[2021.11.05-10.57.33:018][  0]LogConfig: Setting CVar [[r.FastBlurThreshold:100]]
[2021.11.05-10.57.33:018][  0]LogConfig: Setting CVar [[r.Upscale.Quality:3]]
[2021.11.05-10.57.33:019][  0]LogConfig: Setting CVar [[r.Tonemapper.GrainQuantization:1]]
[2021.11.05-10.57.33:019][  0]LogConfig: Setting CVar [[r.LightShaftQuality:1]]
[2021.11.05-10.57.33:019][  0]LogConfig: Setting CVar [[r.Filter.SizeScale:1]]
[2021.11.05-10.57.33:020][  0]LogConfig: Setting CVar [[r.Tonemapper.Quality:5]]
[2021.11.05-10.57.33:022][  0]LogConfig: Setting CVar [[r.DOF.Gather.AccumulatorQuality:1        ; higher gathering accumulator quality]]
[2021.11.05-10.57.33:022][  0]LogConfig: Setting CVar [[r.DOF.Gather.PostfilterMethod:1          ; Median3x3 postfilering method]]
[2021.11.05-10.57.33:022][  0]LogConfig: Setting CVar [[r.DOF.Gather.EnableBokehSettings:0       ; no bokeh simulation when gathering]]
[2021.11.05-10.57.33:023][  0]LogConfig: Setting CVar [[r.DOF.Gather.RingCount:4                 ; medium number of samples when gathering]]
[2021.11.05-10.57.33:023][  0]LogConfig: Setting CVar [[r.DOF.Scatter.ForegroundCompositing:1    ; additive foreground scattering]]
[2021.11.05-10.57.33:023][  0]LogConfig: Setting CVar [[r.DOF.Scatter.BackgroundCompositing:2    ; additive background scattering]]
[2021.11.05-10.57.33:023][  0]LogConfig: Setting CVar [[r.DOF.Scatter.EnableBokehSettings:1      ; bokeh simulation when scattering]]
[2021.11.05-10.57.33:024][  0]LogConfig: Setting CVar [[r.DOF.Scatter.MaxSpriteRatio:0.1         ; only a maximum of 10% of scattered bokeh]]
[2021.11.05-10.57.33:024][  0]LogConfig: Setting CVar [[r.DOF.Recombine.Quality:1                ; cheap slight out of focus]]
[2021.11.05-10.57.33:024][  0]LogConfig: Setting CVar [[r.DOF.Recombine.EnableBokehSettings:0    ; no bokeh simulation on slight out of focus]]
[2021.11.05-10.57.33:025][  0]LogConfig: Setting CVar [[r.DOF.TemporalAAQuality:1                ; more stable temporal accumulation]]
[2021.11.05-10.57.33:025][  0]LogConfig: Setting CVar [[r.DOF.Kernel.MaxForegroundRadius:0.025]]
[2021.11.05-10.57.33:025][  0]LogConfig: Setting CVar [[r.DOF.Kernel.MaxBackgroundRadius:0.025]]
[2021.11.05-10.57.33:025][  0]LogConfig: Applying CVar settings from Section [TextureQuality@3] File [D:/ue4Project/Netshoot/Netshoot/Saved/Config/Windows/Scalability.ini]
[2021.11.05-10.57.33:026][  0]LogConfig: Setting CVar [[r.Streaming.MipBias:0]]
[2021.11.05-10.57.33:026][  0]LogConfig: Setting CVar [[r.Streaming.AmortizeCPUToGPUCopy:0]]
[2021.11.05-10.57.33:026][  0]LogConfig: Setting CVar [[r.Streaming.MaxNumTexturesToStreamPerFrame:0]]
[2021.11.05-10.57.33:027][  0]LogConfig: Setting CVar [[r.Streaming.Boost:1]]
[2021.11.05-10.57.33:027][  0]LogConfig: Setting CVar [[r.MaxAnisotropy:8]]
[2021.11.05-10.57.33:027][  0]LogConfig: Setting CVar [[r.VT.MaxAnisotropy:8]]
[2021.11.05-10.57.33:028][  0]LogConfig: Setting CVar [[r.Streaming.LimitPoolSizeToVRAM:0]]
[2021.11.05-10.57.33:028][  0]LogConfig: Setting CVar [[r.Streaming.PoolSize:1000]]
[2021.11.05-10.57.33:028][  0]LogConfig: Setting CVar [[r.Streaming.MaxEffectiveScreenSize:0]]
[2021.11.05-10.57.33:028][  0]LogConfig: Applying CVar settings from Section [EffectsQuality@3] File [D:/ue4Project/Netshoot/Netshoot/Saved/Config/Windows/Scalability.ini]
[2021.11.05-10.57.33:029][  0]LogConfig: Setting CVar [[r.TranslucencyLightingVolumeDim:64]]
[2021.11.05-10.57.33:029][  0]LogConfig: Setting CVar [[r.RefractionQuality:2]]
[2021.11.05-10.57.33:029][  0]LogConfig: Setting CVar [[r.SSR.Quality:3]]
[2021.11.05-10.57.33:030][  0]LogConfig: Setting CVar [[r.SSR.HalfResSceneColor:0]]
[2021.11.05-10.57.33:030][  0]LogConfig: Setting CVar [[r.SceneColorFormat:4]]
[2021.11.05-10.57.33:030][  0]LogConfig: Setting CVar [[r.DetailMode:2]]
[2021.11.05-10.57.33:030][  0]LogConfig: Setting CVar [[r.TranslucencyVolumeBlur:1]]
[2021.11.05-10.57.33:031][  0]LogConfig: Setting CVar [[r.MaterialQualityLevel:1 ; High quality]]
[2021.11.05-10.57.33:031][  0]LogConfig: Setting CVar [[r.AnisotropicMaterials:1]]
[2021.11.05-10.57.33:031][  0]LogConfig: Setting CVar [[r.SSS.Scale:1]]
[2021.11.05-10.57.33:031][  0]LogConfig: Setting CVar [[r.SSS.SampleSet:2]]
[2021.11.05-10.57.33:032][  0]LogConfig: Setting CVar [[r.SSS.Quality:1]]
[2021.11.05-10.57.33:032][  0]LogConfig: Setting CVar [[r.SSS.HalfRes:0]]
[2021.11.05-10.57.33:032][  0]LogConfig: Setting CVar [[r.SSGI.Quality:3]]
[2021.11.05-10.57.33:033][  0]LogConfig: Setting CVar [[r.EmitterSpawnRateScale:1.0]]
[2021.11.05-10.57.33:033][  0]LogConfig: Setting CVar [[r.ParticleLightQuality:2]]
[2021.11.05-10.57.33:033][  0]LogConfig: Setting CVar [[r.SkyAtmosphere.AerialPerspectiveLUT.FastApplyOnOpaque:1 ; Always have FastSkyLUT 1 in this case to avoid wrong sky]]
[2021.11.05-10.57.33:033][  0]LogConfig: Setting CVar [[r.SkyAtmosphere.AerialPerspectiveLUT.SampleCountMaxPerSlice:4]]
[2021.11.05-10.57.33:034][  0]LogConfig: Setting CVar [[r.SkyAtmosphere.AerialPerspectiveLUT.DepthResolution:16.0]]
[2021.11.05-10.57.33:034][  0]LogConfig: Setting CVar [[r.SkyAtmosphere.FastSkyLUT:1]]
[2021.11.05-10.57.33:034][  0]LogConfig: Setting CVar [[r.SkyAtmosphere.FastSkyLUT.SampleCountMin:4.0]]
[2021.11.05-10.57.33:035][  0]LogConfig: Setting CVar [[r.SkyAtmosphere.FastSkyLUT.SampleCountMax:128.0]]
[2021.11.05-10.57.33:035][  0]LogConfig: Setting CVar [[r.SkyAtmosphere.SampleCountMin:4.0]]
[2021.11.05-10.57.33:035][  0]LogConfig: Setting CVar [[r.SkyAtmosphere.SampleCountMax:128.0]]
[2021.11.05-10.57.33:035][  0]LogConfig: Setting CVar [[r.SkyAtmosphere.TransmittanceLUT.UseSmallFormat:0]]
[2021.11.05-10.57.33:036][  0]LogConfig: Setting CVar [[r.SkyAtmosphere.TransmittanceLUT.SampleCount:10.0]]
[2021.11.05-10.57.33:038][  0]LogConfig: Setting CVar [[r.SkyAtmosphere.MultiScatteringLUT.SampleCount:15.0]]
[2021.11.05-10.57.33:038][  0]LogConfig: Setting CVar [[r.SkyLight.RealTimeReflectionCapture:1]]
[2021.11.05-10.57.33:038][  0]LogConfig: Applying CVar settings from Section [FoliageQuality@3] File [D:/ue4Project/Netshoot/Netshoot/Saved/Config/Windows/Scalability.ini]
[2021.11.05-10.57.33:039][  0]LogConfig: Setting CVar [[foliage.DensityScale:1.0]]
[2021.11.05-10.57.33:039][  0]LogConfig: Setting CVar [[grass.DensityScale:1.0]]
[2021.11.05-10.57.33:039][  0]LogConfig: Applying CVar settings from Section [ShadingQuality@3] File [D:/ue4Project/Netshoot/Netshoot/Saved/Config/Windows/Scalability.ini]
[2021.11.05-10.57.33:040][  0]LogConfig: Setting CVar [[r.HairStrands.SkyLighting.IntegrationType:2]]
[2021.11.05-10.57.33:040][  0]LogConfig: Setting CVar [[r.HairStrands.SkyAO.SampleCount:4]]
[2021.11.05-10.57.33:040][  0]LogConfig: Setting CVar [[r.HairStrands.Visibility.MSAA.SamplePerPixel:4]]
[2021.11.05-10.57.33:040][  0]LogInit: Selected Device Profile: [Windows]
[2021.11.05-10.57.33:041][  0]LogInit: Applying CVar settings loaded from the selected device profile: [Windows]
[2021.11.05-10.57.33:041][  0]LogHAL: Display: Platform has ~ 16 GB [17110147072 / 17179869184 / 16], which maps to Larger [LargestMinGB=32, LargerMinGB=12, DefaultMinGB=8, SmallerMinGB=6, SmallestMinGB=0)
[2021.11.05-10.57.33:041][  0]LogInit: Going up to parent DeviceProfile []
[2021.11.05-10.57.33:041][  0]LogConfig: Applying CVar settings from Section [ViewDistanceQuality@3] File [D:/ue4Project/Netshoot/Netshoot/Saved/Config/Windows/Scalability.ini]
[2021.11.05-10.57.33:042][  0]LogConfig: Setting CVar [[r.SkeletalMeshLODBias:0]]
[2021.11.05-10.57.33:042][  0]LogConfig: Setting CVar [[r.ViewDistanceScale:1.0]]
[2021.11.05-10.57.33:042][  0]LogConfig: Applying CVar settings from Section [AntiAliasingQuality@3] File [D:/ue4Project/Netshoot/Netshoot/Saved/Config/Windows/Scalability.ini]
[2021.11.05-10.57.33:043][  0]LogConfig: Setting CVar [[r.PostProcessAAQuality:4]]
[2021.11.05-10.57.33:043][  0]LogConfig: Applying CVar settings from Section [ShadowQuality@3] File [D:/ue4Project/Netshoot/Netshoot/Saved/Config/Windows/Scalability.ini]
[2021.11.05-10.57.33:043][  0]LogConfig: Setting CVar [[r.LightFunctionQuality:1]]
[2021.11.05-10.57.33:043][  0]LogConfig: Setting CVar [[r.ShadowQuality:5]]
[2021.11.05-10.57.33:044][  0]LogConfig: Setting CVar [[r.Shadow.CSM.MaxCascades:10]]
[2021.11.05-10.57.33:044][  0]LogConfig: Setting CVar [[r.Shadow.MaxResolution:2048]]
[2021.11.05-10.57.33:045][  0]LogConfig: Setting CVar [[r.Shadow.MaxCSMResolution:2048]]
[2021.11.05-10.57.33:046][  0]LogConfig: Setting CVar [[r.Shadow.RadiusThreshold:0.01]]
[2021.11.05-10.57.33:046][  0]LogConfig: Setting CVar [[r.Shadow.DistanceScale:1.0]]
[2021.11.05-10.57.33:046][  0]LogConfig: Setting CVar [[r.Shadow.CSM.TransitionScale:1.0]]
[2021.11.05-10.57.33:046][  0]LogConfig: Setting CVar [[r.Shadow.PreShadowResolutionFactor:1.0]]
[2021.11.05-10.57.33:047][  0]LogConfig: Setting CVar [[r.DistanceFieldShadowing:1]]
[2021.11.05-10.57.33:047][  0]LogConfig: Setting CVar [[r.DistanceFieldAO:1]]
[2021.11.05-10.57.33:047][  0]LogConfig: Setting CVar [[r.AOQuality:2]]
[2021.11.05-10.57.33:047][  0]LogConfig: Setting CVar [[r.VolumetricFog:1]]
[2021.11.05-10.57.33:048][  0]LogConfig: Setting CVar [[r.VolumetricFog.GridPixelSize:8]]
[2021.11.05-10.57.33:048][  0]LogConfig: Setting CVar [[r.VolumetricFog.GridSizeZ:128]]
[2021.11.05-10.57.33:048][  0]LogConfig: Setting CVar [[r.VolumetricFog.HistoryMissSupersampleCount:4]]
[2021.11.05-10.57.33:049][  0]LogConfig: Setting CVar [[r.LightMaxDrawDistanceScale:1]]
[2021.11.05-10.57.33:049][  0]LogConfig: Setting CVar [[r.CapsuleShadows:1]]
[2021.11.05-10.57.33:049][  0]LogConfig: Applying CVar settings from Section [PostProcessQuality@3] File [D:/ue4Project/Netshoot/Netshoot/Saved/Config/Windows/Scalability.ini]
[2021.11.05-10.57.33:049][  0]LogConfig: Setting CVar [[r.MotionBlurQuality:4]]
[2021.11.05-10.57.33:050][  0]LogConfig: Setting CVar [[r.AmbientOcclusionMipLevelFactor:0.4]]
[2021.11.05-10.57.33:050][  0]LogConfig: Setting CVar [[r.AmbientOcclusionMaxQuality:100]]
[2021.11.05-10.57.33:050][  0]LogConfig: Setting CVar [[r.AmbientOcclusionLevels:-1]]
[2021.11.05-10.57.33:050][  0]LogConfig: Setting CVar [[r.AmbientOcclusionRadiusScale:1.0]]
[2021.11.05-10.57.33:051][  0]LogConfig: Setting CVar [[r.DepthOfFieldQuality:2]]
[2021.11.05-10.57.33:051][  0]LogConfig: Setting CVar [[r.RenderTargetPoolMin:400]]
[2021.11.05-10.57.33:051][  0]LogConfig: Setting CVar [[r.LensFlareQuality:2]]
[2021.11.05-10.57.33:051][  0]LogConfig: Setting CVar [[r.SceneColorFringeQuality:1]]
[2021.11.05-10.57.33:052][  0]LogConfig: Setting CVar [[r.EyeAdaptationQuality:2]]
[2021.11.05-10.57.33:054][  0]LogConfig: Setting CVar [[r.BloomQuality:5]]
[2021.11.05-10.57.33:054][  0]LogConfig: Setting CVar [[r.FastBlurThreshold:100]]
[2021.11.05-10.57.33:054][  0]LogConfig: Setting CVar [[r.Upscale.Quality:3]]
[2021.11.05-10.57.33:055][  0]LogConfig: Setting CVar [[r.Tonemapper.GrainQuantization:1]]
[2021.11.05-10.57.33:055][  0]LogConfig: Setting CVar [[r.LightShaftQuality:1]]
[2021.11.05-10.57.33:056][  0]LogConfig: Setting CVar [[r.Filter.SizeScale:1]]
[2021.11.05-10.57.33:056][  0]LogConfig: Setting CVar [[r.Tonemapper.Quality:5]]
[2021.11.05-10.57.33:056][  0]LogConfig: Setting CVar [[r.DOF.Gather.AccumulatorQuality:1        ; higher gathering accumulator quality]]
[2021.11.05-10.57.33:057][  0]LogConfig: Setting CVar [[r.DOF.Gather.PostfilterMethod:1          ; Median3x3 postfilering method]]
[2021.11.05-10.57.33:057][  0]LogConfig: Setting CVar [[r.DOF.Gather.EnableBokehSettings:0       ; no bokeh simulation when gathering]]
[2021.11.05-10.57.33:057][  0]LogConfig: Setting CVar [[r.DOF.Gather.RingCount:4                 ; medium number of samples when gathering]]
[2021.11.05-10.57.33:058][  0]LogConfig: Setting CVar [[r.DOF.Scatter.ForegroundCompositing:1    ; additive foreground scattering]]
[2021.11.05-10.57.33:058][  0]LogConfig: Setting CVar [[r.DOF.Scatter.BackgroundCompositing:2    ; additive background scattering]]
[2021.11.05-10.57.33:058][  0]LogConfig: Setting CVar [[r.DOF.Scatter.EnableBokehSettings:1      ; bokeh simulation when scattering]]
[2021.11.05-10.57.33:058][  0]LogConfig: Setting CVar [[r.DOF.Scatter.MaxSpriteRatio:0.1         ; only a maximum of 10% of scattered bokeh]]
[2021.11.05-10.57.33:059][  0]LogConfig: Setting CVar [[r.DOF.Recombine.Quality:1                ; cheap slight out of focus]]
[2021.11.05-10.57.33:059][  0]LogConfig: Setting CVar [[r.DOF.Recombine.EnableBokehSettings:0    ; no bokeh simulation on slight out of focus]]
[2021.11.05-10.57.33:059][  0]LogConfig: Setting CVar [[r.DOF.TemporalAAQuality:1                ; more stable temporal accumulation]]
[2021.11.05-10.57.33:060][  0]LogConfig: Setting CVar [[r.DOF.Kernel.MaxForegroundRadius:0.025]]
[2021.11.05-10.57.33:060][  0]LogConfig: Setting CVar [[r.DOF.Kernel.MaxBackgroundRadius:0.025]]
[2021.11.05-10.57.33:060][  0]LogConfig: Applying CVar settings from Section [TextureQuality@3] File [D:/ue4Project/Netshoot/Netshoot/Saved/Config/Windows/Scalability.ini]
[2021.11.05-10.57.33:060][  0]LogConfig: Setting CVar [[r.Streaming.MipBias:0]]
[2021.11.05-10.57.33:061][  0]LogConfig: Setting CVar [[r.Streaming.AmortizeCPUToGPUCopy:0]]
[2021.11.05-10.57.33:061][  0]LogConfig: Setting CVar [[r.Streaming.MaxNumTexturesToStreamPerFrame:0]]
[2021.11.05-10.57.33:061][  0]LogConfig: Setting CVar [[r.Streaming.Boost:1]]
[2021.11.05-10.57.33:061][  0]LogConfig: Setting CVar [[r.MaxAnisotropy:8]]
[2021.11.05-10.57.33:062][  0]LogConfig: Setting CVar [[r.VT.MaxAnisotropy:8]]
[2021.11.05-10.57.33:062][  0]LogConfig: Setting CVar [[r.Streaming.LimitPoolSizeToVRAM:0]]
[2021.11.05-10.57.33:063][  0]LogConfig: Setting CVar [[r.Streaming.PoolSize:1000]]
[2021.11.05-10.57.33:063][  0]LogConfig: Setting CVar [[r.Streaming.MaxEffectiveScreenSize:0]]
[2021.11.05-10.57.33:063][  0]LogConfig: Applying CVar settings from Section [EffectsQuality@3] File [D:/ue4Project/Netshoot/Netshoot/Saved/Config/Windows/Scalability.ini]
[2021.11.05-10.57.33:063][  0]LogConfig: Setting CVar [[r.TranslucencyLightingVolumeDim:64]]
[2021.11.05-10.57.33:064][  0]LogConfig: Setting CVar [[r.RefractionQuality:2]]
[2021.11.05-10.57.33:064][  0]LogConfig: Setting CVar [[r.SSR.Quality:3]]
[2021.11.05-10.57.33:065][  0]LogConfig: Setting CVar [[r.SSR.HalfResSceneColor:0]]
[2021.11.05-10.57.33:065][  0]LogConfig: Setting CVar [[r.SceneColorFormat:4]]
[2021.11.05-10.57.33:066][  0]LogConfig: Setting CVar [[r.DetailMode:2]]
[2021.11.05-10.57.33:066][  0]LogConfig: Setting CVar [[r.TranslucencyVolumeBlur:1]]
[2021.11.05-10.57.33:066][  0]LogConfig: Setting CVar [[r.MaterialQualityLevel:1 ; High quality]]
[2021.11.05-10.57.33:067][  0]LogConfig: Setting CVar [[r.AnisotropicMaterials:1]]
[2021.11.05-10.57.33:067][  0]LogConfig: Setting CVar [[r.SSS.Scale:1]]
[2021.11.05-10.57.33:067][  0]LogConfig: Setting CVar [[r.SSS.SampleSet:2]]
[2021.11.05-10.57.33:067][  0]LogConfig: Setting CVar [[r.SSS.Quality:1]]
[2021.11.05-10.57.33:068][  0]LogConfig: Setting CVar [[r.SSS.HalfRes:0]]
[2021.11.05-10.57.33:070][  0]LogConfig: Setting CVar [[r.SSGI.Quality:3]]
[2021.11.05-10.57.33:070][  0]LogConfig: Setting CVar [[r.EmitterSpawnRateScale:1.0]]
[2021.11.05-10.57.33:070][  0]LogConfig: Setting CVar [[r.ParticleLightQuality:2]]
[2021.11.05-10.57.33:071][  0]LogConfig: Setting CVar [[r.SkyAtmosphere.AerialPerspectiveLUT.FastApplyOnOpaque:1 ; Always have FastSkyLUT 1 in this case to avoid wrong sky]]
[2021.11.05-10.57.33:071][  0]LogConfig: Setting CVar [[r.SkyAtmosphere.AerialPerspectiveLUT.SampleCountMaxPerSlice:4]]
[2021.11.05-10.57.33:071][  0]LogConfig: Setting CVar [[r.SkyAtmosphere.AerialPerspectiveLUT.DepthResolution:16.0]]
[2021.11.05-10.57.33:072][  0]LogConfig: Setting CVar [[r.SkyAtmosphere.FastSkyLUT:1]]
[2021.11.05-10.57.33:072][  0]LogConfig: Setting CVar [[r.SkyAtmosphere.FastSkyLUT.SampleCountMin:4.0]]
[2021.11.05-10.57.33:072][  0]LogConfig: Setting CVar [[r.SkyAtmosphere.FastSkyLUT.SampleCountMax:128.0]]
[2021.11.05-10.57.33:072][  0]LogConfig: Setting CVar [[r.SkyAtmosphere.SampleCountMin:4.0]]
[2021.11.05-10.57.33:073][  0]LogConfig: Setting CVar [[r.SkyAtmosphere.SampleCountMax:128.0]]
[2021.11.05-10.57.33:073][  0]LogConfig: Setting CVar [[r.SkyAtmosphere.TransmittanceLUT.UseSmallFormat:0]]
[2021.11.05-10.57.33:073][  0]LogConfig: Setting CVar [[r.SkyAtmosphere.TransmittanceLUT.SampleCount:10.0]]
[2021.11.05-10.57.33:073][  0]LogConfig: Setting CVar [[r.SkyAtmosphere.MultiScatteringLUT.SampleCount:15.0]]
[2021.11.05-10.57.33:074][  0]LogConfig: Setting CVar [[r.SkyLight.RealTimeReflectionCapture:1]]
[2021.11.05-10.57.33:074][  0]LogConfig: Applying CVar settings from Section [FoliageQuality@3] File [D:/ue4Project/Netshoot/Netshoot/Saved/Config/Windows/Scalability.ini]
[2021.11.05-10.57.33:074][  0]LogConfig: Setting CVar [[foliage.DensityScale:1.0]]
[2021.11.05-10.57.33:074][  0]LogConfig: Setting CVar [[grass.DensityScale:1.0]]
[2021.11.05-10.57.33:075][  0]LogConfig: Applying CVar settings from Section [ShadingQuality@3] File [D:/ue4Project/Netshoot/Netshoot/Saved/Config/Windows/Scalability.ini]
[2021.11.05-10.57.33:075][  0]LogConfig: Setting CVar [[r.HairStrands.SkyLighting.IntegrationType:2]]
[2021.11.05-10.57.33:075][  0]LogConfig: Setting CVar [[r.HairStrands.SkyAO.SampleCount:4]]
[2021.11.05-10.57.33:075][  0]LogConfig: Setting CVar [[r.HairStrands.Visibility.MSAA.SamplePerPixel:4]]
[2021.11.05-10.57.33:076][  0]LogConfig: Applying CVar settings from Section [Startup] File [../../../Engine/Config/ConsoleVariables.ini]
[2021.11.05-10.57.33:076][  0]LogConfig: Setting CVar [[net.UseAdaptiveNetUpdateFrequency:0]]
[2021.11.05-10.57.33:076][  0]LogConfig: Setting CVar [[p.chaos.AllowCreatePhysxBodies:1]]
[2021.11.05-10.57.33:077][  0]LogConfig: Setting CVar [[fx.SkipVectorVMBackendOptimizations:1]]
[2021.11.05-10.57.33:077][  0]LogConfig: Applying CVar settings from Section [ConsoleVariables] File [D:/ue4Project/Netshoot/Netshoot/Saved/Config/Windows/Engine.ini]
[2021.11.05-10.57.33:077][  0]LogConfig: Applying CVar settings from Section [ConsoleVariables] File [D:/ue4Project/Netshoot/Netshoot/Saved/Config/Windows/Editor.ini]
[2021.11.05-10.57.33:078][  0]LogInit: Computer: DESKTOP-GH4GCSH
[2021.11.05-10.57.33:078][  0]LogInit: User: yanning
[2021.11.05-10.57.33:078][  0]LogInit: CPU Page size=4096, Cores=6
[2021.11.05-10.57.33:078][  0]LogInit: High frequency timer resolution =10.000000 MHz
[2021.11.05-10.57.33:079][  0]LogMemory: Memory total: Physical=15.9GB (16GB approx)
[2021.11.05-10.57.33:079][  0]LogMemory: Platform Memory Stats for Windows
[2021.11.05-10.57.33:079][  0]LogMemory: Process Physical Memory: 135.63 MB used, 135.64 MB peak
[2021.11.05-10.57.33:079][  0]LogMemory: Process Virtual Memory: 113.34 MB used, 113.34 MB peak
[2021.11.05-10.57.33:080][  0]LogMemory: Physical Memory: 4922.17 MB used,  11395.34 MB free, 16317.51 MB total
[2021.11.05-10.57.33:080][  0]LogMemory: Virtual Memory: 134195768.00 MB used,  21962.42 MB free, 134217728.00 MB total
[2021.11.05-10.57.33:085][  0]LogWindows: WindowsPlatformFeatures disabled or dedicated server build
[2021.11.05-10.57.33:115][  0]LogInit: Physics initialised using underlying interface: PhysX
[2021.11.05-10.57.33:116][  0]LogInit: Using OS detected language (zh-CN).
[2021.11.05-10.57.33:117][  0]LogInit: Using OS detected locale (zh-CN).
[2021.11.05-10.57.33:118][  0]LogTextLocalizationManager: No specific localization for 'zh-CN' exists, so the 'zh-Hans' localization will be used.
[2021.11.05-10.57.33:234][  0]LogTextLocalizationResource: LocRes '../../../Engine/Content/Localization/Editor/zh/Editor.locres' could not be opened for reading!
[2021.11.05-10.57.33:234][  0]LogTextLocalizationResource: LocRes '../../../Engine/Content/Localization/EditorTutorials/zh/EditorTutorials.locres' could not be opened for reading!
[2021.11.05-10.57.33:235][  0]LogTextLocalizationResource: LocRes '../../../Engine/Content/Localization/Keywords/zh/Keywords.locres' could not be opened for reading!
[2021.11.05-10.57.33:235][  0]LogTextLocalizationResource: LocRes '../../../Engine/Content/Localization/Category/zh/Category.locres' could not be opened for reading!
[2021.11.05-10.57.33:236][  0]LogTextLocalizationResource: LocRes '../../../Engine/Content/Localization/ToolTips/zh/ToolTips.locres' could not be opened for reading!
[2021.11.05-10.57.33:236][  0]LogTextLocalizationResource: LocRes '../../../Engine/Content/Localization/PropertyNames/zh/PropertyNames.locres' could not be opened for reading!
[2021.11.05-10.57.33:236][  0]LogTextLocalizationResource: LocRes '../../../Engine/Content/Localization/Engine/zh/Engine.locres' could not be opened for reading!
[2021.11.05-10.57.33:237][  0]LogTextLocalizationResource: LocRes '../../../Engine/Plugins/Online/OnlineSubsystem/Content/Localization/OnlineSubsystem/zh/OnlineSubsystem.locres' could not be opened for reading!
[2021.11.05-10.57.33:237][  0]LogTextLocalizationResource: LocRes '../../../Engine/Plugins/Online/OnlineSubsystemUtils/Content/Localization/OnlineSubsystemUtils/zh/OnlineSubsystemUtils.locres' could not be opened for reading!
[2021.11.05-10.57.33:237][  0]LogTextLocalizationResource: LocRes '../../../Engine/Plugins/Online/Android/OnlineSubsystemGooglePlay/Content/Localization/OnlineSubsystemGooglePlay/zh/OnlineSubsystemGooglePlay.locres' could not be opened for reading!
[2021.11.05-10.57.33:238][  0]LogTextLocalizationResource: LocRes '../../../Engine/Plugins/Online/IOS/OnlineSubsystemIOS/Content/Localization/OnlineSubsystemIOS/zh/OnlineSubsystemIOS.locres' could not be opened for reading!
[2021.11.05-10.57.33:471][  0]LogTargetPlatformManager: Display: Loaded TargetPlatform 'AllDesktop'
[2021.11.05-10.57.33:491][  0]LogTargetPlatformManager: Display: Loaded TargetPlatform 'Android'
[2021.11.05-10.57.33:491][  0]LogTargetPlatformManager: Display: Loaded TargetPlatform 'Android_ASTC'
[2021.11.05-10.57.33:492][  0]LogTargetPlatformManager: Display: Loaded TargetPlatform 'Android_DXT'
[2021.11.05-10.57.33:492][  0]LogTargetPlatformManager: Display: Loaded TargetPlatform 'Android_ETC2'
[2021.11.05-10.57.33:492][  0]LogTargetPlatformManager: Display: Loaded TargetPlatform 'AndroidClient'
[2021.11.05-10.57.33:492][  0]LogTargetPlatformManager: Display: Loaded TargetPlatform 'Android_ASTCClient'
[2021.11.05-10.57.33:493][  0]LogTargetPlatformManager: Display: Loaded TargetPlatform 'Android_DXTClient'
[2021.11.05-10.57.33:493][  0]LogTargetPlatformManager: Display: Loaded TargetPlatform 'Android_ETC2Client'
[2021.11.05-10.57.33:494][  0]LogTargetPlatformManager: Display: Loaded TargetPlatform 'Android_Multi'
[2021.11.05-10.57.33:494][  0]LogTargetPlatformManager: Display: Loaded TargetPlatform 'Android_MultiClient'
[2021.11.05-10.57.33:508][  0]LogTargetPlatformManager: Display: Loaded TargetPlatform 'IOSClient'
[2021.11.05-10.57.33:508][  0]LogTargetPlatformManager: Display: Loaded TargetPlatform 'IOS'
[2021.11.05-10.57.33:532][  0]LogTargetPlatformManager: Display: Loaded TargetPlatform 'Lumin'
[2021.11.05-10.57.33:532][  0]LogTargetPlatformManager: Display: Loaded TargetPlatform 'LuminClient'
[2021.11.05-10.57.33:541][  0]LogTargetPlatformManager: Display: Loaded TargetPlatform 'MacNoEditor'
[2021.11.05-10.57.33:546][  0]LogTargetPlatformManager: Display: Loaded TargetPlatform 'Mac'
[2021.11.05-10.57.33:550][  0]LogTargetPlatformManager: Display: Loaded TargetPlatform 'MacClient'
[2021.11.05-10.57.33:553][  0]LogTargetPlatformManager: Display: Loaded TargetPlatform 'MacServer'
[2021.11.05-10.57.33:563][  0]LogTargetPlatformManager: Display: Loaded TargetPlatform 'TVOSClient'
[2021.11.05-10.57.33:564][  0]LogTargetPlatformManager: Display: Loaded TargetPlatform 'TVOS'
[2021.11.05-10.57.33:572][  0]LogTargetPlatformManager: Display: Loaded TargetPlatform 'WindowsNoEditor'
[2021.11.05-10.57.33:576][  0]LogTargetPlatformManager: Display: Loaded TargetPlatform 'Windows'
[2021.11.05-10.57.33:580][  0]LogTargetPlatformManager: Display: Loaded TargetPlatform 'WindowsClient'
[2021.11.05-10.57.33:585][  0]LogTargetPlatformManager: Display: Loaded TargetPlatform 'WindowsServer'
[2021.11.05-10.57.33:585][  0]LogTargetPlatformManager: Display: Building Assets For Windows
[2021.11.05-10.57.33:590][  0]LogAudioDebug: Display: Lib vorbis DLL was dynamically loaded.
[2021.11.05-10.57.33:616][  0]LogTextureFormatOodle: Display: Oodle Texture 2.9.0 init RDO Off
[2021.11.05-10.57.33:660][  0]LogRendererCore: Ray tracing is disabled. Reason: r.RayTracing=0.
[2021.11.05-10.57.33:660][  0]LogShaderCompilers: Guid format shader working directory is 5 characters bigger than the processId version (../../../../../ue4Project/Netshoot/Netshoot/Intermediate/Shaders/WorkingDirectory/1736/).
[2021.11.05-10.57.33:661][  0]LogShaderCompilers: Cleaned the shader compiler working directory 'C:/Users/yanning/AppData/Local/Temp/UnrealShaderWorkingDir/1F16DEA0473148E834C7E5A7CCEAB0E1/'.
[2021.11.05-10.57.33:661][  0]LogXGEController: Cannot use XGE Controller as Incredibuild is not installed on this machine.
[2021.11.05-10.57.33:662][  0]LogShaderCompilers: Cannot use XGE Shader Compiler as Incredibuild is not installed on this machine.
[2021.11.05-10.57.33:662][  0]LogShaderCompilers: Display: Using Local Shader Compiler.
[2021.11.05-10.57.34:214][  0]LogDerivedDataCache: Display: Max Cache Size: 512 MB
[2021.11.05-10.57.34:214][  0]LogDerivedDataCache: Warning: Could not read memory cache ../../../../../ue4Project/Netshoot/Netshoot/DerivedDataCache/Boot.ddc.
[2021.11.05-10.57.34:216][  0]LogDerivedDataCache: Warning: Could not load Boot cache: ../../../../../ue4Project/Netshoot/Netshoot/DerivedDataCache/Boot.ddc
[2021.11.05-10.57.34:216][  0]LogDerivedDataCache: FDerivedDataBackendGraph:  Pak pak cache file ../../../../../ue4Project/Netshoot/Netshoot/DerivedDataCache/DDC.ddp not found, will not use a pak cache.
[2021.11.05-10.57.34:216][  0]LogDerivedDataCache: Unable to find inner node Pak for hierarchical cache Hierarchy.
[2021.11.05-10.57.34:217][  0]LogDerivedDataCache: FDerivedDataBackendGraph:  EnginePak pak cache file ../../../Engine/DerivedDataCache/DDC.ddp not found, will not use a pak cache.
[2021.11.05-10.57.34:217][  0]LogDerivedDataCache: Unable to find inner node EnginePak for hierarchical cache Hierarchy.
[2021.11.05-10.57.34:265][  0]LogDerivedDataCache: Speed tests for ../../../Engine/DerivedDataCache took 0.05 seconds
[2021.11.05-10.57.34:265][  0]LogDerivedDataCache: Display: Performance to ../../../Engine/DerivedDataCache: Latency=0.01ms. RandomReadSpeed=1475.23MBs, RandomWriteSpeed=19.88MBs. Assigned SpeedClass 'Local'
[2021.11.05-10.57.34:267][  0]LogDerivedDataCache: Using Local data cache path ../../../Engine/DerivedDataCache: Writable
[2021.11.05-10.57.34:267][  0]LogDerivedDataCache: Shared data cache path not found in *engine.ini, will not use an Shared cache.
[2021.11.05-10.57.34:267][  0]LogDerivedDataCache: Unable to find inner node Shared for hierarchical cache Hierarchy.
[2021.11.05-10.57.34:270][  0]LogInit: Using OS detected language (zh-CN).
[2021.11.05-10.57.34:271][  0]LogInit: Using OS detected locale (zh-CN).
[2021.11.05-10.57.34:271][  0]LogTextLocalizationManager: No localization for 'zh-CN' exists, so 'en' will be used for the language.
[2021.11.05-10.57.34:271][  0]LogTextLocalizationManager: No localization for 'zh-CN' exists, so 'en' will be used for the locale.
[2021.11.05-10.57.34:274][  0]LogAssetRegistry: FAssetRegistry took 0.0017 seconds to start up
[2021.11.05-10.57.34:446][  0]LogTextLocalizationManager: Compacting localization data took   0.00ms
[2021.11.05-10.57.34:446][  0]LogPackageLocalizationCache: Processed 27 localized package path(s) for 1 prioritized culture(s) in 0.013324 seconds
[2021.11.05-10.57.34:513][  0]LogInit: Selected Device Profile: [Windows]
[2021.11.05-10.57.34:513][  0]LogInit: Active device profile: [000001D24F99EA00][000001D2424AA540 49] Windows
[2021.11.05-10.57.34:514][  0]LogInit: Profiles: [000001D24F99EA00][000001D2424AA540 49] Windows, [000001D24F962300][000001D2424AE7C0 49] WindowsNoEditor, [000001D24F99F400][000001D2424B2A40 49] WindowsServer, [000001D24F963200][000001D24DD7CD00 49] WindowsClient, [000001D24F99FA00][000001D24DD80FC0 49] IOS, [000001D24F960300][000001D24DD85280 49] iPadAir, [000001D24F99F300][000001D24DD89540 49] iPadAir2, [000001D24F90DB00][000001D24DDA3A80 49] IPadPro, [000001D24F90DC00][000001D24DD8DAC0 49] iPadAir3, [000001D24F99C300][000001D24DD9A200 49] iPadAir4, [000001D24F90DF00][000001D24DD964C0 49] iPadMini2, [000001D24F99F700][000001D24DD9E780 49] iPadMini3, [000001D24F90F000][000001D24DD78A00 49] iPadMini4, [000001D24F99D100][000001D24D2DECC0 49] iPadMini5, [000001D24F91D300][000001D24D2F3200 49] iPhone6, [000001D24F91D400][000001D24D2E3240 49] iPodTouch6, [000001D24F90C500][000001D24D2FB780 49] iPhone7, [000001D24F90C400][000001D24D2EB7C0 49] iPodTouch7, [000001D24F91D800][000001D24D2EFA80 49] iPhone5S, [000001D24F90C100][000001D24D2E61C0 49] iPhone6Plus, [000001D24F91DA00][000001D24D2F6480 49] iPhone6S, [000001D24F90F400][000001D24D2FE740 49] iPhone6SPlus, [000001D24F91DC00][000001D24D2DA9C0 49] iPhone7Plus, [000001D24F90E000][000001D24D302C40 49] iPhoneSE, [000001D24F91F300][000001D24D30AF00 49] iPhone8, [000001D24F90EA00][000001D24D30F1C0 49] iPhone8Plus, [000001D24F91FE00][000001D24D313480 49] iPhoneX, [000001D24F90E600][000001D24D317740 49] iPhoneXS, [000001D24F91F600][000001D24D31BA00 49] iPhoneXSMax, [000001D24F90ED00][000001D24D9EC140 49] iPhoneXR, [000001D24F91F800][000001D24D9F0400 49] iPhone11, [000001D24F90C800][000001D24D9F46C0 49] iPhone11Pro, [000001D24F91CA00][000001D24D9F8980 49] iPhone11ProMax, [000001D24F90D600][000001D24D306C00 49] iPhoneSE2, [000001D24F91CC00][000001D24D9FCE80 49] iPhone12Mini, [000001D24F90EC00][000001D24DA05140 49] iPhone12, [000001D24F91C600][000001D24DA09400 49] iPhone12Pro, [000001D24F90F200][000001D24DA0D6C0 49] iPhone12ProMax, [000001D24F91CB00][000001D24DA11980 49] iPadPro105, [000001D24F90C300][000001D24DA140C0 49] iPadPro129, [000001D24F91F900][000001D24DA18380 49] iPadPro97, [000001D24F90D400][000001D24DA1C640 49] iPadPro2_129, [000001D24F91DB00][000001D24DA20900 49] iPad5, [000001D24F960B00][000001D24DA24BC0 49] iPad6, [000001D24F9E0B00][000001D24DA00E40 49] iPad7, [000001D24F961400][000001D24DA290C0 49] iPad8, [000001D24F9E2100][000001D24DA31380 49] iPadPro11, [000001D24F960A00][000001D24DA35640 49] iPadPro2_11, [000001D24F9E0C00][000001D24DA39900 49] iPadPro3_129, [000001D24F962A00][000001D24DA3DBC0 49] iPadPro4_129, [000001D24F9E0500][000001D24DA40300 49] AppleTV, [000001D24F963800][000001D24DA445C0 49] AppleTV4K, [000001D24F9E1800][000001D24DA48880 49] TVOS, [000001D24F91D700][000001D2425F4B40 49] Mac, [000001D24F90D300][000001D2425F8E00 49] MacClient, [000001D24F91CE00][000001D24DA2D080 49] MacNoEditor, [000001D24F90E400][000001D2425FD300 49] MacServer, [000001D24F91EE00][000001D2426055C0 49] Linux, [000001D24F90F900][000001D242609880 49] LinuxAArch64, [000001D24F91E500][000001D24260DB40 49] LinuxNoEditor, [000001D24F90C700][000001D2424CA280 49] LinuxAArch64NoEditor, [000001D24F91FB00][000001D2424CE540 49] LinuxClient, [000001D24F90E300][000001D2424D2800 49] LinuxAArch64Client, [000001D24F91F500][000001D2424D6AC0 49] LinuxServer, [000001D24F90CD00][000001D2424DAD80 49] LinuxAArch64Server, [000001D24F9E2000][000001D2424DF040 49] Android, [000001D24F90E800][000001D2426012C0 49] Android_Low, [000001D24F9E2600][000001D2424E3540 49] Android_Mid, [000001D24F90D100][000001D2424EB800 49] Android_High, [000001D24F9E1F00][000001D2424EFAC0 49] Android_Default, [000001D24F90F500][000001D2424F2200 49] Android_Adreno4xx, [000001D24F9E1A00][000001D2424F64C0 49] Android_Adreno5xx_Low, [000001D24F90E200][000001D2424FA780 49] Android_Adreno5xx, [000001D24F9E1600][000001D2424FEA40 49] Android_Adreno6xx, [000001D24F90D900][000001D242502D00 49] Android_Adreno6xx_Vulkan, [000001D24F9E2700][000001D242506FC0 49] Android_Mali_T6xx, [000001D24F90F300][000001D24250B280 49] Android_Mali_T7xx, [000001D24F9E0200][000001D2424E7500 49] Android_Mali_T8xx, [000001D24F90FB00][000001D24250F780 49] Android_Mali_G71, [000001D24F91C900][000001D242517A40 49] Android_Mali_G72, [000001D24F90DE00][000001D24251A180 49] Android_Mali_G72_Vulkan, [000001D24F91C700][000001D24B86C440 49] Android_Mali_G76, [000001D24F90D200][000001D24B870700 49] Android_Mali_G76_Vulkan, [000001D24F91C500][000001D24B8749C0 49] Android_Mali_G77, [000001D24F90D800][000001D24B878C80 49] Android_Mali_G77_Vulkan, [000001D24F91E400][000001D24B87CF40 49] Android_Mali_G78, [000001D24F90C600][000001D24B881200 49] Android_Mali_G78_Vulkan, [000001D24F91EB00][000001D24B8854C0 49] Android_Mali_G710, [000001D24F90F100][000001D242513740 49] Android_Mali_G710_Vulkan, [000001D24F91F700][000001D24B8899C0 49] Android_Vulkan_SM5, [000001D24F90E500][000001D24B890100 49] Android_PowerVR_G6xxx, [000001D24F91F400][000001D24B8943C0 49] Android_PowerVR_GT7xxx, [000001D24F90D500][000001D24B898680 49] Android_PowerVR_GE8xxx, [000001D24F91F200][000001D24B89C940 49] Android_PowerVR_GM9xxx, [000001D24F962E00][000001D24B8A0C00 49] Android_PowerVR_GM9xxx_Vulkan, [000001D24F91C100][000001D24B8A4EC0 49] Android_TegraK1, [000001D24F962900][000001D24B8A9180 49] Android_Unknown_Vulkan, [000001D24F91CF00][000001D24B8AD440 49] Lumin, [000001D24F961600][000001D24B8B1700 49] Lumin_Desktop, [000001D24F91F100][000001D24B88D980 49] HoloLens, 
[2021.11.05-10.57.34:542][  0]LogMeshReduction: Using QuadricMeshReduction for automatic static mesh reduction
[2021.11.05-10.57.34:542][  0]LogMeshReduction: Using SimplygonMeshReduction for automatic skeletal mesh reduction
[2021.11.05-10.57.34:544][  0]LogMeshReduction: Using ProxyLODMeshReduction for automatic mesh merging
[2021.11.05-10.57.34:544][  0]LogMeshReduction: No distributed automatic mesh merging module available
[2021.11.05-10.57.34:545][  0]LogMeshMerging: No distributed automatic mesh merging module available
[2021.11.05-10.57.34:558][  0]LogNetVersion: Netshoot 1.0.0, NetCL: 0, EngineNetVer: 17, GameNetVer: 0 (Checksum: 2292170303)
[2021.11.05-10.57.34:648][  0]LogTexture: Default maximum texture size for cubemaps generated from long-lat sources has been changed from 512 to unlimited. In order to preserve old behaiour for '/Engine/MapTemplates/Sky/DaylightAmbientCubemap.DaylightAmbientCubemap', its maximum texture size has been explicitly set to 512.
[2021.11.05-10.57.34:661][  0]LogHMD: PokeAHoleMaterial loaded successfully
[2021.11.05-10.57.34:709][  0]LogPython: Using Python 3.7.7
[2021.11.05-10.57.35:150][  0]LogNiagaraDebuggerClient: Niagara Debugger Client Initialized | Session: B2421CA04CE88A2EB4100D88D26F5502 | Instance: 2BF3D3A548D1A14E9CBDC8A220A4BD1B (DESKTOP-GH4GCSH-1736).
[2021.11.05-10.57.35:163][  0]LogCollectionManager: Loaded 0 collections in 0.000784 seconds
[2021.11.05-10.57.35:165][  0]LogFileCache: Scanning file cache for directory 'D:/ue4Project/Netshoot/Netshoot/Saved/Collections/' took 0.00s
[2021.11.05-10.57.35:165][  0]LogFileCache: Scanning file cache for directory 'D:/ue4Project/Netshoot/Netshoot/Content/Developers/yanning/Collections/' took 0.00s
[2021.11.05-10.57.35:166][  0]LogFileCache: Scanning file cache for directory 'D:/ue4Project/Netshoot/Netshoot/Content/Collections/' took 0.00s
[2021.11.05-10.57.35:166][  0]LogCollectionManager: Fixed up redirectors for 0 collections in 0.000004 seconds (updated 0 objects)
[2021.11.05-10.57.35:289][  0]SourceControl: Source control is disabled
[2021.11.05-10.57.35:291][  0]SourceControl: Source control is disabled
[2021.11.05-10.57.35:292][  0]SourceControl: Source control is disabled
[2021.11.05-10.57.35:295][  0]LogUProjectInfo: Found projects:
[2021.11.05-10.57.35:332][  0]LogOpenImageDenoise: OIDN starting up
[2021.11.05-10.57.35:348][  0]LogAndroidPermission: UAndroidPermissionCallbackProxy::GetInstance
[2021.11.05-10.57.35:357][  0]LogAudioCaptureCore: Display: No Audio Capture implementations found. Audio input will be silent.
[2021.11.05-10.57.35:357][  0]LogAudioCaptureCore: Display: No Audio Capture implementations found. Audio input will be silent.
[2021.11.05-10.57.35:403][  0]LogOcInput: OculusInput pre-init called
[2021.11.05-10.57.35:412][  0]LogUObjectArray: 21903 objects as part of root set at end of initial load.
[2021.11.05-10.57.35:412][  0]LogUObjectAllocator: 5897856 out of 0 bytes used by permanent object pool.
[2021.11.05-10.57.35:413][  0]LogUObjectArray: CloseDisregardForGC: 0/0 objects in disregard for GC pool
[2021.11.05-10.57.35:443][  0]LogEngine: Initializing Engine...
[2021.11.05-10.57.35:444][  0]LogStats: UGameplayTagsManager::InitializeManager -  0.000 s
[2021.11.05-10.57.35:455][  0]LogInit: Initializing FReadOnlyCVARCache
[2021.11.05-10.57.35:455][  0]LogNetVersion: Set ProjectVersion to 1.0.0.0. Version Checksum will be recalculated on next use.
[2021.11.05-10.57.35:464][  0]LogDerivedDataCache: Saved boot cache 0.01s 3MB ../../../../../ue4Project/Netshoot/Netshoot/DerivedDataCache/Boot.ddc.
[2021.11.05-10.57.35:465][  0]LogInit: Texture streaming: Disabled
[2021.11.05-10.57.35:605][  0]LogInit: Display: Game Engine Initialized.
[2021.11.05-10.57.35:605][  0]LogNiagaraEditor: GEditor isn't valid! Particle reset commands will not work for Niagara components!
[2021.11.05-10.57.35:631][  0]LogInit: Display: Starting Game.
[2021.11.05-10.57.35:688][  0]LogPackageName: SearchForPackageOnDisk took   0.056s to resolve Level_01.umap.
[2021.11.05-10.57.35:688][  0]LogNet: Browse: /Game/Maps/Level_01?Name=Player
[2021.11.05-10.57.35:689][  0]LogLoad: LoadMap: /Game/Maps/Level_01?Name=Player
[2021.11.05-10.57.35:690][  0]LogWorld: BeginTearingDown for /Temp/Untitled_0
[2021.11.05-10.57.35:693][  0]LogWorld: UWorld::CleanupWorld for Untitled, bSessionEnded=true, bCleanupResources=true
[2021.11.05-10.57.35:704][  0]LogUObjectHash: Compacting FUObjectHashTables data took   0.79ms
[2021.11.05-10.57.35:947][  0]LogAIModule: Creating AISystem for world Level_01
[2021.11.05-10.57.35:948][  0]LogLoad: Game class is 'MyGameMode_C'
[2021.11.05-10.57.35:949][  0]LogNet: ReplicationDriverClass is null! Not using ReplicationDriver.
[2021.11.05-10.57.35:949][  0]LogNetCore: DDoS detection status: detection enabled: 0 analytics enabled: 0
[2021.11.05-10.57.35:950][  0]LogInit: WinSock: Socket queue. Rx: 131072 (config 131072) Tx: 131072 (config 131072)
[2021.11.05-10.57.35:950][  0]LogNet: Created socket for bind address: 0.0.0.0 on port 7777
[2021.11.05-10.57.35:950][  0]PacketHandlerLog: Loaded PacketHandler component: Engine.EngineHandlerComponentFactory (StatelessConnectHandlerComponent)
[2021.11.05-10.57.35:951][  0]LogNet: GameNetDriver IpNetDriver_0 IpNetDriver listening on port 7777
[2021.11.05-10.57.35:956][  0]LogWorld: Bringing World /Game/Maps/Level_01.Level_01 up for play (max tick rate 30) at 2021.11.05-18.57.35
[2021.11.05-10.57.35:956][  0]LogWorld: Bringing up level for play took: 0.003746
[2021.11.05-10.57.35:957][  0]LogGameMode: Display: Match State Changed from EnteringMap to WaitingToStart
[2021.11.05-10.57.35:957][  0]LogGameState: Match State Changed from EnteringMap to WaitingToStart
[2021.11.05-10.57.35:957][  0]LogLoad: Took 0.268796 seconds to LoadMap(/Game/Maps/Level_01)
[2021.11.05-10.57.35:962][  0]LogInit: Display: Engine is initialized. Leaving FEngineLoop::Init()
[2021.11.05-10.57.35:963][  0]LogLoad: (Engine Initialization) Total time: 4.15 seconds
[2021.11.05-10.57.35:963][  0]LogLoad: (Engine Initialization) Total Blueprint compile time: 0.00 seconds
[2021.11.05-10.57.36:627][ 19]LogNet: NotifyAcceptingConnection accepted from: 127.0.0.1:60394
[2021.11.05-10.57.36:627][ 19]LogHandshake: SendConnectChallenge. Timestamp: 0.662773, Cookie: 220130082040219101205093042026062198013065009014168200237112
[2021.11.05-10.57.36:660][ 20]LogNet: NotifyAcceptingConnection accepted from: 127.0.0.1:60394
[2021.11.05-10.57.36:660][ 20]LogHandshake: SendChallengeAck. InCookie: 220130082040219101205093042026062198013065009014168200237112
[2021.11.05-10.57.36:660][ 20]LogNet: Server accepting post-challenge connection from: 127.0.0.1:60394
[2021.11.05-10.57.36:661][ 20]PacketHandlerLog: Loaded PacketHandler component: Engine.EngineHandlerComponentFactory (StatelessConnectHandlerComponent)
[2021.11.05-10.57.36:661][ 20]LogNet: NotifyAcceptedConnection: Name: Level_01, TimeStamp: 11/05/21 18:57:36, [UNetConnection] RemoteAddr: 127.0.0.1:60394, Name: IpConnection_0, Driver: GameNetDriver IpNetDriver_0, IsServer: YES, PC: NULL, Owner: NULL, UniqueId: INVALID
[2021.11.05-10.57.36:662][ 20]LogNet: AddClientConnection: Added client connection: [UNetConnection] RemoteAddr: 127.0.0.1:60394, Name: IpConnection_0, Driver: GameNetDriver IpNetDriver_0, IsServer: YES, PC: NULL, Owner: NULL, UniqueId: INVALID
[2021.11.05-10.57.36:662][ 20]LogNet: NotifyAcceptingChannel Control 0 server World /Game/Maps/Level_01.Level_01: Accepted
[2021.11.05-10.57.36:662][ 20]LogNet: Remote platform little endian=1
[2021.11.05-10.57.36:663][ 20]LogNet: This platform little endian=1
[2021.11.05-10.57.36:663][ 20]LogNetVersion: Netshoot 1.0.0.0, NetCL: 0, EngineNetVer: 17, GameNetVer: 0 (Checksum: 3847081628)
[2021.11.05-10.57.36:693][ 21]LogNet: Login request: ?Name=DESKTOP-GH4GCSH-E0BD4A784E69D9354C6DE8A98AC45E9B userId: NULL:DESKTOP-GH4GCSH-E0BD4A784E69D9354C6DE8A98AC45E9B platform: NULL
[2021.11.05-10.57.36:956][ 29]LogNet: Client netspeed is 100000
[2021.11.05-10.57.36:956][ 29]LogNet: Join request: /Engine/Maps/Entry?Name=DESKTOP-GH4GCSH-E0BD4A784E69D9354C6DE8A98AC45E9B?SplitscreenCount=1
[2021.11.05-10.57.36:958][ 29]LogScript: Warning: Script Msg: MyPlayerController_C_0 自定义事件_0 SetTimer passed a negative or zero time. The associated timer may fail to be created/fire! If using InitialStartDelayVariance, be sure it is smaller than (Time + InitialStartDelay).
[2021.11.05-10.57.36:959][ 29]LogOnlineSession: Warning: OSS: No game present to join for session (GameSession)
[2021.11.05-10.57.36:963][ 29]LogGameMode: Display: Match State Changed from WaitingToStart to InProgress
[2021.11.05-10.57.36:966][ 29]LogGameState: Match State Changed from WaitingToStart to InProgress
[2021.11.05-10.57.36:967][ 29]LogNet: Join succeeded: DESKTOP-GH4GCSH-E0BD
[2021.11.05-10.57.49:561][406]LogNet: NotifyAcceptingConnection accepted from: 127.0.0.1:60395
[2021.11.05-10.57.49:561][406]LogHandshake: SendConnectChallenge. Timestamp: 13.597128, Cookie: 139193230163235186135149071091219025231226199136062210055166
[2021.11.05-10.57.49:595][407]LogNet: NotifyAcceptingConnection accepted from: 127.0.0.1:60395
[2021.11.05-10.57.49:595][407]LogHandshake: SendChallengeAck. InCookie: 139193230163235186135149071091219025231226199136062210055166
[2021.11.05-10.57.49:596][407]LogNet: Server accepting post-challenge connection from: 127.0.0.1:60395
[2021.11.05-10.57.49:596][407]PacketHandlerLog: Loaded PacketHandler component: Engine.EngineHandlerComponentFactory (StatelessConnectHandlerComponent)
[2021.11.05-10.57.49:596][407]LogNet: NotifyAcceptedConnection: Name: Level_01, TimeStamp: 11/05/21 18:57:49, [UNetConnection] RemoteAddr: 127.0.0.1:60395, Name: IpConnection_1, Driver: GameNetDriver IpNetDriver_0, IsServer: YES, PC: NULL, Owner: NULL, UniqueId: INVALID
[2021.11.05-10.57.49:597][407]LogNet: AddClientConnection: Added client connection: [UNetConnection] RemoteAddr: 127.0.0.1:60395, Name: IpConnection_1, Driver: GameNetDriver IpNetDriver_0, IsServer: YES, PC: NULL, Owner: NULL, UniqueId: INVALID
[2021.11.05-10.57.49:599][407]LogNet: NotifyAcceptingChannel Control 0 server World /Game/Maps/Level_01.Level_01: Accepted
[2021.11.05-10.57.49:599][407]LogNet: Remote platform little endian=1
[2021.11.05-10.57.49:600][407]LogNet: This platform little endian=1
[2021.11.05-10.57.49:628][408]LogNet: Login request: ?Name=DESKTOP-GH4GCSH-9EDC2EE84CC2E1F383421498B7E77FB9 userId: NULL:DESKTOP-GH4GCSH-9EDC2EE84CC2E1F383421498B7E77FB9 platform: NULL
[2021.11.05-10.57.49:896][416]LogNet: Client netspeed is 100000
[2021.11.05-10.57.49:896][416]LogNet: Join request: /Engine/Maps/Entry?Name=DESKTOP-GH4GCSH-9EDC2EE84CC2E1F383421498B7E77FB9?SplitscreenCount=1
[2021.11.05-10.57.49:900][416]LogScript: Warning: Script Msg: MyPlayerController_C_1 自定义事件_0 SetTimer passed a negative or zero time. The associated timer may fail to be created/fire! If using InitialStartDelayVariance, be sure it is smaller than (Time + InitialStartDelay).
[2021.11.05-10.57.49:901][416]LogOnlineSession: Warning: OSS: No game present to join for session (GameSession)
[2021.11.05-10.57.49:903][416]LogNet: Join succeeded: DESKTOP-GH4GCSH-9EDC
[2021.11.05-10.58.33:530][718]LogScript: Warning: Script Msg: Attempted to access index 1 from array 'Player2' of length 1 in '/Game/Blueprints/MyGameMode.MyGameMode_C'!
[2021.11.05-10.58.33:532][718]LogScript: Warning: Accessed None trying to read property CallFunc_Array_Get_Item_2
	MyGameMode_C /Game/Maps/Level_01.Level_01:PersistentLevel.MyGameMode_C_0
	Function /Game/Blueprints/MyGameMode.MyGameMode_C:ExecuteUbergraph_MyGameMode:0755
[2021.11.05-10.58.33:532][718]LogScript: Warning: Script call stack:
	Function /Game/Gunslinger/Gunslinger_BP.Gunslinger_BP_C:ExecuteUbergraph_Gunslinger_BP
	Function /Game/Blueprints/MyGameMode.MyGameMode_C:RespawnPlayerEvent
	Function /Game/Blueprints/MyGameMode.MyGameMode_C:ExecuteUbergraph_MyGameMode

[2021.11.05-10.58.33:533][718]LogScript: Warning: Script Msg: Attempted to access index 1 from array 'Player2' of length 1 in '/Game/Blueprints/MyGameMode.MyGameMode_C'!
[2021.11.05-10.58.33:534][718]LogScript: Warning: Accessed None trying to read property CallFunc_Array_Get_Item_2
	MyGameMode_C /Game/Maps/Level_01.Level_01:PersistentLevel.MyGameMode_C_0
	Function /Game/Blueprints/MyGameMode.MyGameMode_C:ExecuteUbergraph_MyGameMode:07E8
[2021.11.05-10.58.33:534][718]LogScript: Warning: Script call stack:
	Function /Game/Gunslinger/Gunslinger_BP.Gunslinger_BP_C:ExecuteUbergraph_Gunslinger_BP
	Function /Game/Blueprints/MyGameMode.MyGameMode_C:RespawnPlayerEvent
	Function /Game/Blueprints/MyGameMode.MyGameMode_C:ExecuteUbergraph_MyGameMode

[2021.11.05-10.58.33:535][718]LogSpawn: Warning: SpawnActor failed because of collision at the spawn location [X=0.000 Y=0.000 Z=0.000] for [Gunslinger_BP_C]
[2021.11.05-10.58.33:536][718]LogActor: Warning: SetReplicates called on non-initialized actor Gunslinger_BP_C_2. Directly setting bReplicates is the correct procedure for pre-init actors.
[2021.11.05-10.58.36:104][795]LogNet: UChannel::ReceivedSequencedBunch: Bunch.bClose == true. ChIndex == 0. Calling ConditionalCleanUp.
[2021.11.05-10.58.36:104][795]LogNet: UChannel::CleanUp: ChIndex == 0. Closing connection. [UChannel] ChIndex: 0, Closing: 0 [UNetConnection] RemoteAddr: 127.0.0.1:60395, Name: IpConnection_1, Driver: GameNetDriver IpNetDriver_0, IsServer: YES, PC: MyPlayerController_C_1, Owner: MyPlayerController_C_1, UniqueId: NULL:DESKTOP-GH4GCSH-9EDC2EE84CC2E1F383421498B7E77FB9
[2021.11.05-10.58.36:105][795]LogNet: UNetConnection::Close: [UNetConnection] RemoteAddr: 127.0.0.1:60395, Name: IpConnection_1, Driver: GameNetDriver IpNetDriver_0, IsServer: YES, PC: MyPlayerController_C_1, Owner: MyPlayerController_C_1, UniqueId: NULL:DESKTOP-GH4GCSH-9EDC2EE84CC2E1F383421498B7E77FB9, Channels: 22, Time: 2021.11.05-10.58.36
[2021.11.05-10.58.36:106][795]LogNet: UChannel::Close: Sending CloseBunch. ChIndex == 0. Name: [UChannel] ChIndex: 0, Closing: 0 [UNetConnection] RemoteAddr: 127.0.0.1:60395, Name: IpConnection_1, Driver: GameNetDriver IpNetDriver_0, IsServer: YES, PC: MyPlayerController_C_1, Owner: MyPlayerController_C_1, UniqueId: NULL:DESKTOP-GH4GCSH-9EDC2EE84CC2E1F383421498B7E77FB9
[2021.11.05-10.58.36:107][795]LogOnlineSession: Warning: OSS: No game present to leave for session (GameSession)
[2021.11.05-10.58.41:975][970]LogNet: UChannel::ReceivedSequencedBunch: Bunch.bClose == true. ChIndex == 0. Calling ConditionalCleanUp.
[2021.11.05-10.58.41:975][970]LogNet: UChannel::CleanUp: ChIndex == 0. Closing connection. [UChannel] ChIndex: 0, Closing: 0 [UNetConnection] RemoteAddr: 127.0.0.1:60394, Name: IpConnection_0, Driver: GameNetDriver IpNetDriver_0, IsServer: YES, PC: MyPlayerController_C_0, Owner: MyPlayerController_C_0, UniqueId: NULL:DESKTOP-GH4GCSH-E0BD4A784E69D9354C6DE8A98AC45E9B
[2021.11.05-10.58.41:976][970]LogNet: UNetConnection::Close: [UNetConnection] RemoteAddr: 127.0.0.1:60394, Name: IpConnection_0, Driver: GameNetDriver IpNetDriver_0, IsServer: YES, PC: MyPlayerController_C_0, Owner: MyPlayerController_C_0, UniqueId: NULL:DESKTOP-GH4GCSH-E0BD4A784E69D9354C6DE8A98AC45E9B, Channels: 24, Time: 2021.11.05-10.58.41
[2021.11.05-10.58.41:977][970]LogNet: UChannel::Close: Sending CloseBunch. ChIndex == 0. Name: [UChannel] ChIndex: 0, Closing: 0 [UNetConnection] RemoteAddr: 127.0.0.1:60394, Name: IpConnection_0, Driver: GameNetDriver IpNetDriver_0, IsServer: YES, PC: MyPlayerController_C_0, Owner: MyPlayerController_C_0, UniqueId: NULL:DESKTOP-GH4GCSH-E0BD4A784E69D9354C6DE8A98AC45E9B
[2021.11.05-10.58.41:978][970]LogOnlineSession: Warning: OSS: No game present to leave for session (GameSession)
