Log file open, 11/05/21 18:58:49
LogWindows: Failed to load 'aqProf.dll' (GetLastError=126)
LogWindows: File 'aqProf.dll' does not exist
LogWindows: Failed to load 'VtuneApi.dll' (GetLastError=126)
LogWindows: File 'VtuneApi.dll' does not exist
LogWindows: Failed to load 'VtuneApi32e.dll' (GetLastError=126)
LogWindows: File 'VtuneApi32e.dll' does not exist
LogConsoleResponse: Display: Failed to find resolution value strings in scalability ini. Falling back to default.
LogConsoleResponse: Display: Failed to find resolution value strings in scalability ini. Falling back to default.
LogInit: Display: Running engine for game: Netshoot
LogPlatformFile: Not using cached read wrapper
LogTaskGraph: Started task graph with 5 named threads and 17 total threads with 3 sets of task threads.
LogStats: Stats thread started at 0.136570
LogICUInternationalization: ICU TimeZone Detection - Raw Offset: +8:00, Platform Override: ''
LogInit: Display: Loading text-based GConfig....
LogPluginManager: Mounting plugin MeshPainting
LogPluginManager: Mounting plugin XGEController
LogPluginManager: Mounting plugin Paper2D
LogPluginManager: Mounting plugin AISupport
LogPluginManager: Mounting plugin EnvironmentQueryEditor
LogPluginManager: Mounting plugin LiveLink
LogPluginManager: Mounting plugin LightPropagationVolume
LogPluginManager: Mounting plugin CameraShakePreviewer
LogPluginManager: Mounting plugin GameplayCameras
LogPluginManager: Mounting plugin OodleData
LogPluginManager: Mounting plugin OodleNetwork
LogPluginManager: Mounting plugin AnimationSharing
LogPluginManager: Mounting plugin CLionSourceCodeAccess
LogPluginManager: Mounting plugin CodeLiteSourceCodeAccess
LogPluginManager: Mounting plugin GitSourceControl
LogPluginManager: Mounting plugin KDevelopSourceCodeAccess
LogPluginManager: Mounting plugin NullSourceCodeAccess
LogPluginManager: Mounting plugin PerforceSourceControl
LogPluginManager: Mounting plugin PixWinPlugin
LogPluginManager: Mounting plugin PlasticSourceControl
LogPluginManager: Mounting plugin PluginUtils
LogPluginManager: Mounting plugin PropertyAccessNode
LogPluginManager: Mounting plugin RiderSourceCodeAccess
LogPluginManager: Mounting plugin SubversionSourceControl
LogPluginManager: Mounting plugin TextureFormatOodle
LogPluginManager: Mounting plugin UObjectPlugin
LogPluginManager: Mounting plugin VisualStudioCodeSourceCodeAccess
LogPluginManager: Mounting plugin VisualStudioSourceCodeAccess
LogPluginManager: Mounting plugin XCodeSourceCodeAccess
LogPluginManager: Mounting plugin AssetManagerEditor
LogPluginManager: Mounting plugin CryptoKeys
LogPluginManager: Mounting plugin CurveEditorTools
LogPluginManager: Mounting plugin DataValidation
LogPluginManager: Mounting plugin FacialAnimation
LogPluginManager: Mounting plugin GameplayTagsEditor
LogPluginManager: Mounting plugin GeometryMode
LogPluginManager: Mounting plugin MacGraphicsSwitching
LogPluginManager: Mounting plugin MaterialAnalyzer
LogPluginManager: Mounting plugin MobileLauncherProfileWizard
LogPluginManager: Mounting plugin PluginBrowser
LogPluginManager: Mounting plugin SpeedTreeImporter
LogPluginManager: Mounting plugin DatasmithContent
LogPluginManager: Mounting plugin VariantManagerContent
LogPluginManager: Mounting plugin AlembicImporter
LogPluginManager: Mounting plugin AutomationUtils
LogPluginManager: Mounting plugin BackChannel
LogPluginManager: Mounting plugin ChaosCloth
LogPluginManager: Mounting plugin ChaosClothEditor
LogPluginManager: Mounting plugin ChaosEditor
LogPluginManager: Mounting plugin ChaosNiagara
LogPluginManager: Mounting plugin ChaosSolverPlugin
LogPluginManager: Mounting plugin CharacterAI
LogPluginManager: Mounting plugin GeometryCache
LogPluginManager: Mounting plugin GeometryCollectionPlugin
LogPluginManager: Mounting plugin GeometryProcessing
LogPluginManager: Mounting plugin MotoSynth
LogPluginManager: Mounting plugin OpenImageDenoise
LogPluginManager: Mounting plugin PlanarCut
LogPluginManager: Mounting plugin PlatformCrypto
LogPluginManager: Mounting plugin ProxyLODPlugin
LogPluginManager: Mounting plugin PythonScriptPlugin
LogPluginManager: Mounting plugin SkeletalReduction
LogPluginManager: Mounting plugin Niagara
LogPluginManager: Mounting plugin LuminPlatformFeatures
LogPluginManager: Mounting plugin MagicLeap
LogPluginManager: Mounting plugin MagicLeapLightEstimation
LogPluginManager: Mounting plugin MagicLeapMedia
LogPluginManager: Mounting plugin MagicLeapPassableWorld
LogPluginManager: Mounting plugin MLSDK
LogPluginManager: Mounting plugin AndroidMedia
LogPluginManager: Mounting plugin AvfMedia
LogPluginManager: Mounting plugin ImgMedia
LogPluginManager: Mounting plugin MediaCompositing
LogPluginManager: Mounting plugin MediaPlayerEditor
LogPluginManager: Mounting plugin WebMMedia
LogPluginManager: Mounting plugin WmfMedia
LogPluginManager: Mounting plugin TcpMessaging
LogPluginManager: Mounting plugin UdpMessaging
LogPluginManager: Mounting plugin ActorSequence
LogPluginManager: Mounting plugin LevelSequenceEditor
LogPluginManager: Mounting plugin MatineeToLevelSequence
LogPluginManager: Mounting plugin TemplateSequence
LogPluginManager: Mounting plugin OnlineSubsystem
LogPluginManager: Mounting plugin OnlineSubsystemNull
LogPluginManager: Mounting plugin OnlineSubsystemUtils
LogPluginManager: Mounting plugin LauncherChunkInstaller
LogPluginManager: Mounting plugin ActorLayerUtilities
LogPluginManager: Mounting plugin AndroidDeviceProfileSelector
LogPluginManager: Mounting plugin AndroidMoviePlayer
LogPluginManager: Mounting plugin AndroidPermission
LogPluginManager: Mounting plugin AppleImageUtils
LogPluginManager: Mounting plugin AppleMoviePlayer
LogPluginManager: Mounting plugin ArchVisCharacter
LogPluginManager: Mounting plugin AssetTags
LogPluginManager: Mounting plugin AudioCapture
LogPluginManager: Mounting plugin AudioSynesthesia
LogPluginManager: Mounting plugin CableComponent
LogPluginManager: Mounting plugin ChunkDownloader
LogPluginManager: Mounting plugin CustomMeshComponent
LogPluginManager: Mounting plugin EditableMesh
LogPluginManager: Mounting plugin ExampleDeviceProfileSelector
LogPluginManager: Mounting plugin GoogleCloudMessaging
LogPluginManager: Mounting plugin GooglePAD
LogPluginManager: Mounting plugin IOSDeviceProfileSelector
LogPluginManager: Mounting plugin LinuxDeviceProfileSelector
LogPluginManager: Mounting plugin LocationServicesBPLibrary
LogPluginManager: Mounting plugin MobilePatchingUtils
LogPluginManager: Mounting plugin OpenXR
LogPluginManager: Mounting plugin OpenXREyeTracker
LogPluginManager: Mounting plugin OpenXRHandTracking
LogPluginManager: Mounting plugin PhysXVehicles
LogPluginManager: Mounting plugin PostSplashScreen
LogPluginManager: Mounting plugin ProceduralMeshComponent
LogPluginManager: Mounting plugin PropertyAccessEditor
LogPluginManager: Mounting plugin RuntimePhysXCooking
LogPluginManager: Mounting plugin SignificanceManager
LogPluginManager: Mounting plugin SoundFields
LogPluginManager: Mounting plugin Synthesis
LogPluginManager: Mounting plugin WebMMoviePlayer
LogPluginManager: Mounting plugin WindowsMoviePlayer
LogPluginManager: Mounting plugin ScreenshotTools
LogPluginManager: Mounting plugin Takes
LogPluginManager: Mounting plugin ContentBrowserAssetDataSource
LogPluginManager: Mounting plugin ContentBrowserClassDataSource
LogPluginManager: Mounting plugin ContentBrowserFileDataSource
LogPluginManager: Mounting plugin OnlineSubsystemGooglePlay
LogPluginManager: Mounting plugin OnlineSubsystemIOS
LogPluginManager: Mounting plugin OculusVR
LogPluginManager: Mounting plugin SteamVR
PixWinPlugin: PIX capture plugin failed to initialize! Check that the process is launched from PIX.
LogInit: Using libcurl 7.55.1-DEV
LogInit:  - built for x86_64-pc-win32
LogInit:  - supports SSL with OpenSSL/1.1.1
LogInit:  - supports HTTP deflate (compression) using libz 1.2.8
LogInit:  - other features:
LogInit:      CURL_VERSION_SSL
LogInit:      CURL_VERSION_LIBZ
LogInit:      CURL_VERSION_IPV6
LogInit:      CURL_VERSION_ASYNCHDNS
LogInit:      CURL_VERSION_LARGEFILE
LogInit:      CURL_VERSION_IDN
LogInit:  CurlRequestOptions (configurable via config and command line):
LogInit:  - bVerifyPeer = true  - Libcurl will verify peer certificate
LogInit:  - bUseHttpProxy = false  - Libcurl will NOT use HTTP proxy
LogInit:  - bDontReuseConnections = false  - Libcurl will reuse connections
LogInit:  - MaxHostConnections = 16  - Libcurl will limit the number of connections to a host
LogInit:  - LocalHostAddr = Default
LogInit:  - BufferSize = 65536
LogOnline: Warning: OSS: TryLoadSubsystemAndSetDefault: LoadSubsystemModule([Steam]) failed
LogOnline: OSS: Creating online subsystem instance for: NULL
LogInit: WinSock: version 1.1 (2.2), MaxSocks=32767, MaxUdp=65467
LogOnline: OSS: TryLoadSubsystemAndSetDefault: Loaded subsystem for module [NULL]
LogInit: Build: ++UE4+Release-4.27-CL-0
LogInit: Engine Version: 4.27.0-0+++UE4+Release-4.27
LogInit: Compatible Engine Version: 4.27.0-0+++UE4+Release-4.27
LogInit: Net CL: 0
LogInit: OS: Windows 10 (Release 2009) (), CPU: Intel(R) Core(TM) i5-8400 CPU @ 2.80GHz, GPU: NVIDIA GeForce GTX 1060 6GB
LogInit: Compiled (64-bit): Oct 12 2021 09:26:09
LogInit: Compiled with Visual C++: 19.29.30136.00
LogInit: Build Configuration: Development
LogInit: Branch Name: ++UE4+Release-4.27
LogInit: Command Line:  Level_01 -server -log -nosteam
LogInit: Base Directory: D:/ue4code/UnrealEngine/Engine/Binaries/Win64/
LogInit: Allocator: TBB
LogInit: Installed Engine Build: 0
LogDevObjectVersion: Number of dev versions registered: 29
LogDevObjectVersion:   Dev-Blueprints (B0D832E4-1F89-4F0D-ACCF-7EB736FD4AA2): 10
LogDevObjectVersion:   Dev-Build (E1C64328-A22C-4D53-A36C-8E866417BD8C): 0
LogDevObjectVersion:   Dev-Core (375EC13C-06E4-48FB-B500-84F0262A717E): 4
LogDevObjectVersion:   Dev-Editor (E4B068ED-F494-42E9-A231-DA0B2E46BB41): 40
LogDevObjectVersion:   Dev-Framework (CFFC743F-43B0-4480-9391-14DF171D2073): 37
LogDevObjectVersion:   Dev-Mobile (B02B49B5-BB20-44E9-A304-32B752E40360): 3
LogDevObjectVersion:   Dev-Networking (A4E4105C-59A1-49B5-A7C5-40C4547EDFEE): 0
LogDevObjectVersion:   Dev-Online (39C831C9-5AE6-47DC-9A44-9C173E1C8E7C): 0
LogDevObjectVersion:   Dev-Physics (78F01B33-EBEA-4F98-B9B4-84EACCB95AA2): 14
LogDevObjectVersion:   Dev-Platform (6631380F-2D4D-43E0-8009-CF276956A95A): 0
LogDevObjectVersion:   Dev-Rendering (12F88B9F-8875-4AFC-A67C-D90C383ABD29): 45
LogDevObjectVersion:   Dev-Sequencer (7B5AE74C-D270-4C10-A958-57980B212A5A): 13
LogDevObjectVersion:   Dev-VR (D7296918-1DD6-4BDD-9DE2-64A83CC13884): 3
LogDevObjectVersion:   Dev-LoadTimes (C2A15278-BFE7-4AFE-6C17-90FF531DF755): 1
LogDevObjectVersion:   Private-Geometry (6EACA3D4-40EC-4CC1-B786-8BED09428FC5): 3
LogDevObjectVersion:   Dev-AnimPhys (29E575DD-E0A3-4627-9D10-D276232CDCEA): 17
LogDevObjectVersion:   Dev-Anim (AF43A65D-7FD3-4947-9873-3E8ED9C1BB05): 15
LogDevObjectVersion:   Dev-ReflectionCapture (6B266CEC-1EC7-4B8F-A30B-E4D90942FC07): 1
LogDevObjectVersion:   Dev-Automation (0DF73D61-A23F-47EA-B727-89E90C41499A): 1
LogDevObjectVersion:   FortniteMain (601D1886-AC64-4F84-AA16-D3DE0DEAC7D6): 47
LogDevObjectVersion:   FortniteRelease (E7086368-6B23-4C58-8439-1B7016265E91): 1
LogDevObjectVersion:   Dev-Enterprise (9DFFBCD6-494F-0158-E221-12823C92A888): 10
LogDevObjectVersion:   Dev-Niagara (F2AED0AC-9AFE-416F-8664-AA7FFA26D6FC): 1
LogDevObjectVersion:   Dev-Destruction (174F1F0B-B4C6-45A5-B13F-2EE8D0FB917D): 10
LogDevObjectVersion:   Dev-Physics-Ext (35F94A83-E258-406C-A318-09F59610247C): 41
LogDevObjectVersion:   Dev-PhysicsMaterial-Chaos (B68FC16E-8B1B-42E2-B453-215C058844FE): 1
LogDevObjectVersion:   Dev-CineCamera (B2E18506-4273-CFC2-A54E-F4BB758BBA07): 1
LogDevObjectVersion:   Dev-VirtualProduction (64F58936-FD1B-42BA-BA96-7289D5D0FA4E): 1
LogDevObjectVersion:   Dev-MediaFramework (6F0ED827-A609-4895-9C91-998D90180EA4): 2
LogInit: Presizing for max 25165824 objects, including 0 objects not considered by GC, pre-allocating 0 bytes for permanent pool.
LogConfig: Applying CVar settings from Section [/Script/Engine.StreamingSettings] File [D:/ue4Project/Netshoot/Netshoot/Saved/Config/Windows/Engine.ini]
LogConfig: Setting CVar [[s.MinBulkDataSizeForAsyncLoading:131072]]
LogConfig: Setting CVar [[s.AsyncLoadingThreadEnabled:0]]
LogConfig: Setting CVar [[s.EventDrivenLoaderEnabled:1]]
LogConfig: Setting CVar [[s.WarnIfTimeLimitExceeded:0]]
LogConfig: Setting CVar [[s.TimeLimitExceededMultiplier:1.5]]
LogConfig: Setting CVar [[s.TimeLimitExceededMinTime:0.005]]
LogConfig: Setting CVar [[s.UseBackgroundLevelStreaming:1]]
LogConfig: Setting CVar [[s.PriorityAsyncLoadingExtraTime:15.0]]
LogConfig: Setting CVar [[s.LevelStreamingActorsUpdateTimeLimit:5.0]]
LogConfig: Setting CVar [[s.PriorityLevelStreamingActorsUpdateExtraTime:5.0]]
LogConfig: Setting CVar [[s.LevelStreamingComponentsRegistrationGranularity:10]]
LogConfig: Setting CVar [[s.UnregisterComponentsTimeLimit:1.0]]
LogConfig: Setting CVar [[s.LevelStreamingComponentsUnregistrationGranularity:5]]
LogConfig: Setting CVar [[s.FlushStreamingOnExit:1]]
LogInit: Object subsystem initialized
LogConfig: Setting CVar [[con.DebugEarlyDefault:1]]
LogConfig: Setting CVar [[r.setres:1280x720]]
[2021.11.05-10.58.50:222][  0]LogConfig: Setting CVar [[con.DebugEarlyDefault:1]]
[2021.11.05-10.58.50:223][  0]LogConfig: Setting CVar [[r.setres:1280x720]]
[2021.11.05-10.58.50:223][  0]LogConfig: Applying CVar settings from Section [/Script/Engine.RendererSettings] File [D:/ue4Project/Netshoot/Netshoot/Saved/Config/Windows/Engine.ini]
[2021.11.05-10.58.50:224][  0]LogConfig: Setting CVar [[r.GPUCrashDebugging:0]]
[2021.11.05-10.58.50:224][  0]LogConfig: Setting CVar [[r.MobileHDR:1]]
[2021.11.05-10.58.50:225][  0]LogConfig: Setting CVar [[r.AllowOcclusionQueries:1]]
[2021.11.05-10.58.50:225][  0]LogConfig: Setting CVar [[r.MinScreenRadiusForLights:0.030000]]
[2021.11.05-10.58.50:226][  0]LogConfig: Setting CVar [[r.MinScreenRadiusForDepthPrepass:0.030000]]
[2021.11.05-10.58.50:227][  0]LogConfig: Setting CVar [[r.PrecomputedVisibilityWarning:0]]
[2021.11.05-10.58.50:228][  0]LogConfig: Setting CVar [[r.TextureStreaming:1]]
[2021.11.05-10.58.50:228][  0]LogConfig: Setting CVar [[Compat.UseDXT5NormalMaps:0]]
[2021.11.05-10.58.50:229][  0]LogConfig: Setting CVar [[r.AllowStaticLighting:1]]
[2021.11.05-10.58.50:229][  0]LogConfig: Setting CVar [[r.NormalMapsForStaticLighting:0]]
[2021.11.05-10.58.50:229][  0]LogConfig: Setting CVar [[r.GenerateMeshDistanceFields:1]]
[2021.11.05-10.58.50:230][  0]LogConfig: Setting CVar [[r.TessellationAdaptivePixelsPerTriangle:48.000000]]
[2021.11.05-10.58.50:230][  0]LogConfig: Setting CVar [[r.SeparateTranslucency:1]]
[2021.11.05-10.58.50:231][  0]LogConfig: Setting CVar [[r.CustomDepth:1]]
[2021.11.05-10.58.50:231][  0]LogConfig: Setting CVar [[r.DefaultFeature.Bloom:1]]
[2021.11.05-10.58.50:231][  0]LogConfig: Setting CVar [[r.DefaultFeature.AmbientOcclusion:1]]
[2021.11.05-10.58.50:231][  0]LogConfig: Setting CVar [[r.DefaultFeature.AmbientOcclusionStaticFraction:1]]
[2021.11.05-10.58.50:232][  0]LogConfig: Setting CVar [[r.DefaultFeature.AutoExposure:1]]
[2021.11.05-10.58.50:232][  0]LogConfig: Setting CVar [[r.DefaultFeature.MotionBlur:1]]
[2021.11.05-10.58.50:232][  0]LogConfig: Setting CVar [[r.DefaultFeature.LensFlare:1]]
[2021.11.05-10.58.50:232][  0]LogConfig: Setting CVar [[r.DefaultFeature.AntiAliasing:2]]
[2021.11.05-10.58.50:233][  0]LogConfig: Setting CVar [[r.EarlyZPass:3]]
[2021.11.05-10.58.50:233][  0]LogConfig: Setting CVar [[r.DBuffer:0]]
[2021.11.05-10.58.50:233][  0]LogConfig: Setting CVar [[r.ClearSceneMethod:1]]
[2021.11.05-10.58.50:233][  0]LogConfig: Setting CVar [[r.MSAA.CompositingSampleCount:4]]
[2021.11.05-10.58.50:234][  0]LogConfig: Setting CVar [[r.WireframeCullThreshold:5.000000]]
[2021.11.05-10.58.50:237][  0]LogConfig: Applying CVar settings from Section [/Script/Engine.RendererOverrideSettings] File [D:/ue4Project/Netshoot/Netshoot/Saved/Config/Windows/Engine.ini]
[2021.11.05-10.58.50:238][  0]LogConfig: Applying CVar settings from Section [/Script/Engine.StreamingSettings] File [D:/ue4Project/Netshoot/Netshoot/Saved/Config/Windows/Engine.ini]
[2021.11.05-10.58.50:238][  0]LogConfig: Setting CVar [[s.MinBulkDataSizeForAsyncLoading:131072]]
[2021.11.05-10.58.50:238][  0]LogConfig: Setting CVar [[s.AsyncLoadingThreadEnabled:0]]
[2021.11.05-10.58.50:239][  0]LogConfig: Setting CVar [[s.EventDrivenLoaderEnabled:1]]
[2021.11.05-10.58.50:239][  0]LogConfig: Setting CVar [[s.WarnIfTimeLimitExceeded:0]]
[2021.11.05-10.58.50:239][  0]LogConfig: Setting CVar [[s.TimeLimitExceededMultiplier:1.5]]
[2021.11.05-10.58.50:239][  0]LogConfig: Setting CVar [[s.TimeLimitExceededMinTime:0.005]]
[2021.11.05-10.58.50:240][  0]LogConfig: Setting CVar [[s.UseBackgroundLevelStreaming:1]]
[2021.11.05-10.58.50:240][  0]LogConfig: Setting CVar [[s.PriorityAsyncLoadingExtraTime:15.0]]
[2021.11.05-10.58.50:241][  0]LogConfig: Setting CVar [[s.LevelStreamingActorsUpdateTimeLimit:5.0]]
[2021.11.05-10.58.50:241][  0]LogConfig: Setting CVar [[s.PriorityLevelStreamingActorsUpdateExtraTime:5.0]]
[2021.11.05-10.58.50:241][  0]LogConfig: Setting CVar [[s.LevelStreamingComponentsRegistrationGranularity:10]]
[2021.11.05-10.58.50:241][  0]LogConfig: Setting CVar [[s.UnregisterComponentsTimeLimit:1.0]]
[2021.11.05-10.58.50:242][  0]LogConfig: Setting CVar [[s.LevelStreamingComponentsUnregistrationGranularity:5]]
[2021.11.05-10.58.50:242][  0]LogConfig: Setting CVar [[s.FlushStreamingOnExit:1]]
[2021.11.05-10.58.50:242][  0]LogConfig: Applying CVar settings from Section [/Script/Engine.GarbageCollectionSettings] File [D:/ue4Project/Netshoot/Netshoot/Saved/Config/Windows/Engine.ini]
[2021.11.05-10.58.50:242][  0]LogConfig: Setting CVar [[gc.MaxObjectsNotConsideredByGC:1]]
[2021.11.05-10.58.50:243][  0]LogConfig: Setting CVar [[gc.SizeOfPermanentObjectPool:0]]
[2021.11.05-10.58.50:243][  0]LogConfig: Setting CVar [[gc.FlushStreamingOnGC:0]]
[2021.11.05-10.58.50:243][  0]LogConfig: Setting CVar [[gc.NumRetriesBeforeForcingGC:10]]
[2021.11.05-10.58.50:243][  0]LogConfig: Setting CVar [[gc.AllowParallelGC:1]]
[2021.11.05-10.58.50:243][  0]LogConfig: Setting CVar [[gc.TimeBetweenPurgingPendingKillObjects:61.1]]
[2021.11.05-10.58.50:243][  0]LogConfig: Setting CVar [[gc.MaxObjectsInEditor:25165824]]
[2021.11.05-10.58.50:243][  0]LogConfig: Setting CVar [[gc.IncrementalBeginDestroyEnabled:1]]
[2021.11.05-10.58.50:244][  0]LogConfig: Setting CVar [[gc.CreateGCClusters:1]]
[2021.11.05-10.58.50:244][  0]LogConfig: Setting CVar [[gc.MinGCClusterSize:5]]
[2021.11.05-10.58.50:244][  0]LogConfig: Setting CVar [[gc.ActorClusteringEnabled:0]]
[2021.11.05-10.58.50:244][  0]LogConfig: Setting CVar [[gc.BlueprintClusteringEnabled:0]]
[2021.11.05-10.58.50:245][  0]LogConfig: Setting CVar [[gc.UseDisregardForGCOnDedicatedServers:0]]
[2021.11.05-10.58.50:245][  0]LogConfig: Setting CVar [[gc.MultithreadedDestructionEnabled:1]]
[2021.11.05-10.58.50:245][  0]LogConfig: Applying CVar settings from Section [/Script/Engine.NetworkSettings] File [D:/ue4Project/Netshoot/Netshoot/Saved/Config/Windows/Engine.ini]
[2021.11.05-10.58.50:245][  0]LogConfig: Applying CVar settings from Section [/Script/UnrealEd.CookerSettings] File [D:/ue4Project/Netshoot/Netshoot/Saved/Config/Windows/Engine.ini]
[2021.11.05-10.58.50:246][  0]LogConfig: Applying CVar settings from Section [ViewDistanceQuality@3] File [D:/ue4Project/Netshoot/Netshoot/Saved/Config/Windows/Scalability.ini]
[2021.11.05-10.58.50:246][  0]LogConfig: Setting CVar [[r.SkeletalMeshLODBias:0]]
[2021.11.05-10.58.50:246][  0]LogConfig: Setting CVar [[r.ViewDistanceScale:1.0]]
[2021.11.05-10.58.50:246][  0]LogConfig: Applying CVar settings from Section [AntiAliasingQuality@3] File [D:/ue4Project/Netshoot/Netshoot/Saved/Config/Windows/Scalability.ini]
[2021.11.05-10.58.50:247][  0]LogConfig: Setting CVar [[r.PostProcessAAQuality:4]]
[2021.11.05-10.58.50:247][  0]LogConfig: Applying CVar settings from Section [ShadowQuality@3] File [D:/ue4Project/Netshoot/Netshoot/Saved/Config/Windows/Scalability.ini]
[2021.11.05-10.58.50:247][  0]LogConfig: Setting CVar [[r.LightFunctionQuality:1]]
[2021.11.05-10.58.50:248][  0]LogConfig: Setting CVar [[r.ShadowQuality:5]]
[2021.11.05-10.58.50:248][  0]LogConfig: Setting CVar [[r.Shadow.CSM.MaxCascades:10]]
[2021.11.05-10.58.50:248][  0]LogConfig: Setting CVar [[r.Shadow.MaxResolution:2048]]
[2021.11.05-10.58.50:248][  0]LogConfig: Setting CVar [[r.Shadow.MaxCSMResolution:2048]]
[2021.11.05-10.58.50:249][  0]LogConfig: Setting CVar [[r.Shadow.RadiusThreshold:0.01]]
[2021.11.05-10.58.50:251][  0]LogConfig: Setting CVar [[r.Shadow.DistanceScale:1.0]]
[2021.11.05-10.58.50:251][  0]LogConfig: Setting CVar [[r.Shadow.CSM.TransitionScale:1.0]]
[2021.11.05-10.58.50:251][  0]LogConfig: Setting CVar [[r.Shadow.PreShadowResolutionFactor:1.0]]
[2021.11.05-10.58.50:251][  0]LogConfig: Setting CVar [[r.DistanceFieldShadowing:1]]
[2021.11.05-10.58.50:252][  0]LogConfig: Setting CVar [[r.DistanceFieldAO:1]]
[2021.11.05-10.58.50:252][  0]LogConfig: Setting CVar [[r.AOQuality:2]]
[2021.11.05-10.58.50:252][  0]LogConfig: Setting CVar [[r.VolumetricFog:1]]
[2021.11.05-10.58.50:252][  0]LogConfig: Setting CVar [[r.VolumetricFog.GridPixelSize:8]]
[2021.11.05-10.58.50:253][  0]LogConfig: Setting CVar [[r.VolumetricFog.GridSizeZ:128]]
[2021.11.05-10.58.50:253][  0]LogConfig: Setting CVar [[r.VolumetricFog.HistoryMissSupersampleCount:4]]
[2021.11.05-10.58.50:253][  0]LogConfig: Setting CVar [[r.LightMaxDrawDistanceScale:1]]
[2021.11.05-10.58.50:253][  0]LogConfig: Setting CVar [[r.CapsuleShadows:1]]
[2021.11.05-10.58.50:254][  0]LogConfig: Applying CVar settings from Section [PostProcessQuality@3] File [D:/ue4Project/Netshoot/Netshoot/Saved/Config/Windows/Scalability.ini]
[2021.11.05-10.58.50:254][  0]LogConfig: Setting CVar [[r.MotionBlurQuality:4]]
[2021.11.05-10.58.50:254][  0]LogConfig: Setting CVar [[r.AmbientOcclusionMipLevelFactor:0.4]]
[2021.11.05-10.58.50:255][  0]LogConfig: Setting CVar [[r.AmbientOcclusionMaxQuality:100]]
[2021.11.05-10.58.50:255][  0]LogConfig: Setting CVar [[r.AmbientOcclusionLevels:-1]]
[2021.11.05-10.58.50:255][  0]LogConfig: Setting CVar [[r.AmbientOcclusionRadiusScale:1.0]]
[2021.11.05-10.58.50:255][  0]LogConfig: Setting CVar [[r.DepthOfFieldQuality:2]]
[2021.11.05-10.58.50:256][  0]LogConfig: Setting CVar [[r.RenderTargetPoolMin:400]]
[2021.11.05-10.58.50:256][  0]LogConfig: Setting CVar [[r.LensFlareQuality:2]]
[2021.11.05-10.58.50:256][  0]LogConfig: Setting CVar [[r.SceneColorFringeQuality:1]]
[2021.11.05-10.58.50:256][  0]LogConfig: Setting CVar [[r.EyeAdaptationQuality:2]]
[2021.11.05-10.58.50:257][  0]LogConfig: Setting CVar [[r.BloomQuality:5]]
[2021.11.05-10.58.50:257][  0]LogConfig: Setting CVar [[r.FastBlurThreshold:100]]
[2021.11.05-10.58.50:257][  0]LogConfig: Setting CVar [[r.Upscale.Quality:3]]
[2021.11.05-10.58.50:257][  0]LogConfig: Setting CVar [[r.Tonemapper.GrainQuantization:1]]
[2021.11.05-10.58.50:258][  0]LogConfig: Setting CVar [[r.LightShaftQuality:1]]
[2021.11.05-10.58.50:258][  0]LogConfig: Setting CVar [[r.Filter.SizeScale:1]]
[2021.11.05-10.58.50:258][  0]LogConfig: Setting CVar [[r.Tonemapper.Quality:5]]
[2021.11.05-10.58.50:258][  0]LogConfig: Setting CVar [[r.DOF.Gather.AccumulatorQuality:1        ; higher gathering accumulator quality]]
[2021.11.05-10.58.50:259][  0]LogConfig: Setting CVar [[r.DOF.Gather.PostfilterMethod:1          ; Median3x3 postfilering method]]
[2021.11.05-10.58.50:259][  0]LogConfig: Setting CVar [[r.DOF.Gather.EnableBokehSettings:0       ; no bokeh simulation when gathering]]
[2021.11.05-10.58.50:259][  0]LogConfig: Setting CVar [[r.DOF.Gather.RingCount:4                 ; medium number of samples when gathering]]
[2021.11.05-10.58.50:260][  0]LogConfig: Setting CVar [[r.DOF.Scatter.ForegroundCompositing:1    ; additive foreground scattering]]
[2021.11.05-10.58.50:260][  0]LogConfig: Setting CVar [[r.DOF.Scatter.BackgroundCompositing:2    ; additive background scattering]]
[2021.11.05-10.58.50:260][  0]LogConfig: Setting CVar [[r.DOF.Scatter.EnableBokehSettings:1      ; bokeh simulation when scattering]]
[2021.11.05-10.58.50:260][  0]LogConfig: Setting CVar [[r.DOF.Scatter.MaxSpriteRatio:0.1         ; only a maximum of 10% of scattered bokeh]]
[2021.11.05-10.58.50:261][  0]LogConfig: Setting CVar [[r.DOF.Recombine.Quality:1                ; cheap slight out of focus]]
[2021.11.05-10.58.50:261][  0]LogConfig: Setting CVar [[r.DOF.Recombine.EnableBokehSettings:0    ; no bokeh simulation on slight out of focus]]
[2021.11.05-10.58.50:261][  0]LogConfig: Setting CVar [[r.DOF.TemporalAAQuality:1                ; more stable temporal accumulation]]
[2021.11.05-10.58.50:261][  0]LogConfig: Setting CVar [[r.DOF.Kernel.MaxForegroundRadius:0.025]]
[2021.11.05-10.58.50:262][  0]LogConfig: Setting CVar [[r.DOF.Kernel.MaxBackgroundRadius:0.025]]
[2021.11.05-10.58.50:262][  0]LogConfig: Applying CVar settings from Section [TextureQuality@3] File [D:/ue4Project/Netshoot/Netshoot/Saved/Config/Windows/Scalability.ini]
[2021.11.05-10.58.50:263][  0]LogConfig: Setting CVar [[r.Streaming.MipBias:0]]
[2021.11.05-10.58.50:263][  0]LogConfig: Setting CVar [[r.Streaming.AmortizeCPUToGPUCopy:0]]
[2021.11.05-10.58.50:263][  0]LogConfig: Setting CVar [[r.Streaming.MaxNumTexturesToStreamPerFrame:0]]
[2021.11.05-10.58.50:264][  0]LogConfig: Setting CVar [[r.Streaming.Boost:1]]
[2021.11.05-10.58.50:264][  0]LogConfig: Setting CVar [[r.MaxAnisotropy:8]]
[2021.11.05-10.58.50:264][  0]LogConfig: Setting CVar [[r.VT.MaxAnisotropy:8]]
[2021.11.05-10.58.50:265][  0]LogConfig: Setting CVar [[r.Streaming.LimitPoolSizeToVRAM:0]]
[2021.11.05-10.58.50:267][  0]LogConfig: Setting CVar [[r.Streaming.PoolSize:1000]]
[2021.11.05-10.58.50:268][  0]LogConfig: Setting CVar [[r.Streaming.MaxEffectiveScreenSize:0]]
[2021.11.05-10.58.50:268][  0]LogConfig: Applying CVar settings from Section [EffectsQuality@3] File [D:/ue4Project/Netshoot/Netshoot/Saved/Config/Windows/Scalability.ini]
[2021.11.05-10.58.50:269][  0]LogConfig: Setting CVar [[r.TranslucencyLightingVolumeDim:64]]
[2021.11.05-10.58.50:270][  0]LogConfig: Setting CVar [[r.RefractionQuality:2]]
[2021.11.05-10.58.50:271][  0]LogConfig: Setting CVar [[r.SSR.Quality:3]]
[2021.11.05-10.58.50:271][  0]LogConfig: Setting CVar [[r.SSR.HalfResSceneColor:0]]
[2021.11.05-10.58.50:272][  0]LogConfig: Setting CVar [[r.SceneColorFormat:4]]
[2021.11.05-10.58.50:272][  0]LogConfig: Setting CVar [[r.DetailMode:2]]
[2021.11.05-10.58.50:273][  0]LogConfig: Setting CVar [[r.TranslucencyVolumeBlur:1]]
[2021.11.05-10.58.50:273][  0]LogConfig: Setting CVar [[r.MaterialQualityLevel:1 ; High quality]]
[2021.11.05-10.58.50:273][  0]LogConfig: Setting CVar [[r.AnisotropicMaterials:1]]
[2021.11.05-10.58.50:274][  0]LogConfig: Setting CVar [[r.SSS.Scale:1]]
[2021.11.05-10.58.50:274][  0]LogConfig: Setting CVar [[r.SSS.SampleSet:2]]
[2021.11.05-10.58.50:274][  0]LogConfig: Setting CVar [[r.SSS.Quality:1]]
[2021.11.05-10.58.50:275][  0]LogConfig: Setting CVar [[r.SSS.HalfRes:0]]
[2021.11.05-10.58.50:275][  0]LogConfig: Setting CVar [[r.SSGI.Quality:3]]
[2021.11.05-10.58.50:276][  0]LogConfig: Setting CVar [[r.EmitterSpawnRateScale:1.0]]
[2021.11.05-10.58.50:276][  0]LogConfig: Setting CVar [[r.ParticleLightQuality:2]]
[2021.11.05-10.58.50:276][  0]LogConfig: Setting CVar [[r.SkyAtmosphere.AerialPerspectiveLUT.FastApplyOnOpaque:1 ; Always have FastSkyLUT 1 in this case to avoid wrong sky]]
[2021.11.05-10.58.50:276][  0]LogConfig: Setting CVar [[r.SkyAtmosphere.AerialPerspectiveLUT.SampleCountMaxPerSlice:4]]
[2021.11.05-10.58.50:277][  0]LogConfig: Setting CVar [[r.SkyAtmosphere.AerialPerspectiveLUT.DepthResolution:16.0]]
[2021.11.05-10.58.50:277][  0]LogConfig: Setting CVar [[r.SkyAtmosphere.FastSkyLUT:1]]
[2021.11.05-10.58.50:277][  0]LogConfig: Setting CVar [[r.SkyAtmosphere.FastSkyLUT.SampleCountMin:4.0]]
[2021.11.05-10.58.50:278][  0]LogConfig: Setting CVar [[r.SkyAtmosphere.FastSkyLUT.SampleCountMax:128.0]]
[2021.11.05-10.58.50:278][  0]LogConfig: Setting CVar [[r.SkyAtmosphere.SampleCountMin:4.0]]
[2021.11.05-10.58.50:278][  0]LogConfig: Setting CVar [[r.SkyAtmosphere.SampleCountMax:128.0]]
[2021.11.05-10.58.50:278][  0]LogConfig: Setting CVar [[r.SkyAtmosphere.TransmittanceLUT.UseSmallFormat:0]]
[2021.11.05-10.58.50:279][  0]LogConfig: Setting CVar [[r.SkyAtmosphere.TransmittanceLUT.SampleCount:10.0]]
[2021.11.05-10.58.50:279][  0]LogConfig: Setting CVar [[r.SkyAtmosphere.MultiScatteringLUT.SampleCount:15.0]]
[2021.11.05-10.58.50:279][  0]LogConfig: Setting CVar [[r.SkyLight.RealTimeReflectionCapture:1]]
[2021.11.05-10.58.50:279][  0]LogConfig: Applying CVar settings from Section [FoliageQuality@3] File [D:/ue4Project/Netshoot/Netshoot/Saved/Config/Windows/Scalability.ini]
[2021.11.05-10.58.50:280][  0]LogConfig: Setting CVar [[foliage.DensityScale:1.0]]
[2021.11.05-10.58.50:280][  0]LogConfig: Setting CVar [[grass.DensityScale:1.0]]
[2021.11.05-10.58.50:280][  0]LogConfig: Applying CVar settings from Section [ShadingQuality@3] File [D:/ue4Project/Netshoot/Netshoot/Saved/Config/Windows/Scalability.ini]
[2021.11.05-10.58.50:281][  0]LogConfig: Setting CVar [[r.HairStrands.SkyLighting.IntegrationType:2]]
[2021.11.05-10.58.50:283][  0]LogConfig: Setting CVar [[r.HairStrands.SkyAO.SampleCount:4]]
[2021.11.05-10.58.50:284][  0]LogConfig: Setting CVar [[r.HairStrands.Visibility.MSAA.SamplePerPixel:4]]
[2021.11.05-10.58.50:284][  0]LogInit: Selected Device Profile: [Windows]
[2021.11.05-10.58.50:284][  0]LogInit: Applying CVar settings loaded from the selected device profile: [Windows]
[2021.11.05-10.58.50:284][  0]LogHAL: Display: Platform has ~ 16 GB [17110147072 / 17179869184 / 16], which maps to Larger [LargestMinGB=32, LargerMinGB=12, DefaultMinGB=8, SmallerMinGB=6, SmallestMinGB=0)
[2021.11.05-10.58.50:285][  0]LogInit: Going up to parent DeviceProfile []
[2021.11.05-10.58.50:285][  0]LogConfig: Applying CVar settings from Section [ViewDistanceQuality@3] File [D:/ue4Project/Netshoot/Netshoot/Saved/Config/Windows/Scalability.ini]
[2021.11.05-10.58.50:285][  0]LogConfig: Setting CVar [[r.SkeletalMeshLODBias:0]]
[2021.11.05-10.58.50:285][  0]LogConfig: Setting CVar [[r.ViewDistanceScale:1.0]]
[2021.11.05-10.58.50:286][  0]LogConfig: Applying CVar settings from Section [AntiAliasingQuality@3] File [D:/ue4Project/Netshoot/Netshoot/Saved/Config/Windows/Scalability.ini]
[2021.11.05-10.58.50:286][  0]LogConfig: Setting CVar [[r.PostProcessAAQuality:4]]
[2021.11.05-10.58.50:286][  0]LogConfig: Applying CVar settings from Section [ShadowQuality@3] File [D:/ue4Project/Netshoot/Netshoot/Saved/Config/Windows/Scalability.ini]
[2021.11.05-10.58.50:286][  0]LogConfig: Setting CVar [[r.LightFunctionQuality:1]]
[2021.11.05-10.58.50:287][  0]LogConfig: Setting CVar [[r.ShadowQuality:5]]
[2021.11.05-10.58.50:287][  0]LogConfig: Setting CVar [[r.Shadow.CSM.MaxCascades:10]]
[2021.11.05-10.58.50:287][  0]LogConfig: Setting CVar [[r.Shadow.MaxResolution:2048]]
[2021.11.05-10.58.50:288][  0]LogConfig: Setting CVar [[r.Shadow.MaxCSMResolution:2048]]
[2021.11.05-10.58.50:288][  0]LogConfig: Setting CVar [[r.Shadow.RadiusThreshold:0.01]]
[2021.11.05-10.58.50:288][  0]LogConfig: Setting CVar [[r.Shadow.DistanceScale:1.0]]
[2021.11.05-10.58.50:288][  0]LogConfig: Setting CVar [[r.Shadow.CSM.TransitionScale:1.0]]
[2021.11.05-10.58.50:289][  0]LogConfig: Setting CVar [[r.Shadow.PreShadowResolutionFactor:1.0]]
[2021.11.05-10.58.50:289][  0]LogConfig: Setting CVar [[r.DistanceFieldShadowing:1]]
[2021.11.05-10.58.50:289][  0]LogConfig: Setting CVar [[r.DistanceFieldAO:1]]
[2021.11.05-10.58.50:289][  0]LogConfig: Setting CVar [[r.AOQuality:2]]
[2021.11.05-10.58.50:290][  0]LogConfig: Setting CVar [[r.VolumetricFog:1]]
[2021.11.05-10.58.50:290][  0]LogConfig: Setting CVar [[r.VolumetricFog.GridPixelSize:8]]
[2021.11.05-10.58.50:290][  0]LogConfig: Setting CVar [[r.VolumetricFog.GridSizeZ:128]]
[2021.11.05-10.58.50:290][  0]LogConfig: Setting CVar [[r.VolumetricFog.HistoryMissSupersampleCount:4]]
[2021.11.05-10.58.50:291][  0]LogConfig: Setting CVar [[r.LightMaxDrawDistanceScale:1]]
[2021.11.05-10.58.50:291][  0]LogConfig: Setting CVar [[r.CapsuleShadows:1]]
[2021.11.05-10.58.50:291][  0]LogConfig: Applying CVar settings from Section [PostProcessQuality@3] File [D:/ue4Project/Netshoot/Netshoot/Saved/Config/Windows/Scalability.ini]
[2021.11.05-10.58.50:291][  0]LogConfig: Setting CVar [[r.MotionBlurQuality:4]]
[2021.11.05-10.58.50:292][  0]LogConfig: Setting CVar [[r.AmbientOcclusionMipLevelFactor:0.4]]
[2021.11.05-10.58.50:292][  0]LogConfig: Setting CVar [[r.AmbientOcclusionMaxQuality:100]]
[2021.11.05-10.58.50:292][  0]LogConfig: Setting CVar [[r.AmbientOcclusionLevels:-1]]
[2021.11.05-10.58.50:293][  0]LogConfig: Setting CVar [[r.AmbientOcclusionRadiusScale:1.0]]
[2021.11.05-10.58.50:293][  0]LogConfig: Setting CVar [[r.DepthOfFieldQuality:2]]
[2021.11.05-10.58.50:293][  0]LogConfig: Setting CVar [[r.RenderTargetPoolMin:400]]
[2021.11.05-10.58.50:293][  0]LogConfig: Setting CVar [[r.LensFlareQuality:2]]
[2021.11.05-10.58.50:294][  0]LogConfig: Setting CVar [[r.SceneColorFringeQuality:1]]
[2021.11.05-10.58.50:294][  0]LogConfig: Setting CVar [[r.EyeAdaptationQuality:2]]
[2021.11.05-10.58.50:294][  0]LogConfig: Setting CVar [[r.BloomQuality:5]]
[2021.11.05-10.58.50:294][  0]LogConfig: Setting CVar [[r.FastBlurThreshold:100]]
[2021.11.05-10.58.50:295][  0]LogConfig: Setting CVar [[r.Upscale.Quality:3]]
[2021.11.05-10.58.50:295][  0]LogConfig: Setting CVar [[r.Tonemapper.GrainQuantization:1]]
[2021.11.05-10.58.50:295][  0]LogConfig: Setting CVar [[r.LightShaftQuality:1]]
[2021.11.05-10.58.50:295][  0]LogConfig: Setting CVar [[r.Filter.SizeScale:1]]
[2021.11.05-10.58.50:296][  0]LogConfig: Setting CVar [[r.Tonemapper.Quality:5]]
[2021.11.05-10.58.50:296][  0]LogConfig: Setting CVar [[r.DOF.Gather.AccumulatorQuality:1        ; higher gathering accumulator quality]]
[2021.11.05-10.58.50:296][  0]LogConfig: Setting CVar [[r.DOF.Gather.PostfilterMethod:1          ; Median3x3 postfilering method]]
[2021.11.05-10.58.50:297][  0]LogConfig: Setting CVar [[r.DOF.Gather.EnableBokehSettings:0       ; no bokeh simulation when gathering]]
[2021.11.05-10.58.50:299][  0]LogConfig: Setting CVar [[r.DOF.Gather.RingCount:4                 ; medium number of samples when gathering]]
[2021.11.05-10.58.50:299][  0]LogConfig: Setting CVar [[r.DOF.Scatter.ForegroundCompositing:1    ; additive foreground scattering]]
[2021.11.05-10.58.50:299][  0]LogConfig: Setting CVar [[r.DOF.Scatter.BackgroundCompositing:2    ; additive background scattering]]
[2021.11.05-10.58.50:300][  0]LogConfig: Setting CVar [[r.DOF.Scatter.EnableBokehSettings:1      ; bokeh simulation when scattering]]
[2021.11.05-10.58.50:300][  0]LogConfig: Setting CVar [[r.DOF.Scatter.MaxSpriteRatio:0.1         ; only a maximum of 10% of scattered bokeh]]
[2021.11.05-10.58.50:300][  0]LogConfig: Setting CVar [[r.DOF.Recombine.Quality:1                ; cheap slight out of focus]]
[2021.11.05-10.58.50:300][  0]LogConfig: Setting CVar [[r.DOF.Recombine.EnableBokehSettings:0    ; no bokeh simulation on slight out of focus]]
[2021.11.05-10.58.50:301][  0]LogConfig: Setting CVar [[r.DOF.TemporalAAQuality:1                ; more stable temporal accumulation]]
[2021.11.05-10.58.50:301][  0]LogConfig: Setting CVar [[r.DOF.Kernel.MaxForegroundRadius:0.025]]
[2021.11.05-10.58.50:301][  0]LogConfig: Setting CVar [[r.DOF.Kernel.MaxBackgroundRadius:0.025]]
[2021.11.05-10.58.50:301][  0]LogConfig: Applying CVar settings from Section [TextureQuality@3] File [D:/ue4Project/Netshoot/Netshoot/Saved/Config/Windows/Scalability.ini]
[2021.11.05-10.58.50:302][  0]LogConfig: Setting CVar [[r.Streaming.MipBias:0]]
[2021.11.05-10.58.50:302][  0]LogConfig: Setting CVar [[r.Streaming.AmortizeCPUToGPUCopy:0]]
[2021.11.05-10.58.50:302][  0]LogConfig: Setting CVar [[r.Streaming.MaxNumTexturesToStreamPerFrame:0]]
[2021.11.05-10.58.50:303][  0]LogConfig: Setting CVar [[r.Streaming.Boost:1]]
[2021.11.05-10.58.50:303][  0]LogConfig: Setting CVar [[r.MaxAnisotropy:8]]
[2021.11.05-10.58.50:303][  0]LogConfig: Setting CVar [[r.VT.MaxAnisotropy:8]]
[2021.11.05-10.58.50:303][  0]LogConfig: Setting CVar [[r.Streaming.LimitPoolSizeToVRAM:0]]
[2021.11.05-10.58.50:304][  0]LogConfig: Setting CVar [[r.Streaming.PoolSize:1000]]
[2021.11.05-10.58.50:304][  0]LogConfig: Setting CVar [[r.Streaming.MaxEffectiveScreenSize:0]]
[2021.11.05-10.58.50:304][  0]LogConfig: Applying CVar settings from Section [EffectsQuality@3] File [D:/ue4Project/Netshoot/Netshoot/Saved/Config/Windows/Scalability.ini]
[2021.11.05-10.58.50:304][  0]LogConfig: Setting CVar [[r.TranslucencyLightingVolumeDim:64]]
[2021.11.05-10.58.50:305][  0]LogConfig: Setting CVar [[r.RefractionQuality:2]]
[2021.11.05-10.58.50:305][  0]LogConfig: Setting CVar [[r.SSR.Quality:3]]
[2021.11.05-10.58.50:305][  0]LogConfig: Setting CVar [[r.SSR.HalfResSceneColor:0]]
[2021.11.05-10.58.50:305][  0]LogConfig: Setting CVar [[r.SceneColorFormat:4]]
[2021.11.05-10.58.50:306][  0]LogConfig: Setting CVar [[r.DetailMode:2]]
[2021.11.05-10.58.50:306][  0]LogConfig: Setting CVar [[r.TranslucencyVolumeBlur:1]]
[2021.11.05-10.58.50:306][  0]LogConfig: Setting CVar [[r.MaterialQualityLevel:1 ; High quality]]
[2021.11.05-10.58.50:307][  0]LogConfig: Setting CVar [[r.AnisotropicMaterials:1]]
[2021.11.05-10.58.50:307][  0]LogConfig: Setting CVar [[r.SSS.Scale:1]]
[2021.11.05-10.58.50:307][  0]LogConfig: Setting CVar [[r.SSS.SampleSet:2]]
[2021.11.05-10.58.50:307][  0]LogConfig: Setting CVar [[r.SSS.Quality:1]]
[2021.11.05-10.58.50:308][  0]LogConfig: Setting CVar [[r.SSS.HalfRes:0]]
[2021.11.05-10.58.50:308][  0]LogConfig: Setting CVar [[r.SSGI.Quality:3]]
[2021.11.05-10.58.50:308][  0]LogConfig: Setting CVar [[r.EmitterSpawnRateScale:1.0]]
[2021.11.05-10.58.50:309][  0]LogConfig: Setting CVar [[r.ParticleLightQuality:2]]
[2021.11.05-10.58.50:309][  0]LogConfig: Setting CVar [[r.SkyAtmosphere.AerialPerspectiveLUT.FastApplyOnOpaque:1 ; Always have FastSkyLUT 1 in this case to avoid wrong sky]]
[2021.11.05-10.58.50:309][  0]LogConfig: Setting CVar [[r.SkyAtmosphere.AerialPerspectiveLUT.SampleCountMaxPerSlice:4]]
[2021.11.05-10.58.50:309][  0]LogConfig: Setting CVar [[r.SkyAtmosphere.AerialPerspectiveLUT.DepthResolution:16.0]]
[2021.11.05-10.58.50:310][  0]LogConfig: Setting CVar [[r.SkyAtmosphere.FastSkyLUT:1]]
[2021.11.05-10.58.50:310][  0]LogConfig: Setting CVar [[r.SkyAtmosphere.FastSkyLUT.SampleCountMin:4.0]]
[2021.11.05-10.58.50:310][  0]LogConfig: Setting CVar [[r.SkyAtmosphere.FastSkyLUT.SampleCountMax:128.0]]
[2021.11.05-10.58.50:310][  0]LogConfig: Setting CVar [[r.SkyAtmosphere.SampleCountMin:4.0]]
[2021.11.05-10.58.50:311][  0]LogConfig: Setting CVar [[r.SkyAtmosphere.SampleCountMax:128.0]]
[2021.11.05-10.58.50:311][  0]LogConfig: Setting CVar [[r.SkyAtmosphere.TransmittanceLUT.UseSmallFormat:0]]
[2021.11.05-10.58.50:311][  0]LogConfig: Setting CVar [[r.SkyAtmosphere.TransmittanceLUT.SampleCount:10.0]]
[2021.11.05-10.58.50:311][  0]LogConfig: Setting CVar [[r.SkyAtmosphere.MultiScatteringLUT.SampleCount:15.0]]
[2021.11.05-10.58.50:312][  0]LogConfig: Setting CVar [[r.SkyLight.RealTimeReflectionCapture:1]]
[2021.11.05-10.58.50:312][  0]LogConfig: Applying CVar settings from Section [FoliageQuality@3] File [D:/ue4Project/Netshoot/Netshoot/Saved/Config/Windows/Scalability.ini]
[2021.11.05-10.58.50:312][  0]LogConfig: Setting CVar [[foliage.DensityScale:1.0]]
[2021.11.05-10.58.50:313][  0]LogConfig: Setting CVar [[grass.DensityScale:1.0]]
[2021.11.05-10.58.50:315][  0]LogConfig: Applying CVar settings from Section [ShadingQuality@3] File [D:/ue4Project/Netshoot/Netshoot/Saved/Config/Windows/Scalability.ini]
[2021.11.05-10.58.50:315][  0]LogConfig: Setting CVar [[r.HairStrands.SkyLighting.IntegrationType:2]]
[2021.11.05-10.58.50:316][  0]LogConfig: Setting CVar [[r.HairStrands.SkyAO.SampleCount:4]]
[2021.11.05-10.58.50:316][  0]LogConfig: Setting CVar [[r.HairStrands.Visibility.MSAA.SamplePerPixel:4]]
[2021.11.05-10.58.50:316][  0]LogConfig: Applying CVar settings from Section [Startup] File [../../../Engine/Config/ConsoleVariables.ini]
[2021.11.05-10.58.50:317][  0]LogConfig: Setting CVar [[net.UseAdaptiveNetUpdateFrequency:0]]
[2021.11.05-10.58.50:317][  0]LogConfig: Setting CVar [[p.chaos.AllowCreatePhysxBodies:1]]
[2021.11.05-10.58.50:317][  0]LogConfig: Setting CVar [[fx.SkipVectorVMBackendOptimizations:1]]
[2021.11.05-10.58.50:317][  0]LogConfig: Applying CVar settings from Section [ConsoleVariables] File [D:/ue4Project/Netshoot/Netshoot/Saved/Config/Windows/Engine.ini]
[2021.11.05-10.58.50:317][  0]LogConfig: Applying CVar settings from Section [ConsoleVariables] File [D:/ue4Project/Netshoot/Netshoot/Saved/Config/Windows/Editor.ini]
[2021.11.05-10.58.50:318][  0]LogInit: Computer: DESKTOP-GH4GCSH
[2021.11.05-10.58.50:318][  0]LogInit: User: yanning
[2021.11.05-10.58.50:318][  0]LogInit: CPU Page size=4096, Cores=6
[2021.11.05-10.58.50:318][  0]LogInit: High frequency timer resolution =10.000000 MHz
[2021.11.05-10.58.50:319][  0]LogMemory: Memory total: Physical=15.9GB (16GB approx)
[2021.11.05-10.58.50:319][  0]LogMemory: Platform Memory Stats for Windows
[2021.11.05-10.58.50:319][  0]LogMemory: Process Physical Memory: 134.94 MB used, 134.95 MB peak
[2021.11.05-10.58.50:319][  0]LogMemory: Process Virtual Memory: 113.42 MB used, 113.42 MB peak
[2021.11.05-10.58.50:320][  0]LogMemory: Physical Memory: 4730.09 MB used,  11587.42 MB free, 16317.51 MB total
[2021.11.05-10.58.50:320][  0]LogMemory: Virtual Memory: 134195576.00 MB used,  22151.20 MB free, 134217728.00 MB total
[2021.11.05-10.58.50:325][  0]LogWindows: WindowsPlatformFeatures disabled or dedicated server build
[2021.11.05-10.58.50:356][  0]LogInit: Physics initialised using underlying interface: PhysX
[2021.11.05-10.58.50:356][  0]LogInit: Using OS detected language (zh-CN).
[2021.11.05-10.58.50:357][  0]LogInit: Using OS detected locale (zh-CN).
[2021.11.05-10.58.50:358][  0]LogTextLocalizationManager: No specific localization for 'zh-CN' exists, so the 'zh-Hans' localization will be used.
[2021.11.05-10.58.50:479][  0]LogTextLocalizationResource: LocRes '../../../Engine/Content/Localization/Editor/zh/Editor.locres' could not be opened for reading!
[2021.11.05-10.58.50:480][  0]LogTextLocalizationResource: LocRes '../../../Engine/Content/Localization/EditorTutorials/zh/EditorTutorials.locres' could not be opened for reading!
[2021.11.05-10.58.50:481][  0]LogTextLocalizationResource: LocRes '../../../Engine/Content/Localization/Keywords/zh/Keywords.locres' could not be opened for reading!
[2021.11.05-10.58.50:481][  0]LogTextLocalizationResource: LocRes '../../../Engine/Content/Localization/Category/zh/Category.locres' could not be opened for reading!
[2021.11.05-10.58.50:482][  0]LogTextLocalizationResource: LocRes '../../../Engine/Content/Localization/ToolTips/zh/ToolTips.locres' could not be opened for reading!
[2021.11.05-10.58.50:482][  0]LogTextLocalizationResource: LocRes '../../../Engine/Content/Localization/PropertyNames/zh/PropertyNames.locres' could not be opened for reading!
[2021.11.05-10.58.50:483][  0]LogTextLocalizationResource: LocRes '../../../Engine/Content/Localization/Engine/zh/Engine.locres' could not be opened for reading!
[2021.11.05-10.58.50:483][  0]LogTextLocalizationResource: LocRes '../../../Engine/Plugins/Online/OnlineSubsystem/Content/Localization/OnlineSubsystem/zh/OnlineSubsystem.locres' could not be opened for reading!
[2021.11.05-10.58.50:483][  0]LogTextLocalizationResource: LocRes '../../../Engine/Plugins/Online/OnlineSubsystemUtils/Content/Localization/OnlineSubsystemUtils/zh/OnlineSubsystemUtils.locres' could not be opened for reading!
[2021.11.05-10.58.50:484][  0]LogTextLocalizationResource: LocRes '../../../Engine/Plugins/Online/Android/OnlineSubsystemGooglePlay/Content/Localization/OnlineSubsystemGooglePlay/zh/OnlineSubsystemGooglePlay.locres' could not be opened for reading!
[2021.11.05-10.58.50:484][  0]LogTextLocalizationResource: LocRes '../../../Engine/Plugins/Online/IOS/OnlineSubsystemIOS/Content/Localization/OnlineSubsystemIOS/zh/OnlineSubsystemIOS.locres' could not be opened for reading!
[2021.11.05-10.58.50:735][  0]LogTargetPlatformManager: Display: Loaded TargetPlatform 'AllDesktop'
[2021.11.05-10.58.50:756][  0]LogTargetPlatformManager: Display: Loaded TargetPlatform 'Android'
[2021.11.05-10.58.50:756][  0]LogTargetPlatformManager: Display: Loaded TargetPlatform 'Android_ASTC'
[2021.11.05-10.58.50:756][  0]LogTargetPlatformManager: Display: Loaded TargetPlatform 'Android_DXT'
[2021.11.05-10.58.50:757][  0]LogTargetPlatformManager: Display: Loaded TargetPlatform 'Android_ETC2'
[2021.11.05-10.58.50:757][  0]LogTargetPlatformManager: Display: Loaded TargetPlatform 'AndroidClient'
[2021.11.05-10.58.50:757][  0]LogTargetPlatformManager: Display: Loaded TargetPlatform 'Android_ASTCClient'
[2021.11.05-10.58.50:758][  0]LogTargetPlatformManager: Display: Loaded TargetPlatform 'Android_DXTClient'
[2021.11.05-10.58.50:758][  0]LogTargetPlatformManager: Display: Loaded TargetPlatform 'Android_ETC2Client'
[2021.11.05-10.58.50:758][  0]LogTargetPlatformManager: Display: Loaded TargetPlatform 'Android_Multi'
[2021.11.05-10.58.50:758][  0]LogTargetPlatformManager: Display: Loaded TargetPlatform 'Android_MultiClient'
[2021.11.05-10.58.50:774][  0]LogTargetPlatformManager: Display: Loaded TargetPlatform 'IOSClient'
[2021.11.05-10.58.50:775][  0]LogTargetPlatformManager: Display: Loaded TargetPlatform 'IOS'
[2021.11.05-10.58.50:799][  0]LogTargetPlatformManager: Display: Loaded TargetPlatform 'Lumin'
[2021.11.05-10.58.50:800][  0]LogTargetPlatformManager: Display: Loaded TargetPlatform 'LuminClient'
[2021.11.05-10.58.50:808][  0]LogTargetPlatformManager: Display: Loaded TargetPlatform 'MacNoEditor'
[2021.11.05-10.58.50:812][  0]LogTargetPlatformManager: Display: Loaded TargetPlatform 'Mac'
[2021.11.05-10.58.50:816][  0]LogTargetPlatformManager: Display: Loaded TargetPlatform 'MacClient'
[2021.11.05-10.58.50:819][  0]LogTargetPlatformManager: Display: Loaded TargetPlatform 'MacServer'
[2021.11.05-10.58.50:829][  0]LogTargetPlatformManager: Display: Loaded TargetPlatform 'TVOSClient'
[2021.11.05-10.58.50:829][  0]LogTargetPlatformManager: Display: Loaded TargetPlatform 'TVOS'
[2021.11.05-10.58.50:835][  0]LogTargetPlatformManager: Display: Loaded TargetPlatform 'WindowsNoEditor'
[2021.11.05-10.58.50:837][  0]LogTargetPlatformManager: Display: Loaded TargetPlatform 'Windows'
[2021.11.05-10.58.50:840][  0]LogTargetPlatformManager: Display: Loaded TargetPlatform 'WindowsClient'
[2021.11.05-10.58.50:842][  0]LogTargetPlatformManager: Display: Loaded TargetPlatform 'WindowsServer'
[2021.11.05-10.58.50:842][  0]LogTargetPlatformManager: Display: Building Assets For Windows
[2021.11.05-10.58.50:845][  0]LogAudioDebug: Display: Lib vorbis DLL was dynamically loaded.
[2021.11.05-10.58.50:855][  0]LogTextureFormatOodle: Display: Oodle Texture 2.9.0 init RDO Off
[2021.11.05-10.58.50:866][  0]LogRendererCore: Ray tracing is disabled. Reason: r.RayTracing=0.
[2021.11.05-10.58.50:866][  0]LogShaderCompilers: Guid format shader working directory is 5 characters bigger than the processId version (../../../../../ue4Project/Netshoot/Netshoot/Intermediate/Shaders/WorkingDirectory/1372/).
[2021.11.05-10.58.50:867][  0]LogShaderCompilers: Cleaned the shader compiler working directory 'C:/Users/yanning/AppData/Local/Temp/UnrealShaderWorkingDir/3A2CE1264A1B2CD80C8EBE95E5A711FC/'.
[2021.11.05-10.58.50:867][  0]LogXGEController: Cannot use XGE Controller as Incredibuild is not installed on this machine.
[2021.11.05-10.58.50:868][  0]LogShaderCompilers: Cannot use XGE Shader Compiler as Incredibuild is not installed on this machine.
[2021.11.05-10.58.50:868][  0]LogShaderCompilers: Display: Using Local Shader Compiler.
[2021.11.05-10.58.51:385][  0]LogDerivedDataCache: Display: Max Cache Size: 512 MB
[2021.11.05-10.58.51:440][  0]LogDerivedDataCache: Loaded boot cache 0.05s 79MB ../../../../../ue4Project/Netshoot/Netshoot/DerivedDataCache/Boot.ddc.
[2021.11.05-10.58.51:440][  0]LogDerivedDataCache: Display: Loaded Boot cache: ../../../../../ue4Project/Netshoot/Netshoot/DerivedDataCache/Boot.ddc
[2021.11.05-10.58.51:441][  0]LogDerivedDataCache: FDerivedDataBackendGraph:  Pak pak cache file ../../../../../ue4Project/Netshoot/Netshoot/DerivedDataCache/DDC.ddp not found, will not use a pak cache.
[2021.11.05-10.58.51:442][  0]LogDerivedDataCache: Unable to find inner node Pak for hierarchical cache Hierarchy.
[2021.11.05-10.58.51:442][  0]LogDerivedDataCache: FDerivedDataBackendGraph:  EnginePak pak cache file ../../../Engine/DerivedDataCache/DDC.ddp not found, will not use a pak cache.
[2021.11.05-10.58.51:442][  0]LogDerivedDataCache: Unable to find inner node EnginePak for hierarchical cache Hierarchy.
[2021.11.05-10.58.51:450][  0]LogDerivedDataCache: Speed tests for ../../../Engine/DerivedDataCache took 0.01 seconds
[2021.11.05-10.58.51:450][  0]LogDerivedDataCache: Display: Performance to ../../../Engine/DerivedDataCache: Latency=0.01ms. RandomReadSpeed=1425.03MBs, RandomWriteSpeed=147.98MBs. Assigned SpeedClass 'Local'
[2021.11.05-10.58.51:457][  0]LogDerivedDataCache: Using Local data cache path ../../../Engine/DerivedDataCache: Writable
[2021.11.05-10.58.51:457][  0]LogDerivedDataCache: Shared data cache path not found in *engine.ini, will not use an Shared cache.
[2021.11.05-10.58.51:458][  0]LogDerivedDataCache: Unable to find inner node Shared for hierarchical cache Hierarchy.
[2021.11.05-10.58.51:459][  0]LogInit: Using OS detected language (zh-CN).
[2021.11.05-10.58.51:460][  0]LogInit: Using OS detected locale (zh-CN).
[2021.11.05-10.58.51:461][  0]LogTextLocalizationManager: No localization for 'zh-CN' exists, so 'en' will be used for the language.
[2021.11.05-10.58.51:461][  0]LogTextLocalizationManager: No localization for 'zh-CN' exists, so 'en' will be used for the locale.
[2021.11.05-10.58.51:465][  0]LogAssetRegistry: FAssetRegistry took 0.0018 seconds to start up
[2021.11.05-10.58.51:634][  0]LogTextLocalizationManager: Compacting localization data took   0.00ms
[2021.11.05-10.58.51:634][  0]LogPackageLocalizationCache: Processed 27 localized package path(s) for 1 prioritized culture(s) in 0.012932 seconds
[2021.11.05-10.58.51:701][  0]LogInit: Selected Device Profile: [Windows]
[2021.11.05-10.58.51:702][  0]LogInit: Active device profile: [0000019070BC3A00][000001906B3045C0 49] Windows
[2021.11.05-10.58.51:703][  0]LogInit: Profiles: [0000019070BC3A00][000001906B3045C0 49] Windows, [0000019070B78700][000001906B312880 49] WindowsNoEditor, [0000019070BC0700][000001906B308B00 49] WindowsServer, [0000019070B78E00][000001906B316D80 49] WindowsClient, [0000019070BC0D00][000001906B31F040 49] IOS, [0000019070B7B300][000001906B323300 49] iPadAir, [0000019070BC2E00][000001906FDE95C0 49] iPadAir2, [0000019070B2AB00][000001906FE03B00 49] IPadPro, [0000019070B2AC00][000001906FDEDB40 49] iPadAir3, [0000019070BC2B00][000001906FDFA280 49] iPadAir4, [0000019070B2B800][000001906FDF6540 49] iPadMini2, [0000019070BC0F00][000001906FDFE800 49] iPadMini3, [0000019070B2BB00][000001906FE0CAC0 49] iPadMini4, [0000019070BC0A00][000001906B31AD40 49] iPadMini5, [0000019070B46400][000001906FE25240 49] iPhone6, [0000019070B46500][000001906FE11280 49] iPodTouch6, [0000019070B2AE00][000001906FE2D7C0 49] iPhone7, [0000019070B2B600][000001906FE1D800 49] iPodTouch7, [0000019070B47000][000001906FE21AC0 49] iPhone5S, [0000019070B2A100][000001906FE18200 49] iPhone6Plus, [0000019070B47300][000001906FE284C0 49] iPhone6S, [0000019070B2A800][000001906FE30780 49] iPhone6SPlus, [0000019070B47700][000001906FE34A40 49] iPhone7Plus, [0000019070B2B400][000001906FE38D00 49] iPhoneSE, [0000019070B44900][000001906FE14F80 49] iPhone8, [0000019070B2AD00][000001906FE3D200 49] iPhone8Plus, [0000019070B46300][000001906F7374C0 49] iPhoneX, [0000019070B28300][000001906F73B780 49] iPhoneXS, [0000019070B44600][000001906F73FA40 49] iPhoneXSMax, [0000019070B2BC00][000001906F742180 49] iPhoneXR, [0000019070B44500][000001906F746440 49] iPhone11, [0000019070B28E00][000001906F74A700 49] iPhone11Pro, [0000019070B45F00][000001906F74E9C0 49] iPhone11ProMax, [0000019070B28200][000001906F752C80 49] iPhoneSE2, [0000019070B45700][000001906F756F40 49] iPhone12Mini, [0000019070B29600][000001906F7331C0 49] iPhone12, [0000019070B45C00][000001906F75B440 49] iPhone12Pro, [0000019070B28100][000001906F763700 49] iPhone12ProMax, [0000019070B45A00][000001906F7679C0 49] iPadPro105, [0000019070B29E00][000001906F76A100 49] iPadPro129, [0000019070B46B00][000001906F76E3C0 49] iPadPro97, [0000019070B2BE00][000001906F772680 49] iPadPro2_129, [0000019070B45D00][000001906F776940 49] iPad5, [0000019070B29A00][000001906F77AC00 49] iPad6, [0000019070B46100][000001906F77EEC0 49] iPad7, [0000019070B28900][000001906F783180 49] iPad8, [0000019070B44E00][000001906F75F400 49] iPadPro11, [0000019070B2BF00][000001906F78B6C0 49] iPadPro2_11, [0000019070B44300][000001906F78F980 49] iPadPro3_129, [0000019070B29800][000001906F7920C0 49] iPadPro4_129, [0000019070B45B00][000001906F796380 49] AppleTV, [0000019070B29000][000001906F79A640 49] AppleTV4K, [0000019070B44400][000001906F79E900 49] TVOS, [0000019070B28800][000001906F7A2BC0 49] Mac, [0000019070B47A00][000001906F7A6E80 49] MacClient, [0000019070B2A000][000001906F7AB140 49] MacNoEditor, [0000019070B7BD00][000001906F7873C0 49] MacServer, [0000019070BE9200][000001906F7AF640 49] Linux, [0000019070B78600][000001906F7B7900 49] LinuxAArch64, [0000019070BE9100][000001906F7BBBC0 49] LinuxNoEditor, [0000019070B79600][000001906F7BE300 49] LinuxAArch64NoEditor, [0000019070BE9D00][000001906F7C25C0 49] LinuxClient, [0000019070B79D00][000001906F7C6880 49] LinuxAArch64Client, [0000019070BEB700][000001906F7CAB40 49] LinuxServer, [0000019070B79900][000001906F7CEE00 49] LinuxAArch64Server, [0000019070BEA200][000001906F7D30C0 49] Android, [0000019070B7AF00][000001906F7D7380 49] Android_Low, [0000019070BE8600][000001906F7B3600 49] Android_Mid, [0000019070B7A100][000001906F7DB880 49] Android_High, [0000019070BE8900][000001906F7E3B40 49] Android_Default, [0000019070B7AA00][000001906F7E6280 49] Android_Adreno4xx, [0000019070BEB300][000001906F7EA540 49] Android_Adreno5xx_Low, [0000019070B78900][000001906F7EE800 49] Android_Adreno5xx, [0000019070BEA700][000001906F7F2AC0 49] Android_Adreno6xx, [0000019070B78200][000001906F7F6D80 49] Android_Adreno6xx_Vulkan, [0000019070BE8B00][000001906F7FB040 49] Android_Mali_T6xx, [0000019070B7A900][000001906F7FF300 49] Android_Mali_T7xx, [0000019070BE9300][000001906F8035C0 49] Android_Mali_T8xx, [0000019070B28400][000001906F7DF840 49] Android_Mali_G71, [0000019070BE9400][000001906F807AC0 49] Android_Mali_G72, [0000019070B29B00][000001906F80E200 49] Android_Mali_G72_Vulkan, [0000019070BEB200][000001906F8124C0 49] Android_Mali_G76, [0000019070B2BA00][000001906F816780 49] Android_Mali_G76_Vulkan, [0000019070BEB100][000001906F81AA40 49] Android_Mali_G77, [0000019070B29200][000001906F81ED00 49] Android_Mali_G77_Vulkan, [0000019070BE9800][000001906F822FC0 49] Android_Mali_G78, [0000019070B2B900][000001906F827280 49] Android_Mali_G78_Vulkan, [0000019070BE9900][000001906F82B540 49] Android_Mali_G710, [0000019070B29400][000001906F82F800 49] Android_Mali_G710_Vulkan, [0000019070BEA600][000001906F80BA80 49] Android_Vulkan_SM5, [0000019070B28700][000001906F832180 49] Android_PowerVR_G6xxx, [0000019070BEAA00][000001906F83A440 49] Android_PowerVR_GT7xxx, [0000019070B2B200][000001906F83E700 49] Android_PowerVR_GE8xxx, [0000019070BEAB00][000001906F8429C0 49] Android_PowerVR_GM9xxx, [0000019070B29F00][000001906F846C80 49] Android_PowerVR_GM9xxx_Vulkan, [0000019070BEAC00][000001906F84AF40 49] Android_TegraK1, [0000019070B28500][000001906F84F200 49] Android_Unknown_Vulkan, [0000019070BEAD00][000001906F8534C0 49] Lumin, [0000019070B29100][000001906F857780 49] Lumin_Desktop, [0000019070BE9B00][000001906F85BA40 49] HoloLens, 
[2021.11.05-10.58.51:718][  0]LogMeshReduction: Using QuadricMeshReduction for automatic static mesh reduction
[2021.11.05-10.58.51:718][  0]LogMeshReduction: Using SimplygonMeshReduction for automatic skeletal mesh reduction
[2021.11.05-10.58.51:718][  0]LogMeshReduction: Using ProxyLODMeshReduction for automatic mesh merging
[2021.11.05-10.58.51:719][  0]LogMeshReduction: No distributed automatic mesh merging module available
[2021.11.05-10.58.51:719][  0]LogMeshMerging: No distributed automatic mesh merging module available
[2021.11.05-10.58.51:728][  0]LogNetVersion: Netshoot 1.0.0, NetCL: 0, EngineNetVer: 17, GameNetVer: 0 (Checksum: 2292170303)
[2021.11.05-10.58.51:812][  0]LogTexture: Default maximum texture size for cubemaps generated from long-lat sources has been changed from 512 to unlimited. In order to preserve old behaiour for '/Engine/MapTemplates/Sky/DaylightAmbientCubemap.DaylightAmbientCubemap', its maximum texture size has been explicitly set to 512.
[2021.11.05-10.58.51:825][  0]LogHMD: PokeAHoleMaterial loaded successfully
[2021.11.05-10.58.51:871][  0]LogPython: Using Python 3.7.7
[2021.11.05-10.58.52:278][  0]LogNiagaraDebuggerClient: Niagara Debugger Client Initialized | Session: 15D63F47455D86EAD40D6F97F125E4DD | Instance: AC8469FD4FBFA1AC5FDAB7AA13F5925E (DESKTOP-GH4GCSH-1372).
[2021.11.05-10.58.52:289][  0]LogCollectionManager: Loaded 0 collections in 0.000721 seconds
[2021.11.05-10.58.52:292][  0]LogFileCache: Scanning file cache for directory 'D:/ue4Project/Netshoot/Netshoot/Saved/Collections/' took 0.00s
[2021.11.05-10.58.52:292][  0]LogFileCache: Scanning file cache for directory 'D:/ue4Project/Netshoot/Netshoot/Content/Developers/yanning/Collections/' took 0.00s
[2021.11.05-10.58.52:292][  0]LogFileCache: Scanning file cache for directory 'D:/ue4Project/Netshoot/Netshoot/Content/Collections/' took 0.00s
[2021.11.05-10.58.52:293][  0]LogCollectionManager: Fixed up redirectors for 0 collections in 0.000002 seconds (updated 0 objects)
[2021.11.05-10.58.52:395][  0]SourceControl: Source control is disabled
[2021.11.05-10.58.52:396][  0]SourceControl: Source control is disabled
[2021.11.05-10.58.52:397][  0]SourceControl: Source control is disabled
[2021.11.05-10.58.52:399][  0]LogUProjectInfo: Found projects:
[2021.11.05-10.58.52:432][  0]LogOpenImageDenoise: OIDN starting up
[2021.11.05-10.58.52:445][  0]LogAndroidPermission: UAndroidPermissionCallbackProxy::GetInstance
[2021.11.05-10.58.52:453][  0]LogAudioCaptureCore: Display: No Audio Capture implementations found. Audio input will be silent.
[2021.11.05-10.58.52:453][  0]LogAudioCaptureCore: Display: No Audio Capture implementations found. Audio input will be silent.
[2021.11.05-10.58.52:493][  0]LogOcInput: OculusInput pre-init called
[2021.11.05-10.58.52:501][  0]LogUObjectArray: 21903 objects as part of root set at end of initial load.
[2021.11.05-10.58.52:501][  0]LogUObjectAllocator: 5897856 out of 0 bytes used by permanent object pool.
[2021.11.05-10.58.52:502][  0]LogUObjectArray: CloseDisregardForGC: 0/0 objects in disregard for GC pool
[2021.11.05-10.58.52:531][  0]LogEngine: Initializing Engine...
[2021.11.05-10.58.52:533][  0]LogStats: UGameplayTagsManager::InitializeManager -  0.000 s
[2021.11.05-10.58.52:543][  0]LogInit: Initializing FReadOnlyCVARCache
[2021.11.05-10.58.52:544][  0]LogNetVersion: Set ProjectVersion to 1.0.0.0. Version Checksum will be recalculated on next use.
[2021.11.05-10.58.52:896][  0]LogDerivedDataCache: Saved boot cache 0.35s 79MB ../../../../../ue4Project/Netshoot/Netshoot/DerivedDataCache/Boot.ddc.
[2021.11.05-10.58.52:897][  0]LogInit: Texture streaming: Disabled
[2021.11.05-10.58.53:042][  0]LogInit: Display: Game Engine Initialized.
[2021.11.05-10.58.53:042][  0]LogNiagaraEditor: GEditor isn't valid! Particle reset commands will not work for Niagara components!
[2021.11.05-10.58.53:067][  0]LogInit: Display: Starting Game.
[2021.11.05-10.58.53:124][  0]LogPackageName: SearchForPackageOnDisk took   0.056s to resolve Level_01.umap.
[2021.11.05-10.58.53:124][  0]LogNet: Browse: /Game/Maps/Level_01?Name=Player
[2021.11.05-10.58.53:125][  0]LogLoad: LoadMap: /Game/Maps/Level_01?Name=Player
[2021.11.05-10.58.53:125][  0]LogWorld: BeginTearingDown for /Temp/Untitled_0
[2021.11.05-10.58.53:128][  0]LogWorld: UWorld::CleanupWorld for Untitled, bSessionEnded=true, bCleanupResources=true
[2021.11.05-10.58.53:139][  0]LogUObjectHash: Compacting FUObjectHashTables data took   0.92ms
[2021.11.05-10.58.53:386][  0]LogAIModule: Creating AISystem for world Level_01
[2021.11.05-10.58.53:386][  0]LogLoad: Game class is 'MyGameMode_C'
[2021.11.05-10.58.53:387][  0]LogNet: ReplicationDriverClass is null! Not using ReplicationDriver.
[2021.11.05-10.58.53:387][  0]LogNetCore: DDoS detection status: detection enabled: 0 analytics enabled: 0
[2021.11.05-10.58.53:388][  0]LogInit: WinSock: Socket queue. Rx: 131072 (config 131072) Tx: 131072 (config 131072)
[2021.11.05-10.58.53:388][  0]LogNet: Created socket for bind address: 0.0.0.0 on port 7777
[2021.11.05-10.58.53:388][  0]PacketHandlerLog: Loaded PacketHandler component: Engine.EngineHandlerComponentFactory (StatelessConnectHandlerComponent)
[2021.11.05-10.58.53:389][  0]LogNet: GameNetDriver IpNetDriver_0 IpNetDriver listening on port 7777
[2021.11.05-10.58.53:395][  0]LogWorld: Bringing World /Game/Maps/Level_01.Level_01 up for play (max tick rate 30) at 2021.11.05-18.58.53
[2021.11.05-10.58.53:395][  0]LogWorld: Bringing up level for play took: 0.004348
[2021.11.05-10.58.53:395][  0]LogGameMode: Display: Match State Changed from EnteringMap to WaitingToStart
[2021.11.05-10.58.53:396][  0]LogGameState: Match State Changed from EnteringMap to WaitingToStart
[2021.11.05-10.58.53:396][  0]LogLoad: Took 0.270588 seconds to LoadMap(/Game/Maps/Level_01)
[2021.11.05-10.58.53:401][  0]LogInit: Display: Engine is initialized. Leaving FEngineLoop::Init()
[2021.11.05-10.58.53:401][  0]LogLoad: (Engine Initialization) Total time: 4.32 seconds
[2021.11.05-10.58.53:401][  0]LogLoad: (Engine Initialization) Total Blueprint compile time: 0.00 seconds
[2021.11.05-10.58.53:668][  7]LogNet: NotifyAcceptingConnection accepted from: 127.0.0.1:50771
[2021.11.05-10.58.53:668][  7]LogHandshake: SendConnectChallenge. Timestamp: 0.266274, Cookie: 139189207038128063222128042011167056015152065033123233165132
[2021.11.05-10.58.53:701][  8]LogNet: NotifyAcceptingConnection accepted from: 127.0.0.1:50771
[2021.11.05-10.58.53:701][  8]LogHandshake: SendChallengeAck. InCookie: 139189207038128063222128042011167056015152065033123233165132
[2021.11.05-10.58.53:701][  8]LogNet: Server accepting post-challenge connection from: 127.0.0.1:50771
[2021.11.05-10.58.53:702][  8]PacketHandlerLog: Loaded PacketHandler component: Engine.EngineHandlerComponentFactory (StatelessConnectHandlerComponent)
[2021.11.05-10.58.53:702][  8]LogNet: NotifyAcceptedConnection: Name: Level_01, TimeStamp: 11/05/21 18:58:53, [UNetConnection] RemoteAddr: 127.0.0.1:50771, Name: IpConnection_0, Driver: GameNetDriver IpNetDriver_0, IsServer: YES, PC: NULL, Owner: NULL, UniqueId: INVALID
[2021.11.05-10.58.53:703][  8]LogNet: AddClientConnection: Added client connection: [UNetConnection] RemoteAddr: 127.0.0.1:50771, Name: IpConnection_0, Driver: GameNetDriver IpNetDriver_0, IsServer: YES, PC: NULL, Owner: NULL, UniqueId: INVALID
[2021.11.05-10.58.53:703][  8]LogNet: NotifyAcceptingChannel Control 0 server World /Game/Maps/Level_01.Level_01: Accepted
[2021.11.05-10.58.53:703][  8]LogNet: Remote platform little endian=1
[2021.11.05-10.58.53:704][  8]LogNet: This platform little endian=1
[2021.11.05-10.58.53:705][  8]LogNetVersion: Netshoot 1.0.0.0, NetCL: 0, EngineNetVer: 17, GameNetVer: 0 (Checksum: 3847081628)
[2021.11.05-10.58.53:734][  9]LogNet: Login request: ?Name=DESKTOP-GH4GCSH-E0BD4A784E69D9354C6DE8A98AC45E9B userId: NULL:DESKTOP-GH4GCSH-E0BD4A784E69D9354C6DE8A98AC45E9B platform: NULL
[2021.11.05-10.58.53:999][ 17]LogNet: Client netspeed is 100000
[2021.11.05-10.58.53:999][ 17]LogNet: Join request: /Engine/Maps/Entry?Name=DESKTOP-GH4GCSH-E0BD4A784E69D9354C6DE8A98AC45E9B?SplitscreenCount=1
[2021.11.05-10.58.54:001][ 17]LogScript: Warning: Script Msg: MyPlayerController_C_0 自定义事件_0 SetTimer passed a negative or zero time. The associated timer may fail to be created/fire! If using InitialStartDelayVariance, be sure it is smaller than (Time + InitialStartDelay).
[2021.11.05-10.58.54:001][ 17]LogOnlineSession: Warning: OSS: No game present to join for session (GameSession)
[2021.11.05-10.58.54:003][ 17]LogGameMode: Display: Match State Changed from WaitingToStart to InProgress
[2021.11.05-10.58.54:005][ 17]LogGameState: Match State Changed from WaitingToStart to InProgress
[2021.11.05-10.58.54:005][ 17]LogNet: Join succeeded: DESKTOP-GH4GCSH-E0BD
[2021.11.05-10.59.01:347][237]LogNet: NotifyAcceptingConnection accepted from: 127.0.0.1:50598
[2021.11.05-10.59.01:347][237]LogHandshake: SendConnectChallenge. Timestamp: 7.945713, Cookie: 230102202143047126019115110124196186151110049134014176236246
[2021.11.05-10.59.01:380][238]LogNet: NotifyAcceptingConnection accepted from: 127.0.0.1:50598
[2021.11.05-10.59.01:380][238]LogHandshake: SendChallengeAck. InCookie: 230102202143047126019115110124196186151110049134014176236246
[2021.11.05-10.59.01:381][238]LogNet: Server accepting post-challenge connection from: 127.0.0.1:50598
[2021.11.05-10.59.01:382][238]PacketHandlerLog: Loaded PacketHandler component: Engine.EngineHandlerComponentFactory (StatelessConnectHandlerComponent)
[2021.11.05-10.59.01:382][238]LogNet: NotifyAcceptedConnection: Name: Level_01, TimeStamp: 11/05/21 18:59:01, [UNetConnection] RemoteAddr: 127.0.0.1:50598, Name: IpConnection_1, Driver: GameNetDriver IpNetDriver_0, IsServer: YES, PC: NULL, Owner: NULL, UniqueId: INVALID
[2021.11.05-10.59.01:382][238]LogNet: AddClientConnection: Added client connection: [UNetConnection] RemoteAddr: 127.0.0.1:50598, Name: IpConnection_1, Driver: GameNetDriver IpNetDriver_0, IsServer: YES, PC: NULL, Owner: NULL, UniqueId: INVALID
[2021.11.05-10.59.01:414][239]LogNet: NotifyAcceptingChannel Control 0 server World /Game/Maps/Level_01.Level_01: Accepted
[2021.11.05-10.59.01:414][239]LogNet: Remote platform little endian=1
[2021.11.05-10.59.01:415][239]LogNet: This platform little endian=1
[2021.11.05-10.59.01:448][240]LogNet: Login request: ?Name=DESKTOP-GH4GCSH-CEB054B04099BF126B59D08008257CF7 userId: NULL:DESKTOP-GH4GCSH-CEB054B04099BF126B59D08008257CF7 platform: NULL
[2021.11.05-10.59.01:748][249]LogNet: Client netspeed is 100000
[2021.11.05-10.59.01:749][249]LogNet: Join request: /Engine/Maps/Entry?Name=DESKTOP-GH4GCSH-CEB054B04099BF126B59D08008257CF7?SplitscreenCount=1
[2021.11.05-10.59.01:751][249]LogScript: Warning: Script Msg: MyPlayerController_C_1 自定义事件_0 SetTimer passed a negative or zero time. The associated timer may fail to be created/fire! If using InitialStartDelayVariance, be sure it is smaller than (Time + InitialStartDelay).
[2021.11.05-10.59.01:751][249]LogOnlineSession: Warning: OSS: No game present to join for session (GameSession)
[2021.11.05-10.59.01:755][249]LogNet: Join succeeded: DESKTOP-GH4GCSH-CEB0
[2021.11.05-11.00.00:667][  7]LogNet: UChannel::ReceivedSequencedBunch: Bunch.bClose == true. ChIndex == 0. Calling ConditionalCleanUp.
[2021.11.05-11.00.00:667][  7]LogNet: UChannel::CleanUp: ChIndex == 0. Closing connection. [UChannel] ChIndex: 0, Closing: 0 [UNetConnection] RemoteAddr: 127.0.0.1:50598, Name: IpConnection_1, Driver: GameNetDriver IpNetDriver_0, IsServer: YES, PC: MyPlayerController_C_1, Owner: MyPlayerController_C_1, UniqueId: NULL:DESKTOP-GH4GCSH-CEB054B04099BF126B59D08008257CF7
[2021.11.05-11.00.00:668][  7]LogNet: UNetConnection::Close: [UNetConnection] RemoteAddr: 127.0.0.1:50598, Name: IpConnection_1, Driver: GameNetDriver IpNetDriver_0, IsServer: YES, PC: MyPlayerController_C_1, Owner: MyPlayerController_C_1, UniqueId: NULL:DESKTOP-GH4GCSH-CEB054B04099BF126B59D08008257CF7, Channels: 22, Time: 2021.11.05-11.00.00
[2021.11.05-11.00.00:669][  7]LogNet: UChannel::Close: Sending CloseBunch. ChIndex == 0. Name: [UChannel] ChIndex: 0, Closing: 0 [UNetConnection] RemoteAddr: 127.0.0.1:50598, Name: IpConnection_1, Driver: GameNetDriver IpNetDriver_0, IsServer: YES, PC: MyPlayerController_C_1, Owner: MyPlayerController_C_1, UniqueId: NULL:DESKTOP-GH4GCSH-CEB054B04099BF126B59D08008257CF7
[2021.11.05-11.00.00:670][  7]LogOnlineSession: Warning: OSS: No game present to leave for session (GameSession)
[2021.11.05-11.00.02:973][ 76]LogNet: UChannel::ReceivedSequencedBunch: Bunch.bClose == true. ChIndex == 0. Calling ConditionalCleanUp.
[2021.11.05-11.00.02:974][ 76]LogNet: UChannel::CleanUp: ChIndex == 0. Closing connection. [UChannel] ChIndex: 0, Closing: 0 [UNetConnection] RemoteAddr: 127.0.0.1:50771, Name: IpConnection_0, Driver: GameNetDriver IpNetDriver_0, IsServer: YES, PC: MyPlayerController_C_0, Owner: MyPlayerController_C_0, UniqueId: NULL:DESKTOP-GH4GCSH-E0BD4A784E69D9354C6DE8A98AC45E9B
[2021.11.05-11.00.02:975][ 76]LogNet: UNetConnection::Close: [UNetConnection] RemoteAddr: 127.0.0.1:50771, Name: IpConnection_0, Driver: GameNetDriver IpNetDriver_0, IsServer: YES, PC: MyPlayerController_C_0, Owner: MyPlayerController_C_0, UniqueId: NULL:DESKTOP-GH4GCSH-E0BD4A784E69D9354C6DE8A98AC45E9B, Channels: 19, Time: 2021.11.05-11.00.02
[2021.11.05-11.00.02:976][ 76]LogNet: UChannel::Close: Sending CloseBunch. ChIndex == 0. Name: [UChannel] ChIndex: 0, Closing: 0 [UNetConnection] RemoteAddr: 127.0.0.1:50771, Name: IpConnection_0, Driver: GameNetDriver IpNetDriver_0, IsServer: YES, PC: MyPlayerController_C_0, Owner: MyPlayerController_C_0, UniqueId: NULL:DESKTOP-GH4GCSH-E0BD4A784E69D9354C6DE8A98AC45E9B
[2021.11.05-11.00.02:976][ 76]LogOnlineSession: Warning: OSS: No game present to leave for session (GameSession)
