Log file open, 11/05/21 18:44:44
LogWindows: Failed to load 'aqProf.dll' (GetLastError=126)
LogWindows: File 'aqProf.dll' does not exist
LogWindows: Failed to load 'VtuneApi.dll' (GetLastError=126)
LogWindows: File 'VtuneApi.dll' does not exist
LogWindows: Failed to load 'VtuneApi32e.dll' (GetLastError=126)
LogWindows: File 'VtuneApi32e.dll' does not exist
LogConsoleResponse: Display: Failed to find resolution value strings in scalability ini. Falling back to default.
LogConsoleResponse: Display: Failed to find resolution value strings in scalability ini. Falling back to default.
LogInit: Display: Running engine for game: Netshoot
LogPlatformFile: Not using cached read wrapper
LogTaskGraph: Started task graph with 5 named threads and 17 total threads with 3 sets of task threads.
LogStats: Stats thread started at 0.123791
LogICUInternationalization: ICU TimeZone Detection - Raw Offset: +8:00, Platform Override: ''
LogInit: Display: Loading text-based GConfig....
LogPluginManager: Mounting plugin MeshPainting
LogPluginManager: Mounting plugin XGEController
LogPluginManager: Mounting plugin Paper2D
LogPluginManager: Mounting plugin AISupport
LogPluginManager: Mounting plugin EnvironmentQueryEditor
LogPluginManager: Mounting plugin LiveLink
LogPluginManager: Mounting plugin LightPropagationVolume
LogPluginManager: Mounting plugin CameraShakePreviewer
LogPluginManager: Mounting plugin GameplayCameras
LogPluginManager: Mounting plugin OodleData
LogPluginManager: Mounting plugin OodleNetwork
LogPluginManager: Mounting plugin AnimationSharing
LogPluginManager: Mounting plugin CLionSourceCodeAccess
LogPluginManager: Mounting plugin CodeLiteSourceCodeAccess
LogPluginManager: Mounting plugin GitSourceControl
LogPluginManager: Mounting plugin KDevelopSourceCodeAccess
LogPluginManager: Mounting plugin NullSourceCodeAccess
LogPluginManager: Mounting plugin PerforceSourceControl
LogPluginManager: Mounting plugin PixWinPlugin
LogPluginManager: Mounting plugin PlasticSourceControl
LogPluginManager: Mounting plugin PluginUtils
LogPluginManager: Mounting plugin PropertyAccessNode
LogPluginManager: Mounting plugin RiderSourceCodeAccess
LogPluginManager: Mounting plugin SubversionSourceControl
LogPluginManager: Mounting plugin TextureFormatOodle
LogPluginManager: Mounting plugin UObjectPlugin
LogPluginManager: Mounting plugin VisualStudioCodeSourceCodeAccess
LogPluginManager: Mounting plugin VisualStudioSourceCodeAccess
LogPluginManager: Mounting plugin XCodeSourceCodeAccess
LogPluginManager: Mounting plugin AssetManagerEditor
LogPluginManager: Mounting plugin CryptoKeys
LogPluginManager: Mounting plugin CurveEditorTools
LogPluginManager: Mounting plugin DataValidation
LogPluginManager: Mounting plugin FacialAnimation
LogPluginManager: Mounting plugin GameplayTagsEditor
LogPluginManager: Mounting plugin GeometryMode
LogPluginManager: Mounting plugin MacGraphicsSwitching
LogPluginManager: Mounting plugin MaterialAnalyzer
LogPluginManager: Mounting plugin MobileLauncherProfileWizard
LogPluginManager: Mounting plugin PluginBrowser
LogPluginManager: Mounting plugin SpeedTreeImporter
LogPluginManager: Mounting plugin DatasmithContent
LogPluginManager: Mounting plugin VariantManagerContent
LogPluginManager: Mounting plugin AlembicImporter
LogPluginManager: Mounting plugin AutomationUtils
LogPluginManager: Mounting plugin BackChannel
LogPluginManager: Mounting plugin ChaosCloth
LogPluginManager: Mounting plugin ChaosClothEditor
LogPluginManager: Mounting plugin ChaosEditor
LogPluginManager: Mounting plugin ChaosNiagara
LogPluginManager: Mounting plugin ChaosSolverPlugin
LogPluginManager: Mounting plugin CharacterAI
LogPluginManager: Mounting plugin GeometryCache
LogPluginManager: Mounting plugin GeometryCollectionPlugin
LogPluginManager: Mounting plugin GeometryProcessing
LogPluginManager: Mounting plugin MotoSynth
LogPluginManager: Mounting plugin OpenImageDenoise
LogPluginManager: Mounting plugin PlanarCut
LogPluginManager: Mounting plugin PlatformCrypto
LogPluginManager: Mounting plugin ProxyLODPlugin
LogPluginManager: Mounting plugin PythonScriptPlugin
LogPluginManager: Mounting plugin SkeletalReduction
LogPluginManager: Mounting plugin Niagara
LogPluginManager: Mounting plugin LuminPlatformFeatures
LogPluginManager: Mounting plugin MagicLeap
LogPluginManager: Mounting plugin MagicLeapLightEstimation
LogPluginManager: Mounting plugin MagicLeapMedia
LogPluginManager: Mounting plugin MagicLeapPassableWorld
LogPluginManager: Mounting plugin MLSDK
LogPluginManager: Mounting plugin AndroidMedia
LogPluginManager: Mounting plugin AvfMedia
LogPluginManager: Mounting plugin ImgMedia
LogPluginManager: Mounting plugin MediaCompositing
LogPluginManager: Mounting plugin MediaPlayerEditor
LogPluginManager: Mounting plugin WebMMedia
LogPluginManager: Mounting plugin WmfMedia
LogPluginManager: Mounting plugin TcpMessaging
LogPluginManager: Mounting plugin UdpMessaging
LogPluginManager: Mounting plugin ActorSequence
LogPluginManager: Mounting plugin LevelSequenceEditor
LogPluginManager: Mounting plugin MatineeToLevelSequence
LogPluginManager: Mounting plugin TemplateSequence
LogPluginManager: Mounting plugin OnlineSubsystem
LogPluginManager: Mounting plugin OnlineSubsystemNull
LogPluginManager: Mounting plugin OnlineSubsystemUtils
LogPluginManager: Mounting plugin LauncherChunkInstaller
LogPluginManager: Mounting plugin ActorLayerUtilities
LogPluginManager: Mounting plugin AndroidDeviceProfileSelector
LogPluginManager: Mounting plugin AndroidMoviePlayer
LogPluginManager: Mounting plugin AndroidPermission
LogPluginManager: Mounting plugin AppleImageUtils
LogPluginManager: Mounting plugin AppleMoviePlayer
LogPluginManager: Mounting plugin ArchVisCharacter
LogPluginManager: Mounting plugin AssetTags
LogPluginManager: Mounting plugin AudioCapture
LogPluginManager: Mounting plugin AudioSynesthesia
LogPluginManager: Mounting plugin CableComponent
LogPluginManager: Mounting plugin ChunkDownloader
LogPluginManager: Mounting plugin CustomMeshComponent
LogPluginManager: Mounting plugin EditableMesh
LogPluginManager: Mounting plugin ExampleDeviceProfileSelector
LogPluginManager: Mounting plugin GoogleCloudMessaging
LogPluginManager: Mounting plugin GooglePAD
LogPluginManager: Mounting plugin IOSDeviceProfileSelector
LogPluginManager: Mounting plugin LinuxDeviceProfileSelector
LogPluginManager: Mounting plugin LocationServicesBPLibrary
LogPluginManager: Mounting plugin MobilePatchingUtils
LogPluginManager: Mounting plugin OpenXR
LogPluginManager: Mounting plugin OpenXREyeTracker
LogPluginManager: Mounting plugin OpenXRHandTracking
LogPluginManager: Mounting plugin PhysXVehicles
LogPluginManager: Mounting plugin PostSplashScreen
LogPluginManager: Mounting plugin ProceduralMeshComponent
LogPluginManager: Mounting plugin PropertyAccessEditor
LogPluginManager: Mounting plugin RuntimePhysXCooking
LogPluginManager: Mounting plugin SignificanceManager
LogPluginManager: Mounting plugin SoundFields
LogPluginManager: Mounting plugin Synthesis
LogPluginManager: Mounting plugin WebMMoviePlayer
LogPluginManager: Mounting plugin WindowsMoviePlayer
LogPluginManager: Mounting plugin ScreenshotTools
LogPluginManager: Mounting plugin Takes
LogPluginManager: Mounting plugin ContentBrowserAssetDataSource
LogPluginManager: Mounting plugin ContentBrowserClassDataSource
LogPluginManager: Mounting plugin ContentBrowserFileDataSource
LogPluginManager: Mounting plugin OnlineSubsystemGooglePlay
LogPluginManager: Mounting plugin OnlineSubsystemIOS
LogPluginManager: Mounting plugin OculusVR
LogPluginManager: Mounting plugin SteamVR
PixWinPlugin: PIX capture plugin failed to initialize! Check that the process is launched from PIX.
LogInit: Using libcurl 7.55.1-DEV
LogInit:  - built for x86_64-pc-win32
LogInit:  - supports SSL with OpenSSL/1.1.1
LogInit:  - supports HTTP deflate (compression) using libz 1.2.8
LogInit:  - other features:
LogInit:      CURL_VERSION_SSL
LogInit:      CURL_VERSION_LIBZ
LogInit:      CURL_VERSION_IPV6
LogInit:      CURL_VERSION_ASYNCHDNS
LogInit:      CURL_VERSION_LARGEFILE
LogInit:      CURL_VERSION_IDN
LogInit:  CurlRequestOptions (configurable via config and command line):
LogInit:  - bVerifyPeer = true  - Libcurl will verify peer certificate
LogInit:  - bUseHttpProxy = false  - Libcurl will NOT use HTTP proxy
LogInit:  - bDontReuseConnections = false  - Libcurl will reuse connections
LogInit:  - MaxHostConnections = 16  - Libcurl will limit the number of connections to a host
LogInit:  - LocalHostAddr = Default
LogInit:  - BufferSize = 65536
LogOnline: Warning: OSS: TryLoadSubsystemAndSetDefault: LoadSubsystemModule([Steam]) failed
LogOnline: OSS: Creating online subsystem instance for: NULL
LogInit: WinSock: version 1.1 (2.2), MaxSocks=32767, MaxUdp=65467
LogOnline: OSS: TryLoadSubsystemAndSetDefault: Loaded subsystem for module [NULL]
LogInit: Build: ++UE4+Release-4.27-CL-0
LogInit: Engine Version: 4.27.0-0+++UE4+Release-4.27
LogInit: Compatible Engine Version: 4.27.0-0+++UE4+Release-4.27
LogInit: Net CL: 0
LogInit: OS: Windows 10 (Release 2009) (), CPU: Intel(R) Core(TM) i5-8400 CPU @ 2.80GHz, GPU: NVIDIA GeForce GTX 1060 6GB
LogInit: Compiled (64-bit): Oct 12 2021 09:26:09
LogInit: Compiled with Visual C++: 19.29.30136.00
LogInit: Build Configuration: Development
LogInit: Branch Name: ++UE4+Release-4.27
LogInit: Command Line:  Level_01 -server -log -nosteam
LogInit: Base Directory: D:/ue4code/UnrealEngine/Engine/Binaries/Win64/
LogInit: Allocator: TBB
LogInit: Installed Engine Build: 0
LogDevObjectVersion: Number of dev versions registered: 29
LogDevObjectVersion:   Dev-Blueprints (B0D832E4-1F89-4F0D-ACCF-7EB736FD4AA2): 10
LogDevObjectVersion:   Dev-Build (E1C64328-A22C-4D53-A36C-8E866417BD8C): 0
LogDevObjectVersion:   Dev-Core (375EC13C-06E4-48FB-B500-84F0262A717E): 4
LogDevObjectVersion:   Dev-Editor (E4B068ED-F494-42E9-A231-DA0B2E46BB41): 40
LogDevObjectVersion:   Dev-Framework (CFFC743F-43B0-4480-9391-14DF171D2073): 37
LogDevObjectVersion:   Dev-Mobile (B02B49B5-BB20-44E9-A304-32B752E40360): 3
LogDevObjectVersion:   Dev-Networking (A4E4105C-59A1-49B5-A7C5-40C4547EDFEE): 0
LogDevObjectVersion:   Dev-Online (39C831C9-5AE6-47DC-9A44-9C173E1C8E7C): 0
LogDevObjectVersion:   Dev-Physics (78F01B33-EBEA-4F98-B9B4-84EACCB95AA2): 14
LogDevObjectVersion:   Dev-Platform (6631380F-2D4D-43E0-8009-CF276956A95A): 0
LogDevObjectVersion:   Dev-Rendering (12F88B9F-8875-4AFC-A67C-D90C383ABD29): 45
LogDevObjectVersion:   Dev-Sequencer (7B5AE74C-D270-4C10-A958-57980B212A5A): 13
LogDevObjectVersion:   Dev-VR (D7296918-1DD6-4BDD-9DE2-64A83CC13884): 3
LogDevObjectVersion:   Dev-LoadTimes (C2A15278-BFE7-4AFE-6C17-90FF531DF755): 1
LogDevObjectVersion:   Private-Geometry (6EACA3D4-40EC-4CC1-B786-8BED09428FC5): 3
LogDevObjectVersion:   Dev-AnimPhys (29E575DD-E0A3-4627-9D10-D276232CDCEA): 17
LogDevObjectVersion:   Dev-Anim (AF43A65D-7FD3-4947-9873-3E8ED9C1BB05): 15
LogDevObjectVersion:   Dev-ReflectionCapture (6B266CEC-1EC7-4B8F-A30B-E4D90942FC07): 1
LogDevObjectVersion:   Dev-Automation (0DF73D61-A23F-47EA-B727-89E90C41499A): 1
LogDevObjectVersion:   FortniteMain (601D1886-AC64-4F84-AA16-D3DE0DEAC7D6): 47
LogDevObjectVersion:   FortniteRelease (E7086368-6B23-4C58-8439-1B7016265E91): 1
LogDevObjectVersion:   Dev-Enterprise (9DFFBCD6-494F-0158-E221-12823C92A888): 10
LogDevObjectVersion:   Dev-Niagara (F2AED0AC-9AFE-416F-8664-AA7FFA26D6FC): 1
LogDevObjectVersion:   Dev-Destruction (174F1F0B-B4C6-45A5-B13F-2EE8D0FB917D): 10
LogDevObjectVersion:   Dev-Physics-Ext (35F94A83-E258-406C-A318-09F59610247C): 41
LogDevObjectVersion:   Dev-PhysicsMaterial-Chaos (B68FC16E-8B1B-42E2-B453-215C058844FE): 1
LogDevObjectVersion:   Dev-CineCamera (B2E18506-4273-CFC2-A54E-F4BB758BBA07): 1
LogDevObjectVersion:   Dev-VirtualProduction (64F58936-FD1B-42BA-BA96-7289D5D0FA4E): 1
LogDevObjectVersion:   Dev-MediaFramework (6F0ED827-A609-4895-9C91-998D90180EA4): 2
LogInit: Presizing for max 25165824 objects, including 0 objects not considered by GC, pre-allocating 0 bytes for permanent pool.
LogConfig: Applying CVar settings from Section [/Script/Engine.StreamingSettings] File [D:/ue4Project/Netshoot/Netshoot/Saved/Config/Windows/Engine.ini]
LogConfig: Setting CVar [[s.MinBulkDataSizeForAsyncLoading:131072]]
LogConfig: Setting CVar [[s.AsyncLoadingThreadEnabled:0]]
LogConfig: Setting CVar [[s.EventDrivenLoaderEnabled:1]]
LogConfig: Setting CVar [[s.WarnIfTimeLimitExceeded:0]]
LogConfig: Setting CVar [[s.TimeLimitExceededMultiplier:1.5]]
LogConfig: Setting CVar [[s.TimeLimitExceededMinTime:0.005]]
LogConfig: Setting CVar [[s.UseBackgroundLevelStreaming:1]]
LogConfig: Setting CVar [[s.PriorityAsyncLoadingExtraTime:15.0]]
LogConfig: Setting CVar [[s.LevelStreamingActorsUpdateTimeLimit:5.0]]
LogConfig: Setting CVar [[s.PriorityLevelStreamingActorsUpdateExtraTime:5.0]]
LogConfig: Setting CVar [[s.LevelStreamingComponentsRegistrationGranularity:10]]
LogConfig: Setting CVar [[s.UnregisterComponentsTimeLimit:1.0]]
LogConfig: Setting CVar [[s.LevelStreamingComponentsUnregistrationGranularity:5]]
LogConfig: Setting CVar [[s.FlushStreamingOnExit:1]]
LogInit: Object subsystem initialized
LogConfig: Setting CVar [[con.DebugEarlyDefault:1]]
LogConfig: Setting CVar [[r.setres:1280x720]]
[2021.11.05-10.44.45:019][  0]LogConfig: Setting CVar [[con.DebugEarlyDefault:1]]
[2021.11.05-10.44.45:019][  0]LogConfig: Setting CVar [[r.setres:1280x720]]
[2021.11.05-10.44.45:020][  0]LogConfig: Applying CVar settings from Section [/Script/Engine.RendererSettings] File [D:/ue4Project/Netshoot/Netshoot/Saved/Config/Windows/Engine.ini]
[2021.11.05-10.44.45:020][  0]LogConfig: Setting CVar [[r.GPUCrashDebugging:0]]
[2021.11.05-10.44.45:020][  0]LogConfig: Setting CVar [[r.MobileHDR:1]]
[2021.11.05-10.44.45:021][  0]LogConfig: Setting CVar [[r.AllowOcclusionQueries:1]]
[2021.11.05-10.44.45:021][  0]LogConfig: Setting CVar [[r.MinScreenRadiusForLights:0.030000]]
[2021.11.05-10.44.45:021][  0]LogConfig: Setting CVar [[r.MinScreenRadiusForDepthPrepass:0.030000]]
[2021.11.05-10.44.45:022][  0]LogConfig: Setting CVar [[r.PrecomputedVisibilityWarning:0]]
[2021.11.05-10.44.45:023][  0]LogConfig: Setting CVar [[r.TextureStreaming:1]]
[2021.11.05-10.44.45:024][  0]LogConfig: Setting CVar [[Compat.UseDXT5NormalMaps:0]]
[2021.11.05-10.44.45:024][  0]LogConfig: Setting CVar [[r.AllowStaticLighting:1]]
[2021.11.05-10.44.45:024][  0]LogConfig: Setting CVar [[r.NormalMapsForStaticLighting:0]]
[2021.11.05-10.44.45:025][  0]LogConfig: Setting CVar [[r.GenerateMeshDistanceFields:1]]
[2021.11.05-10.44.45:025][  0]LogConfig: Setting CVar [[r.TessellationAdaptivePixelsPerTriangle:48.000000]]
[2021.11.05-10.44.45:025][  0]LogConfig: Setting CVar [[r.SeparateTranslucency:1]]
[2021.11.05-10.44.45:025][  0]LogConfig: Setting CVar [[r.CustomDepth:1]]
[2021.11.05-10.44.45:026][  0]LogConfig: Setting CVar [[r.DefaultFeature.Bloom:1]]
[2021.11.05-10.44.45:026][  0]LogConfig: Setting CVar [[r.DefaultFeature.AmbientOcclusion:1]]
[2021.11.05-10.44.45:026][  0]LogConfig: Setting CVar [[r.DefaultFeature.AmbientOcclusionStaticFraction:1]]
[2021.11.05-10.44.45:026][  0]LogConfig: Setting CVar [[r.DefaultFeature.AutoExposure:1]]
[2021.11.05-10.44.45:027][  0]LogConfig: Setting CVar [[r.DefaultFeature.MotionBlur:1]]
[2021.11.05-10.44.45:027][  0]LogConfig: Setting CVar [[r.DefaultFeature.LensFlare:1]]
[2021.11.05-10.44.45:027][  0]LogConfig: Setting CVar [[r.DefaultFeature.AntiAliasing:2]]
[2021.11.05-10.44.45:027][  0]LogConfig: Setting CVar [[r.EarlyZPass:3]]
[2021.11.05-10.44.45:028][  0]LogConfig: Setting CVar [[r.DBuffer:0]]
[2021.11.05-10.44.45:028][  0]LogConfig: Setting CVar [[r.ClearSceneMethod:1]]
[2021.11.05-10.44.45:028][  0]LogConfig: Setting CVar [[r.MSAA.CompositingSampleCount:4]]
[2021.11.05-10.44.45:028][  0]LogConfig: Setting CVar [[r.WireframeCullThreshold:5.000000]]
[2021.11.05-10.44.45:029][  0]LogConfig: Applying CVar settings from Section [/Script/Engine.RendererOverrideSettings] File [D:/ue4Project/Netshoot/Netshoot/Saved/Config/Windows/Engine.ini]
[2021.11.05-10.44.45:029][  0]LogConfig: Applying CVar settings from Section [/Script/Engine.StreamingSettings] File [D:/ue4Project/Netshoot/Netshoot/Saved/Config/Windows/Engine.ini]
[2021.11.05-10.44.45:029][  0]LogConfig: Setting CVar [[s.MinBulkDataSizeForAsyncLoading:131072]]
[2021.11.05-10.44.45:030][  0]LogConfig: Setting CVar [[s.AsyncLoadingThreadEnabled:0]]
[2021.11.05-10.44.45:030][  0]LogConfig: Setting CVar [[s.EventDrivenLoaderEnabled:1]]
[2021.11.05-10.44.45:030][  0]LogConfig: Setting CVar [[s.WarnIfTimeLimitExceeded:0]]
[2021.11.05-10.44.45:030][  0]LogConfig: Setting CVar [[s.TimeLimitExceededMultiplier:1.5]]
[2021.11.05-10.44.45:031][  0]LogConfig: Setting CVar [[s.TimeLimitExceededMinTime:0.005]]
[2021.11.05-10.44.45:031][  0]LogConfig: Setting CVar [[s.UseBackgroundLevelStreaming:1]]
[2021.11.05-10.44.45:031][  0]LogConfig: Setting CVar [[s.PriorityAsyncLoadingExtraTime:15.0]]
[2021.11.05-10.44.45:031][  0]LogConfig: Setting CVar [[s.LevelStreamingActorsUpdateTimeLimit:5.0]]
[2021.11.05-10.44.45:032][  0]LogConfig: Setting CVar [[s.PriorityLevelStreamingActorsUpdateExtraTime:5.0]]
[2021.11.05-10.44.45:032][  0]LogConfig: Setting CVar [[s.LevelStreamingComponentsRegistrationGranularity:10]]
[2021.11.05-10.44.45:032][  0]LogConfig: Setting CVar [[s.UnregisterComponentsTimeLimit:1.0]]
[2021.11.05-10.44.45:032][  0]LogConfig: Setting CVar [[s.LevelStreamingComponentsUnregistrationGranularity:5]]
[2021.11.05-10.44.45:033][  0]LogConfig: Setting CVar [[s.FlushStreamingOnExit:1]]
[2021.11.05-10.44.45:033][  0]LogConfig: Applying CVar settings from Section [/Script/Engine.GarbageCollectionSettings] File [D:/ue4Project/Netshoot/Netshoot/Saved/Config/Windows/Engine.ini]
[2021.11.05-10.44.45:033][  0]LogConfig: Setting CVar [[gc.MaxObjectsNotConsideredByGC:1]]
[2021.11.05-10.44.45:033][  0]LogConfig: Setting CVar [[gc.SizeOfPermanentObjectPool:0]]
[2021.11.05-10.44.45:034][  0]LogConfig: Setting CVar [[gc.FlushStreamingOnGC:0]]
[2021.11.05-10.44.45:034][  0]LogConfig: Setting CVar [[gc.NumRetriesBeforeForcingGC:10]]
[2021.11.05-10.44.45:034][  0]LogConfig: Setting CVar [[gc.AllowParallelGC:1]]
[2021.11.05-10.44.45:035][  0]LogConfig: Setting CVar [[gc.TimeBetweenPurgingPendingKillObjects:61.1]]
[2021.11.05-10.44.45:035][  0]LogConfig: Setting CVar [[gc.MaxObjectsInEditor:25165824]]
[2021.11.05-10.44.45:035][  0]LogConfig: Setting CVar [[gc.IncrementalBeginDestroyEnabled:1]]
[2021.11.05-10.44.45:035][  0]LogConfig: Setting CVar [[gc.CreateGCClusters:1]]
[2021.11.05-10.44.45:036][  0]LogConfig: Setting CVar [[gc.MinGCClusterSize:5]]
[2021.11.05-10.44.45:036][  0]LogConfig: Setting CVar [[gc.ActorClusteringEnabled:0]]
[2021.11.05-10.44.45:036][  0]LogConfig: Setting CVar [[gc.BlueprintClusteringEnabled:0]]
[2021.11.05-10.44.45:036][  0]LogConfig: Setting CVar [[gc.UseDisregardForGCOnDedicatedServers:0]]
[2021.11.05-10.44.45:037][  0]LogConfig: Setting CVar [[gc.MultithreadedDestructionEnabled:1]]
[2021.11.05-10.44.45:037][  0]LogConfig: Applying CVar settings from Section [/Script/Engine.NetworkSettings] File [D:/ue4Project/Netshoot/Netshoot/Saved/Config/Windows/Engine.ini]
[2021.11.05-10.44.45:037][  0]LogConfig: Applying CVar settings from Section [/Script/UnrealEd.CookerSettings] File [D:/ue4Project/Netshoot/Netshoot/Saved/Config/Windows/Engine.ini]
[2021.11.05-10.44.45:038][  0]LogConfig: Applying CVar settings from Section [ViewDistanceQuality@3] File [D:/ue4Project/Netshoot/Netshoot/Saved/Config/Windows/Scalability.ini]
[2021.11.05-10.44.45:040][  0]LogConfig: Setting CVar [[r.SkeletalMeshLODBias:0]]
[2021.11.05-10.44.45:040][  0]LogConfig: Setting CVar [[r.ViewDistanceScale:1.0]]
[2021.11.05-10.44.45:040][  0]LogConfig: Applying CVar settings from Section [AntiAliasingQuality@3] File [D:/ue4Project/Netshoot/Netshoot/Saved/Config/Windows/Scalability.ini]
[2021.11.05-10.44.45:040][  0]LogConfig: Setting CVar [[r.PostProcessAAQuality:4]]
[2021.11.05-10.44.45:041][  0]LogConfig: Applying CVar settings from Section [ShadowQuality@3] File [D:/ue4Project/Netshoot/Netshoot/Saved/Config/Windows/Scalability.ini]
[2021.11.05-10.44.45:041][  0]LogConfig: Setting CVar [[r.LightFunctionQuality:1]]
[2021.11.05-10.44.45:041][  0]LogConfig: Setting CVar [[r.ShadowQuality:5]]
[2021.11.05-10.44.45:041][  0]LogConfig: Setting CVar [[r.Shadow.CSM.MaxCascades:10]]
[2021.11.05-10.44.45:042][  0]LogConfig: Setting CVar [[r.Shadow.MaxResolution:2048]]
[2021.11.05-10.44.45:042][  0]LogConfig: Setting CVar [[r.Shadow.MaxCSMResolution:2048]]
[2021.11.05-10.44.45:042][  0]LogConfig: Setting CVar [[r.Shadow.RadiusThreshold:0.01]]
[2021.11.05-10.44.45:043][  0]LogConfig: Setting CVar [[r.Shadow.DistanceScale:1.0]]
[2021.11.05-10.44.45:043][  0]LogConfig: Setting CVar [[r.Shadow.CSM.TransitionScale:1.0]]
[2021.11.05-10.44.45:043][  0]LogConfig: Setting CVar [[r.Shadow.PreShadowResolutionFactor:1.0]]
[2021.11.05-10.44.45:043][  0]LogConfig: Setting CVar [[r.DistanceFieldShadowing:1]]
[2021.11.05-10.44.45:044][  0]LogConfig: Setting CVar [[r.DistanceFieldAO:1]]
[2021.11.05-10.44.45:044][  0]LogConfig: Setting CVar [[r.AOQuality:2]]
[2021.11.05-10.44.45:044][  0]LogConfig: Setting CVar [[r.VolumetricFog:1]]
[2021.11.05-10.44.45:044][  0]LogConfig: Setting CVar [[r.VolumetricFog.GridPixelSize:8]]
[2021.11.05-10.44.45:045][  0]LogConfig: Setting CVar [[r.VolumetricFog.GridSizeZ:128]]
[2021.11.05-10.44.45:045][  0]LogConfig: Setting CVar [[r.VolumetricFog.HistoryMissSupersampleCount:4]]
[2021.11.05-10.44.45:045][  0]LogConfig: Setting CVar [[r.LightMaxDrawDistanceScale:1]]
[2021.11.05-10.44.45:045][  0]LogConfig: Setting CVar [[r.CapsuleShadows:1]]
[2021.11.05-10.44.45:046][  0]LogConfig: Applying CVar settings from Section [PostProcessQuality@3] File [D:/ue4Project/Netshoot/Netshoot/Saved/Config/Windows/Scalability.ini]
[2021.11.05-10.44.45:046][  0]LogConfig: Setting CVar [[r.MotionBlurQuality:4]]
[2021.11.05-10.44.45:046][  0]LogConfig: Setting CVar [[r.AmbientOcclusionMipLevelFactor:0.4]]
[2021.11.05-10.44.45:047][  0]LogConfig: Setting CVar [[r.AmbientOcclusionMaxQuality:100]]
[2021.11.05-10.44.45:047][  0]LogConfig: Setting CVar [[r.AmbientOcclusionLevels:-1]]
[2021.11.05-10.44.45:047][  0]LogConfig: Setting CVar [[r.AmbientOcclusionRadiusScale:1.0]]
[2021.11.05-10.44.45:047][  0]LogConfig: Setting CVar [[r.DepthOfFieldQuality:2]]
[2021.11.05-10.44.45:048][  0]LogConfig: Setting CVar [[r.RenderTargetPoolMin:400]]
[2021.11.05-10.44.45:048][  0]LogConfig: Setting CVar [[r.LensFlareQuality:2]]
[2021.11.05-10.44.45:048][  0]LogConfig: Setting CVar [[r.SceneColorFringeQuality:1]]
[2021.11.05-10.44.45:049][  0]LogConfig: Setting CVar [[r.EyeAdaptationQuality:2]]
[2021.11.05-10.44.45:049][  0]LogConfig: Setting CVar [[r.BloomQuality:5]]
[2021.11.05-10.44.45:049][  0]LogConfig: Setting CVar [[r.FastBlurThreshold:100]]
[2021.11.05-10.44.45:049][  0]LogConfig: Setting CVar [[r.Upscale.Quality:3]]
[2021.11.05-10.44.45:050][  0]LogConfig: Setting CVar [[r.Tonemapper.GrainQuantization:1]]
[2021.11.05-10.44.45:050][  0]LogConfig: Setting CVar [[r.LightShaftQuality:1]]
[2021.11.05-10.44.45:050][  0]LogConfig: Setting CVar [[r.Filter.SizeScale:1]]
[2021.11.05-10.44.45:050][  0]LogConfig: Setting CVar [[r.Tonemapper.Quality:5]]
[2021.11.05-10.44.45:051][  0]LogConfig: Setting CVar [[r.DOF.Gather.AccumulatorQuality:1        ; higher gathering accumulator quality]]
[2021.11.05-10.44.45:051][  0]LogConfig: Setting CVar [[r.DOF.Gather.PostfilterMethod:1          ; Median3x3 postfilering method]]
[2021.11.05-10.44.45:051][  0]LogConfig: Setting CVar [[r.DOF.Gather.EnableBokehSettings:0       ; no bokeh simulation when gathering]]
[2021.11.05-10.44.45:052][  0]LogConfig: Setting CVar [[r.DOF.Gather.RingCount:4                 ; medium number of samples when gathering]]
[2021.11.05-10.44.45:052][  0]LogConfig: Setting CVar [[r.DOF.Scatter.ForegroundCompositing:1    ; additive foreground scattering]]
[2021.11.05-10.44.45:052][  0]LogConfig: Setting CVar [[r.DOF.Scatter.BackgroundCompositing:2    ; additive background scattering]]
[2021.11.05-10.44.45:052][  0]LogConfig: Setting CVar [[r.DOF.Scatter.EnableBokehSettings:1      ; bokeh simulation when scattering]]
[2021.11.05-10.44.45:053][  0]LogConfig: Setting CVar [[r.DOF.Scatter.MaxSpriteRatio:0.1         ; only a maximum of 10% of scattered bokeh]]
[2021.11.05-10.44.45:053][  0]LogConfig: Setting CVar [[r.DOF.Recombine.Quality:1                ; cheap slight out of focus]]
[2021.11.05-10.44.45:053][  0]LogConfig: Setting CVar [[r.DOF.Recombine.EnableBokehSettings:0    ; no bokeh simulation on slight out of focus]]
[2021.11.05-10.44.45:054][  0]LogConfig: Setting CVar [[r.DOF.TemporalAAQuality:1                ; more stable temporal accumulation]]
[2021.11.05-10.44.45:056][  0]LogConfig: Setting CVar [[r.DOF.Kernel.MaxForegroundRadius:0.025]]
[2021.11.05-10.44.45:057][  0]LogConfig: Setting CVar [[r.DOF.Kernel.MaxBackgroundRadius:0.025]]
[2021.11.05-10.44.45:057][  0]LogConfig: Applying CVar settings from Section [TextureQuality@3] File [D:/ue4Project/Netshoot/Netshoot/Saved/Config/Windows/Scalability.ini]
[2021.11.05-10.44.45:057][  0]LogConfig: Setting CVar [[r.Streaming.MipBias:0]]
[2021.11.05-10.44.45:057][  0]LogConfig: Setting CVar [[r.Streaming.AmortizeCPUToGPUCopy:0]]
[2021.11.05-10.44.45:058][  0]LogConfig: Setting CVar [[r.Streaming.MaxNumTexturesToStreamPerFrame:0]]
[2021.11.05-10.44.45:058][  0]LogConfig: Setting CVar [[r.Streaming.Boost:1]]
[2021.11.05-10.44.45:058][  0]LogConfig: Setting CVar [[r.MaxAnisotropy:8]]
[2021.11.05-10.44.45:059][  0]LogConfig: Setting CVar [[r.VT.MaxAnisotropy:8]]
[2021.11.05-10.44.45:059][  0]LogConfig: Setting CVar [[r.Streaming.LimitPoolSizeToVRAM:0]]
[2021.11.05-10.44.45:059][  0]LogConfig: Setting CVar [[r.Streaming.PoolSize:1000]]
[2021.11.05-10.44.45:059][  0]LogConfig: Setting CVar [[r.Streaming.MaxEffectiveScreenSize:0]]
[2021.11.05-10.44.45:060][  0]LogConfig: Applying CVar settings from Section [EffectsQuality@3] File [D:/ue4Project/Netshoot/Netshoot/Saved/Config/Windows/Scalability.ini]
[2021.11.05-10.44.45:060][  0]LogConfig: Setting CVar [[r.TranslucencyLightingVolumeDim:64]]
[2021.11.05-10.44.45:060][  0]LogConfig: Setting CVar [[r.RefractionQuality:2]]
[2021.11.05-10.44.45:060][  0]LogConfig: Setting CVar [[r.SSR.Quality:3]]
[2021.11.05-10.44.45:061][  0]LogConfig: Setting CVar [[r.SSR.HalfResSceneColor:0]]
[2021.11.05-10.44.45:061][  0]LogConfig: Setting CVar [[r.SceneColorFormat:4]]
[2021.11.05-10.44.45:061][  0]LogConfig: Setting CVar [[r.DetailMode:2]]
[2021.11.05-10.44.45:061][  0]LogConfig: Setting CVar [[r.TranslucencyVolumeBlur:1]]
[2021.11.05-10.44.45:062][  0]LogConfig: Setting CVar [[r.MaterialQualityLevel:1 ; High quality]]
[2021.11.05-10.44.45:062][  0]LogConfig: Setting CVar [[r.AnisotropicMaterials:1]]
[2021.11.05-10.44.45:062][  0]LogConfig: Setting CVar [[r.SSS.Scale:1]]
[2021.11.05-10.44.45:063][  0]LogConfig: Setting CVar [[r.SSS.SampleSet:2]]
[2021.11.05-10.44.45:063][  0]LogConfig: Setting CVar [[r.SSS.Quality:1]]
[2021.11.05-10.44.45:063][  0]LogConfig: Setting CVar [[r.SSS.HalfRes:0]]
[2021.11.05-10.44.45:063][  0]LogConfig: Setting CVar [[r.SSGI.Quality:3]]
[2021.11.05-10.44.45:064][  0]LogConfig: Setting CVar [[r.EmitterSpawnRateScale:1.0]]
[2021.11.05-10.44.45:064][  0]LogConfig: Setting CVar [[r.ParticleLightQuality:2]]
[2021.11.05-10.44.45:064][  0]LogConfig: Setting CVar [[r.SkyAtmosphere.AerialPerspectiveLUT.FastApplyOnOpaque:1 ; Always have FastSkyLUT 1 in this case to avoid wrong sky]]
[2021.11.05-10.44.45:064][  0]LogConfig: Setting CVar [[r.SkyAtmosphere.AerialPerspectiveLUT.SampleCountMaxPerSlice:4]]
[2021.11.05-10.44.45:065][  0]LogConfig: Setting CVar [[r.SkyAtmosphere.AerialPerspectiveLUT.DepthResolution:16.0]]
[2021.11.05-10.44.45:065][  0]LogConfig: Setting CVar [[r.SkyAtmosphere.FastSkyLUT:1]]
[2021.11.05-10.44.45:065][  0]LogConfig: Setting CVar [[r.SkyAtmosphere.FastSkyLUT.SampleCountMin:4.0]]
[2021.11.05-10.44.45:065][  0]LogConfig: Setting CVar [[r.SkyAtmosphere.FastSkyLUT.SampleCountMax:128.0]]
[2021.11.05-10.44.45:066][  0]LogConfig: Setting CVar [[r.SkyAtmosphere.SampleCountMin:4.0]]
[2021.11.05-10.44.45:066][  0]LogConfig: Setting CVar [[r.SkyAtmosphere.SampleCountMax:128.0]]
[2021.11.05-10.44.45:066][  0]LogConfig: Setting CVar [[r.SkyAtmosphere.TransmittanceLUT.UseSmallFormat:0]]
[2021.11.05-10.44.45:067][  0]LogConfig: Setting CVar [[r.SkyAtmosphere.TransmittanceLUT.SampleCount:10.0]]
[2021.11.05-10.44.45:067][  0]LogConfig: Setting CVar [[r.SkyAtmosphere.MultiScatteringLUT.SampleCount:15.0]]
[2021.11.05-10.44.45:067][  0]LogConfig: Setting CVar [[r.SkyLight.RealTimeReflectionCapture:1]]
[2021.11.05-10.44.45:067][  0]LogConfig: Applying CVar settings from Section [FoliageQuality@3] File [D:/ue4Project/Netshoot/Netshoot/Saved/Config/Windows/Scalability.ini]
[2021.11.05-10.44.45:068][  0]LogConfig: Setting CVar [[foliage.DensityScale:1.0]]
[2021.11.05-10.44.45:068][  0]LogConfig: Setting CVar [[grass.DensityScale:1.0]]
[2021.11.05-10.44.45:068][  0]LogConfig: Applying CVar settings from Section [ShadingQuality@3] File [D:/ue4Project/Netshoot/Netshoot/Saved/Config/Windows/Scalability.ini]
[2021.11.05-10.44.45:068][  0]LogConfig: Setting CVar [[r.HairStrands.SkyLighting.IntegrationType:2]]
[2021.11.05-10.44.45:069][  0]LogConfig: Setting CVar [[r.HairStrands.SkyAO.SampleCount:4]]
[2021.11.05-10.44.45:069][  0]LogConfig: Setting CVar [[r.HairStrands.Visibility.MSAA.SamplePerPixel:4]]
[2021.11.05-10.44.45:069][  0]LogInit: Selected Device Profile: [Windows]
[2021.11.05-10.44.45:069][  0]LogInit: Applying CVar settings loaded from the selected device profile: [Windows]
[2021.11.05-10.44.45:070][  0]LogHAL: Display: Platform has ~ 16 GB [17110147072 / 17179869184 / 16], which maps to Larger [LargestMinGB=32, LargerMinGB=12, DefaultMinGB=8, SmallerMinGB=6, SmallestMinGB=0)
[2021.11.05-10.44.45:074][  0]LogInit: Going up to parent DeviceProfile []
[2021.11.05-10.44.45:074][  0]LogConfig: Applying CVar settings from Section [ViewDistanceQuality@3] File [D:/ue4Project/Netshoot/Netshoot/Saved/Config/Windows/Scalability.ini]
[2021.11.05-10.44.45:075][  0]LogConfig: Setting CVar [[r.SkeletalMeshLODBias:0]]
[2021.11.05-10.44.45:075][  0]LogConfig: Setting CVar [[r.ViewDistanceScale:1.0]]
[2021.11.05-10.44.45:076][  0]LogConfig: Applying CVar settings from Section [AntiAliasingQuality@3] File [D:/ue4Project/Netshoot/Netshoot/Saved/Config/Windows/Scalability.ini]
[2021.11.05-10.44.45:076][  0]LogConfig: Setting CVar [[r.PostProcessAAQuality:4]]
[2021.11.05-10.44.45:076][  0]LogConfig: Applying CVar settings from Section [ShadowQuality@3] File [D:/ue4Project/Netshoot/Netshoot/Saved/Config/Windows/Scalability.ini]
[2021.11.05-10.44.45:077][  0]LogConfig: Setting CVar [[r.LightFunctionQuality:1]]
[2021.11.05-10.44.45:077][  0]LogConfig: Setting CVar [[r.ShadowQuality:5]]
[2021.11.05-10.44.45:077][  0]LogConfig: Setting CVar [[r.Shadow.CSM.MaxCascades:10]]
[2021.11.05-10.44.45:078][  0]LogConfig: Setting CVar [[r.Shadow.MaxResolution:2048]]
[2021.11.05-10.44.45:078][  0]LogConfig: Setting CVar [[r.Shadow.MaxCSMResolution:2048]]
[2021.11.05-10.44.45:078][  0]LogConfig: Setting CVar [[r.Shadow.RadiusThreshold:0.01]]
[2021.11.05-10.44.45:079][  0]LogConfig: Setting CVar [[r.Shadow.DistanceScale:1.0]]
[2021.11.05-10.44.45:079][  0]LogConfig: Setting CVar [[r.Shadow.CSM.TransitionScale:1.0]]
[2021.11.05-10.44.45:079][  0]LogConfig: Setting CVar [[r.Shadow.PreShadowResolutionFactor:1.0]]
[2021.11.05-10.44.45:080][  0]LogConfig: Setting CVar [[r.DistanceFieldShadowing:1]]
[2021.11.05-10.44.45:080][  0]LogConfig: Setting CVar [[r.DistanceFieldAO:1]]
[2021.11.05-10.44.45:080][  0]LogConfig: Setting CVar [[r.AOQuality:2]]
[2021.11.05-10.44.45:080][  0]LogConfig: Setting CVar [[r.VolumetricFog:1]]
[2021.11.05-10.44.45:081][  0]LogConfig: Setting CVar [[r.VolumetricFog.GridPixelSize:8]]
[2021.11.05-10.44.45:081][  0]LogConfig: Setting CVar [[r.VolumetricFog.GridSizeZ:128]]
[2021.11.05-10.44.45:081][  0]LogConfig: Setting CVar [[r.VolumetricFog.HistoryMissSupersampleCount:4]]
[2021.11.05-10.44.45:081][  0]LogConfig: Setting CVar [[r.LightMaxDrawDistanceScale:1]]
[2021.11.05-10.44.45:082][  0]LogConfig: Setting CVar [[r.CapsuleShadows:1]]
[2021.11.05-10.44.45:082][  0]LogConfig: Applying CVar settings from Section [PostProcessQuality@3] File [D:/ue4Project/Netshoot/Netshoot/Saved/Config/Windows/Scalability.ini]
[2021.11.05-10.44.45:082][  0]LogConfig: Setting CVar [[r.MotionBlurQuality:4]]
[2021.11.05-10.44.45:083][  0]LogConfig: Setting CVar [[r.AmbientOcclusionMipLevelFactor:0.4]]
[2021.11.05-10.44.45:083][  0]LogConfig: Setting CVar [[r.AmbientOcclusionMaxQuality:100]]
[2021.11.05-10.44.45:083][  0]LogConfig: Setting CVar [[r.AmbientOcclusionLevels:-1]]
[2021.11.05-10.44.45:083][  0]LogConfig: Setting CVar [[r.AmbientOcclusionRadiusScale:1.0]]
[2021.11.05-10.44.45:084][  0]LogConfig: Setting CVar [[r.DepthOfFieldQuality:2]]
[2021.11.05-10.44.45:084][  0]LogConfig: Setting CVar [[r.RenderTargetPoolMin:400]]
[2021.11.05-10.44.45:084][  0]LogConfig: Setting CVar [[r.LensFlareQuality:2]]
[2021.11.05-10.44.45:084][  0]LogConfig: Setting CVar [[r.SceneColorFringeQuality:1]]
[2021.11.05-10.44.45:085][  0]LogConfig: Setting CVar [[r.EyeAdaptationQuality:2]]
[2021.11.05-10.44.45:085][  0]LogConfig: Setting CVar [[r.BloomQuality:5]]
[2021.11.05-10.44.45:085][  0]LogConfig: Setting CVar [[r.FastBlurThreshold:100]]
[2021.11.05-10.44.45:085][  0]LogConfig: Setting CVar [[r.Upscale.Quality:3]]
[2021.11.05-10.44.45:086][  0]LogConfig: Setting CVar [[r.Tonemapper.GrainQuantization:1]]
[2021.11.05-10.44.45:091][  0]LogConfig: Setting CVar [[r.LightShaftQuality:1]]
[2021.11.05-10.44.45:091][  0]LogConfig: Setting CVar [[r.Filter.SizeScale:1]]
[2021.11.05-10.44.45:091][  0]LogConfig: Setting CVar [[r.Tonemapper.Quality:5]]
[2021.11.05-10.44.45:092][  0]LogConfig: Setting CVar [[r.DOF.Gather.AccumulatorQuality:1        ; higher gathering accumulator quality]]
[2021.11.05-10.44.45:092][  0]LogConfig: Setting CVar [[r.DOF.Gather.PostfilterMethod:1          ; Median3x3 postfilering method]]
[2021.11.05-10.44.45:092][  0]LogConfig: Setting CVar [[r.DOF.Gather.EnableBokehSettings:0       ; no bokeh simulation when gathering]]
[2021.11.05-10.44.45:093][  0]LogConfig: Setting CVar [[r.DOF.Gather.RingCount:4                 ; medium number of samples when gathering]]
[2021.11.05-10.44.45:093][  0]LogConfig: Setting CVar [[r.DOF.Scatter.ForegroundCompositing:1    ; additive foreground scattering]]
[2021.11.05-10.44.45:093][  0]LogConfig: Setting CVar [[r.DOF.Scatter.BackgroundCompositing:2    ; additive background scattering]]
[2021.11.05-10.44.45:093][  0]LogConfig: Setting CVar [[r.DOF.Scatter.EnableBokehSettings:1      ; bokeh simulation when scattering]]
[2021.11.05-10.44.45:094][  0]LogConfig: Setting CVar [[r.DOF.Scatter.MaxSpriteRatio:0.1         ; only a maximum of 10% of scattered bokeh]]
[2021.11.05-10.44.45:094][  0]LogConfig: Setting CVar [[r.DOF.Recombine.Quality:1                ; cheap slight out of focus]]
[2021.11.05-10.44.45:094][  0]LogConfig: Setting CVar [[r.DOF.Recombine.EnableBokehSettings:0    ; no bokeh simulation on slight out of focus]]
[2021.11.05-10.44.45:095][  0]LogConfig: Setting CVar [[r.DOF.TemporalAAQuality:1                ; more stable temporal accumulation]]
[2021.11.05-10.44.45:095][  0]LogConfig: Setting CVar [[r.DOF.Kernel.MaxForegroundRadius:0.025]]
[2021.11.05-10.44.45:095][  0]LogConfig: Setting CVar [[r.DOF.Kernel.MaxBackgroundRadius:0.025]]
[2021.11.05-10.44.45:095][  0]LogConfig: Applying CVar settings from Section [TextureQuality@3] File [D:/ue4Project/Netshoot/Netshoot/Saved/Config/Windows/Scalability.ini]
[2021.11.05-10.44.45:096][  0]LogConfig: Setting CVar [[r.Streaming.MipBias:0]]
[2021.11.05-10.44.45:096][  0]LogConfig: Setting CVar [[r.Streaming.AmortizeCPUToGPUCopy:0]]
[2021.11.05-10.44.45:096][  0]LogConfig: Setting CVar [[r.Streaming.MaxNumTexturesToStreamPerFrame:0]]
[2021.11.05-10.44.45:096][  0]LogConfig: Setting CVar [[r.Streaming.Boost:1]]
[2021.11.05-10.44.45:097][  0]LogConfig: Setting CVar [[r.MaxAnisotropy:8]]
[2021.11.05-10.44.45:097][  0]LogConfig: Setting CVar [[r.VT.MaxAnisotropy:8]]
[2021.11.05-10.44.45:098][  0]LogConfig: Setting CVar [[r.Streaming.LimitPoolSizeToVRAM:0]]
[2021.11.05-10.44.45:098][  0]LogConfig: Setting CVar [[r.Streaming.PoolSize:1000]]
[2021.11.05-10.44.45:098][  0]LogConfig: Setting CVar [[r.Streaming.MaxEffectiveScreenSize:0]]
[2021.11.05-10.44.45:098][  0]LogConfig: Applying CVar settings from Section [EffectsQuality@3] File [D:/ue4Project/Netshoot/Netshoot/Saved/Config/Windows/Scalability.ini]
[2021.11.05-10.44.45:098][  0]LogConfig: Setting CVar [[r.TranslucencyLightingVolumeDim:64]]
[2021.11.05-10.44.45:099][  0]LogConfig: Setting CVar [[r.RefractionQuality:2]]
[2021.11.05-10.44.45:099][  0]LogConfig: Setting CVar [[r.SSR.Quality:3]]
[2021.11.05-10.44.45:099][  0]LogConfig: Setting CVar [[r.SSR.HalfResSceneColor:0]]
[2021.11.05-10.44.45:099][  0]LogConfig: Setting CVar [[r.SceneColorFormat:4]]
[2021.11.05-10.44.45:100][  0]LogConfig: Setting CVar [[r.DetailMode:2]]
[2021.11.05-10.44.45:100][  0]LogConfig: Setting CVar [[r.TranslucencyVolumeBlur:1]]
[2021.11.05-10.44.45:100][  0]LogConfig: Setting CVar [[r.MaterialQualityLevel:1 ; High quality]]
[2021.11.05-10.44.45:100][  0]LogConfig: Setting CVar [[r.AnisotropicMaterials:1]]
[2021.11.05-10.44.45:100][  0]LogConfig: Setting CVar [[r.SSS.Scale:1]]
[2021.11.05-10.44.45:101][  0]LogConfig: Setting CVar [[r.SSS.SampleSet:2]]
[2021.11.05-10.44.45:101][  0]LogConfig: Setting CVar [[r.SSS.Quality:1]]
[2021.11.05-10.44.45:101][  0]LogConfig: Setting CVar [[r.SSS.HalfRes:0]]
[2021.11.05-10.44.45:102][  0]LogConfig: Setting CVar [[r.SSGI.Quality:3]]
[2021.11.05-10.44.45:104][  0]LogConfig: Setting CVar [[r.EmitterSpawnRateScale:1.0]]
[2021.11.05-10.44.45:104][  0]LogConfig: Setting CVar [[r.ParticleLightQuality:2]]
[2021.11.05-10.44.45:105][  0]LogConfig: Setting CVar [[r.SkyAtmosphere.AerialPerspectiveLUT.FastApplyOnOpaque:1 ; Always have FastSkyLUT 1 in this case to avoid wrong sky]]
[2021.11.05-10.44.45:105][  0]LogConfig: Setting CVar [[r.SkyAtmosphere.AerialPerspectiveLUT.SampleCountMaxPerSlice:4]]
[2021.11.05-10.44.45:105][  0]LogConfig: Setting CVar [[r.SkyAtmosphere.AerialPerspectiveLUT.DepthResolution:16.0]]
[2021.11.05-10.44.45:106][  0]LogConfig: Setting CVar [[r.SkyAtmosphere.FastSkyLUT:1]]
[2021.11.05-10.44.45:106][  0]LogConfig: Setting CVar [[r.SkyAtmosphere.FastSkyLUT.SampleCountMin:4.0]]
[2021.11.05-10.44.45:106][  0]LogConfig: Setting CVar [[r.SkyAtmosphere.FastSkyLUT.SampleCountMax:128.0]]
[2021.11.05-10.44.45:106][  0]LogConfig: Setting CVar [[r.SkyAtmosphere.SampleCountMin:4.0]]
[2021.11.05-10.44.45:107][  0]LogConfig: Setting CVar [[r.SkyAtmosphere.SampleCountMax:128.0]]
[2021.11.05-10.44.45:107][  0]LogConfig: Setting CVar [[r.SkyAtmosphere.TransmittanceLUT.UseSmallFormat:0]]
[2021.11.05-10.44.45:107][  0]LogConfig: Setting CVar [[r.SkyAtmosphere.TransmittanceLUT.SampleCount:10.0]]
[2021.11.05-10.44.45:107][  0]LogConfig: Setting CVar [[r.SkyAtmosphere.MultiScatteringLUT.SampleCount:15.0]]
[2021.11.05-10.44.45:108][  0]LogConfig: Setting CVar [[r.SkyLight.RealTimeReflectionCapture:1]]
[2021.11.05-10.44.45:108][  0]LogConfig: Applying CVar settings from Section [FoliageQuality@3] File [D:/ue4Project/Netshoot/Netshoot/Saved/Config/Windows/Scalability.ini]
[2021.11.05-10.44.45:108][  0]LogConfig: Setting CVar [[foliage.DensityScale:1.0]]
[2021.11.05-10.44.45:108][  0]LogConfig: Setting CVar [[grass.DensityScale:1.0]]
[2021.11.05-10.44.45:109][  0]LogConfig: Applying CVar settings from Section [ShadingQuality@3] File [D:/ue4Project/Netshoot/Netshoot/Saved/Config/Windows/Scalability.ini]
[2021.11.05-10.44.45:109][  0]LogConfig: Setting CVar [[r.HairStrands.SkyLighting.IntegrationType:2]]
[2021.11.05-10.44.45:109][  0]LogConfig: Setting CVar [[r.HairStrands.SkyAO.SampleCount:4]]
[2021.11.05-10.44.45:110][  0]LogConfig: Setting CVar [[r.HairStrands.Visibility.MSAA.SamplePerPixel:4]]
[2021.11.05-10.44.45:110][  0]LogConfig: Applying CVar settings from Section [Startup] File [../../../Engine/Config/ConsoleVariables.ini]
[2021.11.05-10.44.45:110][  0]LogConfig: Setting CVar [[net.UseAdaptiveNetUpdateFrequency:0]]
[2021.11.05-10.44.45:110][  0]LogConfig: Setting CVar [[p.chaos.AllowCreatePhysxBodies:1]]
[2021.11.05-10.44.45:111][  0]LogConfig: Setting CVar [[fx.SkipVectorVMBackendOptimizations:1]]
[2021.11.05-10.44.45:111][  0]LogConfig: Applying CVar settings from Section [ConsoleVariables] File [D:/ue4Project/Netshoot/Netshoot/Saved/Config/Windows/Engine.ini]
[2021.11.05-10.44.45:111][  0]LogConfig: Applying CVar settings from Section [ConsoleVariables] File [D:/ue4Project/Netshoot/Netshoot/Saved/Config/Windows/Editor.ini]
[2021.11.05-10.44.45:111][  0]LogInit: Computer: DESKTOP-GH4GCSH
[2021.11.05-10.44.45:112][  0]LogInit: User: yanning
[2021.11.05-10.44.45:112][  0]LogInit: CPU Page size=4096, Cores=6
[2021.11.05-10.44.45:112][  0]LogInit: High frequency timer resolution =10.000000 MHz
[2021.11.05-10.44.45:113][  0]LogMemory: Memory total: Physical=15.9GB (16GB approx)
[2021.11.05-10.44.45:113][  0]LogMemory: Platform Memory Stats for Windows
[2021.11.05-10.44.45:113][  0]LogMemory: Process Physical Memory: 135.51 MB used, 135.51 MB peak
[2021.11.05-10.44.45:113][  0]LogMemory: Process Virtual Memory: 113.31 MB used, 113.31 MB peak
[2021.11.05-10.44.45:114][  0]LogMemory: Physical Memory: 4637.09 MB used,  11680.41 MB free, 16317.51 MB total
[2021.11.05-10.44.45:114][  0]LogMemory: Virtual Memory: 134195560.00 MB used,  22165.97 MB free, 134217728.00 MB total
[2021.11.05-10.44.45:119][  0]LogWindows: WindowsPlatformFeatures disabled or dedicated server build
[2021.11.05-10.44.45:150][  0]LogInit: Physics initialised using underlying interface: PhysX
[2021.11.05-10.44.45:150][  0]LogInit: Using OS detected language (zh-CN).
[2021.11.05-10.44.45:151][  0]LogInit: Using OS detected locale (zh-CN).
[2021.11.05-10.44.45:153][  0]LogTextLocalizationManager: No specific localization for 'zh-CN' exists, so the 'zh-Hans' localization will be used.
[2021.11.05-10.44.45:260][  0]LogTextLocalizationResource: LocRes '../../../Engine/Content/Localization/Editor/zh/Editor.locres' could not be opened for reading!
[2021.11.05-10.44.45:260][  0]LogTextLocalizationResource: LocRes '../../../Engine/Content/Localization/EditorTutorials/zh/EditorTutorials.locres' could not be opened for reading!
[2021.11.05-10.44.45:261][  0]LogTextLocalizationResource: LocRes '../../../Engine/Content/Localization/Keywords/zh/Keywords.locres' could not be opened for reading!
[2021.11.05-10.44.45:262][  0]LogTextLocalizationResource: LocRes '../../../Engine/Content/Localization/Category/zh/Category.locres' could not be opened for reading!
[2021.11.05-10.44.45:262][  0]LogTextLocalizationResource: LocRes '../../../Engine/Content/Localization/ToolTips/zh/ToolTips.locres' could not be opened for reading!
[2021.11.05-10.44.45:262][  0]LogTextLocalizationResource: LocRes '../../../Engine/Content/Localization/PropertyNames/zh/PropertyNames.locres' could not be opened for reading!
[2021.11.05-10.44.45:263][  0]LogTextLocalizationResource: LocRes '../../../Engine/Content/Localization/Engine/zh/Engine.locres' could not be opened for reading!
[2021.11.05-10.44.45:263][  0]LogTextLocalizationResource: LocRes '../../../Engine/Plugins/Online/OnlineSubsystem/Content/Localization/OnlineSubsystem/zh/OnlineSubsystem.locres' could not be opened for reading!
[2021.11.05-10.44.45:264][  0]LogTextLocalizationResource: LocRes '../../../Engine/Plugins/Online/OnlineSubsystemUtils/Content/Localization/OnlineSubsystemUtils/zh/OnlineSubsystemUtils.locres' could not be opened for reading!
[2021.11.05-10.44.45:265][  0]LogTextLocalizationResource: LocRes '../../../Engine/Plugins/Online/Android/OnlineSubsystemGooglePlay/Content/Localization/OnlineSubsystemGooglePlay/zh/OnlineSubsystemGooglePlay.locres' could not be opened for reading!
[2021.11.05-10.44.45:266][  0]LogTextLocalizationResource: LocRes '../../../Engine/Plugins/Online/IOS/OnlineSubsystemIOS/Content/Localization/OnlineSubsystemIOS/zh/OnlineSubsystemIOS.locres' could not be opened for reading!
[2021.11.05-10.44.45:533][  0]LogTargetPlatformManager: Display: Loaded TargetPlatform 'AllDesktop'
[2021.11.05-10.44.45:553][  0]LogTargetPlatformManager: Display: Loaded TargetPlatform 'Android'
[2021.11.05-10.44.45:553][  0]LogTargetPlatformManager: Display: Loaded TargetPlatform 'Android_ASTC'
[2021.11.05-10.44.45:553][  0]LogTargetPlatformManager: Display: Loaded TargetPlatform 'Android_DXT'
[2021.11.05-10.44.45:554][  0]LogTargetPlatformManager: Display: Loaded TargetPlatform 'Android_ETC2'
[2021.11.05-10.44.45:554][  0]LogTargetPlatformManager: Display: Loaded TargetPlatform 'AndroidClient'
[2021.11.05-10.44.45:554][  0]LogTargetPlatformManager: Display: Loaded TargetPlatform 'Android_ASTCClient'
[2021.11.05-10.44.45:555][  0]LogTargetPlatformManager: Display: Loaded TargetPlatform 'Android_DXTClient'
[2021.11.05-10.44.45:555][  0]LogTargetPlatformManager: Display: Loaded TargetPlatform 'Android_ETC2Client'
[2021.11.05-10.44.45:555][  0]LogTargetPlatformManager: Display: Loaded TargetPlatform 'Android_Multi'
[2021.11.05-10.44.45:556][  0]LogTargetPlatformManager: Display: Loaded TargetPlatform 'Android_MultiClient'
[2021.11.05-10.44.45:570][  0]LogTargetPlatformManager: Display: Loaded TargetPlatform 'IOSClient'
[2021.11.05-10.44.45:570][  0]LogTargetPlatformManager: Display: Loaded TargetPlatform 'IOS'
[2021.11.05-10.44.45:593][  0]LogTargetPlatformManager: Display: Loaded TargetPlatform 'Lumin'
[2021.11.05-10.44.45:593][  0]LogTargetPlatformManager: Display: Loaded TargetPlatform 'LuminClient'
[2021.11.05-10.44.45:601][  0]LogTargetPlatformManager: Display: Loaded TargetPlatform 'MacNoEditor'
[2021.11.05-10.44.45:604][  0]LogTargetPlatformManager: Display: Loaded TargetPlatform 'Mac'
[2021.11.05-10.44.45:609][  0]LogTargetPlatformManager: Display: Loaded TargetPlatform 'MacClient'
[2021.11.05-10.44.45:611][  0]LogTargetPlatformManager: Display: Loaded TargetPlatform 'MacServer'
[2021.11.05-10.44.45:621][  0]LogTargetPlatformManager: Display: Loaded TargetPlatform 'TVOSClient'
[2021.11.05-10.44.45:621][  0]LogTargetPlatformManager: Display: Loaded TargetPlatform 'TVOS'
[2021.11.05-10.44.45:630][  0]LogTargetPlatformManager: Display: Loaded TargetPlatform 'WindowsNoEditor'
[2021.11.05-10.44.45:634][  0]LogTargetPlatformManager: Display: Loaded TargetPlatform 'Windows'
[2021.11.05-10.44.45:638][  0]LogTargetPlatformManager: Display: Loaded TargetPlatform 'WindowsClient'
[2021.11.05-10.44.45:642][  0]LogTargetPlatformManager: Display: Loaded TargetPlatform 'WindowsServer'
[2021.11.05-10.44.45:642][  0]LogTargetPlatformManager: Display: Building Assets For Windows
[2021.11.05-10.44.45:648][  0]LogAudioDebug: Display: Lib vorbis DLL was dynamically loaded.
[2021.11.05-10.44.45:672][  0]LogTextureFormatOodle: Display: Oodle Texture 2.9.0 init RDO Off
[2021.11.05-10.44.45:698][  0]LogRendererCore: Ray tracing is disabled. Reason: r.RayTracing=0.
[2021.11.05-10.44.45:698][  0]LogShaderCompilers: Guid format shader working directory is 5 characters bigger than the processId version (../../../../../ue4Project/Netshoot/Netshoot/Intermediate/Shaders/WorkingDirectory/2848/).
[2021.11.05-10.44.45:699][  0]LogShaderCompilers: Cleaned the shader compiler working directory 'C:/Users/yanning/AppData/Local/Temp/UnrealShaderWorkingDir/ABFA7B074B8CECACA351DEBB31426411/'.
[2021.11.05-10.44.45:700][  0]LogXGEController: Cannot use XGE Controller as Incredibuild is not installed on this machine.
[2021.11.05-10.44.45:700][  0]LogShaderCompilers: Cannot use XGE Shader Compiler as Incredibuild is not installed on this machine.
[2021.11.05-10.44.45:700][  0]LogShaderCompilers: Display: Using Local Shader Compiler.
[2021.11.05-10.44.46:231][  0]LogDerivedDataCache: Display: Max Cache Size: 512 MB
[2021.11.05-10.44.46:322][  0]LogDerivedDataCache: Loaded boot cache 0.09s 96MB ../../../../../ue4Project/Netshoot/Netshoot/DerivedDataCache/Boot.ddc.
[2021.11.05-10.44.46:322][  0]LogDerivedDataCache: Display: Loaded Boot cache: ../../../../../ue4Project/Netshoot/Netshoot/DerivedDataCache/Boot.ddc
[2021.11.05-10.44.46:323][  0]LogDerivedDataCache: FDerivedDataBackendGraph:  Pak pak cache file ../../../../../ue4Project/Netshoot/Netshoot/DerivedDataCache/DDC.ddp not found, will not use a pak cache.
[2021.11.05-10.44.46:324][  0]LogDerivedDataCache: Unable to find inner node Pak for hierarchical cache Hierarchy.
[2021.11.05-10.44.46:324][  0]LogDerivedDataCache: FDerivedDataBackendGraph:  EnginePak pak cache file ../../../Engine/DerivedDataCache/DDC.ddp not found, will not use a pak cache.
[2021.11.05-10.44.46:324][  0]LogDerivedDataCache: Unable to find inner node EnginePak for hierarchical cache Hierarchy.
[2021.11.05-10.44.46:333][  0]LogDerivedDataCache: Speed tests for ../../../Engine/DerivedDataCache took 0.01 seconds
[2021.11.05-10.44.46:333][  0]LogDerivedDataCache: Display: Performance to ../../../Engine/DerivedDataCache: Latency=0.01ms. RandomReadSpeed=1325.66MBs, RandomWriteSpeed=128.84MBs. Assigned SpeedClass 'Local'
[2021.11.05-10.44.46:334][  0]LogDerivedDataCache: Using Local data cache path ../../../Engine/DerivedDataCache: Writable
[2021.11.05-10.44.46:334][  0]LogDerivedDataCache: Shared data cache path not found in *engine.ini, will not use an Shared cache.
[2021.11.05-10.44.46:334][  0]LogDerivedDataCache: Unable to find inner node Shared for hierarchical cache Hierarchy.
[2021.11.05-10.44.46:339][  0]LogInit: Using OS detected language (zh-CN).
[2021.11.05-10.44.46:339][  0]LogInit: Using OS detected locale (zh-CN).
[2021.11.05-10.44.46:339][  0]LogTextLocalizationManager: No localization for 'zh-CN' exists, so 'en' will be used for the language.
[2021.11.05-10.44.46:340][  0]LogTextLocalizationManager: No localization for 'zh-CN' exists, so 'en' will be used for the locale.
[2021.11.05-10.44.46:343][  0]LogAssetRegistry: FAssetRegistry took 0.0018 seconds to start up
[2021.11.05-10.44.46:517][  0]LogTextLocalizationManager: Compacting localization data took   0.00ms
[2021.11.05-10.44.46:518][  0]LogPackageLocalizationCache: Processed 27 localized package path(s) for 1 prioritized culture(s) in 0.012675 seconds
[2021.11.05-10.44.46:583][  0]LogInit: Selected Device Profile: [Windows]
[2021.11.05-10.44.46:583][  0]LogInit: Active device profile: [0000026802152200][00000268003FA180 49] Windows
[2021.11.05-10.44.46:583][  0]LogInit: Profiles: [0000026802152200][00000268003FA180 49] Windows, [00000268020FE100][000002687F7F2440 49] WindowsNoEditor, [0000026802151500][000002687F7F6700 49] WindowsServer, [00000268020FF900][000002687F7FA9C0 49] WindowsClient, [0000026802151E00][000002687F7E8C40 49] IOS, [00000268020FFF00][000002687F7FEEC0 49] iPadAir, [0000026802151800][000002687F807180 49] iPadAir2, [00000268020C9300][000002687FA3F6C0 49] IPadPro, [00000268020C9400][000002687F80B700 49] iPadAir3, [0000026802151400][000002687F8199C0 49] iPadAir4, [00000268020CB800][000002687F814100 49] iPadMini2, [0000026802153F00][000002687F81C3C0 49] iPadMini3, [00000268020C8200][000002687FA48680 49] iPadMini4, [0000026802151A00][000002687FA4C940 49] iPadMini5, [00000268020ECC00][000002687FA5CE40 49] iPhone6, [00000268020ECD00][000002687FA50E80 49] iPodTouch6, [00000268020FC700][000002687FA69380 49] iPhone7, [00000268020FFC00][000002687F8033C0 49] iPodTouch7, [00000268020EF200][000002687FA61680 49] iPhone5S, [00000268020FD100][000002687FA55940 49] iPhone6Plus, [00000268020EF100][000002687FA65C00 49] iPhone6S, [00000268020FFD00][000002687FA6C340 49] iPhone6SPlus, [00000268020EF900][000002687FA70600 49] iPhone7Plus, [00000268020FCE00][000002687FA748C0 49] iPhoneSE, [00000268020EE500][000002687FA78B80 49] iPhone8, [00000268020FC400][000002687FA7CE40 49] iPhone8Plus, [00000268020EED00][000002687FA590C0 49] iPhoneX, [00000268020FF000][000002687FA81340 49] iPhoneXS, [00000268020EF400][000002687FA89600 49] iPhoneXSMax, [00000268020FEB00][000002687FA8D8C0 49] iPhoneXR, [00000268020EC900][000002687FA91B80 49] iPhone11, [00000268020FF400][000002687FA942C0 49] iPhone11Pro, [00000268020ED800][000002687FA98580 49] iPhone11ProMax, [00000268020FC500][000002687FA9C840 49] iPhoneSE2, [00000268020EC600][000002687FAA0B00 49] iPhone12Mini, [00000268020FF700][000002687FAA4DC0 49] iPhone12, [0000026802150D00][000002687FAA9080 49] iPhone12Pro, [0000026802194B00][000002687FA85300 49] iPhone12ProMax, [0000026802150A00][0000026878687580 49] iPadPro105, [0000026802194D00][000002687868F840 49] iPadPro129, [0000026802153D00][0000026878693B00 49] iPadPro97, [0000026802194A00][0000026878696240 49] iPadPro2_129, [00000268020FD600][000002687869A500 49] iPad5, [00000268020EF700][000002687869E7C0 49] iPad6, [00000268020FF200][000002687FAACA80 49] iPad7, [00000268020EC100][000002687FAB0D40 49] iPad8, [00000268020FFA00][000002687FAB5000 49] iPadPro11, [00000268020EFC00][000002687FAB92C0 49] iPadPro2_11, [00000268020FD500][000002687868B540 49] iPadPro3_129, [00000268020EE200][000002687FABD7C0 49] iPadPro4_129, [00000268020FC200][000002687FAC5A80 49] AppleTV, [00000268020EFE00][000002687FAC81C0 49] AppleTV4K, [00000268020FDB00][000002687FACC480 49] TVOS, [00000268020ED600][000002687FAD0740 49] Mac, [00000268020FC800][000002687FAD4A00 49] MacClient, [00000268020EEE00][000002687FAD8CC0 49] MacNoEditor, [00000268020FD300][000002687FADCF80 49] MacServer, [00000268020ECE00][000002687FAE1240 49] Linux, [00000268020FE500][000002687FAE5500 49] LinuxAArch64, [0000026802195F00][000002687FAC1780 49] LinuxNoEditor, [00000268020FD400][000002687FAE9A00 49] LinuxAArch64NoEditor, [0000026802195900][000002687FAF0140 49] LinuxClient, [00000268020FE300][000002687FAF4400 49] LinuxAArch64Client, [0000026802195100][000002687FAF86C0 49] LinuxServer, [00000268020FDD00][000002687FAFC980 49] LinuxAArch64Server, [00000268020ED500][000002687FB00C40 49] Android, [00000268020FE000][000002687FB04F00 49] Android_Low, [00000268020ED000][000002687FB091C0 49] Android_Mid, [00000268020FCC00][000002687FB0D480 49] Android_High, [00000268020EC200][000002687FB11740 49] Android_Default, [00000268020FE600][000002687FAED9C0 49] Android_Adreno4xx, [00000268020EE900][000002687FB140C0 49] Android_Adreno5xx_Low, [00000268020FDF00][000002687FB1C380 49] Android_Adreno5xx, [00000268020EEF00][000002687FB20640 49] Android_Adreno6xx, [00000268020FE700][000002687FB24900 49] Android_Adreno6xx_Vulkan, [00000268020EDF00][000002687FB28BC0 49] Android_Mali_T6xx, [00000268020FED00][000002687FB2CE80 49] Android_Mali_T7xx, [00000268020EF300][000002687FB31140 49] Android_Mali_T8xx, [00000268020FC900][000002687FB35400 49] Android_Mali_G71, [00000268020ECF00][000002687FB396C0 49] Android_Mali_G72, [00000268020FDE00][000002687FB3D980 49] Android_Mali_G72_Vulkan, [00000268020EC500][000002687FB19C00 49] Android_Mali_G76, [00000268020FF600][000002687FB44340 49] Android_Mali_G76_Vulkan, [00000268020ECB00][000002687FB48600 49] Android_Mali_G77, [0000026802150700][000002687FB4C8C0 49] Android_Mali_G77_Vulkan, [00000268020EF600][000002687FB50B80 49] Android_Mali_G78, [0000026802152C00][000002687FB54E40 49] Android_Mali_G78_Vulkan, [00000268020CA800][000002687FB59100 49] Android_Mali_G710, [00000268020FCD00][000002687FB5D3C0 49] Android_Mali_G710_Vulkan, [00000268020C9500][000002687FB61680 49] Android_Vulkan_SM5, [0000026802195600][000002687FB65940 49] Android_PowerVR_G6xxx, [00000268020CA500][000002687FB41BC0 49] Android_PowerVR_GT7xxx, [00000268020FD000][000002687FB682C0 49] Android_PowerVR_GE8xxx, [00000268020CBF00][000002687FB70580 49] Android_PowerVR_GM9xxx, [0000026802195B00][000002687FB74840 49] Android_PowerVR_GM9xxx_Vulkan, [00000268020C9600][000002687FB78B00 49] Android_TegraK1, [00000268020FC300][000002687FB7CDC0 49] Android_Unknown_Vulkan, [0000026802152400][000002687FB81080 49] Lumin, [00000268020EDD00][000002687FB85340 49] Lumin_Desktop, [0000026802152D00][000002687FB89600 49] HoloLens, 
[2021.11.05-10.44.46:599][  0]LogMeshReduction: Using QuadricMeshReduction for automatic static mesh reduction
[2021.11.05-10.44.46:599][  0]LogMeshReduction: Using SimplygonMeshReduction for automatic skeletal mesh reduction
[2021.11.05-10.44.46:600][  0]LogMeshReduction: Using ProxyLODMeshReduction for automatic mesh merging
[2021.11.05-10.44.46:600][  0]LogMeshReduction: No distributed automatic mesh merging module available
[2021.11.05-10.44.46:600][  0]LogMeshMerging: No distributed automatic mesh merging module available
[2021.11.05-10.44.46:611][  0]LogNetVersion: Netshoot 1.0.0, NetCL: 0, EngineNetVer: 17, GameNetVer: 0 (Checksum: 2292170303)
[2021.11.05-10.44.46:693][  0]LogTexture: Default maximum texture size for cubemaps generated from long-lat sources has been changed from 512 to unlimited. In order to preserve old behaiour for '/Engine/MapTemplates/Sky/DaylightAmbientCubemap.DaylightAmbientCubemap', its maximum texture size has been explicitly set to 512.
[2021.11.05-10.44.46:706][  0]LogHMD: PokeAHoleMaterial loaded successfully
[2021.11.05-10.44.46:752][  0]LogPython: Using Python 3.7.7
[2021.11.05-10.44.47:150][  0]LogNiagaraDebuggerClient: Niagara Debugger Client Initialized | Session: D23342DB4417A9CED9D55ABA327ECD31 | Instance: FEF354B24108DB71806688B947B843CE (DESKTOP-GH4GCSH-2848).
[2021.11.05-10.44.47:162][  0]LogCollectionManager: Loaded 0 collections in 0.000821 seconds
[2021.11.05-10.44.47:164][  0]LogFileCache: Scanning file cache for directory 'D:/ue4Project/Netshoot/Netshoot/Saved/Collections/' took 0.00s
[2021.11.05-10.44.47:164][  0]LogFileCache: Scanning file cache for directory 'D:/ue4Project/Netshoot/Netshoot/Content/Developers/yanning/Collections/' took 0.00s
[2021.11.05-10.44.47:164][  0]LogFileCache: Scanning file cache for directory 'D:/ue4Project/Netshoot/Netshoot/Content/Collections/' took 0.00s
[2021.11.05-10.44.47:165][  0]LogCollectionManager: Fixed up redirectors for 0 collections in 0.000002 seconds (updated 0 objects)
[2021.11.05-10.44.47:285][  0]SourceControl: Source control is disabled
[2021.11.05-10.44.47:286][  0]SourceControl: Source control is disabled
[2021.11.05-10.44.47:288][  0]SourceControl: Source control is disabled
[2021.11.05-10.44.47:290][  0]LogUProjectInfo: Found projects:
[2021.11.05-10.44.47:327][  0]LogOpenImageDenoise: OIDN starting up
[2021.11.05-10.44.47:343][  0]LogAndroidPermission: UAndroidPermissionCallbackProxy::GetInstance
[2021.11.05-10.44.47:352][  0]LogAudioCaptureCore: Display: No Audio Capture implementations found. Audio input will be silent.
[2021.11.05-10.44.47:352][  0]LogAudioCaptureCore: Display: No Audio Capture implementations found. Audio input will be silent.
[2021.11.05-10.44.47:400][  0]LogOcInput: OculusInput pre-init called
[2021.11.05-10.44.47:409][  0]LogUObjectArray: 21903 objects as part of root set at end of initial load.
[2021.11.05-10.44.47:409][  0]LogUObjectAllocator: 5897856 out of 0 bytes used by permanent object pool.
[2021.11.05-10.44.47:410][  0]LogUObjectArray: CloseDisregardForGC: 0/0 objects in disregard for GC pool
[2021.11.05-10.44.47:440][  0]LogEngine: Initializing Engine...
[2021.11.05-10.44.47:441][  0]LogStats: UGameplayTagsManager::InitializeManager -  0.000 s
[2021.11.05-10.44.47:453][  0]LogInit: Initializing FReadOnlyCVARCache
[2021.11.05-10.44.47:453][  0]LogNetVersion: Set ProjectVersion to 1.0.0.0. Version Checksum will be recalculated on next use.
[2021.11.05-10.44.47:694][  0]LogDerivedDataCache: Saved boot cache 0.24s 96MB ../../../../../ue4Project/Netshoot/Netshoot/DerivedDataCache/Boot.ddc.
[2021.11.05-10.44.47:695][  0]LogInit: Texture streaming: Disabled
[2021.11.05-10.44.47:834][  0]LogInit: Display: Game Engine Initialized.
[2021.11.05-10.44.47:834][  0]LogNiagaraEditor: GEditor isn't valid! Particle reset commands will not work for Niagara components!
[2021.11.05-10.44.47:860][  0]LogInit: Display: Starting Game.
[2021.11.05-10.44.47:919][  0]LogPackageName: SearchForPackageOnDisk took   0.059s to resolve Level_01.umap.
[2021.11.05-10.44.47:919][  0]LogNet: Browse: /Game/Maps/Level_01?Name=Player
[2021.11.05-10.44.47:920][  0]LogLoad: LoadMap: /Game/Maps/Level_01?Name=Player
[2021.11.05-10.44.47:921][  0]LogWorld: BeginTearingDown for /Temp/Untitled_0
[2021.11.05-10.44.47:924][  0]LogWorld: UWorld::CleanupWorld for Untitled, bSessionEnded=true, bCleanupResources=true
[2021.11.05-10.44.47:941][  0]LogUObjectHash: Compacting FUObjectHashTables data took   0.79ms
[2021.11.05-10.44.48:183][  0]LogAIModule: Creating AISystem for world Level_01
[2021.11.05-10.44.48:183][  0]LogLoad: Game class is 'MyGameMode_C'
[2021.11.05-10.44.48:185][  0]LogNet: ReplicationDriverClass is null! Not using ReplicationDriver.
[2021.11.05-10.44.48:185][  0]LogNetCore: DDoS detection status: detection enabled: 0 analytics enabled: 0
[2021.11.05-10.44.48:185][  0]LogInit: WinSock: Socket queue. Rx: 131072 (config 131072) Tx: 131072 (config 131072)
[2021.11.05-10.44.48:186][  0]LogNet: Created socket for bind address: 0.0.0.0 on port 7777
[2021.11.05-10.44.48:186][  0]PacketHandlerLog: Loaded PacketHandler component: Engine.EngineHandlerComponentFactory (StatelessConnectHandlerComponent)
[2021.11.05-10.44.48:186][  0]LogNet: GameNetDriver IpNetDriver_0 IpNetDriver listening on port 7777
[2021.11.05-10.44.48:191][  0]LogWorld: Bringing World /Game/Maps/Level_01.Level_01 up for play (max tick rate 30) at 2021.11.05-18.44.48
[2021.11.05-10.44.48:191][  0]LogWorld: Bringing up level for play took: 0.003326
[2021.11.05-10.44.48:192][  0]LogGameMode: Display: Match State Changed from EnteringMap to WaitingToStart
[2021.11.05-10.44.48:192][  0]LogGameState: Match State Changed from EnteringMap to WaitingToStart
[2021.11.05-10.44.48:192][  0]LogLoad: Took 0.271798 seconds to LoadMap(/Game/Maps/Level_01)
[2021.11.05-10.44.48:197][  0]LogInit: Display: Engine is initialized. Leaving FEngineLoop::Init()
[2021.11.05-10.44.48:197][  0]LogLoad: (Engine Initialization) Total time: 4.31 seconds
[2021.11.05-10.44.48:197][  0]LogLoad: (Engine Initialization) Total Blueprint compile time: 0.00 seconds
[2021.11.05-10.44.49:023][ 24]LogNet: NotifyAcceptingConnection accepted from: 127.0.0.1:51152
[2021.11.05-10.44.49:023][ 24]LogHandshake: SendConnectChallenge. Timestamp: 0.824521, Cookie: 052053024100206077142128039054032040141203076078128115071059
[2021.11.05-10.44.49:057][ 25]LogNet: NotifyAcceptingConnection accepted from: 127.0.0.1:51152
[2021.11.05-10.44.49:057][ 25]LogHandshake: SendChallengeAck. InCookie: 052053024100206077142128039054032040141203076078128115071059
[2021.11.05-10.44.49:058][ 25]LogNet: Server accepting post-challenge connection from: 127.0.0.1:51152
[2021.11.05-10.44.49:058][ 25]PacketHandlerLog: Loaded PacketHandler component: Engine.EngineHandlerComponentFactory (StatelessConnectHandlerComponent)
[2021.11.05-10.44.49:059][ 25]LogNet: NotifyAcceptedConnection: Name: Level_01, TimeStamp: 11/05/21 18:44:49, [UNetConnection] RemoteAddr: 127.0.0.1:51152, Name: IpConnection_0, Driver: GameNetDriver IpNetDriver_0, IsServer: YES, PC: NULL, Owner: NULL, UniqueId: INVALID
[2021.11.05-10.44.49:060][ 25]LogNet: AddClientConnection: Added client connection: [UNetConnection] RemoteAddr: 127.0.0.1:51152, Name: IpConnection_0, Driver: GameNetDriver IpNetDriver_0, IsServer: YES, PC: NULL, Owner: NULL, UniqueId: INVALID
[2021.11.05-10.44.49:060][ 25]LogNet: NotifyAcceptingChannel Control 0 server World /Game/Maps/Level_01.Level_01: Accepted
[2021.11.05-10.44.49:060][ 25]LogNet: Remote platform little endian=1
[2021.11.05-10.44.49:061][ 25]LogNet: This platform little endian=1
[2021.11.05-10.44.49:061][ 25]LogNetVersion: Netshoot 1.0.0.0, NetCL: 0, EngineNetVer: 17, GameNetVer: 0 (Checksum: 3847081628)
[2021.11.05-10.44.49:089][ 26]LogNet: Login request: ?Name=DESKTOP-GH4GCSH-E0BD4A784E69D9354C6DE8A98AC45E9B userId: NULL:DESKTOP-GH4GCSH-E0BD4A784E69D9354C6DE8A98AC45E9B platform: NULL
[2021.11.05-10.44.49:354][ 34]LogNet: Client netspeed is 100000
[2021.11.05-10.44.49:354][ 34]LogNet: Join request: /Engine/Maps/Entry?Name=DESKTOP-GH4GCSH-E0BD4A784E69D9354C6DE8A98AC45E9B?SplitscreenCount=1
[2021.11.05-10.44.49:355][ 34]LogScript: Warning: Script Msg: MyPlayerController_C_0 自定义事件_0 SetTimer passed a negative or zero time. The associated timer may fail to be created/fire! If using InitialStartDelayVariance, be sure it is smaller than (Time + InitialStartDelay).
[2021.11.05-10.44.49:391][ 34]LogOnlineSession: Warning: OSS: No game present to join for session (GameSession)
[2021.11.05-10.44.49:439][ 34]LogGameMode: Display: Match State Changed from WaitingToStart to InProgress
[2021.11.05-10.44.49:442][ 34]LogGameState: Match State Changed from WaitingToStart to InProgress
[2021.11.05-10.44.49:442][ 34]LogNet: Join succeeded: DESKTOP-GH4GCSH-E0BD
[2021.11.05-10.45.02:003][411]LogNet: NotifyAcceptingConnection accepted from: 127.0.0.1:51153
[2021.11.05-10.45.02:003][411]LogHandshake: SendConnectChallenge. Timestamp: 13.805256, Cookie: 061208179131103100100117017174064111014052183126243176253237
[2021.11.05-10.45.02:037][412]LogNet: NotifyAcceptingConnection accepted from: 127.0.0.1:51153
[2021.11.05-10.45.02:037][412]LogHandshake: SendChallengeAck. InCookie: 061208179131103100100117017174064111014052183126243176253237
[2021.11.05-10.45.02:038][412]LogNet: Server accepting post-challenge connection from: 127.0.0.1:51153
[2021.11.05-10.45.02:038][412]PacketHandlerLog: Loaded PacketHandler component: Engine.EngineHandlerComponentFactory (StatelessConnectHandlerComponent)
[2021.11.05-10.45.02:038][412]LogNet: NotifyAcceptedConnection: Name: Level_01, TimeStamp: 11/05/21 18:45:02, [UNetConnection] RemoteAddr: 127.0.0.1:51153, Name: IpConnection_1, Driver: GameNetDriver IpNetDriver_0, IsServer: YES, PC: NULL, Owner: NULL, UniqueId: INVALID
[2021.11.05-10.45.02:039][412]LogNet: AddClientConnection: Added client connection: [UNetConnection] RemoteAddr: 127.0.0.1:51153, Name: IpConnection_1, Driver: GameNetDriver IpNetDriver_0, IsServer: YES, PC: NULL, Owner: NULL, UniqueId: INVALID
[2021.11.05-10.45.02:040][412]LogNet: NotifyAcceptingChannel Control 0 server World /Game/Maps/Level_01.Level_01: Accepted
[2021.11.05-10.45.02:040][412]LogNet: Remote platform little endian=1
[2021.11.05-10.45.02:040][412]LogNet: This platform little endian=1
[2021.11.05-10.45.02:070][413]LogNet: Login request: ?Name=DESKTOP-GH4GCSH-16FC1526464998482D985E81E4C97BE0 userId: NULL:DESKTOP-GH4GCSH-16FC1526464998482D985E81E4C97BE0 platform: NULL
[2021.11.05-10.45.02:369][422]LogNet: Client netspeed is 100000
[2021.11.05-10.45.02:370][422]LogNet: Join request: /Engine/Maps/Entry?Name=DESKTOP-GH4GCSH-16FC1526464998482D985E81E4C97BE0?SplitscreenCount=1
[2021.11.05-10.45.02:372][422]LogScript: Warning: Script Msg: MyPlayerController_C_1 自定义事件_0 SetTimer passed a negative or zero time. The associated timer may fail to be created/fire! If using InitialStartDelayVariance, be sure it is smaller than (Time + InitialStartDelay).
[2021.11.05-10.45.02:372][422]LogOnlineSession: Warning: OSS: No game present to join for session (GameSession)
[2021.11.05-10.45.02:398][422]LogNet: Join succeeded: DESKTOP-GH4GCSH-16FC
[2021.11.05-10.46.06:336][331]LogNet: UChannel::ReceivedSequencedBunch: Bunch.bClose == true. ChIndex == 0. Calling ConditionalCleanUp.
[2021.11.05-10.46.06:336][331]LogNet: UChannel::CleanUp: ChIndex == 0. Closing connection. [UChannel] ChIndex: 0, Closing: 0 [UNetConnection] RemoteAddr: 127.0.0.1:51153, Name: IpConnection_1, Driver: GameNetDriver IpNetDriver_0, IsServer: YES, PC: MyPlayerController_C_1, Owner: MyPlayerController_C_1, UniqueId: NULL:DESKTOP-GH4GCSH-16FC1526464998482D985E81E4C97BE0
[2021.11.05-10.46.06:337][331]LogNet: UNetConnection::Close: [UNetConnection] RemoteAddr: 127.0.0.1:51153, Name: IpConnection_1, Driver: GameNetDriver IpNetDriver_0, IsServer: YES, PC: MyPlayerController_C_1, Owner: MyPlayerController_C_1, UniqueId: NULL:DESKTOP-GH4GCSH-16FC1526464998482D985E81E4C97BE0, Channels: 15, Time: 2021.11.05-10.46.06
[2021.11.05-10.46.06:337][331]LogNet: UChannel::Close: Sending CloseBunch. ChIndex == 0. Name: [UChannel] ChIndex: 0, Closing: 0 [UNetConnection] RemoteAddr: 127.0.0.1:51153, Name: IpConnection_1, Driver: GameNetDriver IpNetDriver_0, IsServer: YES, PC: MyPlayerController_C_1, Owner: MyPlayerController_C_1, UniqueId: NULL:DESKTOP-GH4GCSH-16FC1526464998482D985E81E4C97BE0
[2021.11.05-10.46.06:338][331]LogOnlineSession: Warning: OSS: No game present to leave for session (GameSession)
[2021.11.05-10.46.09:211][417]LogNet: UChannel::ReceivedSequencedBunch: Bunch.bClose == true. ChIndex == 0. Calling ConditionalCleanUp.
[2021.11.05-10.46.09:211][417]LogNet: UChannel::CleanUp: ChIndex == 0. Closing connection. [UChannel] ChIndex: 0, Closing: 0 [UNetConnection] RemoteAddr: 127.0.0.1:51152, Name: IpConnection_0, Driver: GameNetDriver IpNetDriver_0, IsServer: YES, PC: MyPlayerController_C_0, Owner: MyPlayerController_C_0, UniqueId: NULL:DESKTOP-GH4GCSH-E0BD4A784E69D9354C6DE8A98AC45E9B
[2021.11.05-10.46.09:212][417]LogNet: UNetConnection::Close: [UNetConnection] RemoteAddr: 127.0.0.1:51152, Name: IpConnection_0, Driver: GameNetDriver IpNetDriver_0, IsServer: YES, PC: MyPlayerController_C_0, Owner: MyPlayerController_C_0, UniqueId: NULL:DESKTOP-GH4GCSH-E0BD4A784E69D9354C6DE8A98AC45E9B, Channels: 15, Time: 2021.11.05-10.46.09
[2021.11.05-10.46.09:212][417]LogNet: UChannel::Close: Sending CloseBunch. ChIndex == 0. Name: [UChannel] ChIndex: 0, Closing: 0 [UNetConnection] RemoteAddr: 127.0.0.1:51152, Name: IpConnection_0, Driver: GameNetDriver IpNetDriver_0, IsServer: YES, PC: MyPlayerController_C_0, Owner: MyPlayerController_C_0, UniqueId: NULL:DESKTOP-GH4GCSH-E0BD4A784E69D9354C6DE8A98AC45E9B
[2021.11.05-10.46.09:213][417]LogOnlineSession: Warning: OSS: No game present to leave for session (GameSession)
