Log file open, 11/05/21 18:53:31
LogWindows: Failed to load 'aqProf.dll' (GetLastError=126)
LogWindows: File 'aqProf.dll' does not exist
LogWindows: Failed to load 'VtuneApi.dll' (GetLastError=126)
LogWindows: File 'VtuneApi.dll' does not exist
LogWindows: Failed to load 'VtuneApi32e.dll' (GetLastError=126)
LogWindows: File 'VtuneApi32e.dll' does not exist
LogConsoleResponse: Display: Failed to find resolution value strings in scalability ini. Falling back to default.
LogConsoleResponse: Display: Failed to find resolution value strings in scalability ini. Falling back to default.
LogInit: Display: Running engine for game: Netshoot
LogPlatformFile: Not using cached read wrapper
LogTaskGraph: Started task graph with 5 named threads and 17 total threads with 3 sets of task threads.
LogStats: Stats thread started at 0.128571
LogICUInternationalization: ICU TimeZone Detection - Raw Offset: +8:00, Platform Override: ''
LogInit: Display: Loading text-based GConfig....
LogPluginManager: Mounting plugin MeshPainting
LogPluginManager: Mounting plugin XGEController
LogPluginManager: Mounting plugin Paper2D
LogPluginManager: Mounting plugin AISupport
LogPluginManager: Mounting plugin EnvironmentQueryEditor
LogPluginManager: Mounting plugin LiveLink
LogPluginManager: Mounting plugin LightPropagationVolume
LogPluginManager: Mounting plugin CameraShakePreviewer
LogPluginManager: Mounting plugin GameplayCameras
LogPluginManager: Mounting plugin OodleData
LogPluginManager: Mounting plugin OodleNetwork
LogPluginManager: Mounting plugin AnimationSharing
LogPluginManager: Mounting plugin CLionSourceCodeAccess
LogPluginManager: Mounting plugin CodeLiteSourceCodeAccess
LogPluginManager: Mounting plugin GitSourceControl
LogPluginManager: Mounting plugin KDevelopSourceCodeAccess
LogPluginManager: Mounting plugin NullSourceCodeAccess
LogPluginManager: Mounting plugin PerforceSourceControl
LogPluginManager: Mounting plugin PixWinPlugin
LogPluginManager: Mounting plugin PlasticSourceControl
LogPluginManager: Mounting plugin PluginUtils
LogPluginManager: Mounting plugin PropertyAccessNode
LogPluginManager: Mounting plugin RiderSourceCodeAccess
LogPluginManager: Mounting plugin SubversionSourceControl
LogPluginManager: Mounting plugin TextureFormatOodle
LogPluginManager: Mounting plugin UObjectPlugin
LogPluginManager: Mounting plugin VisualStudioCodeSourceCodeAccess
LogPluginManager: Mounting plugin VisualStudioSourceCodeAccess
LogPluginManager: Mounting plugin XCodeSourceCodeAccess
LogPluginManager: Mounting plugin AssetManagerEditor
LogPluginManager: Mounting plugin CryptoKeys
LogPluginManager: Mounting plugin CurveEditorTools
LogPluginManager: Mounting plugin DataValidation
LogPluginManager: Mounting plugin FacialAnimation
LogPluginManager: Mounting plugin GameplayTagsEditor
LogPluginManager: Mounting plugin GeometryMode
LogPluginManager: Mounting plugin MacGraphicsSwitching
LogPluginManager: Mounting plugin MaterialAnalyzer
LogPluginManager: Mounting plugin MobileLauncherProfileWizard
LogPluginManager: Mounting plugin PluginBrowser
LogPluginManager: Mounting plugin SpeedTreeImporter
LogPluginManager: Mounting plugin DatasmithContent
LogPluginManager: Mounting plugin VariantManagerContent
LogPluginManager: Mounting plugin AlembicImporter
LogPluginManager: Mounting plugin AutomationUtils
LogPluginManager: Mounting plugin BackChannel
LogPluginManager: Mounting plugin ChaosCloth
LogPluginManager: Mounting plugin ChaosClothEditor
LogPluginManager: Mounting plugin ChaosEditor
LogPluginManager: Mounting plugin ChaosNiagara
LogPluginManager: Mounting plugin ChaosSolverPlugin
LogPluginManager: Mounting plugin CharacterAI
LogPluginManager: Mounting plugin GeometryCache
LogPluginManager: Mounting plugin GeometryCollectionPlugin
LogPluginManager: Mounting plugin GeometryProcessing
LogPluginManager: Mounting plugin MotoSynth
LogPluginManager: Mounting plugin OpenImageDenoise
LogPluginManager: Mounting plugin PlanarCut
LogPluginManager: Mounting plugin PlatformCrypto
LogPluginManager: Mounting plugin ProxyLODPlugin
LogPluginManager: Mounting plugin PythonScriptPlugin
LogPluginManager: Mounting plugin SkeletalReduction
LogPluginManager: Mounting plugin Niagara
LogPluginManager: Mounting plugin LuminPlatformFeatures
LogPluginManager: Mounting plugin MagicLeap
LogPluginManager: Mounting plugin MagicLeapLightEstimation
LogPluginManager: Mounting plugin MagicLeapMedia
LogPluginManager: Mounting plugin MagicLeapPassableWorld
LogPluginManager: Mounting plugin MLSDK
LogPluginManager: Mounting plugin AndroidMedia
LogPluginManager: Mounting plugin AvfMedia
LogPluginManager: Mounting plugin ImgMedia
LogPluginManager: Mounting plugin MediaCompositing
LogPluginManager: Mounting plugin MediaPlayerEditor
LogPluginManager: Mounting plugin WebMMedia
LogPluginManager: Mounting plugin WmfMedia
LogPluginManager: Mounting plugin TcpMessaging
LogPluginManager: Mounting plugin UdpMessaging
LogPluginManager: Mounting plugin ActorSequence
LogPluginManager: Mounting plugin LevelSequenceEditor
LogPluginManager: Mounting plugin MatineeToLevelSequence
LogPluginManager: Mounting plugin TemplateSequence
LogPluginManager: Mounting plugin OnlineSubsystem
LogPluginManager: Mounting plugin OnlineSubsystemNull
LogPluginManager: Mounting plugin OnlineSubsystemUtils
LogPluginManager: Mounting plugin LauncherChunkInstaller
LogPluginManager: Mounting plugin ActorLayerUtilities
LogPluginManager: Mounting plugin AndroidDeviceProfileSelector
LogPluginManager: Mounting plugin AndroidMoviePlayer
LogPluginManager: Mounting plugin AndroidPermission
LogPluginManager: Mounting plugin AppleImageUtils
LogPluginManager: Mounting plugin AppleMoviePlayer
LogPluginManager: Mounting plugin ArchVisCharacter
LogPluginManager: Mounting plugin AssetTags
LogPluginManager: Mounting plugin AudioCapture
LogPluginManager: Mounting plugin AudioSynesthesia
LogPluginManager: Mounting plugin CableComponent
LogPluginManager: Mounting plugin ChunkDownloader
LogPluginManager: Mounting plugin CustomMeshComponent
LogPluginManager: Mounting plugin EditableMesh
LogPluginManager: Mounting plugin ExampleDeviceProfileSelector
LogPluginManager: Mounting plugin GoogleCloudMessaging
LogPluginManager: Mounting plugin GooglePAD
LogPluginManager: Mounting plugin IOSDeviceProfileSelector
LogPluginManager: Mounting plugin LinuxDeviceProfileSelector
LogPluginManager: Mounting plugin LocationServicesBPLibrary
LogPluginManager: Mounting plugin MobilePatchingUtils
LogPluginManager: Mounting plugin OpenXR
LogPluginManager: Mounting plugin OpenXREyeTracker
LogPluginManager: Mounting plugin OpenXRHandTracking
LogPluginManager: Mounting plugin PhysXVehicles
LogPluginManager: Mounting plugin PostSplashScreen
LogPluginManager: Mounting plugin ProceduralMeshComponent
LogPluginManager: Mounting plugin PropertyAccessEditor
LogPluginManager: Mounting plugin RuntimePhysXCooking
LogPluginManager: Mounting plugin SignificanceManager
LogPluginManager: Mounting plugin SoundFields
LogPluginManager: Mounting plugin Synthesis
LogPluginManager: Mounting plugin WebMMoviePlayer
LogPluginManager: Mounting plugin WindowsMoviePlayer
LogPluginManager: Mounting plugin ScreenshotTools
LogPluginManager: Mounting plugin Takes
LogPluginManager: Mounting plugin ContentBrowserAssetDataSource
LogPluginManager: Mounting plugin ContentBrowserClassDataSource
LogPluginManager: Mounting plugin ContentBrowserFileDataSource
LogPluginManager: Mounting plugin OnlineSubsystemGooglePlay
LogPluginManager: Mounting plugin OnlineSubsystemIOS
LogPluginManager: Mounting plugin OculusVR
LogPluginManager: Mounting plugin SteamVR
PixWinPlugin: PIX capture plugin failed to initialize! Check that the process is launched from PIX.
LogInit: Using libcurl 7.55.1-DEV
LogInit:  - built for x86_64-pc-win32
LogInit:  - supports SSL with OpenSSL/1.1.1
LogInit:  - supports HTTP deflate (compression) using libz 1.2.8
LogInit:  - other features:
LogInit:      CURL_VERSION_SSL
LogInit:      CURL_VERSION_LIBZ
LogInit:      CURL_VERSION_IPV6
LogInit:      CURL_VERSION_ASYNCHDNS
LogInit:      CURL_VERSION_LARGEFILE
LogInit:      CURL_VERSION_IDN
LogInit:  CurlRequestOptions (configurable via config and command line):
LogInit:  - bVerifyPeer = true  - Libcurl will verify peer certificate
LogInit:  - bUseHttpProxy = false  - Libcurl will NOT use HTTP proxy
LogInit:  - bDontReuseConnections = false  - Libcurl will reuse connections
LogInit:  - MaxHostConnections = 16  - Libcurl will limit the number of connections to a host
LogInit:  - LocalHostAddr = Default
LogInit:  - BufferSize = 65536
LogOnline: Warning: OSS: TryLoadSubsystemAndSetDefault: LoadSubsystemModule([Steam]) failed
LogOnline: OSS: Creating online subsystem instance for: NULL
LogInit: WinSock: version 1.1 (2.2), MaxSocks=32767, MaxUdp=65467
LogOnline: OSS: TryLoadSubsystemAndSetDefault: Loaded subsystem for module [NULL]
LogInit: Build: ++UE4+Release-4.27-CL-0
LogInit: Engine Version: 4.27.0-0+++UE4+Release-4.27
LogInit: Compatible Engine Version: 4.27.0-0+++UE4+Release-4.27
LogInit: Net CL: 0
LogInit: OS: Windows 10 (Release 2009) (), CPU: Intel(R) Core(TM) i5-8400 CPU @ 2.80GHz, GPU: NVIDIA GeForce GTX 1060 6GB
LogInit: Compiled (64-bit): Oct 12 2021 09:26:09
LogInit: Compiled with Visual C++: 19.29.30136.00
LogInit: Build Configuration: Development
LogInit: Branch Name: ++UE4+Release-4.27
LogInit: Command Line:  Level_01 -server -log -nosteam
LogInit: Base Directory: D:/ue4code/UnrealEngine/Engine/Binaries/Win64/
LogInit: Allocator: TBB
LogInit: Installed Engine Build: 0
LogDevObjectVersion: Number of dev versions registered: 29
LogDevObjectVersion:   Dev-Blueprints (B0D832E4-1F89-4F0D-ACCF-7EB736FD4AA2): 10
LogDevObjectVersion:   Dev-Build (E1C64328-A22C-4D53-A36C-8E866417BD8C): 0
LogDevObjectVersion:   Dev-Core (375EC13C-06E4-48FB-B500-84F0262A717E): 4
LogDevObjectVersion:   Dev-Editor (E4B068ED-F494-42E9-A231-DA0B2E46BB41): 40
LogDevObjectVersion:   Dev-Framework (CFFC743F-43B0-4480-9391-14DF171D2073): 37
LogDevObjectVersion:   Dev-Mobile (B02B49B5-BB20-44E9-A304-32B752E40360): 3
LogDevObjectVersion:   Dev-Networking (A4E4105C-59A1-49B5-A7C5-40C4547EDFEE): 0
LogDevObjectVersion:   Dev-Online (39C831C9-5AE6-47DC-9A44-9C173E1C8E7C): 0
LogDevObjectVersion:   Dev-Physics (78F01B33-EBEA-4F98-B9B4-84EACCB95AA2): 14
LogDevObjectVersion:   Dev-Platform (6631380F-2D4D-43E0-8009-CF276956A95A): 0
LogDevObjectVersion:   Dev-Rendering (12F88B9F-8875-4AFC-A67C-D90C383ABD29): 45
LogDevObjectVersion:   Dev-Sequencer (7B5AE74C-D270-4C10-A958-57980B212A5A): 13
LogDevObjectVersion:   Dev-VR (D7296918-1DD6-4BDD-9DE2-64A83CC13884): 3
LogDevObjectVersion:   Dev-LoadTimes (C2A15278-BFE7-4AFE-6C17-90FF531DF755): 1
LogDevObjectVersion:   Private-Geometry (6EACA3D4-40EC-4CC1-B786-8BED09428FC5): 3
LogDevObjectVersion:   Dev-AnimPhys (29E575DD-E0A3-4627-9D10-D276232CDCEA): 17
LogDevObjectVersion:   Dev-Anim (AF43A65D-7FD3-4947-9873-3E8ED9C1BB05): 15
LogDevObjectVersion:   Dev-ReflectionCapture (6B266CEC-1EC7-4B8F-A30B-E4D90942FC07): 1
LogDevObjectVersion:   Dev-Automation (0DF73D61-A23F-47EA-B727-89E90C41499A): 1
LogDevObjectVersion:   FortniteMain (601D1886-AC64-4F84-AA16-D3DE0DEAC7D6): 47
LogDevObjectVersion:   FortniteRelease (E7086368-6B23-4C58-8439-1B7016265E91): 1
LogDevObjectVersion:   Dev-Enterprise (9DFFBCD6-494F-0158-E221-12823C92A888): 10
LogDevObjectVersion:   Dev-Niagara (F2AED0AC-9AFE-416F-8664-AA7FFA26D6FC): 1
LogDevObjectVersion:   Dev-Destruction (174F1F0B-B4C6-45A5-B13F-2EE8D0FB917D): 10
LogDevObjectVersion:   Dev-Physics-Ext (35F94A83-E258-406C-A318-09F59610247C): 41
LogDevObjectVersion:   Dev-PhysicsMaterial-Chaos (B68FC16E-8B1B-42E2-B453-215C058844FE): 1
LogDevObjectVersion:   Dev-CineCamera (B2E18506-4273-CFC2-A54E-F4BB758BBA07): 1
LogDevObjectVersion:   Dev-VirtualProduction (64F58936-FD1B-42BA-BA96-7289D5D0FA4E): 1
LogDevObjectVersion:   Dev-MediaFramework (6F0ED827-A609-4895-9C91-998D90180EA4): 2
LogInit: Presizing for max 25165824 objects, including 0 objects not considered by GC, pre-allocating 0 bytes for permanent pool.
LogConfig: Applying CVar settings from Section [/Script/Engine.StreamingSettings] File [D:/ue4Project/Netshoot/Netshoot/Saved/Config/Windows/Engine.ini]
LogConfig: Setting CVar [[s.MinBulkDataSizeForAsyncLoading:131072]]
LogConfig: Setting CVar [[s.AsyncLoadingThreadEnabled:0]]
LogConfig: Setting CVar [[s.EventDrivenLoaderEnabled:1]]
LogConfig: Setting CVar [[s.WarnIfTimeLimitExceeded:0]]
LogConfig: Setting CVar [[s.TimeLimitExceededMultiplier:1.5]]
LogConfig: Setting CVar [[s.TimeLimitExceededMinTime:0.005]]
LogConfig: Setting CVar [[s.UseBackgroundLevelStreaming:1]]
LogConfig: Setting CVar [[s.PriorityAsyncLoadingExtraTime:15.0]]
LogConfig: Setting CVar [[s.LevelStreamingActorsUpdateTimeLimit:5.0]]
LogConfig: Setting CVar [[s.PriorityLevelStreamingActorsUpdateExtraTime:5.0]]
LogConfig: Setting CVar [[s.LevelStreamingComponentsRegistrationGranularity:10]]
LogConfig: Setting CVar [[s.UnregisterComponentsTimeLimit:1.0]]
LogConfig: Setting CVar [[s.LevelStreamingComponentsUnregistrationGranularity:5]]
LogConfig: Setting CVar [[s.FlushStreamingOnExit:1]]
LogInit: Object subsystem initialized
LogConfig: Setting CVar [[con.DebugEarlyDefault:1]]
LogConfig: Setting CVar [[r.setres:1280x720]]
[2021.11.05-10.53.32:169][  0]LogConfig: Setting CVar [[con.DebugEarlyDefault:1]]
[2021.11.05-10.53.32:169][  0]LogConfig: Setting CVar [[r.setres:1280x720]]
[2021.11.05-10.53.32:169][  0]LogConfig: Applying CVar settings from Section [/Script/Engine.RendererSettings] File [D:/ue4Project/Netshoot/Netshoot/Saved/Config/Windows/Engine.ini]
[2021.11.05-10.53.32:170][  0]LogConfig: Setting CVar [[r.GPUCrashDebugging:0]]
[2021.11.05-10.53.32:171][  0]LogConfig: Setting CVar [[r.MobileHDR:1]]
[2021.11.05-10.53.32:172][  0]LogConfig: Setting CVar [[r.AllowOcclusionQueries:1]]
[2021.11.05-10.53.32:172][  0]LogConfig: Setting CVar [[r.MinScreenRadiusForLights:0.030000]]
[2021.11.05-10.53.32:172][  0]LogConfig: Setting CVar [[r.MinScreenRadiusForDepthPrepass:0.030000]]
[2021.11.05-10.53.32:172][  0]LogConfig: Setting CVar [[r.PrecomputedVisibilityWarning:0]]
[2021.11.05-10.53.32:173][  0]LogConfig: Setting CVar [[r.TextureStreaming:1]]
[2021.11.05-10.53.32:173][  0]LogConfig: Setting CVar [[Compat.UseDXT5NormalMaps:0]]
[2021.11.05-10.53.32:173][  0]LogConfig: Setting CVar [[r.AllowStaticLighting:1]]
[2021.11.05-10.53.32:174][  0]LogConfig: Setting CVar [[r.NormalMapsForStaticLighting:0]]
[2021.11.05-10.53.32:174][  0]LogConfig: Setting CVar [[r.GenerateMeshDistanceFields:1]]
[2021.11.05-10.53.32:174][  0]LogConfig: Setting CVar [[r.TessellationAdaptivePixelsPerTriangle:48.000000]]
[2021.11.05-10.53.32:174][  0]LogConfig: Setting CVar [[r.SeparateTranslucency:1]]
[2021.11.05-10.53.32:175][  0]LogConfig: Setting CVar [[r.CustomDepth:1]]
[2021.11.05-10.53.32:175][  0]LogConfig: Setting CVar [[r.DefaultFeature.Bloom:1]]
[2021.11.05-10.53.32:175][  0]LogConfig: Setting CVar [[r.DefaultFeature.AmbientOcclusion:1]]
[2021.11.05-10.53.32:175][  0]LogConfig: Setting CVar [[r.DefaultFeature.AmbientOcclusionStaticFraction:1]]
[2021.11.05-10.53.32:176][  0]LogConfig: Setting CVar [[r.DefaultFeature.AutoExposure:1]]
[2021.11.05-10.53.32:176][  0]LogConfig: Setting CVar [[r.DefaultFeature.MotionBlur:1]]
[2021.11.05-10.53.32:176][  0]LogConfig: Setting CVar [[r.DefaultFeature.LensFlare:1]]
[2021.11.05-10.53.32:176][  0]LogConfig: Setting CVar [[r.DefaultFeature.AntiAliasing:2]]
[2021.11.05-10.53.32:177][  0]LogConfig: Setting CVar [[r.EarlyZPass:3]]
[2021.11.05-10.53.32:177][  0]LogConfig: Setting CVar [[r.DBuffer:0]]
[2021.11.05-10.53.32:177][  0]LogConfig: Setting CVar [[r.ClearSceneMethod:1]]
[2021.11.05-10.53.32:177][  0]LogConfig: Setting CVar [[r.MSAA.CompositingSampleCount:4]]
[2021.11.05-10.53.32:178][  0]LogConfig: Setting CVar [[r.WireframeCullThreshold:5.000000]]
[2021.11.05-10.53.32:178][  0]LogConfig: Applying CVar settings from Section [/Script/Engine.RendererOverrideSettings] File [D:/ue4Project/Netshoot/Netshoot/Saved/Config/Windows/Engine.ini]
[2021.11.05-10.53.32:178][  0]LogConfig: Applying CVar settings from Section [/Script/Engine.StreamingSettings] File [D:/ue4Project/Netshoot/Netshoot/Saved/Config/Windows/Engine.ini]
[2021.11.05-10.53.32:178][  0]LogConfig: Setting CVar [[s.MinBulkDataSizeForAsyncLoading:131072]]
[2021.11.05-10.53.32:179][  0]LogConfig: Setting CVar [[s.AsyncLoadingThreadEnabled:0]]
[2021.11.05-10.53.32:179][  0]LogConfig: Setting CVar [[s.EventDrivenLoaderEnabled:1]]
[2021.11.05-10.53.32:180][  0]LogConfig: Setting CVar [[s.WarnIfTimeLimitExceeded:0]]
[2021.11.05-10.53.32:180][  0]LogConfig: Setting CVar [[s.TimeLimitExceededMultiplier:1.5]]
[2021.11.05-10.53.32:180][  0]LogConfig: Setting CVar [[s.TimeLimitExceededMinTime:0.005]]
[2021.11.05-10.53.32:180][  0]LogConfig: Setting CVar [[s.UseBackgroundLevelStreaming:1]]
[2021.11.05-10.53.32:181][  0]LogConfig: Setting CVar [[s.PriorityAsyncLoadingExtraTime:15.0]]
[2021.11.05-10.53.32:181][  0]LogConfig: Setting CVar [[s.LevelStreamingActorsUpdateTimeLimit:5.0]]
[2021.11.05-10.53.32:181][  0]LogConfig: Setting CVar [[s.PriorityLevelStreamingActorsUpdateExtraTime:5.0]]
[2021.11.05-10.53.32:181][  0]LogConfig: Setting CVar [[s.LevelStreamingComponentsRegistrationGranularity:10]]
[2021.11.05-10.53.32:182][  0]LogConfig: Setting CVar [[s.UnregisterComponentsTimeLimit:1.0]]
[2021.11.05-10.53.32:182][  0]LogConfig: Setting CVar [[s.LevelStreamingComponentsUnregistrationGranularity:5]]
[2021.11.05-10.53.32:182][  0]LogConfig: Setting CVar [[s.FlushStreamingOnExit:1]]
[2021.11.05-10.53.32:182][  0]LogConfig: Applying CVar settings from Section [/Script/Engine.GarbageCollectionSettings] File [D:/ue4Project/Netshoot/Netshoot/Saved/Config/Windows/Engine.ini]
[2021.11.05-10.53.32:183][  0]LogConfig: Setting CVar [[gc.MaxObjectsNotConsideredByGC:1]]
[2021.11.05-10.53.32:183][  0]LogConfig: Setting CVar [[gc.SizeOfPermanentObjectPool:0]]
[2021.11.05-10.53.32:183][  0]LogConfig: Setting CVar [[gc.FlushStreamingOnGC:0]]
[2021.11.05-10.53.32:184][  0]LogConfig: Setting CVar [[gc.NumRetriesBeforeForcingGC:10]]
[2021.11.05-10.53.32:184][  0]LogConfig: Setting CVar [[gc.AllowParallelGC:1]]
[2021.11.05-10.53.32:184][  0]LogConfig: Setting CVar [[gc.TimeBetweenPurgingPendingKillObjects:61.1]]
[2021.11.05-10.53.32:184][  0]LogConfig: Setting CVar [[gc.MaxObjectsInEditor:25165824]]
[2021.11.05-10.53.32:185][  0]LogConfig: Setting CVar [[gc.IncrementalBeginDestroyEnabled:1]]
[2021.11.05-10.53.32:185][  0]LogConfig: Setting CVar [[gc.CreateGCClusters:1]]
[2021.11.05-10.53.32:185][  0]LogConfig: Setting CVar [[gc.MinGCClusterSize:5]]
[2021.11.05-10.53.32:185][  0]LogConfig: Setting CVar [[gc.ActorClusteringEnabled:0]]
[2021.11.05-10.53.32:188][  0]LogConfig: Setting CVar [[gc.BlueprintClusteringEnabled:0]]
[2021.11.05-10.53.32:188][  0]LogConfig: Setting CVar [[gc.UseDisregardForGCOnDedicatedServers:0]]
[2021.11.05-10.53.32:188][  0]LogConfig: Setting CVar [[gc.MultithreadedDestructionEnabled:1]]
[2021.11.05-10.53.32:188][  0]LogConfig: Applying CVar settings from Section [/Script/Engine.NetworkSettings] File [D:/ue4Project/Netshoot/Netshoot/Saved/Config/Windows/Engine.ini]
[2021.11.05-10.53.32:189][  0]LogConfig: Applying CVar settings from Section [/Script/UnrealEd.CookerSettings] File [D:/ue4Project/Netshoot/Netshoot/Saved/Config/Windows/Engine.ini]
[2021.11.05-10.53.32:189][  0]LogConfig: Applying CVar settings from Section [ViewDistanceQuality@3] File [D:/ue4Project/Netshoot/Netshoot/Saved/Config/Windows/Scalability.ini]
[2021.11.05-10.53.32:189][  0]LogConfig: Setting CVar [[r.SkeletalMeshLODBias:0]]
[2021.11.05-10.53.32:190][  0]LogConfig: Setting CVar [[r.ViewDistanceScale:1.0]]
[2021.11.05-10.53.32:190][  0]LogConfig: Applying CVar settings from Section [AntiAliasingQuality@3] File [D:/ue4Project/Netshoot/Netshoot/Saved/Config/Windows/Scalability.ini]
[2021.11.05-10.53.32:190][  0]LogConfig: Setting CVar [[r.PostProcessAAQuality:4]]
[2021.11.05-10.53.32:190][  0]LogConfig: Applying CVar settings from Section [ShadowQuality@3] File [D:/ue4Project/Netshoot/Netshoot/Saved/Config/Windows/Scalability.ini]
[2021.11.05-10.53.32:191][  0]LogConfig: Setting CVar [[r.LightFunctionQuality:1]]
[2021.11.05-10.53.32:191][  0]LogConfig: Setting CVar [[r.ShadowQuality:5]]
[2021.11.05-10.53.32:191][  0]LogConfig: Setting CVar [[r.Shadow.CSM.MaxCascades:10]]
[2021.11.05-10.53.32:191][  0]LogConfig: Setting CVar [[r.Shadow.MaxResolution:2048]]
[2021.11.05-10.53.32:192][  0]LogConfig: Setting CVar [[r.Shadow.MaxCSMResolution:2048]]
[2021.11.05-10.53.32:192][  0]LogConfig: Setting CVar [[r.Shadow.RadiusThreshold:0.01]]
[2021.11.05-10.53.32:192][  0]LogConfig: Setting CVar [[r.Shadow.DistanceScale:1.0]]
[2021.11.05-10.53.32:192][  0]LogConfig: Setting CVar [[r.Shadow.CSM.TransitionScale:1.0]]
[2021.11.05-10.53.32:193][  0]LogConfig: Setting CVar [[r.Shadow.PreShadowResolutionFactor:1.0]]
[2021.11.05-10.53.32:193][  0]LogConfig: Setting CVar [[r.DistanceFieldShadowing:1]]
[2021.11.05-10.53.32:193][  0]LogConfig: Setting CVar [[r.DistanceFieldAO:1]]
[2021.11.05-10.53.32:193][  0]LogConfig: Setting CVar [[r.AOQuality:2]]
[2021.11.05-10.53.32:194][  0]LogConfig: Setting CVar [[r.VolumetricFog:1]]
[2021.11.05-10.53.32:194][  0]LogConfig: Setting CVar [[r.VolumetricFog.GridPixelSize:8]]
[2021.11.05-10.53.32:194][  0]LogConfig: Setting CVar [[r.VolumetricFog.GridSizeZ:128]]
[2021.11.05-10.53.32:194][  0]LogConfig: Setting CVar [[r.VolumetricFog.HistoryMissSupersampleCount:4]]
[2021.11.05-10.53.32:195][  0]LogConfig: Setting CVar [[r.LightMaxDrawDistanceScale:1]]
[2021.11.05-10.53.32:195][  0]LogConfig: Setting CVar [[r.CapsuleShadows:1]]
[2021.11.05-10.53.32:195][  0]LogConfig: Applying CVar settings from Section [PostProcessQuality@3] File [D:/ue4Project/Netshoot/Netshoot/Saved/Config/Windows/Scalability.ini]
[2021.11.05-10.53.32:196][  0]LogConfig: Setting CVar [[r.MotionBlurQuality:4]]
[2021.11.05-10.53.32:196][  0]LogConfig: Setting CVar [[r.AmbientOcclusionMipLevelFactor:0.4]]
[2021.11.05-10.53.32:196][  0]LogConfig: Setting CVar [[r.AmbientOcclusionMaxQuality:100]]
[2021.11.05-10.53.32:196][  0]LogConfig: Setting CVar [[r.AmbientOcclusionLevels:-1]]
[2021.11.05-10.53.32:197][  0]LogConfig: Setting CVar [[r.AmbientOcclusionRadiusScale:1.0]]
[2021.11.05-10.53.32:197][  0]LogConfig: Setting CVar [[r.DepthOfFieldQuality:2]]
[2021.11.05-10.53.32:197][  0]LogConfig: Setting CVar [[r.RenderTargetPoolMin:400]]
[2021.11.05-10.53.32:197][  0]LogConfig: Setting CVar [[r.LensFlareQuality:2]]
[2021.11.05-10.53.32:198][  0]LogConfig: Setting CVar [[r.SceneColorFringeQuality:1]]
[2021.11.05-10.53.32:198][  0]LogConfig: Setting CVar [[r.EyeAdaptationQuality:2]]
[2021.11.05-10.53.32:198][  0]LogConfig: Setting CVar [[r.BloomQuality:5]]
[2021.11.05-10.53.32:198][  0]LogConfig: Setting CVar [[r.FastBlurThreshold:100]]
[2021.11.05-10.53.32:199][  0]LogConfig: Setting CVar [[r.Upscale.Quality:3]]
[2021.11.05-10.53.32:199][  0]LogConfig: Setting CVar [[r.Tonemapper.GrainQuantization:1]]
[2021.11.05-10.53.32:199][  0]LogConfig: Setting CVar [[r.LightShaftQuality:1]]
[2021.11.05-10.53.32:199][  0]LogConfig: Setting CVar [[r.Filter.SizeScale:1]]
[2021.11.05-10.53.32:200][  0]LogConfig: Setting CVar [[r.Tonemapper.Quality:5]]
[2021.11.05-10.53.32:200][  0]LogConfig: Setting CVar [[r.DOF.Gather.AccumulatorQuality:1        ; higher gathering accumulator quality]]
[2021.11.05-10.53.32:200][  0]LogConfig: Setting CVar [[r.DOF.Gather.PostfilterMethod:1          ; Median3x3 postfilering method]]
[2021.11.05-10.53.32:201][  0]LogConfig: Setting CVar [[r.DOF.Gather.EnableBokehSettings:0       ; no bokeh simulation when gathering]]
[2021.11.05-10.53.32:201][  0]LogConfig: Setting CVar [[r.DOF.Gather.RingCount:4                 ; medium number of samples when gathering]]
[2021.11.05-10.53.32:201][  0]LogConfig: Setting CVar [[r.DOF.Scatter.ForegroundCompositing:1    ; additive foreground scattering]]
[2021.11.05-10.53.32:201][  0]LogConfig: Setting CVar [[r.DOF.Scatter.BackgroundCompositing:2    ; additive background scattering]]
[2021.11.05-10.53.32:202][  0]LogConfig: Setting CVar [[r.DOF.Scatter.EnableBokehSettings:1      ; bokeh simulation when scattering]]
[2021.11.05-10.53.32:204][  0]LogConfig: Setting CVar [[r.DOF.Scatter.MaxSpriteRatio:0.1         ; only a maximum of 10% of scattered bokeh]]
[2021.11.05-10.53.32:204][  0]LogConfig: Setting CVar [[r.DOF.Recombine.Quality:1                ; cheap slight out of focus]]
[2021.11.05-10.53.32:205][  0]LogConfig: Setting CVar [[r.DOF.Recombine.EnableBokehSettings:0    ; no bokeh simulation on slight out of focus]]
[2021.11.05-10.53.32:205][  0]LogConfig: Setting CVar [[r.DOF.TemporalAAQuality:1                ; more stable temporal accumulation]]
[2021.11.05-10.53.32:205][  0]LogConfig: Setting CVar [[r.DOF.Kernel.MaxForegroundRadius:0.025]]
[2021.11.05-10.53.32:205][  0]LogConfig: Setting CVar [[r.DOF.Kernel.MaxBackgroundRadius:0.025]]
[2021.11.05-10.53.32:206][  0]LogConfig: Applying CVar settings from Section [TextureQuality@3] File [D:/ue4Project/Netshoot/Netshoot/Saved/Config/Windows/Scalability.ini]
[2021.11.05-10.53.32:206][  0]LogConfig: Setting CVar [[r.Streaming.MipBias:0]]
[2021.11.05-10.53.32:206][  0]LogConfig: Setting CVar [[r.Streaming.AmortizeCPUToGPUCopy:0]]
[2021.11.05-10.53.32:206][  0]LogConfig: Setting CVar [[r.Streaming.MaxNumTexturesToStreamPerFrame:0]]
[2021.11.05-10.53.32:207][  0]LogConfig: Setting CVar [[r.Streaming.Boost:1]]
[2021.11.05-10.53.32:207][  0]LogConfig: Setting CVar [[r.MaxAnisotropy:8]]
[2021.11.05-10.53.32:207][  0]LogConfig: Setting CVar [[r.VT.MaxAnisotropy:8]]
[2021.11.05-10.53.32:207][  0]LogConfig: Setting CVar [[r.Streaming.LimitPoolSizeToVRAM:0]]
[2021.11.05-10.53.32:208][  0]LogConfig: Setting CVar [[r.Streaming.PoolSize:1000]]
[2021.11.05-10.53.32:208][  0]LogConfig: Setting CVar [[r.Streaming.MaxEffectiveScreenSize:0]]
[2021.11.05-10.53.32:208][  0]LogConfig: Applying CVar settings from Section [EffectsQuality@3] File [D:/ue4Project/Netshoot/Netshoot/Saved/Config/Windows/Scalability.ini]
[2021.11.05-10.53.32:209][  0]LogConfig: Setting CVar [[r.TranslucencyLightingVolumeDim:64]]
[2021.11.05-10.53.32:209][  0]LogConfig: Setting CVar [[r.RefractionQuality:2]]
[2021.11.05-10.53.32:209][  0]LogConfig: Setting CVar [[r.SSR.Quality:3]]
[2021.11.05-10.53.32:209][  0]LogConfig: Setting CVar [[r.SSR.HalfResSceneColor:0]]
[2021.11.05-10.53.32:210][  0]LogConfig: Setting CVar [[r.SceneColorFormat:4]]
[2021.11.05-10.53.32:210][  0]LogConfig: Setting CVar [[r.DetailMode:2]]
[2021.11.05-10.53.32:210][  0]LogConfig: Setting CVar [[r.TranslucencyVolumeBlur:1]]
[2021.11.05-10.53.32:210][  0]LogConfig: Setting CVar [[r.MaterialQualityLevel:1 ; High quality]]
[2021.11.05-10.53.32:211][  0]LogConfig: Setting CVar [[r.AnisotropicMaterials:1]]
[2021.11.05-10.53.32:211][  0]LogConfig: Setting CVar [[r.SSS.Scale:1]]
[2021.11.05-10.53.32:211][  0]LogConfig: Setting CVar [[r.SSS.SampleSet:2]]
[2021.11.05-10.53.32:211][  0]LogConfig: Setting CVar [[r.SSS.Quality:1]]
[2021.11.05-10.53.32:212][  0]LogConfig: Setting CVar [[r.SSS.HalfRes:0]]
[2021.11.05-10.53.32:212][  0]LogConfig: Setting CVar [[r.SSGI.Quality:3]]
[2021.11.05-10.53.32:212][  0]LogConfig: Setting CVar [[r.EmitterSpawnRateScale:1.0]]
[2021.11.05-10.53.32:212][  0]LogConfig: Setting CVar [[r.ParticleLightQuality:2]]
[2021.11.05-10.53.32:213][  0]LogConfig: Setting CVar [[r.SkyAtmosphere.AerialPerspectiveLUT.FastApplyOnOpaque:1 ; Always have FastSkyLUT 1 in this case to avoid wrong sky]]
[2021.11.05-10.53.32:213][  0]LogConfig: Setting CVar [[r.SkyAtmosphere.AerialPerspectiveLUT.SampleCountMaxPerSlice:4]]
[2021.11.05-10.53.32:213][  0]LogConfig: Setting CVar [[r.SkyAtmosphere.AerialPerspectiveLUT.DepthResolution:16.0]]
[2021.11.05-10.53.32:214][  0]LogConfig: Setting CVar [[r.SkyAtmosphere.FastSkyLUT:1]]
[2021.11.05-10.53.32:214][  0]LogConfig: Setting CVar [[r.SkyAtmosphere.FastSkyLUT.SampleCountMin:4.0]]
[2021.11.05-10.53.32:214][  0]LogConfig: Setting CVar [[r.SkyAtmosphere.FastSkyLUT.SampleCountMax:128.0]]
[2021.11.05-10.53.32:214][  0]LogConfig: Setting CVar [[r.SkyAtmosphere.SampleCountMin:4.0]]
[2021.11.05-10.53.32:215][  0]LogConfig: Setting CVar [[r.SkyAtmosphere.SampleCountMax:128.0]]
[2021.11.05-10.53.32:215][  0]LogConfig: Setting CVar [[r.SkyAtmosphere.TransmittanceLUT.UseSmallFormat:0]]
[2021.11.05-10.53.32:215][  0]LogConfig: Setting CVar [[r.SkyAtmosphere.TransmittanceLUT.SampleCount:10.0]]
[2021.11.05-10.53.32:215][  0]LogConfig: Setting CVar [[r.SkyAtmosphere.MultiScatteringLUT.SampleCount:15.0]]
[2021.11.05-10.53.32:216][  0]LogConfig: Setting CVar [[r.SkyLight.RealTimeReflectionCapture:1]]
[2021.11.05-10.53.32:216][  0]LogConfig: Applying CVar settings from Section [FoliageQuality@3] File [D:/ue4Project/Netshoot/Netshoot/Saved/Config/Windows/Scalability.ini]
[2021.11.05-10.53.32:216][  0]LogConfig: Setting CVar [[foliage.DensityScale:1.0]]
[2021.11.05-10.53.32:216][  0]LogConfig: Setting CVar [[grass.DensityScale:1.0]]
[2021.11.05-10.53.32:217][  0]LogConfig: Applying CVar settings from Section [ShadingQuality@3] File [D:/ue4Project/Netshoot/Netshoot/Saved/Config/Windows/Scalability.ini]
[2021.11.05-10.53.32:217][  0]LogConfig: Setting CVar [[r.HairStrands.SkyLighting.IntegrationType:2]]
[2021.11.05-10.53.32:217][  0]LogConfig: Setting CVar [[r.HairStrands.SkyAO.SampleCount:4]]
[2021.11.05-10.53.32:218][  0]LogConfig: Setting CVar [[r.HairStrands.Visibility.MSAA.SamplePerPixel:4]]
[2021.11.05-10.53.32:220][  0]LogInit: Selected Device Profile: [Windows]
[2021.11.05-10.53.32:220][  0]LogInit: Applying CVar settings loaded from the selected device profile: [Windows]
[2021.11.05-10.53.32:221][  0]LogHAL: Display: Platform has ~ 16 GB [17110147072 / 17179869184 / 16], which maps to Larger [LargestMinGB=32, LargerMinGB=12, DefaultMinGB=8, SmallerMinGB=6, SmallestMinGB=0)
[2021.11.05-10.53.32:221][  0]LogInit: Going up to parent DeviceProfile []
[2021.11.05-10.53.32:221][  0]LogConfig: Applying CVar settings from Section [ViewDistanceQuality@3] File [D:/ue4Project/Netshoot/Netshoot/Saved/Config/Windows/Scalability.ini]
[2021.11.05-10.53.32:221][  0]LogConfig: Setting CVar [[r.SkeletalMeshLODBias:0]]
[2021.11.05-10.53.32:222][  0]LogConfig: Setting CVar [[r.ViewDistanceScale:1.0]]
[2021.11.05-10.53.32:222][  0]LogConfig: Applying CVar settings from Section [AntiAliasingQuality@3] File [D:/ue4Project/Netshoot/Netshoot/Saved/Config/Windows/Scalability.ini]
[2021.11.05-10.53.32:222][  0]LogConfig: Setting CVar [[r.PostProcessAAQuality:4]]
[2021.11.05-10.53.32:222][  0]LogConfig: Applying CVar settings from Section [ShadowQuality@3] File [D:/ue4Project/Netshoot/Netshoot/Saved/Config/Windows/Scalability.ini]
[2021.11.05-10.53.32:223][  0]LogConfig: Setting CVar [[r.LightFunctionQuality:1]]
[2021.11.05-10.53.32:223][  0]LogConfig: Setting CVar [[r.ShadowQuality:5]]
[2021.11.05-10.53.32:223][  0]LogConfig: Setting CVar [[r.Shadow.CSM.MaxCascades:10]]
[2021.11.05-10.53.32:224][  0]LogConfig: Setting CVar [[r.Shadow.MaxResolution:2048]]
[2021.11.05-10.53.32:224][  0]LogConfig: Setting CVar [[r.Shadow.MaxCSMResolution:2048]]
[2021.11.05-10.53.32:224][  0]LogConfig: Setting CVar [[r.Shadow.RadiusThreshold:0.01]]
[2021.11.05-10.53.32:224][  0]LogConfig: Setting CVar [[r.Shadow.DistanceScale:1.0]]
[2021.11.05-10.53.32:225][  0]LogConfig: Setting CVar [[r.Shadow.CSM.TransitionScale:1.0]]
[2021.11.05-10.53.32:225][  0]LogConfig: Setting CVar [[r.Shadow.PreShadowResolutionFactor:1.0]]
[2021.11.05-10.53.32:225][  0]LogConfig: Setting CVar [[r.DistanceFieldShadowing:1]]
[2021.11.05-10.53.32:225][  0]LogConfig: Setting CVar [[r.DistanceFieldAO:1]]
[2021.11.05-10.53.32:226][  0]LogConfig: Setting CVar [[r.AOQuality:2]]
[2021.11.05-10.53.32:226][  0]LogConfig: Setting CVar [[r.VolumetricFog:1]]
[2021.11.05-10.53.32:226][  0]LogConfig: Setting CVar [[r.VolumetricFog.GridPixelSize:8]]
[2021.11.05-10.53.32:226][  0]LogConfig: Setting CVar [[r.VolumetricFog.GridSizeZ:128]]
[2021.11.05-10.53.32:227][  0]LogConfig: Setting CVar [[r.VolumetricFog.HistoryMissSupersampleCount:4]]
[2021.11.05-10.53.32:227][  0]LogConfig: Setting CVar [[r.LightMaxDrawDistanceScale:1]]
[2021.11.05-10.53.32:228][  0]LogConfig: Setting CVar [[r.CapsuleShadows:1]]
[2021.11.05-10.53.32:228][  0]LogConfig: Applying CVar settings from Section [PostProcessQuality@3] File [D:/ue4Project/Netshoot/Netshoot/Saved/Config/Windows/Scalability.ini]
[2021.11.05-10.53.32:229][  0]LogConfig: Setting CVar [[r.MotionBlurQuality:4]]
[2021.11.05-10.53.32:229][  0]LogConfig: Setting CVar [[r.AmbientOcclusionMipLevelFactor:0.4]]
[2021.11.05-10.53.32:230][  0]LogConfig: Setting CVar [[r.AmbientOcclusionMaxQuality:100]]
[2021.11.05-10.53.32:230][  0]LogConfig: Setting CVar [[r.AmbientOcclusionLevels:-1]]
[2021.11.05-10.53.32:231][  0]LogConfig: Setting CVar [[r.AmbientOcclusionRadiusScale:1.0]]
[2021.11.05-10.53.32:231][  0]LogConfig: Setting CVar [[r.DepthOfFieldQuality:2]]
[2021.11.05-10.53.32:232][  0]LogConfig: Setting CVar [[r.RenderTargetPoolMin:400]]
[2021.11.05-10.53.32:232][  0]LogConfig: Setting CVar [[r.LensFlareQuality:2]]
[2021.11.05-10.53.32:232][  0]LogConfig: Setting CVar [[r.SceneColorFringeQuality:1]]
[2021.11.05-10.53.32:233][  0]LogConfig: Setting CVar [[r.EyeAdaptationQuality:2]]
[2021.11.05-10.53.32:233][  0]LogConfig: Setting CVar [[r.BloomQuality:5]]
[2021.11.05-10.53.32:234][  0]LogConfig: Setting CVar [[r.FastBlurThreshold:100]]
[2021.11.05-10.53.32:236][  0]LogConfig: Setting CVar [[r.Upscale.Quality:3]]
[2021.11.05-10.53.32:236][  0]LogConfig: Setting CVar [[r.Tonemapper.GrainQuantization:1]]
[2021.11.05-10.53.32:237][  0]LogConfig: Setting CVar [[r.LightShaftQuality:1]]
[2021.11.05-10.53.32:237][  0]LogConfig: Setting CVar [[r.Filter.SizeScale:1]]
[2021.11.05-10.53.32:237][  0]LogConfig: Setting CVar [[r.Tonemapper.Quality:5]]
[2021.11.05-10.53.32:237][  0]LogConfig: Setting CVar [[r.DOF.Gather.AccumulatorQuality:1        ; higher gathering accumulator quality]]
[2021.11.05-10.53.32:238][  0]LogConfig: Setting CVar [[r.DOF.Gather.PostfilterMethod:1          ; Median3x3 postfilering method]]
[2021.11.05-10.53.32:238][  0]LogConfig: Setting CVar [[r.DOF.Gather.EnableBokehSettings:0       ; no bokeh simulation when gathering]]
[2021.11.05-10.53.32:238][  0]LogConfig: Setting CVar [[r.DOF.Gather.RingCount:4                 ; medium number of samples when gathering]]
[2021.11.05-10.53.32:238][  0]LogConfig: Setting CVar [[r.DOF.Scatter.ForegroundCompositing:1    ; additive foreground scattering]]
[2021.11.05-10.53.32:239][  0]LogConfig: Setting CVar [[r.DOF.Scatter.BackgroundCompositing:2    ; additive background scattering]]
[2021.11.05-10.53.32:239][  0]LogConfig: Setting CVar [[r.DOF.Scatter.EnableBokehSettings:1      ; bokeh simulation when scattering]]
[2021.11.05-10.53.32:239][  0]LogConfig: Setting CVar [[r.DOF.Scatter.MaxSpriteRatio:0.1         ; only a maximum of 10% of scattered bokeh]]
[2021.11.05-10.53.32:240][  0]LogConfig: Setting CVar [[r.DOF.Recombine.Quality:1                ; cheap slight out of focus]]
[2021.11.05-10.53.32:240][  0]LogConfig: Setting CVar [[r.DOF.Recombine.EnableBokehSettings:0    ; no bokeh simulation on slight out of focus]]
[2021.11.05-10.53.32:240][  0]LogConfig: Setting CVar [[r.DOF.TemporalAAQuality:1                ; more stable temporal accumulation]]
[2021.11.05-10.53.32:240][  0]LogConfig: Setting CVar [[r.DOF.Kernel.MaxForegroundRadius:0.025]]
[2021.11.05-10.53.32:241][  0]LogConfig: Setting CVar [[r.DOF.Kernel.MaxBackgroundRadius:0.025]]
[2021.11.05-10.53.32:241][  0]LogConfig: Applying CVar settings from Section [TextureQuality@3] File [D:/ue4Project/Netshoot/Netshoot/Saved/Config/Windows/Scalability.ini]
[2021.11.05-10.53.32:241][  0]LogConfig: Setting CVar [[r.Streaming.MipBias:0]]
[2021.11.05-10.53.32:241][  0]LogConfig: Setting CVar [[r.Streaming.AmortizeCPUToGPUCopy:0]]
[2021.11.05-10.53.32:242][  0]LogConfig: Setting CVar [[r.Streaming.MaxNumTexturesToStreamPerFrame:0]]
[2021.11.05-10.53.32:242][  0]LogConfig: Setting CVar [[r.Streaming.Boost:1]]
[2021.11.05-10.53.32:242][  0]LogConfig: Setting CVar [[r.MaxAnisotropy:8]]
[2021.11.05-10.53.32:242][  0]LogConfig: Setting CVar [[r.VT.MaxAnisotropy:8]]
[2021.11.05-10.53.32:243][  0]LogConfig: Setting CVar [[r.Streaming.LimitPoolSizeToVRAM:0]]
[2021.11.05-10.53.32:243][  0]LogConfig: Setting CVar [[r.Streaming.PoolSize:1000]]
[2021.11.05-10.53.32:244][  0]LogConfig: Setting CVar [[r.Streaming.MaxEffectiveScreenSize:0]]
[2021.11.05-10.53.32:244][  0]LogConfig: Applying CVar settings from Section [EffectsQuality@3] File [D:/ue4Project/Netshoot/Netshoot/Saved/Config/Windows/Scalability.ini]
[2021.11.05-10.53.32:244][  0]LogConfig: Setting CVar [[r.TranslucencyLightingVolumeDim:64]]
[2021.11.05-10.53.32:244][  0]LogConfig: Setting CVar [[r.RefractionQuality:2]]
[2021.11.05-10.53.32:245][  0]LogConfig: Setting CVar [[r.SSR.Quality:3]]
[2021.11.05-10.53.32:245][  0]LogConfig: Setting CVar [[r.SSR.HalfResSceneColor:0]]
[2021.11.05-10.53.32:245][  0]LogConfig: Setting CVar [[r.SceneColorFormat:4]]
[2021.11.05-10.53.32:245][  0]LogConfig: Setting CVar [[r.DetailMode:2]]
[2021.11.05-10.53.32:246][  0]LogConfig: Setting CVar [[r.TranslucencyVolumeBlur:1]]
[2021.11.05-10.53.32:246][  0]LogConfig: Setting CVar [[r.MaterialQualityLevel:1 ; High quality]]
[2021.11.05-10.53.32:246][  0]LogConfig: Setting CVar [[r.AnisotropicMaterials:1]]
[2021.11.05-10.53.32:246][  0]LogConfig: Setting CVar [[r.SSS.Scale:1]]
[2021.11.05-10.53.32:247][  0]LogConfig: Setting CVar [[r.SSS.SampleSet:2]]
[2021.11.05-10.53.32:247][  0]LogConfig: Setting CVar [[r.SSS.Quality:1]]
[2021.11.05-10.53.32:247][  0]LogConfig: Setting CVar [[r.SSS.HalfRes:0]]
[2021.11.05-10.53.32:247][  0]LogConfig: Setting CVar [[r.SSGI.Quality:3]]
[2021.11.05-10.53.32:248][  0]LogConfig: Setting CVar [[r.EmitterSpawnRateScale:1.0]]
[2021.11.05-10.53.32:248][  0]LogConfig: Setting CVar [[r.ParticleLightQuality:2]]
[2021.11.05-10.53.32:248][  0]LogConfig: Setting CVar [[r.SkyAtmosphere.AerialPerspectiveLUT.FastApplyOnOpaque:1 ; Always have FastSkyLUT 1 in this case to avoid wrong sky]]
[2021.11.05-10.53.32:248][  0]LogConfig: Setting CVar [[r.SkyAtmosphere.AerialPerspectiveLUT.SampleCountMaxPerSlice:4]]
[2021.11.05-10.53.32:249][  0]LogConfig: Setting CVar [[r.SkyAtmosphere.AerialPerspectiveLUT.DepthResolution:16.0]]
[2021.11.05-10.53.32:249][  0]LogConfig: Setting CVar [[r.SkyAtmosphere.FastSkyLUT:1]]
[2021.11.05-10.53.32:249][  0]LogConfig: Setting CVar [[r.SkyAtmosphere.FastSkyLUT.SampleCountMin:4.0]]
[2021.11.05-10.53.32:250][  0]LogConfig: Setting CVar [[r.SkyAtmosphere.FastSkyLUT.SampleCountMax:128.0]]
[2021.11.05-10.53.32:253][  0]LogConfig: Setting CVar [[r.SkyAtmosphere.SampleCountMin:4.0]]
[2021.11.05-10.53.32:253][  0]LogConfig: Setting CVar [[r.SkyAtmosphere.SampleCountMax:128.0]]
[2021.11.05-10.53.32:253][  0]LogConfig: Setting CVar [[r.SkyAtmosphere.TransmittanceLUT.UseSmallFormat:0]]
[2021.11.05-10.53.32:254][  0]LogConfig: Setting CVar [[r.SkyAtmosphere.TransmittanceLUT.SampleCount:10.0]]
[2021.11.05-10.53.32:254][  0]LogConfig: Setting CVar [[r.SkyAtmosphere.MultiScatteringLUT.SampleCount:15.0]]
[2021.11.05-10.53.32:254][  0]LogConfig: Setting CVar [[r.SkyLight.RealTimeReflectionCapture:1]]
[2021.11.05-10.53.32:255][  0]LogConfig: Applying CVar settings from Section [FoliageQuality@3] File [D:/ue4Project/Netshoot/Netshoot/Saved/Config/Windows/Scalability.ini]
[2021.11.05-10.53.32:255][  0]LogConfig: Setting CVar [[foliage.DensityScale:1.0]]
[2021.11.05-10.53.32:255][  0]LogConfig: Setting CVar [[grass.DensityScale:1.0]]
[2021.11.05-10.53.32:256][  0]LogConfig: Applying CVar settings from Section [ShadingQuality@3] File [D:/ue4Project/Netshoot/Netshoot/Saved/Config/Windows/Scalability.ini]
[2021.11.05-10.53.32:256][  0]LogConfig: Setting CVar [[r.HairStrands.SkyLighting.IntegrationType:2]]
[2021.11.05-10.53.32:256][  0]LogConfig: Setting CVar [[r.HairStrands.SkyAO.SampleCount:4]]
[2021.11.05-10.53.32:256][  0]LogConfig: Setting CVar [[r.HairStrands.Visibility.MSAA.SamplePerPixel:4]]
[2021.11.05-10.53.32:257][  0]LogConfig: Applying CVar settings from Section [Startup] File [../../../Engine/Config/ConsoleVariables.ini]
[2021.11.05-10.53.32:257][  0]LogConfig: Setting CVar [[net.UseAdaptiveNetUpdateFrequency:0]]
[2021.11.05-10.53.32:257][  0]LogConfig: Setting CVar [[p.chaos.AllowCreatePhysxBodies:1]]
[2021.11.05-10.53.32:257][  0]LogConfig: Setting CVar [[fx.SkipVectorVMBackendOptimizations:1]]
[2021.11.05-10.53.32:258][  0]LogConfig: Applying CVar settings from Section [ConsoleVariables] File [D:/ue4Project/Netshoot/Netshoot/Saved/Config/Windows/Engine.ini]
[2021.11.05-10.53.32:258][  0]LogConfig: Applying CVar settings from Section [ConsoleVariables] File [D:/ue4Project/Netshoot/Netshoot/Saved/Config/Windows/Editor.ini]
[2021.11.05-10.53.32:258][  0]LogInit: Computer: DESKTOP-GH4GCSH
[2021.11.05-10.53.32:258][  0]LogInit: User: yanning
[2021.11.05-10.53.32:259][  0]LogInit: CPU Page size=4096, Cores=6
[2021.11.05-10.53.32:259][  0]LogInit: High frequency timer resolution =10.000000 MHz
[2021.11.05-10.53.32:260][  0]LogMemory: Memory total: Physical=15.9GB (16GB approx)
[2021.11.05-10.53.32:260][  0]LogMemory: Platform Memory Stats for Windows
[2021.11.05-10.53.32:260][  0]LogMemory: Process Physical Memory: 134.98 MB used, 134.98 MB peak
[2021.11.05-10.53.32:261][  0]LogMemory: Process Virtual Memory: 113.33 MB used, 113.33 MB peak
[2021.11.05-10.53.32:261][  0]LogMemory: Physical Memory: 4711.32 MB used,  11606.19 MB free, 16317.51 MB total
[2021.11.05-10.53.32:261][  0]LogMemory: Virtual Memory: 134195624.00 MB used,  22106.93 MB free, 134217728.00 MB total
[2021.11.05-10.53.32:266][  0]LogWindows: WindowsPlatformFeatures disabled or dedicated server build
[2021.11.05-10.53.32:298][  0]LogInit: Physics initialised using underlying interface: PhysX
[2021.11.05-10.53.32:299][  0]LogInit: Using OS detected language (zh-CN).
[2021.11.05-10.53.32:299][  0]LogInit: Using OS detected locale (zh-CN).
[2021.11.05-10.53.32:301][  0]LogTextLocalizationManager: No specific localization for 'zh-CN' exists, so the 'zh-Hans' localization will be used.
[2021.11.05-10.53.32:436][  0]LogTextLocalizationResource: LocRes '../../../Engine/Content/Localization/Editor/zh/Editor.locres' could not be opened for reading!
[2021.11.05-10.53.32:436][  0]LogTextLocalizationResource: LocRes '../../../Engine/Content/Localization/EditorTutorials/zh/EditorTutorials.locres' could not be opened for reading!
[2021.11.05-10.53.32:438][  0]LogTextLocalizationResource: LocRes '../../../Engine/Content/Localization/Keywords/zh/Keywords.locres' could not be opened for reading!
[2021.11.05-10.53.32:438][  0]LogTextLocalizationResource: LocRes '../../../Engine/Content/Localization/Category/zh/Category.locres' could not be opened for reading!
[2021.11.05-10.53.32:438][  0]LogTextLocalizationResource: LocRes '../../../Engine/Content/Localization/ToolTips/zh/ToolTips.locres' could not be opened for reading!
[2021.11.05-10.53.32:439][  0]LogTextLocalizationResource: LocRes '../../../Engine/Content/Localization/PropertyNames/zh/PropertyNames.locres' could not be opened for reading!
[2021.11.05-10.53.32:439][  0]LogTextLocalizationResource: LocRes '../../../Engine/Content/Localization/Engine/zh/Engine.locres' could not be opened for reading!
[2021.11.05-10.53.32:439][  0]LogTextLocalizationResource: LocRes '../../../Engine/Plugins/Online/OnlineSubsystem/Content/Localization/OnlineSubsystem/zh/OnlineSubsystem.locres' could not be opened for reading!
[2021.11.05-10.53.32:440][  0]LogTextLocalizationResource: LocRes '../../../Engine/Plugins/Online/OnlineSubsystemUtils/Content/Localization/OnlineSubsystemUtils/zh/OnlineSubsystemUtils.locres' could not be opened for reading!
[2021.11.05-10.53.32:440][  0]LogTextLocalizationResource: LocRes '../../../Engine/Plugins/Online/Android/OnlineSubsystemGooglePlay/Content/Localization/OnlineSubsystemGooglePlay/zh/OnlineSubsystemGooglePlay.locres' could not be opened for reading!
[2021.11.05-10.53.32:440][  0]LogTextLocalizationResource: LocRes '../../../Engine/Plugins/Online/IOS/OnlineSubsystemIOS/Content/Localization/OnlineSubsystemIOS/zh/OnlineSubsystemIOS.locres' could not be opened for reading!
[2021.11.05-10.53.32:688][  0]LogTargetPlatformManager: Display: Loaded TargetPlatform 'AllDesktop'
[2021.11.05-10.53.32:709][  0]LogTargetPlatformManager: Display: Loaded TargetPlatform 'Android'
[2021.11.05-10.53.32:709][  0]LogTargetPlatformManager: Display: Loaded TargetPlatform 'Android_ASTC'
[2021.11.05-10.53.32:710][  0]LogTargetPlatformManager: Display: Loaded TargetPlatform 'Android_DXT'
[2021.11.05-10.53.32:710][  0]LogTargetPlatformManager: Display: Loaded TargetPlatform 'Android_ETC2'
[2021.11.05-10.53.32:710][  0]LogTargetPlatformManager: Display: Loaded TargetPlatform 'AndroidClient'
[2021.11.05-10.53.32:711][  0]LogTargetPlatformManager: Display: Loaded TargetPlatform 'Android_ASTCClient'
[2021.11.05-10.53.32:711][  0]LogTargetPlatformManager: Display: Loaded TargetPlatform 'Android_DXTClient'
[2021.11.05-10.53.32:711][  0]LogTargetPlatformManager: Display: Loaded TargetPlatform 'Android_ETC2Client'
[2021.11.05-10.53.32:711][  0]LogTargetPlatformManager: Display: Loaded TargetPlatform 'Android_Multi'
[2021.11.05-10.53.32:712][  0]LogTargetPlatformManager: Display: Loaded TargetPlatform 'Android_MultiClient'
[2021.11.05-10.53.32:732][  0]LogTargetPlatformManager: Display: Loaded TargetPlatform 'IOSClient'
[2021.11.05-10.53.32:732][  0]LogTargetPlatformManager: Display: Loaded TargetPlatform 'IOS'
[2021.11.05-10.53.32:757][  0]LogTargetPlatformManager: Display: Loaded TargetPlatform 'Lumin'
[2021.11.05-10.53.32:757][  0]LogTargetPlatformManager: Display: Loaded TargetPlatform 'LuminClient'
[2021.11.05-10.53.32:765][  0]LogTargetPlatformManager: Display: Loaded TargetPlatform 'MacNoEditor'
[2021.11.05-10.53.32:769][  0]LogTargetPlatformManager: Display: Loaded TargetPlatform 'Mac'
[2021.11.05-10.53.32:773][  0]LogTargetPlatformManager: Display: Loaded TargetPlatform 'MacClient'
[2021.11.05-10.53.32:777][  0]LogTargetPlatformManager: Display: Loaded TargetPlatform 'MacServer'
[2021.11.05-10.53.32:787][  0]LogTargetPlatformManager: Display: Loaded TargetPlatform 'TVOSClient'
[2021.11.05-10.53.32:787][  0]LogTargetPlatformManager: Display: Loaded TargetPlatform 'TVOS'
[2021.11.05-10.53.32:794][  0]LogTargetPlatformManager: Display: Loaded TargetPlatform 'WindowsNoEditor'
[2021.11.05-10.53.32:797][  0]LogTargetPlatformManager: Display: Loaded TargetPlatform 'Windows'
[2021.11.05-10.53.32:799][  0]LogTargetPlatformManager: Display: Loaded TargetPlatform 'WindowsClient'
[2021.11.05-10.53.32:801][  0]LogTargetPlatformManager: Display: Loaded TargetPlatform 'WindowsServer'
[2021.11.05-10.53.32:802][  0]LogTargetPlatformManager: Display: Building Assets For Windows
[2021.11.05-10.53.32:804][  0]LogAudioDebug: Display: Lib vorbis DLL was dynamically loaded.
[2021.11.05-10.53.32:813][  0]LogTextureFormatOodle: Display: Oodle Texture 2.9.0 init RDO Off
[2021.11.05-10.53.32:824][  0]LogRendererCore: Ray tracing is disabled. Reason: r.RayTracing=0.
[2021.11.05-10.53.32:825][  0]LogShaderCompilers: Guid format shader working directory is 5 characters bigger than the processId version (../../../../../ue4Project/Netshoot/Netshoot/Intermediate/Shaders/WorkingDirectory/9000/).
[2021.11.05-10.53.32:825][  0]LogShaderCompilers: Cleaned the shader compiler working directory 'C:/Users/yanning/AppData/Local/Temp/UnrealShaderWorkingDir/CB52CB0C46AFC1CBCCDB95A4446B5653/'.
[2021.11.05-10.53.32:825][  0]LogXGEController: Cannot use XGE Controller as Incredibuild is not installed on this machine.
[2021.11.05-10.53.32:826][  0]LogShaderCompilers: Cannot use XGE Shader Compiler as Incredibuild is not installed on this machine.
[2021.11.05-10.53.32:826][  0]LogShaderCompilers: Display: Using Local Shader Compiler.
[2021.11.05-10.53.33:339][  0]LogDerivedDataCache: Display: Max Cache Size: 512 MB
[2021.11.05-10.53.33:403][  0]LogDerivedDataCache: Loaded boot cache 0.06s 96MB ../../../../../ue4Project/Netshoot/Netshoot/DerivedDataCache/Boot.ddc.
[2021.11.05-10.53.33:403][  0]LogDerivedDataCache: Display: Loaded Boot cache: ../../../../../ue4Project/Netshoot/Netshoot/DerivedDataCache/Boot.ddc
[2021.11.05-10.53.33:405][  0]LogDerivedDataCache: FDerivedDataBackendGraph:  Pak pak cache file ../../../../../ue4Project/Netshoot/Netshoot/DerivedDataCache/DDC.ddp not found, will not use a pak cache.
[2021.11.05-10.53.33:405][  0]LogDerivedDataCache: Unable to find inner node Pak for hierarchical cache Hierarchy.
[2021.11.05-10.53.33:406][  0]LogDerivedDataCache: FDerivedDataBackendGraph:  EnginePak pak cache file ../../../Engine/DerivedDataCache/DDC.ddp not found, will not use a pak cache.
[2021.11.05-10.53.33:406][  0]LogDerivedDataCache: Unable to find inner node EnginePak for hierarchical cache Hierarchy.
[2021.11.05-10.53.33:411][  0]LogDerivedDataCache: Speed tests for ../../../Engine/DerivedDataCache took 0.00 seconds
[2021.11.05-10.53.33:413][  0]LogDerivedDataCache: Display: Performance to ../../../Engine/DerivedDataCache: Latency=0.01ms. RandomReadSpeed=1577.61MBs, RandomWriteSpeed=260.34MBs. Assigned SpeedClass 'Local'
[2021.11.05-10.53.33:414][  0]LogDerivedDataCache: Using Local data cache path ../../../Engine/DerivedDataCache: Writable
[2021.11.05-10.53.33:415][  0]LogDerivedDataCache: Shared data cache path not found in *engine.ini, will not use an Shared cache.
[2021.11.05-10.53.33:415][  0]LogDerivedDataCache: Unable to find inner node Shared for hierarchical cache Hierarchy.
[2021.11.05-10.53.33:417][  0]LogInit: Using OS detected language (zh-CN).
[2021.11.05-10.53.33:422][  0]LogInit: Using OS detected locale (zh-CN).
[2021.11.05-10.53.33:422][  0]LogTextLocalizationManager: No localization for 'zh-CN' exists, so 'en' will be used for the language.
[2021.11.05-10.53.33:424][  0]LogTextLocalizationManager: No localization for 'zh-CN' exists, so 'en' will be used for the locale.
[2021.11.05-10.53.33:429][  0]LogAssetRegistry: FAssetRegistry took 0.0023 seconds to start up
[2021.11.05-10.53.33:602][  0]LogTextLocalizationManager: Compacting localization data took   0.00ms
[2021.11.05-10.53.33:602][  0]LogPackageLocalizationCache: Processed 27 localized package path(s) for 1 prioritized culture(s) in 0.013454 seconds
[2021.11.05-10.53.33:669][  0]LogInit: Selected Device Profile: [Windows]
[2021.11.05-10.53.33:670][  0]LogInit: Active device profile: [000001117C6F7A00][0000011176BBA640 49] Windows
[2021.11.05-10.53.33:670][  0]LogInit: Profiles: [000001117C6F7A00][0000011176BBA640 49] Windows, [000001117C6AC700][0000011176BC8900 49] WindowsNoEditor, [000001117C6F4700][0000011176BBEB80 49] WindowsServer, [000001117C6ACE00][0000011176BCCE00 49] WindowsClient, [000001117C6F4D00][0000011176BD50C0 49] IOS, [000001117C6AF300][0000011176BD9380 49] iPadAir, [000001117C6F6E00][000001117AD1F640 49] iPadAir2, [000001117C666B00][000001117AD39B80 49] IPadPro, [000001117C666C00][000001117AD23BC0 49] iPadAir3, [000001117C6F6B00][000001117AD30300 49] iPadAir4, [000001117C667800][000001117AD2C5C0 49] iPadMini2, [000001117C6F4F00][000001117AD34880 49] iPadMini3, [000001117C667B00][000001117AD42B40 49] iPadMini4, [000001117C6F4A00][0000011176BD0DC0 49] iPadMini5, [000001117C68A400][000001117AD5B2C0 49] iPhone6, [000001117C68A500][000001117AD47300 49] iPodTouch6, [000001117C666E00][000001117AD63840 49] iPhone7, [000001117C667600][000001117AD53880 49] iPodTouch7, [000001117C68B000][000001117AD57B40 49] iPhone5S, [000001117C666100][000001117AD4E280 49] iPhone6Plus, [000001117C68B300][000001117AD5E540 49] iPhone6S, [000001117C666800][000001117AD66800 49] iPhone6SPlus, [000001117C68B700][000001117AD6AAC0 49] iPhone7Plus, [000001117C667400][0000011178B12D80 49] iPhoneSE, [000001117C688900][000001117AD4B000 49] iPhone8, [000001117C666D00][0000011178B1B2C0 49] iPhone8Plus, [000001117C68A300][0000011178B1F580 49] iPhoneX, [000001117C664300][0000011178B23840 49] iPhoneXS, [000001117C688600][0000011178B27B00 49] iPhoneXSMax, [000001117C667C00][0000011178B2A240 49] iPhoneXR, [000001117C688500][0000011178B2E500 49] iPhone11, [000001117C664E00][0000011178B327C0 49] iPhone11Pro, [000001117C689F00][0000011178B36A80 49] iPhone11ProMax, [000001117C664200][0000011178B3AD40 49] iPhoneSE2, [000001117C689700][0000011178B16FC0 49] iPhone12Mini, [000001117C665600][0000011178B3F240 49] iPhone12, [000001117C689C00][0000011178B47500 49] iPhone12Pro, [000001117C664100][0000011178B4B7C0 49] iPhone12ProMax, [000001117C689A00][0000011178B4FA80 49] iPadPro105, [000001117C665E00][0000011178B521C0 49] iPadPro129, [000001117C68AB00][0000011178B56480 49] iPadPro97, [000001117C667E00][0000011178B5A740 49] iPadPro2_129, [000001117C689D00][0000011178B5EA00 49] iPad5, [000001117C665A00][0000011178B62CC0 49] iPad6, [000001117C68A100][0000011178B66F80 49] iPad7, [000001117C664900][0000011178B43200 49] iPad8, [000001117C688E00][0000011178B6B480 49] iPadPro11, [000001117C667F00][0000011178B73740 49] iPadPro2_11, [000001117C688300][0000011178B77A00 49] iPadPro3_129, [000001117C665800][0000011178B7A140 49] iPadPro4_129, [000001117C689B00][0000011178B7E400 49] AppleTV, [000001117C665000][0000011178B826C0 49] AppleTV4K, [000001117C688400][0000011178B86980 49] TVOS, [000001117C664800][0000011178B8AC40 49] Mac, [000001117C68BA00][0000011178B8EF00 49] MacClient, [000001117C666000][0000011178B931C0 49] MacNoEditor, [000001117C6AFD00][0000011178B6F440 49] MacServer, [000001117C729200][0000011178B976C0 49] Linux, [000001117C6AC600][0000011178B9F980 49] LinuxAArch64, [000001117C729100][0000011178BA20C0 49] LinuxNoEditor, [000001117C6AD600][0000011178BA6380 49] LinuxAArch64NoEditor, [000001117C729D00][0000011178BAA640 49] LinuxClient, [000001117C6ADD00][0000011178BAE900 49] LinuxAArch64Client, [000001117C72B700][0000011178BB2BC0 49] LinuxServer, [000001117C6AD900][0000011178BB6E80 49] LinuxAArch64Server, [000001117C72A200][0000011178BBB140 49] Android, [000001117C6AEF00][0000011178BBF400 49] Android_Low, [000001117C728600][0000011178B9B680 49] Android_Mid, [000001117C6AE100][0000011178BC3900 49] Android_High, [000001117C728900][0000011178BCBBC0 49] Android_Default, [000001117C6AEA00][0000011178BCE300 49] Android_Adreno4xx, [000001117C72B300][0000011178BD25C0 49] Android_Adreno5xx_Low, [000001117C6AC900][0000011178BD6880 49] Android_Adreno5xx, [000001117C72A700][0000011178BDAB40 49] Android_Adreno6xx, [000001117C6AC200][0000011178BDEE00 49] Android_Adreno6xx_Vulkan, [000001117C728B00][0000011178BE30C0 49] Android_Mali_T6xx, [000001117C6AE900][0000011178BE7380 49] Android_Mali_T7xx, [000001117C729300][0000011178BEB640 49] Android_Mali_T8xx, [000001117C664400][0000011178BC78C0 49] Android_Mali_G71, [000001117C729400][0000011178BEFB40 49] Android_Mali_G72, [000001117C665B00][0000011178BF6280 49] Android_Mali_G72_Vulkan, [000001117C72B200][0000011178BFA540 49] Android_Mali_G76, [000001117C667A00][0000011178BFE800 49] Android_Mali_G76_Vulkan, [000001117C72B100][0000011178C02AC0 49] Android_Mali_G77, [000001117C665200][0000011178C06D80 49] Android_Mali_G77_Vulkan, [000001117C729800][0000011178C0B040 49] Android_Mali_G78, [000001117C667900][0000011178C0F300 49] Android_Mali_G78_Vulkan, [000001117C729900][0000011178C135C0 49] Android_Mali_G710, [000001117C665400][0000011178C17880 49] Android_Mali_G710_Vulkan, [000001117C72A600][0000011178BF3B00 49] Android_Vulkan_SM5, [000001117C664700][0000011178C1A200 49] Android_PowerVR_G6xxx, [000001117C72AA00][0000011178C224C0 49] Android_PowerVR_GT7xxx, [000001117C667200][0000011178C26780 49] Android_PowerVR_GE8xxx, [000001117C72AB00][0000011178C2AA40 49] Android_PowerVR_GM9xxx, [000001117C665F00][0000011178C2ED00 49] Android_PowerVR_GM9xxx_Vulkan, [000001117C72AC00][0000011178C32FC0 49] Android_TegraK1, [000001117C664500][0000011178C37280 49] Android_Unknown_Vulkan, [000001117C72AD00][0000011178C3B540 49] Lumin, [000001117C665100][0000011178C3F800 49] Lumin_Desktop, [000001117C729B00][0000011178C43AC0 49] HoloLens, 
[2021.11.05-10.53.33:687][  0]LogMeshReduction: Using QuadricMeshReduction for automatic static mesh reduction
[2021.11.05-10.53.33:687][  0]LogMeshReduction: Using SimplygonMeshReduction for automatic skeletal mesh reduction
[2021.11.05-10.53.33:688][  0]LogMeshReduction: Using ProxyLODMeshReduction for automatic mesh merging
[2021.11.05-10.53.33:688][  0]LogMeshReduction: No distributed automatic mesh merging module available
[2021.11.05-10.53.33:689][  0]LogMeshMerging: No distributed automatic mesh merging module available
[2021.11.05-10.53.33:698][  0]LogNetVersion: Netshoot 1.0.0, NetCL: 0, EngineNetVer: 17, GameNetVer: 0 (Checksum: 2292170303)
[2021.11.05-10.53.33:785][  0]LogTexture: Default maximum texture size for cubemaps generated from long-lat sources has been changed from 512 to unlimited. In order to preserve old behaiour for '/Engine/MapTemplates/Sky/DaylightAmbientCubemap.DaylightAmbientCubemap', its maximum texture size has been explicitly set to 512.
[2021.11.05-10.53.33:798][  0]LogHMD: PokeAHoleMaterial loaded successfully
[2021.11.05-10.53.33:844][  0]LogPython: Using Python 3.7.7
[2021.11.05-10.53.34:253][  0]LogNiagaraDebuggerClient: Niagara Debugger Client Initialized | Session: 24ACA1FE46F525161EFE9D8C396F7E6C | Instance: 422ADDB54FB35E420A6004AEDD1840ED (DESKTOP-GH4GCSH-9000).
[2021.11.05-10.53.34:265][  0]LogCollectionManager: Loaded 0 collections in 0.000736 seconds
[2021.11.05-10.53.34:267][  0]LogFileCache: Scanning file cache for directory 'D:/ue4Project/Netshoot/Netshoot/Saved/Collections/' took 0.00s
[2021.11.05-10.53.34:267][  0]LogFileCache: Scanning file cache for directory 'D:/ue4Project/Netshoot/Netshoot/Content/Developers/yanning/Collections/' took 0.00s
[2021.11.05-10.53.34:268][  0]LogFileCache: Scanning file cache for directory 'D:/ue4Project/Netshoot/Netshoot/Content/Collections/' took 0.00s
[2021.11.05-10.53.34:268][  0]LogCollectionManager: Fixed up redirectors for 0 collections in 0.000002 seconds (updated 0 objects)
[2021.11.05-10.53.34:370][  0]SourceControl: Source control is disabled
[2021.11.05-10.53.34:371][  0]SourceControl: Source control is disabled
[2021.11.05-10.53.34:372][  0]SourceControl: Source control is disabled
[2021.11.05-10.53.34:375][  0]LogUProjectInfo: Found projects:
[2021.11.05-10.53.34:411][  0]LogOpenImageDenoise: OIDN starting up
[2021.11.05-10.53.34:425][  0]LogAndroidPermission: UAndroidPermissionCallbackProxy::GetInstance
[2021.11.05-10.53.34:433][  0]LogAudioCaptureCore: Display: No Audio Capture implementations found. Audio input will be silent.
[2021.11.05-10.53.34:433][  0]LogAudioCaptureCore: Display: No Audio Capture implementations found. Audio input will be silent.
[2021.11.05-10.53.34:476][  0]LogOcInput: OculusInput pre-init called
[2021.11.05-10.53.34:484][  0]LogUObjectArray: 21903 objects as part of root set at end of initial load.
[2021.11.05-10.53.34:485][  0]LogUObjectAllocator: 5897856 out of 0 bytes used by permanent object pool.
[2021.11.05-10.53.34:488][  0]LogUObjectArray: CloseDisregardForGC: 0/0 objects in disregard for GC pool
[2021.11.05-10.53.34:516][  0]LogEngine: Initializing Engine...
[2021.11.05-10.53.34:518][  0]LogStats: UGameplayTagsManager::InitializeManager -  0.000 s
[2021.11.05-10.53.34:532][  0]LogInit: Initializing FReadOnlyCVARCache
[2021.11.05-10.53.34:532][  0]LogNetVersion: Set ProjectVersion to 1.0.0.0. Version Checksum will be recalculated on next use.
[2021.11.05-10.53.34:810][  0]LogDerivedDataCache: Saved boot cache 0.27s 79MB ../../../../../ue4Project/Netshoot/Netshoot/DerivedDataCache/Boot.ddc.
[2021.11.05-10.53.34:811][  0]LogInit: Texture streaming: Disabled
[2021.11.05-10.53.34:952][  0]LogInit: Display: Game Engine Initialized.
[2021.11.05-10.53.34:952][  0]LogNiagaraEditor: GEditor isn't valid! Particle reset commands will not work for Niagara components!
[2021.11.05-10.53.34:980][  0]LogInit: Display: Starting Game.
[2021.11.05-10.53.35:035][  0]LogPackageName: SearchForPackageOnDisk took   0.056s to resolve Level_01.umap.
[2021.11.05-10.53.35:035][  0]LogNet: Browse: /Game/Maps/Level_01?Name=Player
[2021.11.05-10.53.35:036][  0]LogLoad: LoadMap: /Game/Maps/Level_01?Name=Player
[2021.11.05-10.53.35:037][  0]LogWorld: BeginTearingDown for /Temp/Untitled_0
[2021.11.05-10.53.35:040][  0]LogWorld: UWorld::CleanupWorld for Untitled, bSessionEnded=true, bCleanupResources=true
[2021.11.05-10.53.35:054][  0]LogUObjectHash: Compacting FUObjectHashTables data took   4.32ms
[2021.11.05-10.53.35:295][  0]LogAIModule: Creating AISystem for world Level_01
[2021.11.05-10.53.35:295][  0]LogLoad: Game class is 'MyGameMode_C'
[2021.11.05-10.53.35:296][  0]LogNet: ReplicationDriverClass is null! Not using ReplicationDriver.
[2021.11.05-10.53.35:296][  0]LogNetCore: DDoS detection status: detection enabled: 0 analytics enabled: 0
[2021.11.05-10.53.35:297][  0]LogInit: WinSock: Socket queue. Rx: 131072 (config 131072) Tx: 131072 (config 131072)
[2021.11.05-10.53.35:297][  0]LogNet: Created socket for bind address: 0.0.0.0 on port 7777
[2021.11.05-10.53.35:298][  0]PacketHandlerLog: Loaded PacketHandler component: Engine.EngineHandlerComponentFactory (StatelessConnectHandlerComponent)
[2021.11.05-10.53.35:298][  0]LogNet: GameNetDriver IpNetDriver_0 IpNetDriver listening on port 7777
[2021.11.05-10.53.35:302][  0]LogWorld: Bringing World /Game/Maps/Level_01.Level_01 up for play (max tick rate 30) at 2021.11.05-18.53.35
[2021.11.05-10.53.35:303][  0]LogWorld: Bringing up level for play took: 0.003256
[2021.11.05-10.53.35:303][  0]LogGameMode: Display: Match State Changed from EnteringMap to WaitingToStart
[2021.11.05-10.53.35:303][  0]LogGameState: Match State Changed from EnteringMap to WaitingToStart
[2021.11.05-10.53.35:304][  0]LogLoad: Took 0.266704 seconds to LoadMap(/Game/Maps/Level_01)
[2021.11.05-10.53.35:309][  0]LogInit: Display: Engine is initialized. Leaving FEngineLoop::Init()
[2021.11.05-10.53.35:309][  0]LogLoad: (Engine Initialization) Total time: 4.29 seconds
[2021.11.05-10.53.35:309][  0]LogLoad: (Engine Initialization) Total Blueprint compile time: 0.00 seconds
[2021.11.05-10.53.35:476][  4]LogNet: NotifyAcceptingConnection accepted from: 127.0.0.1:50508
[2021.11.05-10.53.35:476][  4]LogHandshake: SendConnectChallenge. Timestamp: 0.166334, Cookie: 207007120091167116148025241030015236206168190233087122039189
[2021.11.05-10.53.35:510][  5]LogNet: NotifyAcceptingConnection accepted from: 127.0.0.1:50508
[2021.11.05-10.53.35:510][  5]LogHandshake: SendChallengeAck. InCookie: 207007120091167116148025241030015236206168190233087122039189
[2021.11.05-10.53.35:510][  5]LogNet: Server accepting post-challenge connection from: 127.0.0.1:50508
[2021.11.05-10.53.35:511][  5]PacketHandlerLog: Loaded PacketHandler component: Engine.EngineHandlerComponentFactory (StatelessConnectHandlerComponent)
[2021.11.05-10.53.35:511][  5]LogNet: NotifyAcceptedConnection: Name: Level_01, TimeStamp: 11/05/21 18:53:35, [UNetConnection] RemoteAddr: 127.0.0.1:50508, Name: IpConnection_0, Driver: GameNetDriver IpNetDriver_0, IsServer: YES, PC: NULL, Owner: NULL, UniqueId: INVALID
[2021.11.05-10.53.35:511][  5]LogNet: AddClientConnection: Added client connection: [UNetConnection] RemoteAddr: 127.0.0.1:50508, Name: IpConnection_0, Driver: GameNetDriver IpNetDriver_0, IsServer: YES, PC: NULL, Owner: NULL, UniqueId: INVALID
[2021.11.05-10.53.35:512][  5]LogNet: NotifyAcceptingChannel Control 0 server World /Game/Maps/Level_01.Level_01: Accepted
[2021.11.05-10.53.35:512][  5]LogNet: Remote platform little endian=1
[2021.11.05-10.53.35:513][  5]LogNet: This platform little endian=1
[2021.11.05-10.53.35:515][  5]LogNetVersion: Netshoot 1.0.0.0, NetCL: 0, EngineNetVer: 17, GameNetVer: 0 (Checksum: 3847081628)
[2021.11.05-10.53.35:544][  6]LogNet: Login request: ?Name=DESKTOP-GH4GCSH-E0BD4A784E69D9354C6DE8A98AC45E9B userId: NULL:DESKTOP-GH4GCSH-E0BD4A784E69D9354C6DE8A98AC45E9B platform: NULL
[2021.11.05-10.53.35:807][ 14]LogNet: Client netspeed is 100000
[2021.11.05-10.53.35:807][ 14]LogNet: Join request: /Engine/Maps/Entry?Name=DESKTOP-GH4GCSH-E0BD4A784E69D9354C6DE8A98AC45E9B?SplitscreenCount=1
[2021.11.05-10.53.35:809][ 14]LogScript: Warning: Script Msg: MyPlayerController_C_0 自定义事件_0 SetTimer passed a negative or zero time. The associated timer may fail to be created/fire! If using InitialStartDelayVariance, be sure it is smaller than (Time + InitialStartDelay).
[2021.11.05-10.53.35:809][ 14]LogOnlineSession: Warning: OSS: No game present to join for session (GameSession)
[2021.11.05-10.53.35:811][ 14]LogGameMode: Display: Match State Changed from WaitingToStart to InProgress
[2021.11.05-10.53.35:813][ 14]LogGameState: Match State Changed from WaitingToStart to InProgress
[2021.11.05-10.53.35:813][ 14]LogNet: Join succeeded: DESKTOP-GH4GCSH-E0BD
[2021.11.05-10.53.42:903][226]LogNet: NotifyAcceptingConnection accepted from: 127.0.0.1:50509
[2021.11.05-10.53.42:903][226]LogHandshake: SendConnectChallenge. Timestamp: 7.592809, Cookie: 129045171120098204005214194198024238067042237029094253149251
[2021.11.05-10.53.42:937][227]LogNet: NotifyAcceptingConnection accepted from: 127.0.0.1:50509
[2021.11.05-10.53.42:937][227]LogHandshake: SendChallengeAck. InCookie: 129045171120098204005214194198024238067042237029094253149251
[2021.11.05-10.53.42:938][227]LogNet: Server accepting post-challenge connection from: 127.0.0.1:50509
[2021.11.05-10.53.42:938][227]PacketHandlerLog: Loaded PacketHandler component: Engine.EngineHandlerComponentFactory (StatelessConnectHandlerComponent)
[2021.11.05-10.53.42:938][227]LogNet: NotifyAcceptedConnection: Name: Level_01, TimeStamp: 11/05/21 18:53:42, [UNetConnection] RemoteAddr: 127.0.0.1:50509, Name: IpConnection_1, Driver: GameNetDriver IpNetDriver_0, IsServer: YES, PC: NULL, Owner: NULL, UniqueId: INVALID
[2021.11.05-10.53.42:938][227]LogNet: AddClientConnection: Added client connection: [UNetConnection] RemoteAddr: 127.0.0.1:50509, Name: IpConnection_1, Driver: GameNetDriver IpNetDriver_0, IsServer: YES, PC: NULL, Owner: NULL, UniqueId: INVALID
[2021.11.05-10.53.42:970][228]LogNet: NotifyAcceptingChannel Control 0 server World /Game/Maps/Level_01.Level_01: Accepted
[2021.11.05-10.53.42:970][228]LogNet: Remote platform little endian=1
[2021.11.05-10.53.42:971][228]LogNet: This platform little endian=1
[2021.11.05-10.53.43:004][229]LogNet: Login request: ?Name=DESKTOP-GH4GCSH-D7A101E245A3635D5EFB76B738B56609 userId: NULL:DESKTOP-GH4GCSH-D7A101E245A3635D5EFB76B738B56609 platform: NULL
[2021.11.05-10.53.43:037][230]LogNet: Client netspeed is 100000
[2021.11.05-10.53.43:307][238]LogNet: Join request: /Engine/Maps/Entry?Name=DESKTOP-GH4GCSH-D7A101E245A3635D5EFB76B738B56609?SplitscreenCount=1
[2021.11.05-10.53.43:308][238]LogScript: Warning: Script Msg: MyPlayerController_C_1 自定义事件_0 SetTimer passed a negative or zero time. The associated timer may fail to be created/fire! If using InitialStartDelayVariance, be sure it is smaller than (Time + InitialStartDelay).
[2021.11.05-10.53.43:309][238]LogOnlineSession: Warning: OSS: No game present to join for session (GameSession)
[2021.11.05-10.53.43:313][238]LogNet: Join succeeded: DESKTOP-GH4GCSH-D7A1
[2021.11.05-10.54.10:456][ 48]LogNet: UChannel::ReceivedSequencedBunch: Bunch.bClose == true. ChIndex == 0. Calling ConditionalCleanUp.
[2021.11.05-10.54.10:456][ 48]LogNet: UChannel::CleanUp: ChIndex == 0. Closing connection. [UChannel] ChIndex: 0, Closing: 0 [UNetConnection] RemoteAddr: 127.0.0.1:50509, Name: IpConnection_1, Driver: GameNetDriver IpNetDriver_0, IsServer: YES, PC: MyPlayerController_C_1, Owner: MyPlayerController_C_1, UniqueId: NULL:DESKTOP-GH4GCSH-D7A101E245A3635D5EFB76B738B56609
[2021.11.05-10.54.10:457][ 48]LogNet: UNetConnection::Close: [UNetConnection] RemoteAddr: 127.0.0.1:50509, Name: IpConnection_1, Driver: GameNetDriver IpNetDriver_0, IsServer: YES, PC: MyPlayerController_C_1, Owner: MyPlayerController_C_1, UniqueId: NULL:DESKTOP-GH4GCSH-D7A101E245A3635D5EFB76B738B56609, Channels: 16, Time: 2021.11.05-10.54.10
[2021.11.05-10.54.10:457][ 48]LogNet: UChannel::Close: Sending CloseBunch. ChIndex == 0. Name: [UChannel] ChIndex: 0, Closing: 0 [UNetConnection] RemoteAddr: 127.0.0.1:50509, Name: IpConnection_1, Driver: GameNetDriver IpNetDriver_0, IsServer: YES, PC: MyPlayerController_C_1, Owner: MyPlayerController_C_1, UniqueId: NULL:DESKTOP-GH4GCSH-D7A101E245A3635D5EFB76B738B56609
[2021.11.05-10.54.10:458][ 48]LogOnlineSession: Warning: OSS: No game present to leave for session (GameSession)
[2021.11.05-10.54.24:407][464]LogNet: NotifyAcceptingConnection accepted from: 127.0.0.1:62822
[2021.11.05-10.54.24:407][464]LogHandshake: SendConnectChallenge. Timestamp: 49.097257, Cookie: 172151126216106043144152215230064038174014195028085112080238
[2021.11.05-10.54.24:441][465]LogNet: NotifyAcceptingConnection accepted from: 127.0.0.1:62822
[2021.11.05-10.54.24:441][465]LogHandshake: SendChallengeAck. InCookie: 172151126216106043144152215230064038174014195028085112080238
[2021.11.05-10.54.24:442][465]LogNet: Server accepting post-challenge connection from: 127.0.0.1:62822
[2021.11.05-10.54.24:443][465]PacketHandlerLog: Loaded PacketHandler component: Engine.EngineHandlerComponentFactory (StatelessConnectHandlerComponent)
[2021.11.05-10.54.24:443][465]LogNet: NotifyAcceptedConnection: Name: Level_01, TimeStamp: 11/05/21 18:54:24, [UNetConnection] RemoteAddr: 127.0.0.1:62822, Name: IpConnection_2, Driver: GameNetDriver IpNetDriver_0, IsServer: YES, PC: NULL, Owner: NULL, UniqueId: INVALID
[2021.11.05-10.54.24:444][465]LogNet: AddClientConnection: Added client connection: [UNetConnection] RemoteAddr: 127.0.0.1:62822, Name: IpConnection_2, Driver: GameNetDriver IpNetDriver_0, IsServer: YES, PC: NULL, Owner: NULL, UniqueId: INVALID
[2021.11.05-10.54.24:445][465]LogNet: NotifyAcceptingChannel Control 0 server World /Game/Maps/Level_01.Level_01: Accepted
[2021.11.05-10.54.24:445][465]LogNet: Remote platform little endian=1
[2021.11.05-10.54.24:445][465]LogNet: This platform little endian=1
[2021.11.05-10.54.24:474][466]LogNet: Login request: ?Name=DESKTOP-GH4GCSH-F601FB7D467F3A8AC9D763A9B2BAB6EA userId: NULL:DESKTOP-GH4GCSH-F601FB7D467F3A8AC9D763A9B2BAB6EA platform: NULL
[2021.11.05-10.54.24:774][475]LogNet: Client netspeed is 100000
[2021.11.05-10.54.24:779][475]LogNet: Join request: /Engine/Maps/Entry?Name=DESKTOP-GH4GCSH-F601FB7D467F3A8AC9D763A9B2BAB6EA?SplitscreenCount=1
[2021.11.05-10.54.24:782][475]LogScript: Warning: Script Msg: MyPlayerController_C_2 自定义事件_0 SetTimer passed a negative or zero time. The associated timer may fail to be created/fire! If using InitialStartDelayVariance, be sure it is smaller than (Time + InitialStartDelay).
[2021.11.05-10.54.24:784][475]LogOnlineSession: Warning: OSS: No game present to join for session (GameSession)
[2021.11.05-10.54.24:787][475]LogNet: Join succeeded: DESKTOP-GH4GCSH-F601
[2021.11.05-10.55.09:403][807]LogScript: Warning: Script Msg: Attempted to access index 1 from array 'Player2' of length 1 in '/Game/Blueprints/MyGameMode.MyGameMode_C'!
[2021.11.05-10.55.09:404][807]LogScript: Warning: Accessed None trying to read property CallFunc_Array_Get_Item_2
	MyGameMode_C /Game/Maps/Level_01.Level_01:PersistentLevel.MyGameMode_C_0
	Function /Game/Blueprints/MyGameMode.MyGameMode_C:ExecuteUbergraph_MyGameMode:0755
[2021.11.05-10.55.09:405][807]LogScript: Warning: Script call stack:
	Function /Game/Gunslinger/Gunslinger_BP.Gunslinger_BP_C:ExecuteUbergraph_Gunslinger_BP
	Function /Game/Blueprints/MyGameMode.MyGameMode_C:RespawnPlayerEvent
	Function /Game/Blueprints/MyGameMode.MyGameMode_C:ExecuteUbergraph_MyGameMode

[2021.11.05-10.55.09:406][807]LogScript: Warning: Script Msg: Attempted to access index 1 from array 'Player2' of length 1 in '/Game/Blueprints/MyGameMode.MyGameMode_C'!
[2021.11.05-10.55.09:406][807]LogScript: Warning: Accessed None trying to read property CallFunc_Array_Get_Item_2
	MyGameMode_C /Game/Maps/Level_01.Level_01:PersistentLevel.MyGameMode_C_0
	Function /Game/Blueprints/MyGameMode.MyGameMode_C:ExecuteUbergraph_MyGameMode:07E8
[2021.11.05-10.55.09:407][807]LogScript: Warning: Script call stack:
	Function /Game/Gunslinger/Gunslinger_BP.Gunslinger_BP_C:ExecuteUbergraph_Gunslinger_BP
	Function /Game/Blueprints/MyGameMode.MyGameMode_C:RespawnPlayerEvent
	Function /Game/Blueprints/MyGameMode.MyGameMode_C:ExecuteUbergraph_MyGameMode

[2021.11.05-10.55.09:409][807]LogSpawn: Warning: SpawnActor failed because of collision at the spawn location [X=0.000 Y=0.000 Z=0.000] for [Gunslinger_BP_C]
[2021.11.05-10.55.09:410][807]LogActor: Warning: SetReplicates called on non-initialized actor Gunslinger_BP_C_3. Directly setting bReplicates is the correct procedure for pre-init actors.
[2021.11.05-10.55.22:079][185]LogNet: UChannel::ReceivedSequencedBunch: Bunch.bClose == true. ChIndex == 0. Calling ConditionalCleanUp.
[2021.11.05-10.55.22:079][185]LogNet: UChannel::CleanUp: ChIndex == 0. Closing connection. [UChannel] ChIndex: 0, Closing: 0 [UNetConnection] RemoteAddr: 127.0.0.1:50508, Name: IpConnection_0, Driver: GameNetDriver IpNetDriver_0, IsServer: YES, PC: MyPlayerController_C_0, Owner: MyPlayerController_C_0, UniqueId: NULL:DESKTOP-GH4GCSH-E0BD4A784E69D9354C6DE8A98AC45E9B
[2021.11.05-10.55.22:080][185]LogNet: UNetConnection::Close: [UNetConnection] RemoteAddr: 127.0.0.1:50508, Name: IpConnection_0, Driver: GameNetDriver IpNetDriver_0, IsServer: YES, PC: MyPlayerController_C_0, Owner: MyPlayerController_C_0, UniqueId: NULL:DESKTOP-GH4GCSH-E0BD4A784E69D9354C6DE8A98AC45E9B, Channels: 25, Time: 2021.11.05-10.55.22
[2021.11.05-10.55.22:080][185]LogNet: UChannel::Close: Sending CloseBunch. ChIndex == 0. Name: [UChannel] ChIndex: 0, Closing: 0 [UNetConnection] RemoteAddr: 127.0.0.1:50508, Name: IpConnection_0, Driver: GameNetDriver IpNetDriver_0, IsServer: YES, PC: MyPlayerController_C_0, Owner: MyPlayerController_C_0, UniqueId: NULL:DESKTOP-GH4GCSH-E0BD4A784E69D9354C6DE8A98AC45E9B
[2021.11.05-10.55.22:081][185]LogOnlineSession: Warning: OSS: No game present to leave for session (GameSession)
[2021.11.05-10.55.24:441][256]LogNet: UChannel::ReceivedSequencedBunch: Bunch.bClose == true. ChIndex == 0. Calling ConditionalCleanUp.
[2021.11.05-10.55.24:442][256]LogNet: UChannel::CleanUp: ChIndex == 0. Closing connection. [UChannel] ChIndex: 0, Closing: 0 [UNetConnection] RemoteAddr: 127.0.0.1:62822, Name: IpConnection_2, Driver: GameNetDriver IpNetDriver_0, IsServer: YES, PC: MyPlayerController_C_2, Owner: MyPlayerController_C_2, UniqueId: NULL:DESKTOP-GH4GCSH-F601FB7D467F3A8AC9D763A9B2BAB6EA
[2021.11.05-10.55.24:443][256]LogNet: UNetConnection::Close: [UNetConnection] RemoteAddr: 127.0.0.1:62822, Name: IpConnection_2, Driver: GameNetDriver IpNetDriver_0, IsServer: YES, PC: MyPlayerController_C_2, Owner: MyPlayerController_C_2, UniqueId: NULL:DESKTOP-GH4GCSH-F601FB7D467F3A8AC9D763A9B2BAB6EA, Channels: 20, Time: 2021.11.05-10.55.24
[2021.11.05-10.55.24:444][256]LogNet: UChannel::Close: Sending CloseBunch. ChIndex == 0. Name: [UChannel] ChIndex: 0, Closing: 0 [UNetConnection] RemoteAddr: 127.0.0.1:62822, Name: IpConnection_2, Driver: GameNetDriver IpNetDriver_0, IsServer: YES, PC: MyPlayerController_C_2, Owner: MyPlayerController_C_2, UniqueId: NULL:DESKTOP-GH4GCSH-F601FB7D467F3A8AC9D763A9B2BAB6EA
[2021.11.05-10.55.24:444][256]LogOnlineSession: Warning: OSS: No game present to leave for session (GameSession)
