Log file open, 11/05/21 18:55:33
LogWindows: Failed to load 'aqProf.dll' (GetLastError=126)
LogWindows: File 'aqProf.dll' does not exist
LogWindows: Failed to load 'VtuneApi.dll' (GetLastError=126)
LogWindows: File 'VtuneApi.dll' does not exist
LogWindows: Failed to load 'VtuneApi32e.dll' (GetLastError=126)
LogWindows: File 'VtuneApi32e.dll' does not exist
LogConsoleResponse: Display: Failed to find resolution value strings in scalability ini. Falling back to default.
LogConsoleResponse: Display: Failed to find resolution value strings in scalability ini. Falling back to default.
LogInit: Display: Running engine for game: Netshoot
LogPlatformFile: Not using cached read wrapper
LogTaskGraph: Started task graph with 5 named threads and 17 total threads with 3 sets of task threads.
LogStats: Stats thread started at 0.125179
LogICUInternationalization: ICU TimeZone Detection - Raw Offset: +8:00, Platform Override: ''
LogInit: Display: Loading text-based GConfig....
LogPluginManager: Mounting plugin MeshPainting
LogPluginManager: Mounting plugin XGEController
LogPluginManager: Mounting plugin Paper2D
LogPluginManager: Mounting plugin AISupport
LogPluginManager: Mounting plugin EnvironmentQueryEditor
LogPluginManager: Mounting plugin LiveLink
LogPluginManager: Mounting plugin LightPropagationVolume
LogPluginManager: Mounting plugin CameraShakePreviewer
LogPluginManager: Mounting plugin GameplayCameras
LogPluginManager: Mounting plugin OodleData
LogPluginManager: Mounting plugin OodleNetwork
LogPluginManager: Mounting plugin AnimationSharing
LogPluginManager: Mounting plugin CLionSourceCodeAccess
LogPluginManager: Mounting plugin CodeLiteSourceCodeAccess
LogPluginManager: Mounting plugin GitSourceControl
LogPluginManager: Mounting plugin KDevelopSourceCodeAccess
LogPluginManager: Mounting plugin NullSourceCodeAccess
LogPluginManager: Mounting plugin PerforceSourceControl
LogPluginManager: Mounting plugin PixWinPlugin
LogPluginManager: Mounting plugin PlasticSourceControl
LogPluginManager: Mounting plugin PluginUtils
LogPluginManager: Mounting plugin PropertyAccessNode
LogPluginManager: Mounting plugin RiderSourceCodeAccess
LogPluginManager: Mounting plugin SubversionSourceControl
LogPluginManager: Mounting plugin TextureFormatOodle
LogPluginManager: Mounting plugin UObjectPlugin
LogPluginManager: Mounting plugin VisualStudioCodeSourceCodeAccess
LogPluginManager: Mounting plugin VisualStudioSourceCodeAccess
LogPluginManager: Mounting plugin XCodeSourceCodeAccess
LogPluginManager: Mounting plugin AssetManagerEditor
LogPluginManager: Mounting plugin CryptoKeys
LogPluginManager: Mounting plugin CurveEditorTools
LogPluginManager: Mounting plugin DataValidation
LogPluginManager: Mounting plugin FacialAnimation
LogPluginManager: Mounting plugin GameplayTagsEditor
LogPluginManager: Mounting plugin GeometryMode
LogPluginManager: Mounting plugin MacGraphicsSwitching
LogPluginManager: Mounting plugin MaterialAnalyzer
LogPluginManager: Mounting plugin MobileLauncherProfileWizard
LogPluginManager: Mounting plugin PluginBrowser
LogPluginManager: Mounting plugin SpeedTreeImporter
LogPluginManager: Mounting plugin DatasmithContent
LogPluginManager: Mounting plugin VariantManagerContent
LogPluginManager: Mounting plugin AlembicImporter
LogPluginManager: Mounting plugin AutomationUtils
LogPluginManager: Mounting plugin BackChannel
LogPluginManager: Mounting plugin ChaosCloth
LogPluginManager: Mounting plugin ChaosClothEditor
LogPluginManager: Mounting plugin ChaosEditor
LogPluginManager: Mounting plugin ChaosNiagara
LogPluginManager: Mounting plugin ChaosSolverPlugin
LogPluginManager: Mounting plugin CharacterAI
LogPluginManager: Mounting plugin GeometryCache
LogPluginManager: Mounting plugin GeometryCollectionPlugin
LogPluginManager: Mounting plugin GeometryProcessing
LogPluginManager: Mounting plugin MotoSynth
LogPluginManager: Mounting plugin OpenImageDenoise
LogPluginManager: Mounting plugin PlanarCut
LogPluginManager: Mounting plugin PlatformCrypto
LogPluginManager: Mounting plugin ProxyLODPlugin
LogPluginManager: Mounting plugin PythonScriptPlugin
LogPluginManager: Mounting plugin SkeletalReduction
LogPluginManager: Mounting plugin Niagara
LogPluginManager: Mounting plugin LuminPlatformFeatures
LogPluginManager: Mounting plugin MagicLeap
LogPluginManager: Mounting plugin MagicLeapLightEstimation
LogPluginManager: Mounting plugin MagicLeapMedia
LogPluginManager: Mounting plugin MagicLeapPassableWorld
LogPluginManager: Mounting plugin MLSDK
LogPluginManager: Mounting plugin AndroidMedia
LogPluginManager: Mounting plugin AvfMedia
LogPluginManager: Mounting plugin ImgMedia
LogPluginManager: Mounting plugin MediaCompositing
LogPluginManager: Mounting plugin MediaPlayerEditor
LogPluginManager: Mounting plugin WebMMedia
LogPluginManager: Mounting plugin WmfMedia
LogPluginManager: Mounting plugin TcpMessaging
LogPluginManager: Mounting plugin UdpMessaging
LogPluginManager: Mounting plugin ActorSequence
LogPluginManager: Mounting plugin LevelSequenceEditor
LogPluginManager: Mounting plugin MatineeToLevelSequence
LogPluginManager: Mounting plugin TemplateSequence
LogPluginManager: Mounting plugin OnlineSubsystem
LogPluginManager: Mounting plugin OnlineSubsystemNull
LogPluginManager: Mounting plugin OnlineSubsystemUtils
LogPluginManager: Mounting plugin LauncherChunkInstaller
LogPluginManager: Mounting plugin ActorLayerUtilities
LogPluginManager: Mounting plugin AndroidDeviceProfileSelector
LogPluginManager: Mounting plugin AndroidMoviePlayer
LogPluginManager: Mounting plugin AndroidPermission
LogPluginManager: Mounting plugin AppleImageUtils
LogPluginManager: Mounting plugin AppleMoviePlayer
LogPluginManager: Mounting plugin ArchVisCharacter
LogPluginManager: Mounting plugin AssetTags
LogPluginManager: Mounting plugin AudioCapture
LogPluginManager: Mounting plugin AudioSynesthesia
LogPluginManager: Mounting plugin CableComponent
LogPluginManager: Mounting plugin ChunkDownloader
LogPluginManager: Mounting plugin CustomMeshComponent
LogPluginManager: Mounting plugin EditableMesh
LogPluginManager: Mounting plugin ExampleDeviceProfileSelector
LogPluginManager: Mounting plugin GoogleCloudMessaging
LogPluginManager: Mounting plugin GooglePAD
LogPluginManager: Mounting plugin IOSDeviceProfileSelector
LogPluginManager: Mounting plugin LinuxDeviceProfileSelector
LogPluginManager: Mounting plugin LocationServicesBPLibrary
LogPluginManager: Mounting plugin MobilePatchingUtils
LogPluginManager: Mounting plugin OpenXR
LogPluginManager: Mounting plugin OpenXREyeTracker
LogPluginManager: Mounting plugin OpenXRHandTracking
LogPluginManager: Mounting plugin PhysXVehicles
LogPluginManager: Mounting plugin PostSplashScreen
LogPluginManager: Mounting plugin ProceduralMeshComponent
LogPluginManager: Mounting plugin PropertyAccessEditor
LogPluginManager: Mounting plugin RuntimePhysXCooking
LogPluginManager: Mounting plugin SignificanceManager
LogPluginManager: Mounting plugin SoundFields
LogPluginManager: Mounting plugin Synthesis
LogPluginManager: Mounting plugin WebMMoviePlayer
LogPluginManager: Mounting plugin WindowsMoviePlayer
LogPluginManager: Mounting plugin ScreenshotTools
LogPluginManager: Mounting plugin Takes
LogPluginManager: Mounting plugin ContentBrowserAssetDataSource
LogPluginManager: Mounting plugin ContentBrowserClassDataSource
LogPluginManager: Mounting plugin ContentBrowserFileDataSource
LogPluginManager: Mounting plugin OnlineSubsystemGooglePlay
LogPluginManager: Mounting plugin OnlineSubsystemIOS
LogPluginManager: Mounting plugin OculusVR
LogPluginManager: Mounting plugin SteamVR
PixWinPlugin: PIX capture plugin failed to initialize! Check that the process is launched from PIX.
LogInit: Using libcurl 7.55.1-DEV
LogInit:  - built for x86_64-pc-win32
LogInit:  - supports SSL with OpenSSL/1.1.1
LogInit:  - supports HTTP deflate (compression) using libz 1.2.8
LogInit:  - other features:
LogInit:      CURL_VERSION_SSL
LogInit:      CURL_VERSION_LIBZ
LogInit:      CURL_VERSION_IPV6
LogInit:      CURL_VERSION_ASYNCHDNS
LogInit:      CURL_VERSION_LARGEFILE
LogInit:      CURL_VERSION_IDN
LogInit:  CurlRequestOptions (configurable via config and command line):
LogInit:  - bVerifyPeer = true  - Libcurl will verify peer certificate
LogInit:  - bUseHttpProxy = false  - Libcurl will NOT use HTTP proxy
LogInit:  - bDontReuseConnections = false  - Libcurl will reuse connections
LogInit:  - MaxHostConnections = 16  - Libcurl will limit the number of connections to a host
LogInit:  - LocalHostAddr = Default
LogInit:  - BufferSize = 65536
LogOnline: Warning: OSS: TryLoadSubsystemAndSetDefault: LoadSubsystemModule([Steam]) failed
LogOnline: OSS: Creating online subsystem instance for: NULL
LogInit: WinSock: version 1.1 (2.2), MaxSocks=32767, MaxUdp=65467
LogOnline: OSS: TryLoadSubsystemAndSetDefault: Loaded subsystem for module [NULL]
LogInit: Build: ++UE4+Release-4.27-CL-0
LogInit: Engine Version: 4.27.0-0+++UE4+Release-4.27
LogInit: Compatible Engine Version: 4.27.0-0+++UE4+Release-4.27
LogInit: Net CL: 0
LogInit: OS: Windows 10 (Release 2009) (), CPU: Intel(R) Core(TM) i5-8400 CPU @ 2.80GHz, GPU: NVIDIA GeForce GTX 1060 6GB
LogInit: Compiled (64-bit): Oct 12 2021 09:26:09
LogInit: Compiled with Visual C++: 19.29.30136.00
LogInit: Build Configuration: Development
LogInit: Branch Name: ++UE4+Release-4.27
LogInit: Command Line:  Level_01 -server -log -nosteam
LogInit: Base Directory: D:/ue4code/UnrealEngine/Engine/Binaries/Win64/
LogInit: Allocator: TBB
LogInit: Installed Engine Build: 0
LogDevObjectVersion: Number of dev versions registered: 29
LogDevObjectVersion:   Dev-Blueprints (B0D832E4-1F89-4F0D-ACCF-7EB736FD4AA2): 10
LogDevObjectVersion:   Dev-Build (E1C64328-A22C-4D53-A36C-8E866417BD8C): 0
LogDevObjectVersion:   Dev-Core (375EC13C-06E4-48FB-B500-84F0262A717E): 4
LogDevObjectVersion:   Dev-Editor (E4B068ED-F494-42E9-A231-DA0B2E46BB41): 40
LogDevObjectVersion:   Dev-Framework (CFFC743F-43B0-4480-9391-14DF171D2073): 37
LogDevObjectVersion:   Dev-Mobile (B02B49B5-BB20-44E9-A304-32B752E40360): 3
LogDevObjectVersion:   Dev-Networking (A4E4105C-59A1-49B5-A7C5-40C4547EDFEE): 0
LogDevObjectVersion:   Dev-Online (39C831C9-5AE6-47DC-9A44-9C173E1C8E7C): 0
LogDevObjectVersion:   Dev-Physics (78F01B33-EBEA-4F98-B9B4-84EACCB95AA2): 14
LogDevObjectVersion:   Dev-Platform (6631380F-2D4D-43E0-8009-CF276956A95A): 0
LogDevObjectVersion:   Dev-Rendering (12F88B9F-8875-4AFC-A67C-D90C383ABD29): 45
LogDevObjectVersion:   Dev-Sequencer (7B5AE74C-D270-4C10-A958-57980B212A5A): 13
LogDevObjectVersion:   Dev-VR (D7296918-1DD6-4BDD-9DE2-64A83CC13884): 3
LogDevObjectVersion:   Dev-LoadTimes (C2A15278-BFE7-4AFE-6C17-90FF531DF755): 1
LogDevObjectVersion:   Private-Geometry (6EACA3D4-40EC-4CC1-B786-8BED09428FC5): 3
LogDevObjectVersion:   Dev-AnimPhys (29E575DD-E0A3-4627-9D10-D276232CDCEA): 17
LogDevObjectVersion:   Dev-Anim (AF43A65D-7FD3-4947-9873-3E8ED9C1BB05): 15
LogDevObjectVersion:   Dev-ReflectionCapture (6B266CEC-1EC7-4B8F-A30B-E4D90942FC07): 1
LogDevObjectVersion:   Dev-Automation (0DF73D61-A23F-47EA-B727-89E90C41499A): 1
LogDevObjectVersion:   FortniteMain (601D1886-AC64-4F84-AA16-D3DE0DEAC7D6): 47
LogDevObjectVersion:   FortniteRelease (E7086368-6B23-4C58-8439-1B7016265E91): 1
LogDevObjectVersion:   Dev-Enterprise (9DFFBCD6-494F-0158-E221-12823C92A888): 10
LogDevObjectVersion:   Dev-Niagara (F2AED0AC-9AFE-416F-8664-AA7FFA26D6FC): 1
LogDevObjectVersion:   Dev-Destruction (174F1F0B-B4C6-45A5-B13F-2EE8D0FB917D): 10
LogDevObjectVersion:   Dev-Physics-Ext (35F94A83-E258-406C-A318-09F59610247C): 41
LogDevObjectVersion:   Dev-PhysicsMaterial-Chaos (B68FC16E-8B1B-42E2-B453-215C058844FE): 1
LogDevObjectVersion:   Dev-CineCamera (B2E18506-4273-CFC2-A54E-F4BB758BBA07): 1
LogDevObjectVersion:   Dev-VirtualProduction (64F58936-FD1B-42BA-BA96-7289D5D0FA4E): 1
LogDevObjectVersion:   Dev-MediaFramework (6F0ED827-A609-4895-9C91-998D90180EA4): 2
LogInit: Presizing for max 25165824 objects, including 0 objects not considered by GC, pre-allocating 0 bytes for permanent pool.
LogConfig: Applying CVar settings from Section [/Script/Engine.StreamingSettings] File [D:/ue4Project/Netshoot/Netshoot/Saved/Config/Windows/Engine.ini]
LogConfig: Setting CVar [[s.MinBulkDataSizeForAsyncLoading:131072]]
LogConfig: Setting CVar [[s.AsyncLoadingThreadEnabled:0]]
LogConfig: Setting CVar [[s.EventDrivenLoaderEnabled:1]]
LogConfig: Setting CVar [[s.WarnIfTimeLimitExceeded:0]]
LogConfig: Setting CVar [[s.TimeLimitExceededMultiplier:1.5]]
LogConfig: Setting CVar [[s.TimeLimitExceededMinTime:0.005]]
LogConfig: Setting CVar [[s.UseBackgroundLevelStreaming:1]]
LogConfig: Setting CVar [[s.PriorityAsyncLoadingExtraTime:15.0]]
LogConfig: Setting CVar [[s.LevelStreamingActorsUpdateTimeLimit:5.0]]
LogConfig: Setting CVar [[s.PriorityLevelStreamingActorsUpdateExtraTime:5.0]]
LogConfig: Setting CVar [[s.LevelStreamingComponentsRegistrationGranularity:10]]
LogConfig: Setting CVar [[s.UnregisterComponentsTimeLimit:1.0]]
LogConfig: Setting CVar [[s.LevelStreamingComponentsUnregistrationGranularity:5]]
LogConfig: Setting CVar [[s.FlushStreamingOnExit:1]]
LogInit: Object subsystem initialized
LogConfig: Setting CVar [[con.DebugEarlyDefault:1]]
LogConfig: Setting CVar [[r.setres:1280x720]]
[2021.11.05-10.55.33:954][  0]LogConfig: Setting CVar [[con.DebugEarlyDefault:1]]
[2021.11.05-10.55.33:954][  0]LogConfig: Setting CVar [[r.setres:1280x720]]
[2021.11.05-10.55.33:955][  0]LogConfig: Applying CVar settings from Section [/Script/Engine.RendererSettings] File [D:/ue4Project/Netshoot/Netshoot/Saved/Config/Windows/Engine.ini]
[2021.11.05-10.55.33:955][  0]LogConfig: Setting CVar [[r.GPUCrashDebugging:0]]
[2021.11.05-10.55.33:955][  0]LogConfig: Setting CVar [[r.MobileHDR:1]]
[2021.11.05-10.55.33:955][  0]LogConfig: Setting CVar [[r.AllowOcclusionQueries:1]]
[2021.11.05-10.55.33:956][  0]LogConfig: Setting CVar [[r.MinScreenRadiusForLights:0.030000]]
[2021.11.05-10.55.33:956][  0]LogConfig: Setting CVar [[r.MinScreenRadiusForDepthPrepass:0.030000]]
[2021.11.05-10.55.33:956][  0]LogConfig: Setting CVar [[r.PrecomputedVisibilityWarning:0]]
[2021.11.05-10.55.33:956][  0]LogConfig: Setting CVar [[r.TextureStreaming:1]]
[2021.11.05-10.55.33:957][  0]LogConfig: Setting CVar [[Compat.UseDXT5NormalMaps:0]]
[2021.11.05-10.55.33:959][  0]LogConfig: Setting CVar [[r.AllowStaticLighting:1]]
[2021.11.05-10.55.33:959][  0]LogConfig: Setting CVar [[r.NormalMapsForStaticLighting:0]]
[2021.11.05-10.55.33:959][  0]LogConfig: Setting CVar [[r.GenerateMeshDistanceFields:1]]
[2021.11.05-10.55.33:960][  0]LogConfig: Setting CVar [[r.TessellationAdaptivePixelsPerTriangle:48.000000]]
[2021.11.05-10.55.33:960][  0]LogConfig: Setting CVar [[r.SeparateTranslucency:1]]
[2021.11.05-10.55.33:960][  0]LogConfig: Setting CVar [[r.CustomDepth:1]]
[2021.11.05-10.55.33:960][  0]LogConfig: Setting CVar [[r.DefaultFeature.Bloom:1]]
[2021.11.05-10.55.33:961][  0]LogConfig: Setting CVar [[r.DefaultFeature.AmbientOcclusion:1]]
[2021.11.05-10.55.33:961][  0]LogConfig: Setting CVar [[r.DefaultFeature.AmbientOcclusionStaticFraction:1]]
[2021.11.05-10.55.33:961][  0]LogConfig: Setting CVar [[r.DefaultFeature.AutoExposure:1]]
[2021.11.05-10.55.33:961][  0]LogConfig: Setting CVar [[r.DefaultFeature.MotionBlur:1]]
[2021.11.05-10.55.33:962][  0]LogConfig: Setting CVar [[r.DefaultFeature.LensFlare:1]]
[2021.11.05-10.55.33:962][  0]LogConfig: Setting CVar [[r.DefaultFeature.AntiAliasing:2]]
[2021.11.05-10.55.33:962][  0]LogConfig: Setting CVar [[r.EarlyZPass:3]]
[2021.11.05-10.55.33:963][  0]LogConfig: Setting CVar [[r.DBuffer:0]]
[2021.11.05-10.55.33:963][  0]LogConfig: Setting CVar [[r.ClearSceneMethod:1]]
[2021.11.05-10.55.33:963][  0]LogConfig: Setting CVar [[r.MSAA.CompositingSampleCount:4]]
[2021.11.05-10.55.33:963][  0]LogConfig: Setting CVar [[r.WireframeCullThreshold:5.000000]]
[2021.11.05-10.55.33:964][  0]LogConfig: Applying CVar settings from Section [/Script/Engine.RendererOverrideSettings] File [D:/ue4Project/Netshoot/Netshoot/Saved/Config/Windows/Engine.ini]
[2021.11.05-10.55.33:964][  0]LogConfig: Applying CVar settings from Section [/Script/Engine.StreamingSettings] File [D:/ue4Project/Netshoot/Netshoot/Saved/Config/Windows/Engine.ini]
[2021.11.05-10.55.33:964][  0]LogConfig: Setting CVar [[s.MinBulkDataSizeForAsyncLoading:131072]]
[2021.11.05-10.55.33:964][  0]LogConfig: Setting CVar [[s.AsyncLoadingThreadEnabled:0]]
[2021.11.05-10.55.33:965][  0]LogConfig: Setting CVar [[s.EventDrivenLoaderEnabled:1]]
[2021.11.05-10.55.33:965][  0]LogConfig: Setting CVar [[s.WarnIfTimeLimitExceeded:0]]
[2021.11.05-10.55.33:965][  0]LogConfig: Setting CVar [[s.TimeLimitExceededMultiplier:1.5]]
[2021.11.05-10.55.33:965][  0]LogConfig: Setting CVar [[s.TimeLimitExceededMinTime:0.005]]
[2021.11.05-10.55.33:966][  0]LogConfig: Setting CVar [[s.UseBackgroundLevelStreaming:1]]
[2021.11.05-10.55.33:966][  0]LogConfig: Setting CVar [[s.PriorityAsyncLoadingExtraTime:15.0]]
[2021.11.05-10.55.33:966][  0]LogConfig: Setting CVar [[s.LevelStreamingActorsUpdateTimeLimit:5.0]]
[2021.11.05-10.55.33:966][  0]LogConfig: Setting CVar [[s.PriorityLevelStreamingActorsUpdateExtraTime:5.0]]
[2021.11.05-10.55.33:967][  0]LogConfig: Setting CVar [[s.LevelStreamingComponentsRegistrationGranularity:10]]
[2021.11.05-10.55.33:967][  0]LogConfig: Setting CVar [[s.UnregisterComponentsTimeLimit:1.0]]
[2021.11.05-10.55.33:967][  0]LogConfig: Setting CVar [[s.LevelStreamingComponentsUnregistrationGranularity:5]]
[2021.11.05-10.55.33:968][  0]LogConfig: Setting CVar [[s.FlushStreamingOnExit:1]]
[2021.11.05-10.55.33:968][  0]LogConfig: Applying CVar settings from Section [/Script/Engine.GarbageCollectionSettings] File [D:/ue4Project/Netshoot/Netshoot/Saved/Config/Windows/Engine.ini]
[2021.11.05-10.55.33:968][  0]LogConfig: Setting CVar [[gc.MaxObjectsNotConsideredByGC:1]]
[2021.11.05-10.55.33:968][  0]LogConfig: Setting CVar [[gc.SizeOfPermanentObjectPool:0]]
[2021.11.05-10.55.33:969][  0]LogConfig: Setting CVar [[gc.FlushStreamingOnGC:0]]
[2021.11.05-10.55.33:969][  0]LogConfig: Setting CVar [[gc.NumRetriesBeforeForcingGC:10]]
[2021.11.05-10.55.33:969][  0]LogConfig: Setting CVar [[gc.AllowParallelGC:1]]
[2021.11.05-10.55.33:969][  0]LogConfig: Setting CVar [[gc.TimeBetweenPurgingPendingKillObjects:61.1]]
[2021.11.05-10.55.33:970][  0]LogConfig: Setting CVar [[gc.MaxObjectsInEditor:25165824]]
[2021.11.05-10.55.33:970][  0]LogConfig: Setting CVar [[gc.IncrementalBeginDestroyEnabled:1]]
[2021.11.05-10.55.33:970][  0]LogConfig: Setting CVar [[gc.CreateGCClusters:1]]
[2021.11.05-10.55.33:970][  0]LogConfig: Setting CVar [[gc.MinGCClusterSize:5]]
[2021.11.05-10.55.33:971][  0]LogConfig: Setting CVar [[gc.ActorClusteringEnabled:0]]
[2021.11.05-10.55.33:971][  0]LogConfig: Setting CVar [[gc.BlueprintClusteringEnabled:0]]
[2021.11.05-10.55.33:971][  0]LogConfig: Setting CVar [[gc.UseDisregardForGCOnDedicatedServers:0]]
[2021.11.05-10.55.33:971][  0]LogConfig: Setting CVar [[gc.MultithreadedDestructionEnabled:1]]
[2021.11.05-10.55.33:972][  0]LogConfig: Applying CVar settings from Section [/Script/Engine.NetworkSettings] File [D:/ue4Project/Netshoot/Netshoot/Saved/Config/Windows/Engine.ini]
[2021.11.05-10.55.33:974][  0]LogConfig: Applying CVar settings from Section [/Script/UnrealEd.CookerSettings] File [D:/ue4Project/Netshoot/Netshoot/Saved/Config/Windows/Engine.ini]
[2021.11.05-10.55.33:974][  0]LogConfig: Applying CVar settings from Section [ViewDistanceQuality@3] File [D:/ue4Project/Netshoot/Netshoot/Saved/Config/Windows/Scalability.ini]
[2021.11.05-10.55.33:974][  0]LogConfig: Setting CVar [[r.SkeletalMeshLODBias:0]]
[2021.11.05-10.55.33:975][  0]LogConfig: Setting CVar [[r.ViewDistanceScale:1.0]]
[2021.11.05-10.55.33:975][  0]LogConfig: Applying CVar settings from Section [AntiAliasingQuality@3] File [D:/ue4Project/Netshoot/Netshoot/Saved/Config/Windows/Scalability.ini]
[2021.11.05-10.55.33:975][  0]LogConfig: Setting CVar [[r.PostProcessAAQuality:4]]
[2021.11.05-10.55.33:975][  0]LogConfig: Applying CVar settings from Section [ShadowQuality@3] File [D:/ue4Project/Netshoot/Netshoot/Saved/Config/Windows/Scalability.ini]
[2021.11.05-10.55.33:976][  0]LogConfig: Setting CVar [[r.LightFunctionQuality:1]]
[2021.11.05-10.55.33:976][  0]LogConfig: Setting CVar [[r.ShadowQuality:5]]
[2021.11.05-10.55.33:976][  0]LogConfig: Setting CVar [[r.Shadow.CSM.MaxCascades:10]]
[2021.11.05-10.55.33:977][  0]LogConfig: Setting CVar [[r.Shadow.MaxResolution:2048]]
[2021.11.05-10.55.33:977][  0]LogConfig: Setting CVar [[r.Shadow.MaxCSMResolution:2048]]
[2021.11.05-10.55.33:977][  0]LogConfig: Setting CVar [[r.Shadow.RadiusThreshold:0.01]]
[2021.11.05-10.55.33:977][  0]LogConfig: Setting CVar [[r.Shadow.DistanceScale:1.0]]
[2021.11.05-10.55.33:978][  0]LogConfig: Setting CVar [[r.Shadow.CSM.TransitionScale:1.0]]
[2021.11.05-10.55.33:978][  0]LogConfig: Setting CVar [[r.Shadow.PreShadowResolutionFactor:1.0]]
[2021.11.05-10.55.33:978][  0]LogConfig: Setting CVar [[r.DistanceFieldShadowing:1]]
[2021.11.05-10.55.33:978][  0]LogConfig: Setting CVar [[r.DistanceFieldAO:1]]
[2021.11.05-10.55.33:979][  0]LogConfig: Setting CVar [[r.AOQuality:2]]
[2021.11.05-10.55.33:979][  0]LogConfig: Setting CVar [[r.VolumetricFog:1]]
[2021.11.05-10.55.33:979][  0]LogConfig: Setting CVar [[r.VolumetricFog.GridPixelSize:8]]
[2021.11.05-10.55.33:979][  0]LogConfig: Setting CVar [[r.VolumetricFog.GridSizeZ:128]]
[2021.11.05-10.55.33:980][  0]LogConfig: Setting CVar [[r.VolumetricFog.HistoryMissSupersampleCount:4]]
[2021.11.05-10.55.33:980][  0]LogConfig: Setting CVar [[r.LightMaxDrawDistanceScale:1]]
[2021.11.05-10.55.33:980][  0]LogConfig: Setting CVar [[r.CapsuleShadows:1]]
[2021.11.05-10.55.33:980][  0]LogConfig: Applying CVar settings from Section [PostProcessQuality@3] File [D:/ue4Project/Netshoot/Netshoot/Saved/Config/Windows/Scalability.ini]
[2021.11.05-10.55.33:981][  0]LogConfig: Setting CVar [[r.MotionBlurQuality:4]]
[2021.11.05-10.55.33:981][  0]LogConfig: Setting CVar [[r.AmbientOcclusionMipLevelFactor:0.4]]
[2021.11.05-10.55.33:981][  0]LogConfig: Setting CVar [[r.AmbientOcclusionMaxQuality:100]]
[2021.11.05-10.55.33:982][  0]LogConfig: Setting CVar [[r.AmbientOcclusionLevels:-1]]
[2021.11.05-10.55.33:982][  0]LogConfig: Setting CVar [[r.AmbientOcclusionRadiusScale:1.0]]
[2021.11.05-10.55.33:982][  0]LogConfig: Setting CVar [[r.DepthOfFieldQuality:2]]
[2021.11.05-10.55.33:982][  0]LogConfig: Setting CVar [[r.RenderTargetPoolMin:400]]
[2021.11.05-10.55.33:983][  0]LogConfig: Setting CVar [[r.LensFlareQuality:2]]
[2021.11.05-10.55.33:983][  0]LogConfig: Setting CVar [[r.SceneColorFringeQuality:1]]
[2021.11.05-10.55.33:983][  0]LogConfig: Setting CVar [[r.EyeAdaptationQuality:2]]
[2021.11.05-10.55.33:983][  0]LogConfig: Setting CVar [[r.BloomQuality:5]]
[2021.11.05-10.55.33:984][  0]LogConfig: Setting CVar [[r.FastBlurThreshold:100]]
[2021.11.05-10.55.33:984][  0]LogConfig: Setting CVar [[r.Upscale.Quality:3]]
[2021.11.05-10.55.33:984][  0]LogConfig: Setting CVar [[r.Tonemapper.GrainQuantization:1]]
[2021.11.05-10.55.33:984][  0]LogConfig: Setting CVar [[r.LightShaftQuality:1]]
[2021.11.05-10.55.33:985][  0]LogConfig: Setting CVar [[r.Filter.SizeScale:1]]
[2021.11.05-10.55.33:985][  0]LogConfig: Setting CVar [[r.Tonemapper.Quality:5]]
[2021.11.05-10.55.33:985][  0]LogConfig: Setting CVar [[r.DOF.Gather.AccumulatorQuality:1        ; higher gathering accumulator quality]]
[2021.11.05-10.55.33:985][  0]LogConfig: Setting CVar [[r.DOF.Gather.PostfilterMethod:1          ; Median3x3 postfilering method]]
[2021.11.05-10.55.33:986][  0]LogConfig: Setting CVar [[r.DOF.Gather.EnableBokehSettings:0       ; no bokeh simulation when gathering]]
[2021.11.05-10.55.33:986][  0]LogConfig: Setting CVar [[r.DOF.Gather.RingCount:4                 ; medium number of samples when gathering]]
[2021.11.05-10.55.33:986][  0]LogConfig: Setting CVar [[r.DOF.Scatter.ForegroundCompositing:1    ; additive foreground scattering]]
[2021.11.05-10.55.33:987][  0]LogConfig: Setting CVar [[r.DOF.Scatter.BackgroundCompositing:2    ; additive background scattering]]
[2021.11.05-10.55.33:987][  0]LogConfig: Setting CVar [[r.DOF.Scatter.EnableBokehSettings:1      ; bokeh simulation when scattering]]
[2021.11.05-10.55.33:987][  0]LogConfig: Setting CVar [[r.DOF.Scatter.MaxSpriteRatio:0.1         ; only a maximum of 10% of scattered bokeh]]
[2021.11.05-10.55.33:987][  0]LogConfig: Setting CVar [[r.DOF.Recombine.Quality:1                ; cheap slight out of focus]]
[2021.11.05-10.55.33:988][  0]LogConfig: Setting CVar [[r.DOF.Recombine.EnableBokehSettings:0    ; no bokeh simulation on slight out of focus]]
[2021.11.05-10.55.33:990][  0]LogConfig: Setting CVar [[r.DOF.TemporalAAQuality:1                ; more stable temporal accumulation]]
[2021.11.05-10.55.33:991][  0]LogConfig: Setting CVar [[r.DOF.Kernel.MaxForegroundRadius:0.025]]
[2021.11.05-10.55.33:991][  0]LogConfig: Setting CVar [[r.DOF.Kernel.MaxBackgroundRadius:0.025]]
[2021.11.05-10.55.33:992][  0]LogConfig: Applying CVar settings from Section [TextureQuality@3] File [D:/ue4Project/Netshoot/Netshoot/Saved/Config/Windows/Scalability.ini]
[2021.11.05-10.55.33:992][  0]LogConfig: Setting CVar [[r.Streaming.MipBias:0]]
[2021.11.05-10.55.33:992][  0]LogConfig: Setting CVar [[r.Streaming.AmortizeCPUToGPUCopy:0]]
[2021.11.05-10.55.33:993][  0]LogConfig: Setting CVar [[r.Streaming.MaxNumTexturesToStreamPerFrame:0]]
[2021.11.05-10.55.33:993][  0]LogConfig: Setting CVar [[r.Streaming.Boost:1]]
[2021.11.05-10.55.33:993][  0]LogConfig: Setting CVar [[r.MaxAnisotropy:8]]
[2021.11.05-10.55.33:994][  0]LogConfig: Setting CVar [[r.VT.MaxAnisotropy:8]]
[2021.11.05-10.55.33:994][  0]LogConfig: Setting CVar [[r.Streaming.LimitPoolSizeToVRAM:0]]
[2021.11.05-10.55.33:994][  0]LogConfig: Setting CVar [[r.Streaming.PoolSize:1000]]
[2021.11.05-10.55.33:995][  0]LogConfig: Setting CVar [[r.Streaming.MaxEffectiveScreenSize:0]]
[2021.11.05-10.55.33:995][  0]LogConfig: Applying CVar settings from Section [EffectsQuality@3] File [D:/ue4Project/Netshoot/Netshoot/Saved/Config/Windows/Scalability.ini]
[2021.11.05-10.55.33:995][  0]LogConfig: Setting CVar [[r.TranslucencyLightingVolumeDim:64]]
[2021.11.05-10.55.33:995][  0]LogConfig: Setting CVar [[r.RefractionQuality:2]]
[2021.11.05-10.55.33:996][  0]LogConfig: Setting CVar [[r.SSR.Quality:3]]
[2021.11.05-10.55.33:996][  0]LogConfig: Setting CVar [[r.SSR.HalfResSceneColor:0]]
[2021.11.05-10.55.33:996][  0]LogConfig: Setting CVar [[r.SceneColorFormat:4]]
[2021.11.05-10.55.33:996][  0]LogConfig: Setting CVar [[r.DetailMode:2]]
[2021.11.05-10.55.33:997][  0]LogConfig: Setting CVar [[r.TranslucencyVolumeBlur:1]]
[2021.11.05-10.55.33:997][  0]LogConfig: Setting CVar [[r.MaterialQualityLevel:1 ; High quality]]
[2021.11.05-10.55.33:997][  0]LogConfig: Setting CVar [[r.AnisotropicMaterials:1]]
[2021.11.05-10.55.33:997][  0]LogConfig: Setting CVar [[r.SSS.Scale:1]]
[2021.11.05-10.55.33:998][  0]LogConfig: Setting CVar [[r.SSS.SampleSet:2]]
[2021.11.05-10.55.33:998][  0]LogConfig: Setting CVar [[r.SSS.Quality:1]]
[2021.11.05-10.55.33:998][  0]LogConfig: Setting CVar [[r.SSS.HalfRes:0]]
[2021.11.05-10.55.33:998][  0]LogConfig: Setting CVar [[r.SSGI.Quality:3]]
[2021.11.05-10.55.33:999][  0]LogConfig: Setting CVar [[r.EmitterSpawnRateScale:1.0]]
[2021.11.05-10.55.33:999][  0]LogConfig: Setting CVar [[r.ParticleLightQuality:2]]
[2021.11.05-10.55.33:999][  0]LogConfig: Setting CVar [[r.SkyAtmosphere.AerialPerspectiveLUT.FastApplyOnOpaque:1 ; Always have FastSkyLUT 1 in this case to avoid wrong sky]]
[2021.11.05-10.55.33:999][  0]LogConfig: Setting CVar [[r.SkyAtmosphere.AerialPerspectiveLUT.SampleCountMaxPerSlice:4]]
[2021.11.05-10.55.34:000][  0]LogConfig: Setting CVar [[r.SkyAtmosphere.AerialPerspectiveLUT.DepthResolution:16.0]]
[2021.11.05-10.55.34:000][  0]LogConfig: Setting CVar [[r.SkyAtmosphere.FastSkyLUT:1]]
[2021.11.05-10.55.34:000][  0]LogConfig: Setting CVar [[r.SkyAtmosphere.FastSkyLUT.SampleCountMin:4.0]]
[2021.11.05-10.55.34:000][  0]LogConfig: Setting CVar [[r.SkyAtmosphere.FastSkyLUT.SampleCountMax:128.0]]
[2021.11.05-10.55.34:001][  0]LogConfig: Setting CVar [[r.SkyAtmosphere.SampleCountMin:4.0]]
[2021.11.05-10.55.34:001][  0]LogConfig: Setting CVar [[r.SkyAtmosphere.SampleCountMax:128.0]]
[2021.11.05-10.55.34:001][  0]LogConfig: Setting CVar [[r.SkyAtmosphere.TransmittanceLUT.UseSmallFormat:0]]
[2021.11.05-10.55.34:002][  0]LogConfig: Setting CVar [[r.SkyAtmosphere.TransmittanceLUT.SampleCount:10.0]]
[2021.11.05-10.55.34:002][  0]LogConfig: Setting CVar [[r.SkyAtmosphere.MultiScatteringLUT.SampleCount:15.0]]
[2021.11.05-10.55.34:002][  0]LogConfig: Setting CVar [[r.SkyLight.RealTimeReflectionCapture:1]]
[2021.11.05-10.55.34:002][  0]LogConfig: Applying CVar settings from Section [FoliageQuality@3] File [D:/ue4Project/Netshoot/Netshoot/Saved/Config/Windows/Scalability.ini]
[2021.11.05-10.55.34:003][  0]LogConfig: Setting CVar [[foliage.DensityScale:1.0]]
[2021.11.05-10.55.34:003][  0]LogConfig: Setting CVar [[grass.DensityScale:1.0]]
[2021.11.05-10.55.34:003][  0]LogConfig: Applying CVar settings from Section [ShadingQuality@3] File [D:/ue4Project/Netshoot/Netshoot/Saved/Config/Windows/Scalability.ini]
[2021.11.05-10.55.34:003][  0]LogConfig: Setting CVar [[r.HairStrands.SkyLighting.IntegrationType:2]]
[2021.11.05-10.55.34:004][  0]LogConfig: Setting CVar [[r.HairStrands.SkyAO.SampleCount:4]]
[2021.11.05-10.55.34:006][  0]LogConfig: Setting CVar [[r.HairStrands.Visibility.MSAA.SamplePerPixel:4]]
[2021.11.05-10.55.34:006][  0]LogInit: Selected Device Profile: [Windows]
[2021.11.05-10.55.34:007][  0]LogInit: Applying CVar settings loaded from the selected device profile: [Windows]
[2021.11.05-10.55.34:008][  0]LogHAL: Display: Platform has ~ 16 GB [17110147072 / 17179869184 / 16], which maps to Larger [LargestMinGB=32, LargerMinGB=12, DefaultMinGB=8, SmallerMinGB=6, SmallestMinGB=0)
[2021.11.05-10.55.34:008][  0]LogInit: Going up to parent DeviceProfile []
[2021.11.05-10.55.34:008][  0]LogConfig: Applying CVar settings from Section [ViewDistanceQuality@3] File [D:/ue4Project/Netshoot/Netshoot/Saved/Config/Windows/Scalability.ini]
[2021.11.05-10.55.34:008][  0]LogConfig: Setting CVar [[r.SkeletalMeshLODBias:0]]
[2021.11.05-10.55.34:008][  0]LogConfig: Setting CVar [[r.ViewDistanceScale:1.0]]
[2021.11.05-10.55.34:008][  0]LogConfig: Applying CVar settings from Section [AntiAliasingQuality@3] File [D:/ue4Project/Netshoot/Netshoot/Saved/Config/Windows/Scalability.ini]
[2021.11.05-10.55.34:009][  0]LogConfig: Setting CVar [[r.PostProcessAAQuality:4]]
[2021.11.05-10.55.34:009][  0]LogConfig: Applying CVar settings from Section [ShadowQuality@3] File [D:/ue4Project/Netshoot/Netshoot/Saved/Config/Windows/Scalability.ini]
[2021.11.05-10.55.34:009][  0]LogConfig: Setting CVar [[r.LightFunctionQuality:1]]
[2021.11.05-10.55.34:009][  0]LogConfig: Setting CVar [[r.ShadowQuality:5]]
[2021.11.05-10.55.34:010][  0]LogConfig: Setting CVar [[r.Shadow.CSM.MaxCascades:10]]
[2021.11.05-10.55.34:010][  0]LogConfig: Setting CVar [[r.Shadow.MaxResolution:2048]]
[2021.11.05-10.55.34:010][  0]LogConfig: Setting CVar [[r.Shadow.MaxCSMResolution:2048]]
[2021.11.05-10.55.34:010][  0]LogConfig: Setting CVar [[r.Shadow.RadiusThreshold:0.01]]
[2021.11.05-10.55.34:011][  0]LogConfig: Setting CVar [[r.Shadow.DistanceScale:1.0]]
[2021.11.05-10.55.34:011][  0]LogConfig: Setting CVar [[r.Shadow.CSM.TransitionScale:1.0]]
[2021.11.05-10.55.34:011][  0]LogConfig: Setting CVar [[r.Shadow.PreShadowResolutionFactor:1.0]]
[2021.11.05-10.55.34:012][  0]LogConfig: Setting CVar [[r.DistanceFieldShadowing:1]]
[2021.11.05-10.55.34:012][  0]LogConfig: Setting CVar [[r.DistanceFieldAO:1]]
[2021.11.05-10.55.34:012][  0]LogConfig: Setting CVar [[r.AOQuality:2]]
[2021.11.05-10.55.34:012][  0]LogConfig: Setting CVar [[r.VolumetricFog:1]]
[2021.11.05-10.55.34:013][  0]LogConfig: Setting CVar [[r.VolumetricFog.GridPixelSize:8]]
[2021.11.05-10.55.34:013][  0]LogConfig: Setting CVar [[r.VolumetricFog.GridSizeZ:128]]
[2021.11.05-10.55.34:013][  0]LogConfig: Setting CVar [[r.VolumetricFog.HistoryMissSupersampleCount:4]]
[2021.11.05-10.55.34:014][  0]LogConfig: Setting CVar [[r.LightMaxDrawDistanceScale:1]]
[2021.11.05-10.55.34:014][  0]LogConfig: Setting CVar [[r.CapsuleShadows:1]]
[2021.11.05-10.55.34:014][  0]LogConfig: Applying CVar settings from Section [PostProcessQuality@3] File [D:/ue4Project/Netshoot/Netshoot/Saved/Config/Windows/Scalability.ini]
[2021.11.05-10.55.34:014][  0]LogConfig: Setting CVar [[r.MotionBlurQuality:4]]
[2021.11.05-10.55.34:015][  0]LogConfig: Setting CVar [[r.AmbientOcclusionMipLevelFactor:0.4]]
[2021.11.05-10.55.34:015][  0]LogConfig: Setting CVar [[r.AmbientOcclusionMaxQuality:100]]
[2021.11.05-10.55.34:015][  0]LogConfig: Setting CVar [[r.AmbientOcclusionLevels:-1]]
[2021.11.05-10.55.34:016][  0]LogConfig: Setting CVar [[r.AmbientOcclusionRadiusScale:1.0]]
[2021.11.05-10.55.34:016][  0]LogConfig: Setting CVar [[r.DepthOfFieldQuality:2]]
[2021.11.05-10.55.34:016][  0]LogConfig: Setting CVar [[r.RenderTargetPoolMin:400]]
[2021.11.05-10.55.34:016][  0]LogConfig: Setting CVar [[r.LensFlareQuality:2]]
[2021.11.05-10.55.34:017][  0]LogConfig: Setting CVar [[r.SceneColorFringeQuality:1]]
[2021.11.05-10.55.34:017][  0]LogConfig: Setting CVar [[r.EyeAdaptationQuality:2]]
[2021.11.05-10.55.34:017][  0]LogConfig: Setting CVar [[r.BloomQuality:5]]
[2021.11.05-10.55.34:017][  0]LogConfig: Setting CVar [[r.FastBlurThreshold:100]]
[2021.11.05-10.55.34:018][  0]LogConfig: Setting CVar [[r.Upscale.Quality:3]]
[2021.11.05-10.55.34:018][  0]LogConfig: Setting CVar [[r.Tonemapper.GrainQuantization:1]]
[2021.11.05-10.55.34:018][  0]LogConfig: Setting CVar [[r.LightShaftQuality:1]]
[2021.11.05-10.55.34:019][  0]LogConfig: Setting CVar [[r.Filter.SizeScale:1]]
[2021.11.05-10.55.34:021][  0]LogConfig: Setting CVar [[r.Tonemapper.Quality:5]]
[2021.11.05-10.55.34:021][  0]LogConfig: Setting CVar [[r.DOF.Gather.AccumulatorQuality:1        ; higher gathering accumulator quality]]
[2021.11.05-10.55.34:021][  0]LogConfig: Setting CVar [[r.DOF.Gather.PostfilterMethod:1          ; Median3x3 postfilering method]]
[2021.11.05-10.55.34:021][  0]LogConfig: Setting CVar [[r.DOF.Gather.EnableBokehSettings:0       ; no bokeh simulation when gathering]]
[2021.11.05-10.55.34:022][  0]LogConfig: Setting CVar [[r.DOF.Gather.RingCount:4                 ; medium number of samples when gathering]]
[2021.11.05-10.55.34:022][  0]LogConfig: Setting CVar [[r.DOF.Scatter.ForegroundCompositing:1    ; additive foreground scattering]]
[2021.11.05-10.55.34:022][  0]LogConfig: Setting CVar [[r.DOF.Scatter.BackgroundCompositing:2    ; additive background scattering]]
[2021.11.05-10.55.34:022][  0]LogConfig: Setting CVar [[r.DOF.Scatter.EnableBokehSettings:1      ; bokeh simulation when scattering]]
[2021.11.05-10.55.34:023][  0]LogConfig: Setting CVar [[r.DOF.Scatter.MaxSpriteRatio:0.1         ; only a maximum of 10% of scattered bokeh]]
[2021.11.05-10.55.34:023][  0]LogConfig: Setting CVar [[r.DOF.Recombine.Quality:1                ; cheap slight out of focus]]
[2021.11.05-10.55.34:023][  0]LogConfig: Setting CVar [[r.DOF.Recombine.EnableBokehSettings:0    ; no bokeh simulation on slight out of focus]]
[2021.11.05-10.55.34:024][  0]LogConfig: Setting CVar [[r.DOF.TemporalAAQuality:1                ; more stable temporal accumulation]]
[2021.11.05-10.55.34:024][  0]LogConfig: Setting CVar [[r.DOF.Kernel.MaxForegroundRadius:0.025]]
[2021.11.05-10.55.34:024][  0]LogConfig: Setting CVar [[r.DOF.Kernel.MaxBackgroundRadius:0.025]]
[2021.11.05-10.55.34:024][  0]LogConfig: Applying CVar settings from Section [TextureQuality@3] File [D:/ue4Project/Netshoot/Netshoot/Saved/Config/Windows/Scalability.ini]
[2021.11.05-10.55.34:025][  0]LogConfig: Setting CVar [[r.Streaming.MipBias:0]]
[2021.11.05-10.55.34:025][  0]LogConfig: Setting CVar [[r.Streaming.AmortizeCPUToGPUCopy:0]]
[2021.11.05-10.55.34:025][  0]LogConfig: Setting CVar [[r.Streaming.MaxNumTexturesToStreamPerFrame:0]]
[2021.11.05-10.55.34:025][  0]LogConfig: Setting CVar [[r.Streaming.Boost:1]]
[2021.11.05-10.55.34:026][  0]LogConfig: Setting CVar [[r.MaxAnisotropy:8]]
[2021.11.05-10.55.34:026][  0]LogConfig: Setting CVar [[r.VT.MaxAnisotropy:8]]
[2021.11.05-10.55.34:026][  0]LogConfig: Setting CVar [[r.Streaming.LimitPoolSizeToVRAM:0]]
[2021.11.05-10.55.34:026][  0]LogConfig: Setting CVar [[r.Streaming.PoolSize:1000]]
[2021.11.05-10.55.34:027][  0]LogConfig: Setting CVar [[r.Streaming.MaxEffectiveScreenSize:0]]
[2021.11.05-10.55.34:027][  0]LogConfig: Applying CVar settings from Section [EffectsQuality@3] File [D:/ue4Project/Netshoot/Netshoot/Saved/Config/Windows/Scalability.ini]
[2021.11.05-10.55.34:027][  0]LogConfig: Setting CVar [[r.TranslucencyLightingVolumeDim:64]]
[2021.11.05-10.55.34:027][  0]LogConfig: Setting CVar [[r.RefractionQuality:2]]
[2021.11.05-10.55.34:028][  0]LogConfig: Setting CVar [[r.SSR.Quality:3]]
[2021.11.05-10.55.34:028][  0]LogConfig: Setting CVar [[r.SSR.HalfResSceneColor:0]]
[2021.11.05-10.55.34:028][  0]LogConfig: Setting CVar [[r.SceneColorFormat:4]]
[2021.11.05-10.55.34:029][  0]LogConfig: Setting CVar [[r.DetailMode:2]]
[2021.11.05-10.55.34:029][  0]LogConfig: Setting CVar [[r.TranslucencyVolumeBlur:1]]
[2021.11.05-10.55.34:029][  0]LogConfig: Setting CVar [[r.MaterialQualityLevel:1 ; High quality]]
[2021.11.05-10.55.34:029][  0]LogConfig: Setting CVar [[r.AnisotropicMaterials:1]]
[2021.11.05-10.55.34:030][  0]LogConfig: Setting CVar [[r.SSS.Scale:1]]
[2021.11.05-10.55.34:030][  0]LogConfig: Setting CVar [[r.SSS.SampleSet:2]]
[2021.11.05-10.55.34:030][  0]LogConfig: Setting CVar [[r.SSS.Quality:1]]
[2021.11.05-10.55.34:030][  0]LogConfig: Setting CVar [[r.SSS.HalfRes:0]]
[2021.11.05-10.55.34:031][  0]LogConfig: Setting CVar [[r.SSGI.Quality:3]]
[2021.11.05-10.55.34:031][  0]LogConfig: Setting CVar [[r.EmitterSpawnRateScale:1.0]]
[2021.11.05-10.55.34:031][  0]LogConfig: Setting CVar [[r.ParticleLightQuality:2]]
[2021.11.05-10.55.34:031][  0]LogConfig: Setting CVar [[r.SkyAtmosphere.AerialPerspectiveLUT.FastApplyOnOpaque:1 ; Always have FastSkyLUT 1 in this case to avoid wrong sky]]
[2021.11.05-10.55.34:032][  0]LogConfig: Setting CVar [[r.SkyAtmosphere.AerialPerspectiveLUT.SampleCountMaxPerSlice:4]]
[2021.11.05-10.55.34:032][  0]LogConfig: Setting CVar [[r.SkyAtmosphere.AerialPerspectiveLUT.DepthResolution:16.0]]
[2021.11.05-10.55.34:032][  0]LogConfig: Setting CVar [[r.SkyAtmosphere.FastSkyLUT:1]]
[2021.11.05-10.55.34:032][  0]LogConfig: Setting CVar [[r.SkyAtmosphere.FastSkyLUT.SampleCountMin:4.0]]
[2021.11.05-10.55.34:033][  0]LogConfig: Setting CVar [[r.SkyAtmosphere.FastSkyLUT.SampleCountMax:128.0]]
[2021.11.05-10.55.34:033][  0]LogConfig: Setting CVar [[r.SkyAtmosphere.SampleCountMin:4.0]]
[2021.11.05-10.55.34:033][  0]LogConfig: Setting CVar [[r.SkyAtmosphere.SampleCountMax:128.0]]
[2021.11.05-10.55.34:033][  0]LogConfig: Setting CVar [[r.SkyAtmosphere.TransmittanceLUT.UseSmallFormat:0]]
[2021.11.05-10.55.34:034][  0]LogConfig: Setting CVar [[r.SkyAtmosphere.TransmittanceLUT.SampleCount:10.0]]
[2021.11.05-10.55.34:034][  0]LogConfig: Setting CVar [[r.SkyAtmosphere.MultiScatteringLUT.SampleCount:15.0]]
[2021.11.05-10.55.34:034][  0]LogConfig: Setting CVar [[r.SkyLight.RealTimeReflectionCapture:1]]
[2021.11.05-10.55.34:035][  0]LogConfig: Applying CVar settings from Section [FoliageQuality@3] File [D:/ue4Project/Netshoot/Netshoot/Saved/Config/Windows/Scalability.ini]
[2021.11.05-10.55.34:037][  0]LogConfig: Setting CVar [[foliage.DensityScale:1.0]]
[2021.11.05-10.55.34:037][  0]LogConfig: Setting CVar [[grass.DensityScale:1.0]]
[2021.11.05-10.55.34:037][  0]LogConfig: Applying CVar settings from Section [ShadingQuality@3] File [D:/ue4Project/Netshoot/Netshoot/Saved/Config/Windows/Scalability.ini]
[2021.11.05-10.55.34:037][  0]LogConfig: Setting CVar [[r.HairStrands.SkyLighting.IntegrationType:2]]
[2021.11.05-10.55.34:038][  0]LogConfig: Setting CVar [[r.HairStrands.SkyAO.SampleCount:4]]
[2021.11.05-10.55.34:038][  0]LogConfig: Setting CVar [[r.HairStrands.Visibility.MSAA.SamplePerPixel:4]]
[2021.11.05-10.55.34:038][  0]LogConfig: Applying CVar settings from Section [Startup] File [../../../Engine/Config/ConsoleVariables.ini]
[2021.11.05-10.55.34:039][  0]LogConfig: Setting CVar [[net.UseAdaptiveNetUpdateFrequency:0]]
[2021.11.05-10.55.34:039][  0]LogConfig: Setting CVar [[p.chaos.AllowCreatePhysxBodies:1]]
[2021.11.05-10.55.34:039][  0]LogConfig: Setting CVar [[fx.SkipVectorVMBackendOptimizations:1]]
[2021.11.05-10.55.34:039][  0]LogConfig: Applying CVar settings from Section [ConsoleVariables] File [D:/ue4Project/Netshoot/Netshoot/Saved/Config/Windows/Engine.ini]
[2021.11.05-10.55.34:040][  0]LogConfig: Applying CVar settings from Section [ConsoleVariables] File [D:/ue4Project/Netshoot/Netshoot/Saved/Config/Windows/Editor.ini]
[2021.11.05-10.55.34:040][  0]LogInit: Computer: DESKTOP-GH4GCSH
[2021.11.05-10.55.34:040][  0]LogInit: User: yanning
[2021.11.05-10.55.34:040][  0]LogInit: CPU Page size=4096, Cores=6
[2021.11.05-10.55.34:041][  0]LogInit: High frequency timer resolution =10.000000 MHz
[2021.11.05-10.55.34:041][  0]LogMemory: Memory total: Physical=15.9GB (16GB approx)
[2021.11.05-10.55.34:041][  0]LogMemory: Platform Memory Stats for Windows
[2021.11.05-10.55.34:041][  0]LogMemory: Process Physical Memory: 134.67 MB used, 134.67 MB peak
[2021.11.05-10.55.34:042][  0]LogMemory: Process Virtual Memory: 112.94 MB used, 112.94 MB peak
[2021.11.05-10.55.34:042][  0]LogMemory: Physical Memory: 4666.70 MB used,  11650.80 MB free, 16317.51 MB total
[2021.11.05-10.55.34:042][  0]LogMemory: Virtual Memory: 134195584.00 MB used,  22146.45 MB free, 134217728.00 MB total
[2021.11.05-10.55.34:047][  0]LogWindows: WindowsPlatformFeatures disabled or dedicated server build
[2021.11.05-10.55.34:078][  0]LogInit: Physics initialised using underlying interface: PhysX
[2021.11.05-10.55.34:078][  0]LogInit: Using OS detected language (zh-CN).
[2021.11.05-10.55.34:079][  0]LogInit: Using OS detected locale (zh-CN).
[2021.11.05-10.55.34:080][  0]LogTextLocalizationManager: No specific localization for 'zh-CN' exists, so the 'zh-Hans' localization will be used.
[2021.11.05-10.55.34:200][  0]LogTextLocalizationResource: LocRes '../../../Engine/Content/Localization/Editor/zh/Editor.locres' could not be opened for reading!
[2021.11.05-10.55.34:200][  0]LogTextLocalizationResource: LocRes '../../../Engine/Content/Localization/EditorTutorials/zh/EditorTutorials.locres' could not be opened for reading!
[2021.11.05-10.55.34:201][  0]LogTextLocalizationResource: LocRes '../../../Engine/Content/Localization/Keywords/zh/Keywords.locres' could not be opened for reading!
[2021.11.05-10.55.34:201][  0]LogTextLocalizationResource: LocRes '../../../Engine/Content/Localization/Category/zh/Category.locres' could not be opened for reading!
[2021.11.05-10.55.34:201][  0]LogTextLocalizationResource: LocRes '../../../Engine/Content/Localization/ToolTips/zh/ToolTips.locres' could not be opened for reading!
[2021.11.05-10.55.34:202][  0]LogTextLocalizationResource: LocRes '../../../Engine/Content/Localization/PropertyNames/zh/PropertyNames.locres' could not be opened for reading!
[2021.11.05-10.55.34:202][  0]LogTextLocalizationResource: LocRes '../../../Engine/Content/Localization/Engine/zh/Engine.locres' could not be opened for reading!
[2021.11.05-10.55.34:202][  0]LogTextLocalizationResource: LocRes '../../../Engine/Plugins/Online/OnlineSubsystem/Content/Localization/OnlineSubsystem/zh/OnlineSubsystem.locres' could not be opened for reading!
[2021.11.05-10.55.34:202][  0]LogTextLocalizationResource: LocRes '../../../Engine/Plugins/Online/OnlineSubsystemUtils/Content/Localization/OnlineSubsystemUtils/zh/OnlineSubsystemUtils.locres' could not be opened for reading!
[2021.11.05-10.55.34:203][  0]LogTextLocalizationResource: LocRes '../../../Engine/Plugins/Online/Android/OnlineSubsystemGooglePlay/Content/Localization/OnlineSubsystemGooglePlay/zh/OnlineSubsystemGooglePlay.locres' could not be opened for reading!
[2021.11.05-10.55.34:203][  0]LogTextLocalizationResource: LocRes '../../../Engine/Plugins/Online/IOS/OnlineSubsystemIOS/Content/Localization/OnlineSubsystemIOS/zh/OnlineSubsystemIOS.locres' could not be opened for reading!
[2021.11.05-10.55.34:450][  0]LogTargetPlatformManager: Display: Loaded TargetPlatform 'AllDesktop'
[2021.11.05-10.55.34:471][  0]LogTargetPlatformManager: Display: Loaded TargetPlatform 'Android'
[2021.11.05-10.55.34:471][  0]LogTargetPlatformManager: Display: Loaded TargetPlatform 'Android_ASTC'
[2021.11.05-10.55.34:471][  0]LogTargetPlatformManager: Display: Loaded TargetPlatform 'Android_DXT'
[2021.11.05-10.55.34:471][  0]LogTargetPlatformManager: Display: Loaded TargetPlatform 'Android_ETC2'
[2021.11.05-10.55.34:472][  0]LogTargetPlatformManager: Display: Loaded TargetPlatform 'AndroidClient'
[2021.11.05-10.55.34:472][  0]LogTargetPlatformManager: Display: Loaded TargetPlatform 'Android_ASTCClient'
[2021.11.05-10.55.34:472][  0]LogTargetPlatformManager: Display: Loaded TargetPlatform 'Android_DXTClient'
[2021.11.05-10.55.34:472][  0]LogTargetPlatformManager: Display: Loaded TargetPlatform 'Android_ETC2Client'
[2021.11.05-10.55.34:473][  0]LogTargetPlatformManager: Display: Loaded TargetPlatform 'Android_Multi'
[2021.11.05-10.55.34:473][  0]LogTargetPlatformManager: Display: Loaded TargetPlatform 'Android_MultiClient'
[2021.11.05-10.55.34:488][  0]LogTargetPlatformManager: Display: Loaded TargetPlatform 'IOSClient'
[2021.11.05-10.55.34:488][  0]LogTargetPlatformManager: Display: Loaded TargetPlatform 'IOS'
[2021.11.05-10.55.34:512][  0]LogTargetPlatformManager: Display: Loaded TargetPlatform 'Lumin'
[2021.11.05-10.55.34:513][  0]LogTargetPlatformManager: Display: Loaded TargetPlatform 'LuminClient'
[2021.11.05-10.55.34:522][  0]LogTargetPlatformManager: Display: Loaded TargetPlatform 'MacNoEditor'
[2021.11.05-10.55.34:527][  0]LogTargetPlatformManager: Display: Loaded TargetPlatform 'Mac'
[2021.11.05-10.55.34:532][  0]LogTargetPlatformManager: Display: Loaded TargetPlatform 'MacClient'
[2021.11.05-10.55.34:537][  0]LogTargetPlatformManager: Display: Loaded TargetPlatform 'MacServer'
[2021.11.05-10.55.34:548][  0]LogTargetPlatformManager: Display: Loaded TargetPlatform 'TVOSClient'
[2021.11.05-10.55.34:549][  0]LogTargetPlatformManager: Display: Loaded TargetPlatform 'TVOS'
[2021.11.05-10.55.34:556][  0]LogTargetPlatformManager: Display: Loaded TargetPlatform 'WindowsNoEditor'
[2021.11.05-10.55.34:560][  0]LogTargetPlatformManager: Display: Loaded TargetPlatform 'Windows'
[2021.11.05-10.55.34:562][  0]LogTargetPlatformManager: Display: Loaded TargetPlatform 'WindowsClient'
[2021.11.05-10.55.34:565][  0]LogTargetPlatformManager: Display: Loaded TargetPlatform 'WindowsServer'
[2021.11.05-10.55.34:565][  0]LogTargetPlatformManager: Display: Building Assets For Windows
[2021.11.05-10.55.34:567][  0]LogAudioDebug: Display: Lib vorbis DLL was dynamically loaded.
[2021.11.05-10.55.34:576][  0]LogTextureFormatOodle: Display: Oodle Texture 2.9.0 init RDO Off
[2021.11.05-10.55.34:588][  0]LogRendererCore: Ray tracing is disabled. Reason: r.RayTracing=0.
[2021.11.05-10.55.34:588][  0]LogShaderCompilers: Guid format shader working directory is 4 characters bigger than the processId version (../../../../../ue4Project/Netshoot/Netshoot/Intermediate/Shaders/WorkingDirectory/10256/).
[2021.11.05-10.55.34:589][  0]LogShaderCompilers: Cleaned the shader compiler working directory 'C:/Users/yanning/AppData/Local/Temp/UnrealShaderWorkingDir/63D927D94AA9344969E856B2B81BC896/'.
[2021.11.05-10.55.34:589][  0]LogXGEController: Cannot use XGE Controller as Incredibuild is not installed on this machine.
[2021.11.05-10.55.34:589][  0]LogShaderCompilers: Cannot use XGE Shader Compiler as Incredibuild is not installed on this machine.
[2021.11.05-10.55.34:590][  0]LogShaderCompilers: Display: Using Local Shader Compiler.
[2021.11.05-10.55.35:103][  0]LogDerivedDataCache: Display: Max Cache Size: 512 MB
[2021.11.05-10.55.35:162][  0]LogDerivedDataCache: Loaded boot cache 0.06s 79MB ../../../../../ue4Project/Netshoot/Netshoot/DerivedDataCache/Boot.ddc.
[2021.11.05-10.55.35:162][  0]LogDerivedDataCache: Display: Loaded Boot cache: ../../../../../ue4Project/Netshoot/Netshoot/DerivedDataCache/Boot.ddc
[2021.11.05-10.55.35:163][  0]LogDerivedDataCache: FDerivedDataBackendGraph:  Pak pak cache file ../../../../../ue4Project/Netshoot/Netshoot/DerivedDataCache/DDC.ddp not found, will not use a pak cache.
[2021.11.05-10.55.35:163][  0]LogDerivedDataCache: Unable to find inner node Pak for hierarchical cache Hierarchy.
[2021.11.05-10.55.35:164][  0]LogDerivedDataCache: FDerivedDataBackendGraph:  EnginePak pak cache file ../../../Engine/DerivedDataCache/DDC.ddp not found, will not use a pak cache.
[2021.11.05-10.55.35:164][  0]LogDerivedDataCache: Unable to find inner node EnginePak for hierarchical cache Hierarchy.
[2021.11.05-10.55.35:169][  0]LogDerivedDataCache: Speed tests for ../../../Engine/DerivedDataCache took 0.00 seconds
[2021.11.05-10.55.35:169][  0]LogDerivedDataCache: Display: Performance to ../../../Engine/DerivedDataCache: Latency=0.01ms. RandomReadSpeed=1233.17MBs, RandomWriteSpeed=274.30MBs. Assigned SpeedClass 'Local'
[2021.11.05-10.55.35:170][  0]LogDerivedDataCache: Using Local data cache path ../../../Engine/DerivedDataCache: Writable
[2021.11.05-10.55.35:170][  0]LogDerivedDataCache: Shared data cache path not found in *engine.ini, will not use an Shared cache.
[2021.11.05-10.55.35:170][  0]LogDerivedDataCache: Unable to find inner node Shared for hierarchical cache Hierarchy.
[2021.11.05-10.55.35:171][  0]LogInit: Using OS detected language (zh-CN).
[2021.11.05-10.55.35:171][  0]LogInit: Using OS detected locale (zh-CN).
[2021.11.05-10.55.35:172][  0]LogTextLocalizationManager: No localization for 'zh-CN' exists, so 'en' will be used for the language.
[2021.11.05-10.55.35:172][  0]LogTextLocalizationManager: No localization for 'zh-CN' exists, so 'en' will be used for the locale.
[2021.11.05-10.55.35:175][  0]LogAssetRegistry: FAssetRegistry took 0.0018 seconds to start up
[2021.11.05-10.55.35:345][  0]LogTextLocalizationManager: Compacting localization data took   0.00ms
[2021.11.05-10.55.35:345][  0]LogPackageLocalizationCache: Processed 27 localized package path(s) for 1 prioritized culture(s) in 0.012943 seconds
[2021.11.05-10.55.35:412][  0]LogInit: Selected Device Profile: [Windows]
[2021.11.05-10.55.35:412][  0]LogInit: Active device profile: [00000256FD8DB900][00000256F8C8A640 49] Windows
[2021.11.05-10.55.35:413][  0]LogInit: Profiles: [00000256FD8DB900][00000256F8C8A640 49] Windows, [00000256FD890800][00000256F8C98900 49] WindowsNoEditor, [00000256FD8D8800][00000256F8C8EB80 49] WindowsServer, [00000256FD890D00][00000256F8C9CE00 49] WindowsClient, [00000256FD8D8C00][00000256F8CA50C0 49] IOS, [00000256FD893200][00000256F8CA9380 49] iPadAir, [00000256FD8DAD00][00000256FCAF7640 49] iPadAir2, [00000256FD846A00][00000256FCB11B80 49] IPadPro, [00000256FD846B00][00000256FCAFBBC0 49] iPadAir3, [00000256FD8DAA00][00000256FCB08300 49] iPadAir4, [00000256FD847800][00000256FCB045C0 49] iPadMini2, [00000256FD8DB000][00000256FCB0C880 49] iPadMini3, [00000256FD847B00][00000256FCB1AB40 49] iPadMini4, [00000256FD8DB400][00000256F8CA0DC0 49] iPadMini5, [00000256FD866300][00000256FCB332C0 49] iPhone6, [00000256FD866400][00000256FCB1F300 49] iPodTouch6, [00000256FD847500][00000256FCB3B840 49] iPhone7, [00000256FD847000][00000256FCB2B880 49] iPodTouch7, [00000256FD867000][00000256FCB2FB40 49] iPhone5S, [00000256FD846200][00000256FCB26280 49] iPhone6Plus, [00000256FD867300][00000256FCB36540 49] iPhone6S, [00000256FD845200][00000256FCB3E800 49] iPhone6SPlus, [00000256FD867700][00000256FCB42AC0 49] iPhone7Plus, [00000256FD846400][00000256FCB46D80 49] iPhoneSE, [00000256FD865100][00000256FCB23000 49] iPhone8, [00000256FD846E00][00000256FCB4F2C0 49] iPhone8Plus, [00000256FD865300][00000256FCB53580 49] iPhoneX, [00000256FD844400][00000256FCB57840 49] iPhoneXS, [00000256FD867500][00000256FCB5BB00 49] iPhoneXSMax, [00000256FD847200][00000256FC452240 49] iPhoneXR, [00000256FD864300][00000256FC456500 49] iPhone11, [00000256FD844100][00000256FC45A7C0 49] iPhone11Pro, [00000256FD865E00][00000256FC45EA80 49] iPhone11ProMax, [00000256FD846900][00000256FC462D40 49] iPhoneSE2, [00000256FD865800][00000256FCB4AFC0 49] iPhone12Mini, [00000256FD845800][00000256FC467240 49] iPhone12, [00000256FD865B00][00000256FC46F500 49] iPhone12Pro, [00000256FD846100][00000256FC4737C0 49] iPhone12ProMax, [00000256FD866A00][00000256FC477A80 49] iPadPro105, [00000256FD844500][00000256FC47A1C0 49] iPadPro129, [00000256FD866200][00000256FC47E480 49] iPadPro97, [00000256FD847600][00000256FC482740 49] iPadPro2_129, [00000256FD865C00][00000256FC486A00 49] iPad5, [00000256FD846000][00000256FC48ACC0 49] iPad6, [00000256FD867200][00000256FC48EF80 49] iPad7, [00000256FD844E00][00000256FC46B200 49] iPad8, [00000256FD864D00][00000256FC493480 49] iPadPro11, [00000256FD847400][00000256FC49B740 49] iPadPro2_11, [00000256FD864600][00000256FC49FA00 49] iPadPro3_129, [00000256FD847900][00000256FC4A2140 49] iPadPro4_129, [00000256FD864900][00000256FC4A6400 49] AppleTV, [00000256FD845400][00000256FC4AA6C0 49] AppleTV4K, [00000256FD864100][00000256FC4AE980 49] TVOS, [00000256FD847F00][00000256FC4B2C40 49] Mac, [00000256FD893000][00000256FC4B6F00 49] MacClient, [00000256FD909900][00000256FC4BB1C0 49] MacNoEditor, [00000256FD891E00][00000256FC497440 49] MacServer, [00000256FD908F00][00000256FC4BF6C0 49] Linux, [00000256FD890E00][00000256FC4C7980 49] LinuxAArch64, [00000256FD909C00][00000256FC4CA0C0 49] LinuxNoEditor, [00000256FD891B00][00000256FC4CE380 49] LinuxAArch64NoEditor, [00000256FD908B00][00000256FC4D2640 49] LinuxClient, [00000256FD890F00][00000256FC4D6900 49] LinuxAArch64Client, [00000256FD90A800][00000256FC4DABC0 49] LinuxServer, [00000256FD892C00][00000256FC4DEE80 49] LinuxAArch64Server, [00000256FD909100][00000256FC4E3140 49] Android, [00000256FD893B00][00000256FC4E7400 49] Android_Low, [00000256FD909E00][00000256FC4C3680 49] Android_Mid, [00000256FD892200][00000256FC4EB900 49] Android_High, [00000256FD90A400][00000256FC4F3BC0 49] Android_Default, [00000256FD892000][00000256FC4F6300 49] Android_Adreno4xx, [00000256FD909000][00000256FC4FA5C0 49] Android_Adreno5xx_Low, [00000256FD893900][00000256FC4FE880 49] Android_Adreno5xx, [00000256FD909B00][00000256FC502B40 49] Android_Adreno6xx, [00000256FD892300][00000256FC506E00 49] Android_Adreno6xx_Vulkan, [00000256FD846D00][00000256FC50B0C0 49] Android_Mali_T6xx, [00000256FD891900][00000256FC50F380 49] Android_Mali_T7xx, [00000256FD846600][00000256FC513640 49] Android_Mali_T8xx, [00000256FD892400][00000256FC4EF8C0 49] Android_Mali_G71, [00000256FD846300][00000256FC517B40 49] Android_Mali_G72, [00000256FD891F00][00000256FC51E280 49] Android_Mali_G72_Vulkan, [00000256FD846500][00000256FC522540 49] Android_Mali_G76, [00000256FD891500][00000256FC526800 49] Android_Mali_G76_Vulkan, [00000256FD845A00][00000256FC52AAC0 49] Android_Mali_G77, [00000256FD892A00][00000256FC52ED80 49] Android_Mali_G77_Vulkan, [00000256FD845F00][00000256FC533040 49] Android_Mali_G78, [00000256FD893400][00000256FC537300 49] Android_Mali_G78_Vulkan, [00000256FD845E00][00000256FC53B5C0 49] Android_Mali_G710, [00000256FD891A00][00000256FC53F880 49] Android_Mali_G710_Vulkan, [00000256FD844300][00000256FC51BB00 49] Android_Vulkan_SM5, [00000256FD893500][00000256FC542200 49] Android_PowerVR_G6xxx, [00000256FD846C00][00000256FC54A4C0 49] Android_PowerVR_GT7xxx, [00000256FD893E00][00000256FC54E780 49] Android_PowerVR_GE8xxx, [00000256FD844600][00000256FC552A40 49] Android_PowerVR_GM9xxx, [00000256FD890B00][00000256FC556D00 49] Android_PowerVR_GM9xxx_Vulkan, [00000256FD845100][00000256FC55AFC0 49] Android_TegraK1, [00000256FD891D00][00000256FC55F280 49] Android_Unknown_Vulkan, [00000256FD844B00][00000256FC563540 49] Lumin, [00000256FD892F00][00000256FC567800 49] Lumin_Desktop, [00000256FD845600][00000256FC56BAC0 49] HoloLens, 
[2021.11.05-10.55.35:429][  0]LogMeshReduction: Using QuadricMeshReduction for automatic static mesh reduction
[2021.11.05-10.55.35:429][  0]LogMeshReduction: Using SimplygonMeshReduction for automatic skeletal mesh reduction
[2021.11.05-10.55.35:429][  0]LogMeshReduction: Using ProxyLODMeshReduction for automatic mesh merging
[2021.11.05-10.55.35:430][  0]LogMeshReduction: No distributed automatic mesh merging module available
[2021.11.05-10.55.35:430][  0]LogMeshMerging: No distributed automatic mesh merging module available
[2021.11.05-10.55.35:439][  0]LogNetVersion: Netshoot 1.0.0, NetCL: 0, EngineNetVer: 17, GameNetVer: 0 (Checksum: 2292170303)
[2021.11.05-10.55.35:539][  0]LogTexture: Default maximum texture size for cubemaps generated from long-lat sources has been changed from 512 to unlimited. In order to preserve old behaiour for '/Engine/MapTemplates/Sky/DaylightAmbientCubemap.DaylightAmbientCubemap', its maximum texture size has been explicitly set to 512.
[2021.11.05-10.55.35:553][  0]LogHMD: PokeAHoleMaterial loaded successfully
[2021.11.05-10.55.35:598][  0]LogPython: Using Python 3.7.7
[2021.11.05-10.55.36:013][  0]LogNiagaraDebuggerClient: Niagara Debugger Client Initialized | Session: 069FB8814749A89FBA7AE4B7080794AC | Instance: 8EF1783D4A2E3468B0BB978FAB3B24E0 (DESKTOP-GH4GCSH-10256).
[2021.11.05-10.55.36:024][  0]LogCollectionManager: Loaded 0 collections in 0.000727 seconds
[2021.11.05-10.55.36:026][  0]LogFileCache: Scanning file cache for directory 'D:/ue4Project/Netshoot/Netshoot/Saved/Collections/' took 0.00s
[2021.11.05-10.55.36:026][  0]LogFileCache: Scanning file cache for directory 'D:/ue4Project/Netshoot/Netshoot/Content/Developers/yanning/Collections/' took 0.00s
[2021.11.05-10.55.36:026][  0]LogFileCache: Scanning file cache for directory 'D:/ue4Project/Netshoot/Netshoot/Content/Collections/' took 0.00s
[2021.11.05-10.55.36:026][  0]LogCollectionManager: Fixed up redirectors for 0 collections in 0.000003 seconds (updated 0 objects)
[2021.11.05-10.55.36:130][  0]SourceControl: Source control is disabled
[2021.11.05-10.55.36:131][  0]SourceControl: Source control is disabled
[2021.11.05-10.55.36:133][  0]SourceControl: Source control is disabled
[2021.11.05-10.55.36:135][  0]LogUProjectInfo: Found projects:
[2021.11.05-10.55.36:171][  0]LogOpenImageDenoise: OIDN starting up
[2021.11.05-10.55.36:185][  0]LogAndroidPermission: UAndroidPermissionCallbackProxy::GetInstance
[2021.11.05-10.55.36:192][  0]LogAudioCaptureCore: Display: No Audio Capture implementations found. Audio input will be silent.
[2021.11.05-10.55.36:193][  0]LogAudioCaptureCore: Display: No Audio Capture implementations found. Audio input will be silent.
[2021.11.05-10.55.36:235][  0]LogOcInput: OculusInput pre-init called
[2021.11.05-10.55.36:244][  0]LogUObjectArray: 21903 objects as part of root set at end of initial load.
[2021.11.05-10.55.36:244][  0]LogUObjectAllocator: 5897856 out of 0 bytes used by permanent object pool.
[2021.11.05-10.55.36:245][  0]LogUObjectArray: CloseDisregardForGC: 0/0 objects in disregard for GC pool
[2021.11.05-10.55.36:278][  0]LogEngine: Initializing Engine...
[2021.11.05-10.55.36:279][  0]LogStats: UGameplayTagsManager::InitializeManager -  0.000 s
[2021.11.05-10.55.36:295][  0]LogInit: Initializing FReadOnlyCVARCache
[2021.11.05-10.55.36:296][  0]LogNetVersion: Set ProjectVersion to 1.0.0.0. Version Checksum will be recalculated on next use.
[2021.11.05-10.55.36:545][  0]LogDerivedDataCache: Saved boot cache 0.24s 79MB ../../../../../ue4Project/Netshoot/Netshoot/DerivedDataCache/Boot.ddc.
[2021.11.05-10.55.36:546][  0]LogInit: Texture streaming: Disabled
[2021.11.05-10.55.36:690][  0]LogInit: Display: Game Engine Initialized.
[2021.11.05-10.55.36:691][  0]LogNiagaraEditor: GEditor isn't valid! Particle reset commands will not work for Niagara components!
[2021.11.05-10.55.36:718][  0]LogInit: Display: Starting Game.
[2021.11.05-10.55.36:777][  0]LogPackageName: SearchForPackageOnDisk took   0.059s to resolve Level_01.umap.
[2021.11.05-10.55.36:777][  0]LogNet: Browse: /Game/Maps/Level_01?Name=Player
[2021.11.05-10.55.36:778][  0]LogLoad: LoadMap: /Game/Maps/Level_01?Name=Player
[2021.11.05-10.55.36:779][  0]LogWorld: BeginTearingDown for /Temp/Untitled_0
[2021.11.05-10.55.36:782][  0]LogWorld: UWorld::CleanupWorld for Untitled, bSessionEnded=true, bCleanupResources=true
[2021.11.05-10.55.36:793][  0]LogUObjectHash: Compacting FUObjectHashTables data took   0.80ms
[2021.11.05-10.55.37:038][  0]LogAIModule: Creating AISystem for world Level_01
[2021.11.05-10.55.37:038][  0]LogLoad: Game class is 'MyGameMode_C'
[2021.11.05-10.55.37:040][  0]LogNet: ReplicationDriverClass is null! Not using ReplicationDriver.
[2021.11.05-10.55.37:040][  0]LogNetCore: DDoS detection status: detection enabled: 0 analytics enabled: 0
[2021.11.05-10.55.37:040][  0]LogInit: WinSock: Socket queue. Rx: 131072 (config 131072) Tx: 131072 (config 131072)
[2021.11.05-10.55.37:040][  0]LogNet: Created socket for bind address: 0.0.0.0 on port 7777
[2021.11.05-10.55.37:041][  0]PacketHandlerLog: Loaded PacketHandler component: Engine.EngineHandlerComponentFactory (StatelessConnectHandlerComponent)
[2021.11.05-10.55.37:041][  0]LogNet: GameNetDriver IpNetDriver_0 IpNetDriver listening on port 7777
[2021.11.05-10.55.37:045][  0]LogWorld: Bringing World /Game/Maps/Level_01.Level_01 up for play (max tick rate 30) at 2021.11.05-18.55.37
[2021.11.05-10.55.37:046][  0]LogWorld: Bringing up level for play took: 0.003139
[2021.11.05-10.55.37:046][  0]LogGameMode: Display: Match State Changed from EnteringMap to WaitingToStart
[2021.11.05-10.55.37:047][  0]LogGameState: Match State Changed from EnteringMap to WaitingToStart
[2021.11.05-10.55.37:047][  0]LogLoad: Took 0.268908 seconds to LoadMap(/Game/Maps/Level_01)
[2021.11.05-10.55.37:052][  0]LogInit: Display: Engine is initialized. Leaving FEngineLoop::Init()
[2021.11.05-10.55.37:052][  0]LogLoad: (Engine Initialization) Total time: 4.26 seconds
[2021.11.05-10.55.37:053][  0]LogLoad: (Engine Initialization) Total Blueprint compile time: 0.00 seconds
[2021.11.05-10.55.37:221][  4]LogNet: NotifyAcceptingConnection accepted from: 127.0.0.1:60875
[2021.11.05-10.55.37:221][  4]LogHandshake: SendConnectChallenge. Timestamp: 0.167544, Cookie: 192037148246078042019186196163016128189191007062060000068074
[2021.11.05-10.55.37:255][  5]LogNet: NotifyAcceptingConnection accepted from: 127.0.0.1:60875
[2021.11.05-10.55.37:255][  5]LogHandshake: SendChallengeAck. InCookie: 192037148246078042019186196163016128189191007062060000068074
[2021.11.05-10.55.37:257][  5]LogNet: Server accepting post-challenge connection from: 127.0.0.1:60875
[2021.11.05-10.55.37:259][  5]PacketHandlerLog: Loaded PacketHandler component: Engine.EngineHandlerComponentFactory (StatelessConnectHandlerComponent)
[2021.11.05-10.55.37:259][  5]LogNet: NotifyAcceptedConnection: Name: Level_01, TimeStamp: 11/05/21 18:55:37, [UNetConnection] RemoteAddr: 127.0.0.1:60875, Name: IpConnection_0, Driver: GameNetDriver IpNetDriver_0, IsServer: YES, PC: NULL, Owner: NULL, UniqueId: INVALID
[2021.11.05-10.55.37:260][  5]LogNet: AddClientConnection: Added client connection: [UNetConnection] RemoteAddr: 127.0.0.1:60875, Name: IpConnection_0, Driver: GameNetDriver IpNetDriver_0, IsServer: YES, PC: NULL, Owner: NULL, UniqueId: INVALID
[2021.11.05-10.55.37:261][  5]LogNet: NotifyAcceptingChannel Control 0 server World /Game/Maps/Level_01.Level_01: Accepted
[2021.11.05-10.55.37:262][  5]LogNet: Remote platform little endian=1
[2021.11.05-10.55.37:262][  5]LogNet: This platform little endian=1
[2021.11.05-10.55.37:263][  5]LogNetVersion: Netshoot 1.0.0.0, NetCL: 0, EngineNetVer: 17, GameNetVer: 0 (Checksum: 3847081628)
[2021.11.05-10.55.37:288][  6]LogNet: Login request: ?Name=DESKTOP-GH4GCSH-E0BD4A784E69D9354C6DE8A98AC45E9B userId: NULL:DESKTOP-GH4GCSH-E0BD4A784E69D9354C6DE8A98AC45E9B platform: NULL
[2021.11.05-10.55.37:586][ 15]LogNet: Client netspeed is 100000
[2021.11.05-10.55.37:586][ 15]LogNet: Join request: /Engine/Maps/Entry?Name=DESKTOP-GH4GCSH-E0BD4A784E69D9354C6DE8A98AC45E9B?SplitscreenCount=1
[2021.11.05-10.55.37:587][ 15]LogScript: Warning: Script Msg: MyPlayerController_C_0 自定义事件_0 SetTimer passed a negative or zero time. The associated timer may fail to be created/fire! If using InitialStartDelayVariance, be sure it is smaller than (Time + InitialStartDelay).
[2021.11.05-10.55.37:588][ 15]LogOnlineSession: Warning: OSS: No game present to join for session (GameSession)
[2021.11.05-10.55.37:589][ 15]LogGameMode: Display: Match State Changed from WaitingToStart to InProgress
[2021.11.05-10.55.37:593][ 15]LogGameState: Match State Changed from WaitingToStart to InProgress
[2021.11.05-10.55.37:593][ 15]LogNet: Join succeeded: DESKTOP-GH4GCSH-E0BD
[2021.11.05-10.55.43:872][203]LogNet: NotifyAcceptingConnection accepted from: 127.0.0.1:49897
[2021.11.05-10.55.43:872][203]LogHandshake: SendConnectChallenge. Timestamp: 6.818868, Cookie: 160072112245124194113076029224015107167046221235251049008019
[2021.11.05-10.55.43:906][204]LogNet: NotifyAcceptingConnection accepted from: 127.0.0.1:49897
[2021.11.05-10.55.43:906][204]LogHandshake: SendChallengeAck. InCookie: 160072112245124194113076029224015107167046221235251049008019
[2021.11.05-10.55.43:907][204]LogNet: Server accepting post-challenge connection from: 127.0.0.1:49897
[2021.11.05-10.55.43:907][204]PacketHandlerLog: Loaded PacketHandler component: Engine.EngineHandlerComponentFactory (StatelessConnectHandlerComponent)
[2021.11.05-10.55.43:908][204]LogNet: NotifyAcceptedConnection: Name: Level_01, TimeStamp: 11/05/21 18:55:43, [UNetConnection] RemoteAddr: 127.0.0.1:49897, Name: IpConnection_1, Driver: GameNetDriver IpNetDriver_0, IsServer: YES, PC: NULL, Owner: NULL, UniqueId: INVALID
[2021.11.05-10.55.43:908][204]LogNet: AddClientConnection: Added client connection: [UNetConnection] RemoteAddr: 127.0.0.1:49897, Name: IpConnection_1, Driver: GameNetDriver IpNetDriver_0, IsServer: YES, PC: NULL, Owner: NULL, UniqueId: INVALID
[2021.11.05-10.55.43:909][204]LogNet: NotifyAcceptingChannel Control 0 server World /Game/Maps/Level_01.Level_01: Accepted
[2021.11.05-10.55.43:909][204]LogNet: Remote platform little endian=1
[2021.11.05-10.55.43:909][204]LogNet: This platform little endian=1
[2021.11.05-10.55.43:940][205]LogNet: Login request: ?Name=DESKTOP-GH4GCSH-7F4FF36E4A182C3E6186F3A54BDEF23D userId: NULL:DESKTOP-GH4GCSH-7F4FF36E4A182C3E6186F3A54BDEF23D platform: NULL
[2021.11.05-10.55.44:241][214]LogNet: Client netspeed is 100000
[2021.11.05-10.55.44:241][214]LogNet: Join request: /Engine/Maps/Entry?Name=DESKTOP-GH4GCSH-7F4FF36E4A182C3E6186F3A54BDEF23D?SplitscreenCount=1
[2021.11.05-10.55.44:246][214]LogScript: Warning: Script Msg: MyPlayerController_C_1 自定义事件_0 SetTimer passed a negative or zero time. The associated timer may fail to be created/fire! If using InitialStartDelayVariance, be sure it is smaller than (Time + InitialStartDelay).
[2021.11.05-10.55.44:247][214]LogOnlineSession: Warning: OSS: No game present to join for session (GameSession)
[2021.11.05-10.55.44:249][214]LogNet: Join succeeded: DESKTOP-GH4GCSH-7F4F
[2021.11.05-10.55.57:064][597]LogNet: UChannel::ReceivedSequencedBunch: Bunch.bClose == true. ChIndex == 0. Calling ConditionalCleanUp.
[2021.11.05-10.55.57:064][597]LogNet: UChannel::CleanUp: ChIndex == 0. Closing connection. [UChannel] ChIndex: 0, Closing: 0 [UNetConnection] RemoteAddr: 127.0.0.1:60875, Name: IpConnection_0, Driver: GameNetDriver IpNetDriver_0, IsServer: YES, PC: MyPlayerController_C_0, Owner: MyPlayerController_C_0, UniqueId: NULL:DESKTOP-GH4GCSH-E0BD4A784E69D9354C6DE8A98AC45E9B
[2021.11.05-10.55.57:065][597]LogNet: UNetConnection::Close: [UNetConnection] RemoteAddr: 127.0.0.1:60875, Name: IpConnection_0, Driver: GameNetDriver IpNetDriver_0, IsServer: YES, PC: MyPlayerController_C_0, Owner: MyPlayerController_C_0, UniqueId: NULL:DESKTOP-GH4GCSH-E0BD4A784E69D9354C6DE8A98AC45E9B, Channels: 13, Time: 2021.11.05-10.55.57
[2021.11.05-10.55.57:065][597]LogNet: UChannel::Close: Sending CloseBunch. ChIndex == 0. Name: [UChannel] ChIndex: 0, Closing: 0 [UNetConnection] RemoteAddr: 127.0.0.1:60875, Name: IpConnection_0, Driver: GameNetDriver IpNetDriver_0, IsServer: YES, PC: MyPlayerController_C_0, Owner: MyPlayerController_C_0, UniqueId: NULL:DESKTOP-GH4GCSH-E0BD4A784E69D9354C6DE8A98AC45E9B
[2021.11.05-10.55.57:066][597]LogOnlineSession: Warning: OSS: No game present to leave for session (GameSession)
[2021.11.05-10.55.59:895][682]LogNet: UChannel::ReceivedSequencedBunch: Bunch.bClose == true. ChIndex == 0. Calling ConditionalCleanUp.
[2021.11.05-10.55.59:895][682]LogNet: UChannel::CleanUp: ChIndex == 0. Closing connection. [UChannel] ChIndex: 0, Closing: 0 [UNetConnection] RemoteAddr: 127.0.0.1:49897, Name: IpConnection_1, Driver: GameNetDriver IpNetDriver_0, IsServer: YES, PC: MyPlayerController_C_1, Owner: MyPlayerController_C_1, UniqueId: NULL:DESKTOP-GH4GCSH-7F4FF36E4A182C3E6186F3A54BDEF23D
[2021.11.05-10.55.59:896][682]LogNet: UNetConnection::Close: [UNetConnection] RemoteAddr: 127.0.0.1:49897, Name: IpConnection_1, Driver: GameNetDriver IpNetDriver_0, IsServer: YES, PC: MyPlayerController_C_1, Owner: MyPlayerController_C_1, UniqueId: NULL:DESKTOP-GH4GCSH-7F4FF36E4A182C3E6186F3A54BDEF23D, Channels: 11, Time: 2021.11.05-10.55.59
[2021.11.05-10.55.59:896][682]LogNet: UChannel::Close: Sending CloseBunch. ChIndex == 0. Name: [UChannel] ChIndex: 0, Closing: 0 [UNetConnection] RemoteAddr: 127.0.0.1:49897, Name: IpConnection_1, Driver: GameNetDriver IpNetDriver_0, IsServer: YES, PC: MyPlayerController_C_1, Owner: MyPlayerController_C_1, UniqueId: NULL:DESKTOP-GH4GCSH-7F4FF36E4A182C3E6186F3A54BDEF23D
[2021.11.05-10.55.59:897][682]LogOnlineSession: Warning: OSS: No game present to leave for session (GameSession)
