Log file open, 11/05/21 18:56:07
LogWindows: Failed to load 'aqProf.dll' (GetLastError=126)
LogWindows: File 'aqProf.dll' does not exist
LogWindows: Failed to load 'VtuneApi.dll' (GetLastError=126)
LogWindows: File 'VtuneApi.dll' does not exist
LogWindows: Failed to load 'VtuneApi32e.dll' (GetLastError=126)
LogWindows: File 'VtuneApi32e.dll' does not exist
LogConsoleResponse: Display: Failed to find resolution value strings in scalability ini. Falling back to default.
LogConsoleResponse: Display: Failed to find resolution value strings in scalability ini. Falling back to default.
LogInit: Display: Running engine for game: Netshoot
LogPlatformFile: Not using cached read wrapper
LogTaskGraph: Started task graph with 5 named threads and 17 total threads with 3 sets of task threads.
LogStats: Stats thread started at 0.136708
LogICUInternationalization: ICU TimeZone Detection - Raw Offset: +8:00, Platform Override: ''
LogInit: Display: Loading text-based GConfig....
LogPluginManager: Mounting plugin MeshPainting
LogPluginManager: Mounting plugin XGEController
LogPluginManager: Mounting plugin Paper2D
LogPluginManager: Mounting plugin AISupport
LogPluginManager: Mounting plugin EnvironmentQueryEditor
LogPluginManager: Mounting plugin LiveLink
LogPluginManager: Mounting plugin LightPropagationVolume
LogPluginManager: Mounting plugin CameraShakePreviewer
LogPluginManager: Mounting plugin GameplayCameras
LogPluginManager: Mounting plugin OodleData
LogPluginManager: Mounting plugin OodleNetwork
LogPluginManager: Mounting plugin AnimationSharing
LogPluginManager: Mounting plugin CLionSourceCodeAccess
LogPluginManager: Mounting plugin CodeLiteSourceCodeAccess
LogPluginManager: Mounting plugin GitSourceControl
LogPluginManager: Mounting plugin KDevelopSourceCodeAccess
LogPluginManager: Mounting plugin NullSourceCodeAccess
LogPluginManager: Mounting plugin PerforceSourceControl
LogPluginManager: Mounting plugin PixWinPlugin
LogPluginManager: Mounting plugin PlasticSourceControl
LogPluginManager: Mounting plugin PluginUtils
LogPluginManager: Mounting plugin PropertyAccessNode
LogPluginManager: Mounting plugin RiderSourceCodeAccess
LogPluginManager: Mounting plugin SubversionSourceControl
LogPluginManager: Mounting plugin TextureFormatOodle
LogPluginManager: Mounting plugin UObjectPlugin
LogPluginManager: Mounting plugin VisualStudioCodeSourceCodeAccess
LogPluginManager: Mounting plugin VisualStudioSourceCodeAccess
LogPluginManager: Mounting plugin XCodeSourceCodeAccess
LogPluginManager: Mounting plugin AssetManagerEditor
LogPluginManager: Mounting plugin CryptoKeys
LogPluginManager: Mounting plugin CurveEditorTools
LogPluginManager: Mounting plugin DataValidation
LogPluginManager: Mounting plugin FacialAnimation
LogPluginManager: Mounting plugin GameplayTagsEditor
LogPluginManager: Mounting plugin GeometryMode
LogPluginManager: Mounting plugin MacGraphicsSwitching
LogPluginManager: Mounting plugin MaterialAnalyzer
LogPluginManager: Mounting plugin MobileLauncherProfileWizard
LogPluginManager: Mounting plugin PluginBrowser
LogPluginManager: Mounting plugin SpeedTreeImporter
LogPluginManager: Mounting plugin DatasmithContent
LogPluginManager: Mounting plugin VariantManagerContent
LogPluginManager: Mounting plugin AlembicImporter
LogPluginManager: Mounting plugin AutomationUtils
LogPluginManager: Mounting plugin BackChannel
LogPluginManager: Mounting plugin ChaosCloth
LogPluginManager: Mounting plugin ChaosClothEditor
LogPluginManager: Mounting plugin ChaosEditor
LogPluginManager: Mounting plugin ChaosNiagara
LogPluginManager: Mounting plugin ChaosSolverPlugin
LogPluginManager: Mounting plugin CharacterAI
LogPluginManager: Mounting plugin GeometryCache
LogPluginManager: Mounting plugin GeometryCollectionPlugin
LogPluginManager: Mounting plugin GeometryProcessing
LogPluginManager: Mounting plugin MotoSynth
LogPluginManager: Mounting plugin OpenImageDenoise
LogPluginManager: Mounting plugin PlanarCut
LogPluginManager: Mounting plugin PlatformCrypto
LogPluginManager: Mounting plugin ProxyLODPlugin
LogPluginManager: Mounting plugin PythonScriptPlugin
LogPluginManager: Mounting plugin SkeletalReduction
LogPluginManager: Mounting plugin Niagara
LogPluginManager: Mounting plugin LuminPlatformFeatures
LogPluginManager: Mounting plugin MagicLeap
LogPluginManager: Mounting plugin MagicLeapLightEstimation
LogPluginManager: Mounting plugin MagicLeapMedia
LogPluginManager: Mounting plugin MagicLeapPassableWorld
LogPluginManager: Mounting plugin MLSDK
LogPluginManager: Mounting plugin AndroidMedia
LogPluginManager: Mounting plugin AvfMedia
LogPluginManager: Mounting plugin ImgMedia
LogPluginManager: Mounting plugin MediaCompositing
LogPluginManager: Mounting plugin MediaPlayerEditor
LogPluginManager: Mounting plugin WebMMedia
LogPluginManager: Mounting plugin WmfMedia
LogPluginManager: Mounting plugin TcpMessaging
LogPluginManager: Mounting plugin UdpMessaging
LogPluginManager: Mounting plugin ActorSequence
LogPluginManager: Mounting plugin LevelSequenceEditor
LogPluginManager: Mounting plugin MatineeToLevelSequence
LogPluginManager: Mounting plugin TemplateSequence
LogPluginManager: Mounting plugin OnlineSubsystem
LogPluginManager: Mounting plugin OnlineSubsystemNull
LogPluginManager: Mounting plugin OnlineSubsystemUtils
LogPluginManager: Mounting plugin LauncherChunkInstaller
LogPluginManager: Mounting plugin ActorLayerUtilities
LogPluginManager: Mounting plugin AndroidDeviceProfileSelector
LogPluginManager: Mounting plugin AndroidMoviePlayer
LogPluginManager: Mounting plugin AndroidPermission
LogPluginManager: Mounting plugin AppleImageUtils
LogPluginManager: Mounting plugin AppleMoviePlayer
LogPluginManager: Mounting plugin ArchVisCharacter
LogPluginManager: Mounting plugin AssetTags
LogPluginManager: Mounting plugin AudioCapture
LogPluginManager: Mounting plugin AudioSynesthesia
LogPluginManager: Mounting plugin CableComponent
LogPluginManager: Mounting plugin ChunkDownloader
LogPluginManager: Mounting plugin CustomMeshComponent
LogPluginManager: Mounting plugin EditableMesh
LogPluginManager: Mounting plugin ExampleDeviceProfileSelector
LogPluginManager: Mounting plugin GoogleCloudMessaging
LogPluginManager: Mounting plugin GooglePAD
LogPluginManager: Mounting plugin IOSDeviceProfileSelector
LogPluginManager: Mounting plugin LinuxDeviceProfileSelector
LogPluginManager: Mounting plugin LocationServicesBPLibrary
LogPluginManager: Mounting plugin MobilePatchingUtils
LogPluginManager: Mounting plugin OpenXR
LogPluginManager: Mounting plugin OpenXREyeTracker
LogPluginManager: Mounting plugin OpenXRHandTracking
LogPluginManager: Mounting plugin PhysXVehicles
LogPluginManager: Mounting plugin PostSplashScreen
LogPluginManager: Mounting plugin ProceduralMeshComponent
LogPluginManager: Mounting plugin PropertyAccessEditor
LogPluginManager: Mounting plugin RuntimePhysXCooking
LogPluginManager: Mounting plugin SignificanceManager
LogPluginManager: Mounting plugin SoundFields
LogPluginManager: Mounting plugin Synthesis
LogPluginManager: Mounting plugin WebMMoviePlayer
LogPluginManager: Mounting plugin WindowsMoviePlayer
LogPluginManager: Mounting plugin ScreenshotTools
LogPluginManager: Mounting plugin Takes
LogPluginManager: Mounting plugin ContentBrowserAssetDataSource
LogPluginManager: Mounting plugin ContentBrowserClassDataSource
LogPluginManager: Mounting plugin ContentBrowserFileDataSource
LogPluginManager: Mounting plugin OnlineSubsystemGooglePlay
LogPluginManager: Mounting plugin OnlineSubsystemIOS
LogPluginManager: Mounting plugin OculusVR
LogPluginManager: Mounting plugin SteamVR
PixWinPlugin: PIX capture plugin failed to initialize! Check that the process is launched from PIX.
LogInit: Using libcurl 7.55.1-DEV
LogInit:  - built for x86_64-pc-win32
LogInit:  - supports SSL with OpenSSL/1.1.1
LogInit:  - supports HTTP deflate (compression) using libz 1.2.8
LogInit:  - other features:
LogInit:      CURL_VERSION_SSL
LogInit:      CURL_VERSION_LIBZ
LogInit:      CURL_VERSION_IPV6
LogInit:      CURL_VERSION_ASYNCHDNS
LogInit:      CURL_VERSION_LARGEFILE
LogInit:      CURL_VERSION_IDN
LogInit:  CurlRequestOptions (configurable via config and command line):
LogInit:  - bVerifyPeer = true  - Libcurl will verify peer certificate
LogInit:  - bUseHttpProxy = false  - Libcurl will NOT use HTTP proxy
LogInit:  - bDontReuseConnections = false  - Libcurl will reuse connections
LogInit:  - MaxHostConnections = 16  - Libcurl will limit the number of connections to a host
LogInit:  - LocalHostAddr = Default
LogInit:  - BufferSize = 65536
LogOnline: Warning: OSS: TryLoadSubsystemAndSetDefault: LoadSubsystemModule([Steam]) failed
LogOnline: OSS: Creating online subsystem instance for: NULL
LogInit: WinSock: version 1.1 (2.2), MaxSocks=32767, MaxUdp=65467
LogOnline: OSS: TryLoadSubsystemAndSetDefault: Loaded subsystem for module [NULL]
LogInit: Build: ++UE4+Release-4.27-CL-0
LogInit: Engine Version: 4.27.0-0+++UE4+Release-4.27
LogInit: Compatible Engine Version: 4.27.0-0+++UE4+Release-4.27
LogInit: Net CL: 0
LogInit: OS: Windows 10 (Release 2009) (), CPU: Intel(R) Core(TM) i5-8400 CPU @ 2.80GHz, GPU: NVIDIA GeForce GTX 1060 6GB
LogInit: Compiled (64-bit): Oct 12 2021 09:26:09
LogInit: Compiled with Visual C++: 19.29.30136.00
LogInit: Build Configuration: Development
LogInit: Branch Name: ++UE4+Release-4.27
LogInit: Command Line:  Level_01 -server -log -nosteam
LogInit: Base Directory: D:/ue4code/UnrealEngine/Engine/Binaries/Win64/
LogInit: Allocator: TBB
LogInit: Installed Engine Build: 0
LogDevObjectVersion: Number of dev versions registered: 29
LogDevObjectVersion:   Dev-Blueprints (B0D832E4-1F89-4F0D-ACCF-7EB736FD4AA2): 10
LogDevObjectVersion:   Dev-Build (E1C64328-A22C-4D53-A36C-8E866417BD8C): 0
LogDevObjectVersion:   Dev-Core (375EC13C-06E4-48FB-B500-84F0262A717E): 4
LogDevObjectVersion:   Dev-Editor (E4B068ED-F494-42E9-A231-DA0B2E46BB41): 40
LogDevObjectVersion:   Dev-Framework (CFFC743F-43B0-4480-9391-14DF171D2073): 37
LogDevObjectVersion:   Dev-Mobile (B02B49B5-BB20-44E9-A304-32B752E40360): 3
LogDevObjectVersion:   Dev-Networking (A4E4105C-59A1-49B5-A7C5-40C4547EDFEE): 0
LogDevObjectVersion:   Dev-Online (39C831C9-5AE6-47DC-9A44-9C173E1C8E7C): 0
LogDevObjectVersion:   Dev-Physics (78F01B33-EBEA-4F98-B9B4-84EACCB95AA2): 14
LogDevObjectVersion:   Dev-Platform (6631380F-2D4D-43E0-8009-CF276956A95A): 0
LogDevObjectVersion:   Dev-Rendering (12F88B9F-8875-4AFC-A67C-D90C383ABD29): 45
LogDevObjectVersion:   Dev-Sequencer (7B5AE74C-D270-4C10-A958-57980B212A5A): 13
LogDevObjectVersion:   Dev-VR (D7296918-1DD6-4BDD-9DE2-64A83CC13884): 3
LogDevObjectVersion:   Dev-LoadTimes (C2A15278-BFE7-4AFE-6C17-90FF531DF755): 1
LogDevObjectVersion:   Private-Geometry (6EACA3D4-40EC-4CC1-B786-8BED09428FC5): 3
LogDevObjectVersion:   Dev-AnimPhys (29E575DD-E0A3-4627-9D10-D276232CDCEA): 17
LogDevObjectVersion:   Dev-Anim (AF43A65D-7FD3-4947-9873-3E8ED9C1BB05): 15
LogDevObjectVersion:   Dev-ReflectionCapture (6B266CEC-1EC7-4B8F-A30B-E4D90942FC07): 1
LogDevObjectVersion:   Dev-Automation (0DF73D61-A23F-47EA-B727-89E90C41499A): 1
LogDevObjectVersion:   FortniteMain (601D1886-AC64-4F84-AA16-D3DE0DEAC7D6): 47
LogDevObjectVersion:   FortniteRelease (E7086368-6B23-4C58-8439-1B7016265E91): 1
LogDevObjectVersion:   Dev-Enterprise (9DFFBCD6-494F-0158-E221-12823C92A888): 10
LogDevObjectVersion:   Dev-Niagara (F2AED0AC-9AFE-416F-8664-AA7FFA26D6FC): 1
LogDevObjectVersion:   Dev-Destruction (174F1F0B-B4C6-45A5-B13F-2EE8D0FB917D): 10
LogDevObjectVersion:   Dev-Physics-Ext (35F94A83-E258-406C-A318-09F59610247C): 41
LogDevObjectVersion:   Dev-PhysicsMaterial-Chaos (B68FC16E-8B1B-42E2-B453-215C058844FE): 1
LogDevObjectVersion:   Dev-CineCamera (B2E18506-4273-CFC2-A54E-F4BB758BBA07): 1
LogDevObjectVersion:   Dev-VirtualProduction (64F58936-FD1B-42BA-BA96-7289D5D0FA4E): 1
LogDevObjectVersion:   Dev-MediaFramework (6F0ED827-A609-4895-9C91-998D90180EA4): 2
LogInit: Presizing for max 25165824 objects, including 0 objects not considered by GC, pre-allocating 0 bytes for permanent pool.
LogConfig: Applying CVar settings from Section [/Script/Engine.StreamingSettings] File [D:/ue4Project/Netshoot/Netshoot/Saved/Config/Windows/Engine.ini]
LogConfig: Setting CVar [[s.MinBulkDataSizeForAsyncLoading:131072]]
LogConfig: Setting CVar [[s.AsyncLoadingThreadEnabled:0]]
LogConfig: Setting CVar [[s.EventDrivenLoaderEnabled:1]]
LogConfig: Setting CVar [[s.WarnIfTimeLimitExceeded:0]]
LogConfig: Setting CVar [[s.TimeLimitExceededMultiplier:1.5]]
LogConfig: Setting CVar [[s.TimeLimitExceededMinTime:0.005]]
LogConfig: Setting CVar [[s.UseBackgroundLevelStreaming:1]]
LogConfig: Setting CVar [[s.PriorityAsyncLoadingExtraTime:15.0]]
LogConfig: Setting CVar [[s.LevelStreamingActorsUpdateTimeLimit:5.0]]
LogConfig: Setting CVar [[s.PriorityLevelStreamingActorsUpdateExtraTime:5.0]]
LogConfig: Setting CVar [[s.LevelStreamingComponentsRegistrationGranularity:10]]
LogConfig: Setting CVar [[s.UnregisterComponentsTimeLimit:1.0]]
LogConfig: Setting CVar [[s.LevelStreamingComponentsUnregistrationGranularity:5]]
LogConfig: Setting CVar [[s.FlushStreamingOnExit:1]]
LogInit: Object subsystem initialized
LogConfig: Setting CVar [[con.DebugEarlyDefault:1]]
LogConfig: Setting CVar [[r.setres:1280x720]]
[2021.11.05-10.56.07:704][  0]LogConfig: Setting CVar [[con.DebugEarlyDefault:1]]
[2021.11.05-10.56.07:704][  0]LogConfig: Setting CVar [[r.setres:1280x720]]
[2021.11.05-10.56.07:705][  0]LogConfig: Applying CVar settings from Section [/Script/Engine.RendererSettings] File [D:/ue4Project/Netshoot/Netshoot/Saved/Config/Windows/Engine.ini]
[2021.11.05-10.56.07:705][  0]LogConfig: Setting CVar [[r.GPUCrashDebugging:0]]
[2021.11.05-10.56.07:705][  0]LogConfig: Setting CVar [[r.MobileHDR:1]]
[2021.11.05-10.56.07:705][  0]LogConfig: Setting CVar [[r.AllowOcclusionQueries:1]]
[2021.11.05-10.56.07:706][  0]LogConfig: Setting CVar [[r.MinScreenRadiusForLights:0.030000]]
[2021.11.05-10.56.07:706][  0]LogConfig: Setting CVar [[r.MinScreenRadiusForDepthPrepass:0.030000]]
[2021.11.05-10.56.07:706][  0]LogConfig: Setting CVar [[r.PrecomputedVisibilityWarning:0]]
[2021.11.05-10.56.07:706][  0]LogConfig: Setting CVar [[r.TextureStreaming:1]]
[2021.11.05-10.56.07:707][  0]LogConfig: Setting CVar [[Compat.UseDXT5NormalMaps:0]]
[2021.11.05-10.56.07:707][  0]LogConfig: Setting CVar [[r.AllowStaticLighting:1]]
[2021.11.05-10.56.07:707][  0]LogConfig: Setting CVar [[r.NormalMapsForStaticLighting:0]]
[2021.11.05-10.56.07:708][  0]LogConfig: Setting CVar [[r.GenerateMeshDistanceFields:1]]
[2021.11.05-10.56.07:708][  0]LogConfig: Setting CVar [[r.TessellationAdaptivePixelsPerTriangle:48.000000]]
[2021.11.05-10.56.07:708][  0]LogConfig: Setting CVar [[r.SeparateTranslucency:1]]
[2021.11.05-10.56.07:708][  0]LogConfig: Setting CVar [[r.CustomDepth:1]]
[2021.11.05-10.56.07:709][  0]LogConfig: Setting CVar [[r.DefaultFeature.Bloom:1]]
[2021.11.05-10.56.07:709][  0]LogConfig: Setting CVar [[r.DefaultFeature.AmbientOcclusion:1]]
[2021.11.05-10.56.07:709][  0]LogConfig: Setting CVar [[r.DefaultFeature.AmbientOcclusionStaticFraction:1]]
[2021.11.05-10.56.07:709][  0]LogConfig: Setting CVar [[r.DefaultFeature.AutoExposure:1]]
[2021.11.05-10.56.07:710][  0]LogConfig: Setting CVar [[r.DefaultFeature.MotionBlur:1]]
[2021.11.05-10.56.07:710][  0]LogConfig: Setting CVar [[r.DefaultFeature.LensFlare:1]]
[2021.11.05-10.56.07:710][  0]LogConfig: Setting CVar [[r.DefaultFeature.AntiAliasing:2]]
[2021.11.05-10.56.07:711][  0]LogConfig: Setting CVar [[r.EarlyZPass:3]]
[2021.11.05-10.56.07:711][  0]LogConfig: Setting CVar [[r.DBuffer:0]]
[2021.11.05-10.56.07:711][  0]LogConfig: Setting CVar [[r.ClearSceneMethod:1]]
[2021.11.05-10.56.07:711][  0]LogConfig: Setting CVar [[r.MSAA.CompositingSampleCount:4]]
[2021.11.05-10.56.07:712][  0]LogConfig: Setting CVar [[r.WireframeCullThreshold:5.000000]]
[2021.11.05-10.56.07:712][  0]LogConfig: Applying CVar settings from Section [/Script/Engine.RendererOverrideSettings] File [D:/ue4Project/Netshoot/Netshoot/Saved/Config/Windows/Engine.ini]
[2021.11.05-10.56.07:712][  0]LogConfig: Applying CVar settings from Section [/Script/Engine.StreamingSettings] File [D:/ue4Project/Netshoot/Netshoot/Saved/Config/Windows/Engine.ini]
[2021.11.05-10.56.07:712][  0]LogConfig: Setting CVar [[s.MinBulkDataSizeForAsyncLoading:131072]]
[2021.11.05-10.56.07:713][  0]LogConfig: Setting CVar [[s.AsyncLoadingThreadEnabled:0]]
[2021.11.05-10.56.07:713][  0]LogConfig: Setting CVar [[s.EventDrivenLoaderEnabled:1]]
[2021.11.05-10.56.07:713][  0]LogConfig: Setting CVar [[s.WarnIfTimeLimitExceeded:0]]
[2021.11.05-10.56.07:713][  0]LogConfig: Setting CVar [[s.TimeLimitExceededMultiplier:1.5]]
[2021.11.05-10.56.07:714][  0]LogConfig: Setting CVar [[s.TimeLimitExceededMinTime:0.005]]
[2021.11.05-10.56.07:714][  0]LogConfig: Setting CVar [[s.UseBackgroundLevelStreaming:1]]
[2021.11.05-10.56.07:714][  0]LogConfig: Setting CVar [[s.PriorityAsyncLoadingExtraTime:15.0]]
[2021.11.05-10.56.07:714][  0]LogConfig: Setting CVar [[s.LevelStreamingActorsUpdateTimeLimit:5.0]]
[2021.11.05-10.56.07:715][  0]LogConfig: Setting CVar [[s.PriorityLevelStreamingActorsUpdateExtraTime:5.0]]
[2021.11.05-10.56.07:715][  0]LogConfig: Setting CVar [[s.LevelStreamingComponentsRegistrationGranularity:10]]
[2021.11.05-10.56.07:715][  0]LogConfig: Setting CVar [[s.UnregisterComponentsTimeLimit:1.0]]
[2021.11.05-10.56.07:715][  0]LogConfig: Setting CVar [[s.LevelStreamingComponentsUnregistrationGranularity:5]]
[2021.11.05-10.56.07:719][  0]LogConfig: Setting CVar [[s.FlushStreamingOnExit:1]]
[2021.11.05-10.56.07:721][  0]LogConfig: Applying CVar settings from Section [/Script/Engine.GarbageCollectionSettings] File [D:/ue4Project/Netshoot/Netshoot/Saved/Config/Windows/Engine.ini]
[2021.11.05-10.56.07:722][  0]LogConfig: Setting CVar [[gc.MaxObjectsNotConsideredByGC:1]]
[2021.11.05-10.56.07:724][  0]LogConfig: Setting CVar [[gc.SizeOfPermanentObjectPool:0]]
[2021.11.05-10.56.07:724][  0]LogConfig: Setting CVar [[gc.FlushStreamingOnGC:0]]
[2021.11.05-10.56.07:724][  0]LogConfig: Setting CVar [[gc.NumRetriesBeforeForcingGC:10]]
[2021.11.05-10.56.07:725][  0]LogConfig: Setting CVar [[gc.AllowParallelGC:1]]
[2021.11.05-10.56.07:725][  0]LogConfig: Setting CVar [[gc.TimeBetweenPurgingPendingKillObjects:61.1]]
[2021.11.05-10.56.07:726][  0]LogConfig: Setting CVar [[gc.MaxObjectsInEditor:25165824]]
[2021.11.05-10.56.07:726][  0]LogConfig: Setting CVar [[gc.IncrementalBeginDestroyEnabled:1]]
[2021.11.05-10.56.07:726][  0]LogConfig: Setting CVar [[gc.CreateGCClusters:1]]
[2021.11.05-10.56.07:728][  0]LogConfig: Setting CVar [[gc.MinGCClusterSize:5]]
[2021.11.05-10.56.07:728][  0]LogConfig: Setting CVar [[gc.ActorClusteringEnabled:0]]
[2021.11.05-10.56.07:729][  0]LogConfig: Setting CVar [[gc.BlueprintClusteringEnabled:0]]
[2021.11.05-10.56.07:729][  0]LogConfig: Setting CVar [[gc.UseDisregardForGCOnDedicatedServers:0]]
[2021.11.05-10.56.07:730][  0]LogConfig: Setting CVar [[gc.MultithreadedDestructionEnabled:1]]
[2021.11.05-10.56.07:730][  0]LogConfig: Applying CVar settings from Section [/Script/Engine.NetworkSettings] File [D:/ue4Project/Netshoot/Netshoot/Saved/Config/Windows/Engine.ini]
[2021.11.05-10.56.07:730][  0]LogConfig: Applying CVar settings from Section [/Script/UnrealEd.CookerSettings] File [D:/ue4Project/Netshoot/Netshoot/Saved/Config/Windows/Engine.ini]
[2021.11.05-10.56.07:731][  0]LogConfig: Applying CVar settings from Section [ViewDistanceQuality@3] File [D:/ue4Project/Netshoot/Netshoot/Saved/Config/Windows/Scalability.ini]
[2021.11.05-10.56.07:731][  0]LogConfig: Setting CVar [[r.SkeletalMeshLODBias:0]]
[2021.11.05-10.56.07:731][  0]LogConfig: Setting CVar [[r.ViewDistanceScale:1.0]]
[2021.11.05-10.56.07:732][  0]LogConfig: Applying CVar settings from Section [AntiAliasingQuality@3] File [D:/ue4Project/Netshoot/Netshoot/Saved/Config/Windows/Scalability.ini]
[2021.11.05-10.56.07:735][  0]LogConfig: Setting CVar [[r.PostProcessAAQuality:4]]
[2021.11.05-10.56.07:736][  0]LogConfig: Applying CVar settings from Section [ShadowQuality@3] File [D:/ue4Project/Netshoot/Netshoot/Saved/Config/Windows/Scalability.ini]
[2021.11.05-10.56.07:737][  0]LogConfig: Setting CVar [[r.LightFunctionQuality:1]]
[2021.11.05-10.56.07:737][  0]LogConfig: Setting CVar [[r.ShadowQuality:5]]
[2021.11.05-10.56.07:738][  0]LogConfig: Setting CVar [[r.Shadow.CSM.MaxCascades:10]]
[2021.11.05-10.56.07:739][  0]LogConfig: Setting CVar [[r.Shadow.MaxResolution:2048]]
[2021.11.05-10.56.07:740][  0]LogConfig: Setting CVar [[r.Shadow.MaxCSMResolution:2048]]
[2021.11.05-10.56.07:741][  0]LogConfig: Setting CVar [[r.Shadow.RadiusThreshold:0.01]]
[2021.11.05-10.56.07:742][  0]LogConfig: Setting CVar [[r.Shadow.DistanceScale:1.0]]
[2021.11.05-10.56.07:742][  0]LogConfig: Setting CVar [[r.Shadow.CSM.TransitionScale:1.0]]
[2021.11.05-10.56.07:742][  0]LogConfig: Setting CVar [[r.Shadow.PreShadowResolutionFactor:1.0]]
[2021.11.05-10.56.07:743][  0]LogConfig: Setting CVar [[r.DistanceFieldShadowing:1]]
[2021.11.05-10.56.07:743][  0]LogConfig: Setting CVar [[r.DistanceFieldAO:1]]
[2021.11.05-10.56.07:743][  0]LogConfig: Setting CVar [[r.AOQuality:2]]
[2021.11.05-10.56.07:744][  0]LogConfig: Setting CVar [[r.VolumetricFog:1]]
[2021.11.05-10.56.07:745][  0]LogConfig: Setting CVar [[r.VolumetricFog.GridPixelSize:8]]
[2021.11.05-10.56.07:746][  0]LogConfig: Setting CVar [[r.VolumetricFog.GridSizeZ:128]]
[2021.11.05-10.56.07:746][  0]LogConfig: Setting CVar [[r.VolumetricFog.HistoryMissSupersampleCount:4]]
[2021.11.05-10.56.07:747][  0]LogConfig: Setting CVar [[r.LightMaxDrawDistanceScale:1]]
[2021.11.05-10.56.07:747][  0]LogConfig: Setting CVar [[r.CapsuleShadows:1]]
[2021.11.05-10.56.07:747][  0]LogConfig: Applying CVar settings from Section [PostProcessQuality@3] File [D:/ue4Project/Netshoot/Netshoot/Saved/Config/Windows/Scalability.ini]
[2021.11.05-10.56.07:748][  0]LogConfig: Setting CVar [[r.MotionBlurQuality:4]]
[2021.11.05-10.56.07:750][  0]LogConfig: Setting CVar [[r.AmbientOcclusionMipLevelFactor:0.4]]
[2021.11.05-10.56.07:750][  0]LogConfig: Setting CVar [[r.AmbientOcclusionMaxQuality:100]]
[2021.11.05-10.56.07:750][  0]LogConfig: Setting CVar [[r.AmbientOcclusionLevels:-1]]
[2021.11.05-10.56.07:750][  0]LogConfig: Setting CVar [[r.AmbientOcclusionRadiusScale:1.0]]
[2021.11.05-10.56.07:751][  0]LogConfig: Setting CVar [[r.DepthOfFieldQuality:2]]
[2021.11.05-10.56.07:752][  0]LogConfig: Setting CVar [[r.RenderTargetPoolMin:400]]
[2021.11.05-10.56.07:752][  0]LogConfig: Setting CVar [[r.LensFlareQuality:2]]
[2021.11.05-10.56.07:752][  0]LogConfig: Setting CVar [[r.SceneColorFringeQuality:1]]
[2021.11.05-10.56.07:752][  0]LogConfig: Setting CVar [[r.EyeAdaptationQuality:2]]
[2021.11.05-10.56.07:754][  0]LogConfig: Setting CVar [[r.BloomQuality:5]]
[2021.11.05-10.56.07:755][  0]LogConfig: Setting CVar [[r.FastBlurThreshold:100]]
[2021.11.05-10.56.07:755][  0]LogConfig: Setting CVar [[r.Upscale.Quality:3]]
[2021.11.05-10.56.07:756][  0]LogConfig: Setting CVar [[r.Tonemapper.GrainQuantization:1]]
[2021.11.05-10.56.07:757][  0]LogConfig: Setting CVar [[r.LightShaftQuality:1]]
[2021.11.05-10.56.07:758][  0]LogConfig: Setting CVar [[r.Filter.SizeScale:1]]
[2021.11.05-10.56.07:759][  0]LogConfig: Setting CVar [[r.Tonemapper.Quality:5]]
[2021.11.05-10.56.07:759][  0]LogConfig: Setting CVar [[r.DOF.Gather.AccumulatorQuality:1        ; higher gathering accumulator quality]]
[2021.11.05-10.56.07:760][  0]LogConfig: Setting CVar [[r.DOF.Gather.PostfilterMethod:1          ; Median3x3 postfilering method]]
[2021.11.05-10.56.07:760][  0]LogConfig: Setting CVar [[r.DOF.Gather.EnableBokehSettings:0       ; no bokeh simulation when gathering]]
[2021.11.05-10.56.07:761][  0]LogConfig: Setting CVar [[r.DOF.Gather.RingCount:4                 ; medium number of samples when gathering]]
[2021.11.05-10.56.07:761][  0]LogConfig: Setting CVar [[r.DOF.Scatter.ForegroundCompositing:1    ; additive foreground scattering]]
[2021.11.05-10.56.07:762][  0]LogConfig: Setting CVar [[r.DOF.Scatter.BackgroundCompositing:2    ; additive background scattering]]
[2021.11.05-10.56.07:762][  0]LogConfig: Setting CVar [[r.DOF.Scatter.EnableBokehSettings:1      ; bokeh simulation when scattering]]
[2021.11.05-10.56.07:762][  0]LogConfig: Setting CVar [[r.DOF.Scatter.MaxSpriteRatio:0.1         ; only a maximum of 10% of scattered bokeh]]
[2021.11.05-10.56.07:763][  0]LogConfig: Setting CVar [[r.DOF.Recombine.Quality:1                ; cheap slight out of focus]]
[2021.11.05-10.56.07:763][  0]LogConfig: Setting CVar [[r.DOF.Recombine.EnableBokehSettings:0    ; no bokeh simulation on slight out of focus]]
[2021.11.05-10.56.07:764][  0]LogConfig: Setting CVar [[r.DOF.TemporalAAQuality:1                ; more stable temporal accumulation]]
[2021.11.05-10.56.07:766][  0]LogConfig: Setting CVar [[r.DOF.Kernel.MaxForegroundRadius:0.025]]
[2021.11.05-10.56.07:766][  0]LogConfig: Setting CVar [[r.DOF.Kernel.MaxBackgroundRadius:0.025]]
[2021.11.05-10.56.07:766][  0]LogConfig: Applying CVar settings from Section [TextureQuality@3] File [D:/ue4Project/Netshoot/Netshoot/Saved/Config/Windows/Scalability.ini]
[2021.11.05-10.56.07:766][  0]LogConfig: Setting CVar [[r.Streaming.MipBias:0]]
[2021.11.05-10.56.07:767][  0]LogConfig: Setting CVar [[r.Streaming.AmortizeCPUToGPUCopy:0]]
[2021.11.05-10.56.07:767][  0]LogConfig: Setting CVar [[r.Streaming.MaxNumTexturesToStreamPerFrame:0]]
[2021.11.05-10.56.07:767][  0]LogConfig: Setting CVar [[r.Streaming.Boost:1]]
[2021.11.05-10.56.07:767][  0]LogConfig: Setting CVar [[r.MaxAnisotropy:8]]
[2021.11.05-10.56.07:768][  0]LogConfig: Setting CVar [[r.VT.MaxAnisotropy:8]]
[2021.11.05-10.56.07:768][  0]LogConfig: Setting CVar [[r.Streaming.LimitPoolSizeToVRAM:0]]
[2021.11.05-10.56.07:768][  0]LogConfig: Setting CVar [[r.Streaming.PoolSize:1000]]
[2021.11.05-10.56.07:768][  0]LogConfig: Setting CVar [[r.Streaming.MaxEffectiveScreenSize:0]]
[2021.11.05-10.56.07:769][  0]LogConfig: Applying CVar settings from Section [EffectsQuality@3] File [D:/ue4Project/Netshoot/Netshoot/Saved/Config/Windows/Scalability.ini]
[2021.11.05-10.56.07:769][  0]LogConfig: Setting CVar [[r.TranslucencyLightingVolumeDim:64]]
[2021.11.05-10.56.07:769][  0]LogConfig: Setting CVar [[r.RefractionQuality:2]]
[2021.11.05-10.56.07:769][  0]LogConfig: Setting CVar [[r.SSR.Quality:3]]
[2021.11.05-10.56.07:770][  0]LogConfig: Setting CVar [[r.SSR.HalfResSceneColor:0]]
[2021.11.05-10.56.07:770][  0]LogConfig: Setting CVar [[r.SceneColorFormat:4]]
[2021.11.05-10.56.07:770][  0]LogConfig: Setting CVar [[r.DetailMode:2]]
[2021.11.05-10.56.07:771][  0]LogConfig: Setting CVar [[r.TranslucencyVolumeBlur:1]]
[2021.11.05-10.56.07:771][  0]LogConfig: Setting CVar [[r.MaterialQualityLevel:1 ; High quality]]
[2021.11.05-10.56.07:771][  0]LogConfig: Setting CVar [[r.AnisotropicMaterials:1]]
[2021.11.05-10.56.07:771][  0]LogConfig: Setting CVar [[r.SSS.Scale:1]]
[2021.11.05-10.56.07:772][  0]LogConfig: Setting CVar [[r.SSS.SampleSet:2]]
[2021.11.05-10.56.07:772][  0]LogConfig: Setting CVar [[r.SSS.Quality:1]]
[2021.11.05-10.56.07:772][  0]LogConfig: Setting CVar [[r.SSS.HalfRes:0]]
[2021.11.05-10.56.07:772][  0]LogConfig: Setting CVar [[r.SSGI.Quality:3]]
[2021.11.05-10.56.07:773][  0]LogConfig: Setting CVar [[r.EmitterSpawnRateScale:1.0]]
[2021.11.05-10.56.07:773][  0]LogConfig: Setting CVar [[r.ParticleLightQuality:2]]
[2021.11.05-10.56.07:773][  0]LogConfig: Setting CVar [[r.SkyAtmosphere.AerialPerspectiveLUT.FastApplyOnOpaque:1 ; Always have FastSkyLUT 1 in this case to avoid wrong sky]]
[2021.11.05-10.56.07:773][  0]LogConfig: Setting CVar [[r.SkyAtmosphere.AerialPerspectiveLUT.SampleCountMaxPerSlice:4]]
[2021.11.05-10.56.07:774][  0]LogConfig: Setting CVar [[r.SkyAtmosphere.AerialPerspectiveLUT.DepthResolution:16.0]]
[2021.11.05-10.56.07:774][  0]LogConfig: Setting CVar [[r.SkyAtmosphere.FastSkyLUT:1]]
[2021.11.05-10.56.07:774][  0]LogConfig: Setting CVar [[r.SkyAtmosphere.FastSkyLUT.SampleCountMin:4.0]]
[2021.11.05-10.56.07:775][  0]LogConfig: Setting CVar [[r.SkyAtmosphere.FastSkyLUT.SampleCountMax:128.0]]
[2021.11.05-10.56.07:775][  0]LogConfig: Setting CVar [[r.SkyAtmosphere.SampleCountMin:4.0]]
[2021.11.05-10.56.07:775][  0]LogConfig: Setting CVar [[r.SkyAtmosphere.SampleCountMax:128.0]]
[2021.11.05-10.56.07:775][  0]LogConfig: Setting CVar [[r.SkyAtmosphere.TransmittanceLUT.UseSmallFormat:0]]
[2021.11.05-10.56.07:776][  0]LogConfig: Setting CVar [[r.SkyAtmosphere.TransmittanceLUT.SampleCount:10.0]]
[2021.11.05-10.56.07:776][  0]LogConfig: Setting CVar [[r.SkyAtmosphere.MultiScatteringLUT.SampleCount:15.0]]
[2021.11.05-10.56.07:776][  0]LogConfig: Setting CVar [[r.SkyLight.RealTimeReflectionCapture:1]]
[2021.11.05-10.56.07:776][  0]LogConfig: Applying CVar settings from Section [FoliageQuality@3] File [D:/ue4Project/Netshoot/Netshoot/Saved/Config/Windows/Scalability.ini]
[2021.11.05-10.56.07:777][  0]LogConfig: Setting CVar [[foliage.DensityScale:1.0]]
[2021.11.05-10.56.07:777][  0]LogConfig: Setting CVar [[grass.DensityScale:1.0]]
[2021.11.05-10.56.07:777][  0]LogConfig: Applying CVar settings from Section [ShadingQuality@3] File [D:/ue4Project/Netshoot/Netshoot/Saved/Config/Windows/Scalability.ini]
[2021.11.05-10.56.07:777][  0]LogConfig: Setting CVar [[r.HairStrands.SkyLighting.IntegrationType:2]]
[2021.11.05-10.56.07:778][  0]LogConfig: Setting CVar [[r.HairStrands.SkyAO.SampleCount:4]]
[2021.11.05-10.56.07:778][  0]LogConfig: Setting CVar [[r.HairStrands.Visibility.MSAA.SamplePerPixel:4]]
[2021.11.05-10.56.07:778][  0]LogInit: Selected Device Profile: [Windows]
[2021.11.05-10.56.07:779][  0]LogInit: Applying CVar settings loaded from the selected device profile: [Windows]
[2021.11.05-10.56.07:779][  0]LogHAL: Display: Platform has ~ 16 GB [17110147072 / 17179869184 / 16], which maps to Larger [LargestMinGB=32, LargerMinGB=12, DefaultMinGB=8, SmallerMinGB=6, SmallestMinGB=0)
[2021.11.05-10.56.07:779][  0]LogInit: Going up to parent DeviceProfile []
[2021.11.05-10.56.07:779][  0]LogConfig: Applying CVar settings from Section [ViewDistanceQuality@3] File [D:/ue4Project/Netshoot/Netshoot/Saved/Config/Windows/Scalability.ini]
[2021.11.05-10.56.07:781][  0]LogConfig: Setting CVar [[r.SkeletalMeshLODBias:0]]
[2021.11.05-10.56.07:781][  0]LogConfig: Setting CVar [[r.ViewDistanceScale:1.0]]
[2021.11.05-10.56.07:782][  0]LogConfig: Applying CVar settings from Section [AntiAliasingQuality@3] File [D:/ue4Project/Netshoot/Netshoot/Saved/Config/Windows/Scalability.ini]
[2021.11.05-10.56.07:782][  0]LogConfig: Setting CVar [[r.PostProcessAAQuality:4]]
[2021.11.05-10.56.07:782][  0]LogConfig: Applying CVar settings from Section [ShadowQuality@3] File [D:/ue4Project/Netshoot/Netshoot/Saved/Config/Windows/Scalability.ini]
[2021.11.05-10.56.07:783][  0]LogConfig: Setting CVar [[r.LightFunctionQuality:1]]
[2021.11.05-10.56.07:783][  0]LogConfig: Setting CVar [[r.ShadowQuality:5]]
[2021.11.05-10.56.07:783][  0]LogConfig: Setting CVar [[r.Shadow.CSM.MaxCascades:10]]
[2021.11.05-10.56.07:783][  0]LogConfig: Setting CVar [[r.Shadow.MaxResolution:2048]]
[2021.11.05-10.56.07:784][  0]LogConfig: Setting CVar [[r.Shadow.MaxCSMResolution:2048]]
[2021.11.05-10.56.07:784][  0]LogConfig: Setting CVar [[r.Shadow.RadiusThreshold:0.01]]
[2021.11.05-10.56.07:784][  0]LogConfig: Setting CVar [[r.Shadow.DistanceScale:1.0]]
[2021.11.05-10.56.07:784][  0]LogConfig: Setting CVar [[r.Shadow.CSM.TransitionScale:1.0]]
[2021.11.05-10.56.07:785][  0]LogConfig: Setting CVar [[r.Shadow.PreShadowResolutionFactor:1.0]]
[2021.11.05-10.56.07:785][  0]LogConfig: Setting CVar [[r.DistanceFieldShadowing:1]]
[2021.11.05-10.56.07:785][  0]LogConfig: Setting CVar [[r.DistanceFieldAO:1]]
[2021.11.05-10.56.07:785][  0]LogConfig: Setting CVar [[r.AOQuality:2]]
[2021.11.05-10.56.07:786][  0]LogConfig: Setting CVar [[r.VolumetricFog:1]]
[2021.11.05-10.56.07:786][  0]LogConfig: Setting CVar [[r.VolumetricFog.GridPixelSize:8]]
[2021.11.05-10.56.07:786][  0]LogConfig: Setting CVar [[r.VolumetricFog.GridSizeZ:128]]
[2021.11.05-10.56.07:786][  0]LogConfig: Setting CVar [[r.VolumetricFog.HistoryMissSupersampleCount:4]]
[2021.11.05-10.56.07:787][  0]LogConfig: Setting CVar [[r.LightMaxDrawDistanceScale:1]]
[2021.11.05-10.56.07:787][  0]LogConfig: Setting CVar [[r.CapsuleShadows:1]]
[2021.11.05-10.56.07:787][  0]LogConfig: Applying CVar settings from Section [PostProcessQuality@3] File [D:/ue4Project/Netshoot/Netshoot/Saved/Config/Windows/Scalability.ini]
[2021.11.05-10.56.07:788][  0]LogConfig: Setting CVar [[r.MotionBlurQuality:4]]
[2021.11.05-10.56.07:788][  0]LogConfig: Setting CVar [[r.AmbientOcclusionMipLevelFactor:0.4]]
[2021.11.05-10.56.07:788][  0]LogConfig: Setting CVar [[r.AmbientOcclusionMaxQuality:100]]
[2021.11.05-10.56.07:788][  0]LogConfig: Setting CVar [[r.AmbientOcclusionLevels:-1]]
[2021.11.05-10.56.07:789][  0]LogConfig: Setting CVar [[r.AmbientOcclusionRadiusScale:1.0]]
[2021.11.05-10.56.07:789][  0]LogConfig: Setting CVar [[r.DepthOfFieldQuality:2]]
[2021.11.05-10.56.07:789][  0]LogConfig: Setting CVar [[r.RenderTargetPoolMin:400]]
[2021.11.05-10.56.07:789][  0]LogConfig: Setting CVar [[r.LensFlareQuality:2]]
[2021.11.05-10.56.07:790][  0]LogConfig: Setting CVar [[r.SceneColorFringeQuality:1]]
[2021.11.05-10.56.07:790][  0]LogConfig: Setting CVar [[r.EyeAdaptationQuality:2]]
[2021.11.05-10.56.07:790][  0]LogConfig: Setting CVar [[r.BloomQuality:5]]
[2021.11.05-10.56.07:790][  0]LogConfig: Setting CVar [[r.FastBlurThreshold:100]]
[2021.11.05-10.56.07:791][  0]LogConfig: Setting CVar [[r.Upscale.Quality:3]]
[2021.11.05-10.56.07:791][  0]LogConfig: Setting CVar [[r.Tonemapper.GrainQuantization:1]]
[2021.11.05-10.56.07:791][  0]LogConfig: Setting CVar [[r.LightShaftQuality:1]]
[2021.11.05-10.56.07:792][  0]LogConfig: Setting CVar [[r.Filter.SizeScale:1]]
[2021.11.05-10.56.07:792][  0]LogConfig: Setting CVar [[r.Tonemapper.Quality:5]]
[2021.11.05-10.56.07:792][  0]LogConfig: Setting CVar [[r.DOF.Gather.AccumulatorQuality:1        ; higher gathering accumulator quality]]
[2021.11.05-10.56.07:792][  0]LogConfig: Setting CVar [[r.DOF.Gather.PostfilterMethod:1          ; Median3x3 postfilering method]]
[2021.11.05-10.56.07:793][  0]LogConfig: Setting CVar [[r.DOF.Gather.EnableBokehSettings:0       ; no bokeh simulation when gathering]]
[2021.11.05-10.56.07:793][  0]LogConfig: Setting CVar [[r.DOF.Gather.RingCount:4                 ; medium number of samples when gathering]]
[2021.11.05-10.56.07:793][  0]LogConfig: Setting CVar [[r.DOF.Scatter.ForegroundCompositing:1    ; additive foreground scattering]]
[2021.11.05-10.56.07:793][  0]LogConfig: Setting CVar [[r.DOF.Scatter.BackgroundCompositing:2    ; additive background scattering]]
[2021.11.05-10.56.07:794][  0]LogConfig: Setting CVar [[r.DOF.Scatter.EnableBokehSettings:1      ; bokeh simulation when scattering]]
[2021.11.05-10.56.07:794][  0]LogConfig: Setting CVar [[r.DOF.Scatter.MaxSpriteRatio:0.1         ; only a maximum of 10% of scattered bokeh]]
[2021.11.05-10.56.07:794][  0]LogConfig: Setting CVar [[r.DOF.Recombine.Quality:1                ; cheap slight out of focus]]
[2021.11.05-10.56.07:794][  0]LogConfig: Setting CVar [[r.DOF.Recombine.EnableBokehSettings:0    ; no bokeh simulation on slight out of focus]]
[2021.11.05-10.56.07:795][  0]LogConfig: Setting CVar [[r.DOF.TemporalAAQuality:1                ; more stable temporal accumulation]]
[2021.11.05-10.56.07:795][  0]LogConfig: Setting CVar [[r.DOF.Kernel.MaxForegroundRadius:0.025]]
[2021.11.05-10.56.07:795][  0]LogConfig: Setting CVar [[r.DOF.Kernel.MaxBackgroundRadius:0.025]]
[2021.11.05-10.56.07:797][  0]LogConfig: Applying CVar settings from Section [TextureQuality@3] File [D:/ue4Project/Netshoot/Netshoot/Saved/Config/Windows/Scalability.ini]
[2021.11.05-10.56.07:799][  0]LogConfig: Setting CVar [[r.Streaming.MipBias:0]]
[2021.11.05-10.56.07:800][  0]LogConfig: Setting CVar [[r.Streaming.AmortizeCPUToGPUCopy:0]]
[2021.11.05-10.56.07:800][  0]LogConfig: Setting CVar [[r.Streaming.MaxNumTexturesToStreamPerFrame:0]]
[2021.11.05-10.56.07:800][  0]LogConfig: Setting CVar [[r.Streaming.Boost:1]]
[2021.11.05-10.56.07:800][  0]LogConfig: Setting CVar [[r.MaxAnisotropy:8]]
[2021.11.05-10.56.07:801][  0]LogConfig: Setting CVar [[r.VT.MaxAnisotropy:8]]
[2021.11.05-10.56.07:801][  0]LogConfig: Setting CVar [[r.Streaming.LimitPoolSizeToVRAM:0]]
[2021.11.05-10.56.07:801][  0]LogConfig: Setting CVar [[r.Streaming.PoolSize:1000]]
[2021.11.05-10.56.07:802][  0]LogConfig: Setting CVar [[r.Streaming.MaxEffectiveScreenSize:0]]
[2021.11.05-10.56.07:802][  0]LogConfig: Applying CVar settings from Section [EffectsQuality@3] File [D:/ue4Project/Netshoot/Netshoot/Saved/Config/Windows/Scalability.ini]
[2021.11.05-10.56.07:803][  0]LogConfig: Setting CVar [[r.TranslucencyLightingVolumeDim:64]]
[2021.11.05-10.56.07:803][  0]LogConfig: Setting CVar [[r.RefractionQuality:2]]
[2021.11.05-10.56.07:804][  0]LogConfig: Setting CVar [[r.SSR.Quality:3]]
[2021.11.05-10.56.07:804][  0]LogConfig: Setting CVar [[r.SSR.HalfResSceneColor:0]]
[2021.11.05-10.56.07:804][  0]LogConfig: Setting CVar [[r.SceneColorFormat:4]]
[2021.11.05-10.56.07:805][  0]LogConfig: Setting CVar [[r.DetailMode:2]]
[2021.11.05-10.56.07:805][  0]LogConfig: Setting CVar [[r.TranslucencyVolumeBlur:1]]
[2021.11.05-10.56.07:805][  0]LogConfig: Setting CVar [[r.MaterialQualityLevel:1 ; High quality]]
[2021.11.05-10.56.07:805][  0]LogConfig: Setting CVar [[r.AnisotropicMaterials:1]]
[2021.11.05-10.56.07:806][  0]LogConfig: Setting CVar [[r.SSS.Scale:1]]
[2021.11.05-10.56.07:806][  0]LogConfig: Setting CVar [[r.SSS.SampleSet:2]]
[2021.11.05-10.56.07:807][  0]LogConfig: Setting CVar [[r.SSS.Quality:1]]
[2021.11.05-10.56.07:807][  0]LogConfig: Setting CVar [[r.SSS.HalfRes:0]]
[2021.11.05-10.56.07:807][  0]LogConfig: Setting CVar [[r.SSGI.Quality:3]]
[2021.11.05-10.56.07:807][  0]LogConfig: Setting CVar [[r.EmitterSpawnRateScale:1.0]]
[2021.11.05-10.56.07:808][  0]LogConfig: Setting CVar [[r.ParticleLightQuality:2]]
[2021.11.05-10.56.07:808][  0]LogConfig: Setting CVar [[r.SkyAtmosphere.AerialPerspectiveLUT.FastApplyOnOpaque:1 ; Always have FastSkyLUT 1 in this case to avoid wrong sky]]
[2021.11.05-10.56.07:808][  0]LogConfig: Setting CVar [[r.SkyAtmosphere.AerialPerspectiveLUT.SampleCountMaxPerSlice:4]]
[2021.11.05-10.56.07:809][  0]LogConfig: Setting CVar [[r.SkyAtmosphere.AerialPerspectiveLUT.DepthResolution:16.0]]
[2021.11.05-10.56.07:809][  0]LogConfig: Setting CVar [[r.SkyAtmosphere.FastSkyLUT:1]]
[2021.11.05-10.56.07:809][  0]LogConfig: Setting CVar [[r.SkyAtmosphere.FastSkyLUT.SampleCountMin:4.0]]
[2021.11.05-10.56.07:809][  0]LogConfig: Setting CVar [[r.SkyAtmosphere.FastSkyLUT.SampleCountMax:128.0]]
[2021.11.05-10.56.07:810][  0]LogConfig: Setting CVar [[r.SkyAtmosphere.SampleCountMin:4.0]]
[2021.11.05-10.56.07:810][  0]LogConfig: Setting CVar [[r.SkyAtmosphere.SampleCountMax:128.0]]
[2021.11.05-10.56.07:810][  0]LogConfig: Setting CVar [[r.SkyAtmosphere.TransmittanceLUT.UseSmallFormat:0]]
[2021.11.05-10.56.07:810][  0]LogConfig: Setting CVar [[r.SkyAtmosphere.TransmittanceLUT.SampleCount:10.0]]
[2021.11.05-10.56.07:811][  0]LogConfig: Setting CVar [[r.SkyAtmosphere.MultiScatteringLUT.SampleCount:15.0]]
[2021.11.05-10.56.07:813][  0]LogConfig: Setting CVar [[r.SkyLight.RealTimeReflectionCapture:1]]
[2021.11.05-10.56.07:814][  0]LogConfig: Applying CVar settings from Section [FoliageQuality@3] File [D:/ue4Project/Netshoot/Netshoot/Saved/Config/Windows/Scalability.ini]
[2021.11.05-10.56.07:814][  0]LogConfig: Setting CVar [[foliage.DensityScale:1.0]]
[2021.11.05-10.56.07:814][  0]LogConfig: Setting CVar [[grass.DensityScale:1.0]]
[2021.11.05-10.56.07:814][  0]LogConfig: Applying CVar settings from Section [ShadingQuality@3] File [D:/ue4Project/Netshoot/Netshoot/Saved/Config/Windows/Scalability.ini]
[2021.11.05-10.56.07:815][  0]LogConfig: Setting CVar [[r.HairStrands.SkyLighting.IntegrationType:2]]
[2021.11.05-10.56.07:815][  0]LogConfig: Setting CVar [[r.HairStrands.SkyAO.SampleCount:4]]
[2021.11.05-10.56.07:815][  0]LogConfig: Setting CVar [[r.HairStrands.Visibility.MSAA.SamplePerPixel:4]]
[2021.11.05-10.56.07:815][  0]LogConfig: Applying CVar settings from Section [Startup] File [../../../Engine/Config/ConsoleVariables.ini]
[2021.11.05-10.56.07:816][  0]LogConfig: Setting CVar [[net.UseAdaptiveNetUpdateFrequency:0]]
[2021.11.05-10.56.07:816][  0]LogConfig: Setting CVar [[p.chaos.AllowCreatePhysxBodies:1]]
[2021.11.05-10.56.07:816][  0]LogConfig: Setting CVar [[fx.SkipVectorVMBackendOptimizations:1]]
[2021.11.05-10.56.07:816][  0]LogConfig: Applying CVar settings from Section [ConsoleVariables] File [D:/ue4Project/Netshoot/Netshoot/Saved/Config/Windows/Engine.ini]
[2021.11.05-10.56.07:817][  0]LogConfig: Applying CVar settings from Section [ConsoleVariables] File [D:/ue4Project/Netshoot/Netshoot/Saved/Config/Windows/Editor.ini]
[2021.11.05-10.56.07:817][  0]LogInit: Computer: DESKTOP-GH4GCSH
[2021.11.05-10.56.07:817][  0]LogInit: User: yanning
[2021.11.05-10.56.07:818][  0]LogInit: CPU Page size=4096, Cores=6
[2021.11.05-10.56.07:818][  0]LogInit: High frequency timer resolution =10.000000 MHz
[2021.11.05-10.56.07:818][  0]LogMemory: Memory total: Physical=15.9GB (16GB approx)
[2021.11.05-10.56.07:818][  0]LogMemory: Platform Memory Stats for Windows
[2021.11.05-10.56.07:819][  0]LogMemory: Process Physical Memory: 135.09 MB used, 135.10 MB peak
[2021.11.05-10.56.07:819][  0]LogMemory: Process Virtual Memory: 113.43 MB used, 113.43 MB peak
[2021.11.05-10.56.07:819][  0]LogMemory: Physical Memory: 4642.89 MB used,  11674.62 MB free, 16317.51 MB total
[2021.11.05-10.56.07:819][  0]LogMemory: Virtual Memory: 134195560.00 MB used,  22167.73 MB free, 134217728.00 MB total
[2021.11.05-10.56.07:825][  0]LogWindows: WindowsPlatformFeatures disabled or dedicated server build
[2021.11.05-10.56.07:854][  0]LogInit: Physics initialised using underlying interface: PhysX
[2021.11.05-10.56.07:855][  0]LogInit: Using OS detected language (zh-CN).
[2021.11.05-10.56.07:855][  0]LogInit: Using OS detected locale (zh-CN).
[2021.11.05-10.56.07:857][  0]LogTextLocalizationManager: No specific localization for 'zh-CN' exists, so the 'zh-Hans' localization will be used.
[2021.11.05-10.56.07:976][  0]LogTextLocalizationResource: LocRes '../../../Engine/Content/Localization/Editor/zh/Editor.locres' could not be opened for reading!
[2021.11.05-10.56.07:977][  0]LogTextLocalizationResource: LocRes '../../../Engine/Content/Localization/EditorTutorials/zh/EditorTutorials.locres' could not be opened for reading!
[2021.11.05-10.56.07:978][  0]LogTextLocalizationResource: LocRes '../../../Engine/Content/Localization/Keywords/zh/Keywords.locres' could not be opened for reading!
[2021.11.05-10.56.07:978][  0]LogTextLocalizationResource: LocRes '../../../Engine/Content/Localization/Category/zh/Category.locres' could not be opened for reading!
[2021.11.05-10.56.07:979][  0]LogTextLocalizationResource: LocRes '../../../Engine/Content/Localization/ToolTips/zh/ToolTips.locres' could not be opened for reading!
[2021.11.05-10.56.07:980][  0]LogTextLocalizationResource: LocRes '../../../Engine/Content/Localization/PropertyNames/zh/PropertyNames.locres' could not be opened for reading!
[2021.11.05-10.56.07:980][  0]LogTextLocalizationResource: LocRes '../../../Engine/Content/Localization/Engine/zh/Engine.locres' could not be opened for reading!
[2021.11.05-10.56.07:980][  0]LogTextLocalizationResource: LocRes '../../../Engine/Plugins/Online/OnlineSubsystem/Content/Localization/OnlineSubsystem/zh/OnlineSubsystem.locres' could not be opened for reading!
[2021.11.05-10.56.07:981][  0]LogTextLocalizationResource: LocRes '../../../Engine/Plugins/Online/OnlineSubsystemUtils/Content/Localization/OnlineSubsystemUtils/zh/OnlineSubsystemUtils.locres' could not be opened for reading!
[2021.11.05-10.56.07:981][  0]LogTextLocalizationResource: LocRes '../../../Engine/Plugins/Online/Android/OnlineSubsystemGooglePlay/Content/Localization/OnlineSubsystemGooglePlay/zh/OnlineSubsystemGooglePlay.locres' could not be opened for reading!
[2021.11.05-10.56.07:981][  0]LogTextLocalizationResource: LocRes '../../../Engine/Plugins/Online/IOS/OnlineSubsystemIOS/Content/Localization/OnlineSubsystemIOS/zh/OnlineSubsystemIOS.locres' could not be opened for reading!
[2021.11.05-10.56.08:227][  0]LogTargetPlatformManager: Display: Loaded TargetPlatform 'AllDesktop'
[2021.11.05-10.56.08:248][  0]LogTargetPlatformManager: Display: Loaded TargetPlatform 'Android'
[2021.11.05-10.56.08:248][  0]LogTargetPlatformManager: Display: Loaded TargetPlatform 'Android_ASTC'
[2021.11.05-10.56.08:248][  0]LogTargetPlatformManager: Display: Loaded TargetPlatform 'Android_DXT'
[2021.11.05-10.56.08:249][  0]LogTargetPlatformManager: Display: Loaded TargetPlatform 'Android_ETC2'
[2021.11.05-10.56.08:249][  0]LogTargetPlatformManager: Display: Loaded TargetPlatform 'AndroidClient'
[2021.11.05-10.56.08:249][  0]LogTargetPlatformManager: Display: Loaded TargetPlatform 'Android_ASTCClient'
[2021.11.05-10.56.08:249][  0]LogTargetPlatformManager: Display: Loaded TargetPlatform 'Android_DXTClient'
[2021.11.05-10.56.08:250][  0]LogTargetPlatformManager: Display: Loaded TargetPlatform 'Android_ETC2Client'
[2021.11.05-10.56.08:250][  0]LogTargetPlatformManager: Display: Loaded TargetPlatform 'Android_Multi'
[2021.11.05-10.56.08:250][  0]LogTargetPlatformManager: Display: Loaded TargetPlatform 'Android_MultiClient'
[2021.11.05-10.56.08:266][  0]LogTargetPlatformManager: Display: Loaded TargetPlatform 'IOSClient'
[2021.11.05-10.56.08:266][  0]LogTargetPlatformManager: Display: Loaded TargetPlatform 'IOS'
[2021.11.05-10.56.08:290][  0]LogTargetPlatformManager: Display: Loaded TargetPlatform 'Lumin'
[2021.11.05-10.56.08:290][  0]LogTargetPlatformManager: Display: Loaded TargetPlatform 'LuminClient'
[2021.11.05-10.56.08:299][  0]LogTargetPlatformManager: Display: Loaded TargetPlatform 'MacNoEditor'
[2021.11.05-10.56.08:302][  0]LogTargetPlatformManager: Display: Loaded TargetPlatform 'Mac'
[2021.11.05-10.56.08:307][  0]LogTargetPlatformManager: Display: Loaded TargetPlatform 'MacClient'
[2021.11.05-10.56.08:311][  0]LogTargetPlatformManager: Display: Loaded TargetPlatform 'MacServer'
[2021.11.05-10.56.08:320][  0]LogTargetPlatformManager: Display: Loaded TargetPlatform 'TVOSClient'
[2021.11.05-10.56.08:320][  0]LogTargetPlatformManager: Display: Loaded TargetPlatform 'TVOS'
[2021.11.05-10.56.08:327][  0]LogTargetPlatformManager: Display: Loaded TargetPlatform 'WindowsNoEditor'
[2021.11.05-10.56.08:330][  0]LogTargetPlatformManager: Display: Loaded TargetPlatform 'Windows'
[2021.11.05-10.56.08:332][  0]LogTargetPlatformManager: Display: Loaded TargetPlatform 'WindowsClient'
[2021.11.05-10.56.08:335][  0]LogTargetPlatformManager: Display: Loaded TargetPlatform 'WindowsServer'
[2021.11.05-10.56.08:335][  0]LogTargetPlatformManager: Display: Building Assets For Windows
[2021.11.05-10.56.08:338][  0]LogAudioDebug: Display: Lib vorbis DLL was dynamically loaded.
[2021.11.05-10.56.08:347][  0]LogTextureFormatOodle: Display: Oodle Texture 2.9.0 init RDO Off
[2021.11.05-10.56.08:358][  0]LogRendererCore: Ray tracing is disabled. Reason: r.RayTracing=0.
[2021.11.05-10.56.08:358][  0]LogShaderCompilers: Guid format shader working directory is 4 characters bigger than the processId version (../../../../../ue4Project/Netshoot/Netshoot/Intermediate/Shaders/WorkingDirectory/13264/).
[2021.11.05-10.56.08:359][  0]LogShaderCompilers: Cleaned the shader compiler working directory 'C:/Users/yanning/AppData/Local/Temp/UnrealShaderWorkingDir/28565FC44B01FC3529BC46AA02E5AB0F/'.
[2021.11.05-10.56.08:359][  0]LogXGEController: Cannot use XGE Controller as Incredibuild is not installed on this machine.
[2021.11.05-10.56.08:359][  0]LogShaderCompilers: Cannot use XGE Shader Compiler as Incredibuild is not installed on this machine.
[2021.11.05-10.56.08:360][  0]LogShaderCompilers: Display: Using Local Shader Compiler.
[2021.11.05-10.56.08:876][  0]LogDerivedDataCache: Display: Max Cache Size: 512 MB
[2021.11.05-10.56.08:932][  0]LogDerivedDataCache: Loaded boot cache 0.05s 79MB ../../../../../ue4Project/Netshoot/Netshoot/DerivedDataCache/Boot.ddc.
[2021.11.05-10.56.08:932][  0]LogDerivedDataCache: Display: Loaded Boot cache: ../../../../../ue4Project/Netshoot/Netshoot/DerivedDataCache/Boot.ddc
[2021.11.05-10.56.08:933][  0]LogDerivedDataCache: FDerivedDataBackendGraph:  Pak pak cache file ../../../../../ue4Project/Netshoot/Netshoot/DerivedDataCache/DDC.ddp not found, will not use a pak cache.
[2021.11.05-10.56.08:933][  0]LogDerivedDataCache: Unable to find inner node Pak for hierarchical cache Hierarchy.
[2021.11.05-10.56.08:933][  0]LogDerivedDataCache: FDerivedDataBackendGraph:  EnginePak pak cache file ../../../Engine/DerivedDataCache/DDC.ddp not found, will not use a pak cache.
[2021.11.05-10.56.08:934][  0]LogDerivedDataCache: Unable to find inner node EnginePak for hierarchical cache Hierarchy.
[2021.11.05-10.56.08:941][  0]LogDerivedDataCache: Speed tests for ../../../Engine/DerivedDataCache took 0.01 seconds
[2021.11.05-10.56.08:941][  0]LogDerivedDataCache: Display: Performance to ../../../Engine/DerivedDataCache: Latency=0.01ms. RandomReadSpeed=1582.72MBs, RandomWriteSpeed=150.48MBs. Assigned SpeedClass 'Local'
[2021.11.05-10.56.08:949][  0]LogDerivedDataCache: Using Local data cache path ../../../Engine/DerivedDataCache: Writable
[2021.11.05-10.56.08:950][  0]LogDerivedDataCache: Shared data cache path not found in *engine.ini, will not use an Shared cache.
[2021.11.05-10.56.08:950][  0]LogDerivedDataCache: Unable to find inner node Shared for hierarchical cache Hierarchy.
[2021.11.05-10.56.08:951][  0]LogInit: Using OS detected language (zh-CN).
[2021.11.05-10.56.08:951][  0]LogInit: Using OS detected locale (zh-CN).
[2021.11.05-10.56.08:951][  0]LogTextLocalizationManager: No localization for 'zh-CN' exists, so 'en' will be used for the language.
[2021.11.05-10.56.08:952][  0]LogTextLocalizationManager: No localization for 'zh-CN' exists, so 'en' will be used for the locale.
[2021.11.05-10.56.08:955][  0]LogAssetRegistry: FAssetRegistry took 0.0018 seconds to start up
[2021.11.05-10.56.09:125][  0]LogTextLocalizationManager: Compacting localization data took   0.00ms
[2021.11.05-10.56.09:126][  0]LogPackageLocalizationCache: Processed 27 localized package path(s) for 1 prioritized culture(s) in 0.013082 seconds
[2021.11.05-10.56.09:192][  0]LogInit: Selected Device Profile: [Windows]
[2021.11.05-10.56.09:192][  0]LogInit: Active device profile: [000002EE26327A00][000002EE20EAA640 49] Windows
[2021.11.05-10.56.09:193][  0]LogInit: Profiles: [000002EE26327A00][000002EE20EAA640 49] Windows, [000002EE262DC700][000002EE20EB8900 49] WindowsNoEditor, [000002EE26324700][000002EE20EAEB80 49] WindowsServer, [000002EE262DCE00][000002EE20EBCE00 49] WindowsClient, [000002EE26324D00][000002EE20EC50C0 49] IOS, [000002EE262DF300][000002EE20EC9380 49] iPadAir, [000002EE26326E00][000002EE22C9F640 49] iPadAir2, [000002EE2629AB00][000002EE22CB9B80 49] IPadPro, [000002EE2629AC00][000002EE22CA3BC0 49] iPadAir3, [000002EE26326B00][000002EE22CB0300 49] iPadAir4, [000002EE2629B800][000002EE22CAC5C0 49] iPadMini2, [000002EE26324F00][000002EE22CB4880 49] iPadMini3, [000002EE2629BB00][000002EE22CC2B40 49] iPadMini4, [000002EE26324A00][000002EE20EC0DC0 49] iPadMini5, [000002EE262BE400][000002EE22CDB2C0 49] iPhone6, [000002EE262BE500][000002EE22CC7300 49] iPodTouch6, [000002EE2629AE00][000002EE22CE3840 49] iPhone7, [000002EE2629B600][000002EE22CD3880 49] iPodTouch7, [000002EE262BF000][000002EE22CD7B40 49] iPhone5S, [000002EE2629A100][000002EE22CCE280 49] iPhone6Plus, [000002EE262BF300][000002EE22CDE540 49] iPhone6S, [000002EE2629A800][000002EE22CE6800 49] iPhone6SPlus, [000002EE262BF700][000002EE22CEAAC0 49] iPhone7Plus, [000002EE2629B400][000002EE26C02D80 49] iPhoneSE, [000002EE262BC900][000002EE22CCB000 49] iPhone8, [000002EE2629AD00][000002EE26C0B2C0 49] iPhone8Plus, [000002EE262BE300][000002EE26C0F580 49] iPhoneX, [000002EE26298300][000002EE26C13840 49] iPhoneXS, [000002EE262BC600][000002EE26C17B00 49] iPhoneXSMax, [000002EE2629BC00][000002EE26C1A240 49] iPhoneXR, [000002EE262BC500][000002EE26C1E500 49] iPhone11, [000002EE26298E00][000002EE26C227C0 49] iPhone11Pro, [000002EE262BDF00][000002EE26C26A80 49] iPhone11ProMax, [000002EE26298200][000002EE26C2AD40 49] iPhoneSE2, [000002EE262BD700][000002EE26C06FC0 49] iPhone12Mini, [000002EE26299600][000002EE26C2F240 49] iPhone12, [000002EE262BDC00][000002EE26C37500 49] iPhone12Pro, [000002EE26298100][000002EE26C3B7C0 49] iPhone12ProMax, [000002EE262BDA00][000002EE26C3FA80 49] iPadPro105, [000002EE26299E00][000002EE26C421C0 49] iPadPro129, [000002EE262BEB00][000002EE26C46480 49] iPadPro97, [000002EE2629BE00][000002EE26C4A740 49] iPadPro2_129, [000002EE262BDD00][000002EE26C4EA00 49] iPad5, [000002EE26299A00][000002EE26C52CC0 49] iPad6, [000002EE262BE100][000002EE26C56F80 49] iPad7, [000002EE26298900][000002EE26C33200 49] iPad8, [000002EE262BCE00][000002EE26C5B480 49] iPadPro11, [000002EE2629BF00][000002EE26C63740 49] iPadPro2_11, [000002EE262BC300][000002EE26C67A00 49] iPadPro3_129, [000002EE26299800][000002EE26C6A140 49] iPadPro4_129, [000002EE262BDB00][000002EE26C6E400 49] AppleTV, [000002EE26299000][000002EE26C726C0 49] AppleTV4K, [000002EE262BC400][000002EE26C76980 49] TVOS, [000002EE26298800][000002EE26C7AC40 49] Mac, [000002EE262BFA00][000002EE26C7EF00 49] MacClient, [000002EE2629A000][000002EE26C831C0 49] MacNoEditor, [000002EE262DFD00][000002EE26C5F440 49] MacServer, [000002EE2634D200][000002EE26C876C0 49] Linux, [000002EE262DC600][000002EE26C8F980 49] LinuxAArch64, [000002EE2634D100][000002EE26C920C0 49] LinuxNoEditor, [000002EE262DD600][000002EE26C96380 49] LinuxAArch64NoEditor, [000002EE2634DD00][000002EE26C9A640 49] LinuxClient, [000002EE262DDD00][000002EE26C9E900 49] LinuxAArch64Client, [000002EE2634F700][000002EE26CA2BC0 49] LinuxServer, [000002EE262DD900][000002EE26CA6E80 49] LinuxAArch64Server, [000002EE2634E200][000002EE26CAB140 49] Android, [000002EE262DEF00][000002EE26CAF400 49] Android_Low, [000002EE2634C600][000002EE26C8B680 49] Android_Mid, [000002EE262DE100][000002EE26CB3900 49] Android_High, [000002EE2634C900][000002EE26CBBBC0 49] Android_Default, [000002EE262DEA00][000002EE26CBE300 49] Android_Adreno4xx, [000002EE2634F300][000002EE26CC25C0 49] Android_Adreno5xx_Low, [000002EE262DC900][000002EE26CC6880 49] Android_Adreno5xx, [000002EE2634E700][000002EE26CCAB40 49] Android_Adreno6xx, [000002EE262DC200][000002EE26CCEE00 49] Android_Adreno6xx_Vulkan, [000002EE2634CB00][000002EE26CD30C0 49] Android_Mali_T6xx, [000002EE262DE900][000002EE26CD7380 49] Android_Mali_T7xx, [000002EE2634D300][000002EE26CDB640 49] Android_Mali_T8xx, [000002EE26298400][000002EE26CB78C0 49] Android_Mali_G71, [000002EE2634D400][000002EE26CDFB40 49] Android_Mali_G72, [000002EE26299B00][000002EE26CE6280 49] Android_Mali_G72_Vulkan, [000002EE2634F200][000002EE26CEA540 49] Android_Mali_G76, [000002EE2629BA00][000002EE26CEE800 49] Android_Mali_G76_Vulkan, [000002EE2634F100][000002EE26CF2AC0 49] Android_Mali_G77, [000002EE26299200][000002EE26CF6D80 49] Android_Mali_G77_Vulkan, [000002EE2634D800][000002EE26CFB040 49] Android_Mali_G78, [000002EE2629B900][000002EE26CFF300 49] Android_Mali_G78_Vulkan, [000002EE2634D900][000002EE26D035C0 49] Android_Mali_G710, [000002EE26299400][000002EE26D07880 49] Android_Mali_G710_Vulkan, [000002EE2634E600][000002EE26CE3B00 49] Android_Vulkan_SM5, [000002EE26298700][000002EE26D0A200 49] Android_PowerVR_G6xxx, [000002EE2634EA00][000002EE26D124C0 49] Android_PowerVR_GT7xxx, [000002EE2629B200][000002EE26D16780 49] Android_PowerVR_GE8xxx, [000002EE2634EB00][000002EE26D1AA40 49] Android_PowerVR_GM9xxx, [000002EE26299F00][000002EE26D1ED00 49] Android_PowerVR_GM9xxx_Vulkan, [000002EE2634EC00][000002EE26D22FC0 49] Android_TegraK1, [000002EE26298500][000002EE26D27280 49] Android_Unknown_Vulkan, [000002EE2634ED00][000002EE26D2B540 49] Lumin, [000002EE26299100][000002EE26D2F800 49] Lumin_Desktop, [000002EE2634DB00][000002EE26D33AC0 49] HoloLens, 
[2021.11.05-10.56.09:208][  0]LogMeshReduction: Using QuadricMeshReduction for automatic static mesh reduction
[2021.11.05-10.56.09:208][  0]LogMeshReduction: Using SimplygonMeshReduction for automatic skeletal mesh reduction
[2021.11.05-10.56.09:209][  0]LogMeshReduction: Using ProxyLODMeshReduction for automatic mesh merging
[2021.11.05-10.56.09:209][  0]LogMeshReduction: No distributed automatic mesh merging module available
[2021.11.05-10.56.09:209][  0]LogMeshMerging: No distributed automatic mesh merging module available
[2021.11.05-10.56.09:218][  0]LogNetVersion: Netshoot 1.0.0, NetCL: 0, EngineNetVer: 17, GameNetVer: 0 (Checksum: 2292170303)
[2021.11.05-10.56.09:301][  0]LogTexture: Default maximum texture size for cubemaps generated from long-lat sources has been changed from 512 to unlimited. In order to preserve old behaiour for '/Engine/MapTemplates/Sky/DaylightAmbientCubemap.DaylightAmbientCubemap', its maximum texture size has been explicitly set to 512.
[2021.11.05-10.56.09:315][  0]LogHMD: PokeAHoleMaterial loaded successfully
[2021.11.05-10.56.09:360][  0]LogPython: Using Python 3.7.7
[2021.11.05-10.56.09:768][  0]LogNiagaraDebuggerClient: Niagara Debugger Client Initialized | Session: D08A07FF40BE92D9BC65D2852E59D9A6 | Instance: 0F9DE365438ACA7CE06170A979775D91 (DESKTOP-GH4GCSH-13264).
[2021.11.05-10.56.09:780][  0]LogCollectionManager: Loaded 0 collections in 0.000727 seconds
[2021.11.05-10.56.09:783][  0]LogFileCache: Scanning file cache for directory 'D:/ue4Project/Netshoot/Netshoot/Saved/Collections/' took 0.00s
[2021.11.05-10.56.09:783][  0]LogFileCache: Scanning file cache for directory 'D:/ue4Project/Netshoot/Netshoot/Content/Developers/yanning/Collections/' took 0.00s
[2021.11.05-10.56.09:784][  0]LogFileCache: Scanning file cache for directory 'D:/ue4Project/Netshoot/Netshoot/Content/Collections/' took 0.00s
[2021.11.05-10.56.09:784][  0]LogCollectionManager: Fixed up redirectors for 0 collections in 0.000002 seconds (updated 0 objects)
[2021.11.05-10.56.09:889][  0]SourceControl: Source control is disabled
[2021.11.05-10.56.09:891][  0]SourceControl: Source control is disabled
[2021.11.05-10.56.09:892][  0]SourceControl: Source control is disabled
[2021.11.05-10.56.09:894][  0]LogUProjectInfo: Found projects:
[2021.11.05-10.56.09:926][  0]LogOpenImageDenoise: OIDN starting up
[2021.11.05-10.56.09:940][  0]LogAndroidPermission: UAndroidPermissionCallbackProxy::GetInstance
[2021.11.05-10.56.09:947][  0]LogAudioCaptureCore: Display: No Audio Capture implementations found. Audio input will be silent.
[2021.11.05-10.56.09:947][  0]LogAudioCaptureCore: Display: No Audio Capture implementations found. Audio input will be silent.
[2021.11.05-10.56.09:989][  0]LogOcInput: OculusInput pre-init called
[2021.11.05-10.56.09:998][  0]LogUObjectArray: 21903 objects as part of root set at end of initial load.
[2021.11.05-10.56.09:998][  0]LogUObjectAllocator: 5897856 out of 0 bytes used by permanent object pool.
[2021.11.05-10.56.09:998][  0]LogUObjectArray: CloseDisregardForGC: 0/0 objects in disregard for GC pool
[2021.11.05-10.56.10:027][  0]LogEngine: Initializing Engine...
[2021.11.05-10.56.10:029][  0]LogStats: UGameplayTagsManager::InitializeManager -  0.000 s
[2021.11.05-10.56.10:039][  0]LogInit: Initializing FReadOnlyCVARCache
[2021.11.05-10.56.10:039][  0]LogNetVersion: Set ProjectVersion to 1.0.0.0. Version Checksum will be recalculated on next use.
[2021.11.05-10.56.10:293][  0]LogDerivedDataCache: Saved boot cache 0.25s 79MB ../../../../../ue4Project/Netshoot/Netshoot/DerivedDataCache/Boot.ddc.
[2021.11.05-10.56.10:295][  0]LogInit: Texture streaming: Disabled
[2021.11.05-10.56.10:443][  0]LogInit: Display: Game Engine Initialized.
[2021.11.05-10.56.10:444][  0]LogNiagaraEditor: GEditor isn't valid! Particle reset commands will not work for Niagara components!
[2021.11.05-10.56.10:475][  0]LogInit: Display: Starting Game.
[2021.11.05-10.56.10:533][  0]LogPackageName: SearchForPackageOnDisk took   0.058s to resolve Level_01.umap.
[2021.11.05-10.56.10:533][  0]LogNet: Browse: /Game/Maps/Level_01?Name=Player
[2021.11.05-10.56.10:534][  0]LogLoad: LoadMap: /Game/Maps/Level_01?Name=Player
[2021.11.05-10.56.10:534][  0]LogWorld: BeginTearingDown for /Temp/Untitled_0
[2021.11.05-10.56.10:538][  0]LogWorld: UWorld::CleanupWorld for Untitled, bSessionEnded=true, bCleanupResources=true
[2021.11.05-10.56.10:548][  0]LogUObjectHash: Compacting FUObjectHashTables data took   0.79ms
[2021.11.05-10.56.10:798][  0]LogAIModule: Creating AISystem for world Level_01
[2021.11.05-10.56.10:799][  0]LogLoad: Game class is 'MyGameMode_C'
[2021.11.05-10.56.10:800][  0]LogNet: ReplicationDriverClass is null! Not using ReplicationDriver.
[2021.11.05-10.56.10:800][  0]LogNetCore: DDoS detection status: detection enabled: 0 analytics enabled: 0
[2021.11.05-10.56.10:800][  0]LogInit: WinSock: Socket queue. Rx: 131072 (config 131072) Tx: 131072 (config 131072)
[2021.11.05-10.56.10:801][  0]LogNet: Created socket for bind address: 0.0.0.0 on port 7777
[2021.11.05-10.56.10:801][  0]PacketHandlerLog: Loaded PacketHandler component: Engine.EngineHandlerComponentFactory (StatelessConnectHandlerComponent)
[2021.11.05-10.56.10:801][  0]LogNet: GameNetDriver IpNetDriver_0 IpNetDriver listening on port 7777
[2021.11.05-10.56.10:806][  0]LogWorld: Bringing World /Game/Maps/Level_01.Level_01 up for play (max tick rate 30) at 2021.11.05-18.56.10
[2021.11.05-10.56.10:806][  0]LogWorld: Bringing up level for play took: 0.003109
[2021.11.05-10.56.10:806][  0]LogGameMode: Display: Match State Changed from EnteringMap to WaitingToStart
[2021.11.05-10.56.10:807][  0]LogGameState: Match State Changed from EnteringMap to WaitingToStart
[2021.11.05-10.56.10:808][  0]LogLoad: Took 0.273052 seconds to LoadMap(/Game/Maps/Level_01)
[2021.11.05-10.56.10:812][  0]LogInit: Display: Engine is initialized. Leaving FEngineLoop::Init()
[2021.11.05-10.56.10:812][  0]LogLoad: (Engine Initialization) Total time: 4.24 seconds
[2021.11.05-10.56.10:813][  0]LogLoad: (Engine Initialization) Total Blueprint compile time: 0.00 seconds
[2021.11.05-10.56.11:112][  8]LogNet: NotifyAcceptingConnection accepted from: 127.0.0.1:49898
[2021.11.05-10.56.11:112][  8]LogHandshake: SendConnectChallenge. Timestamp: 0.298382, Cookie: 253027201103150001172030005085212165183147153057094128213251
[2021.11.05-10.56.11:146][  9]LogNet: NotifyAcceptingConnection accepted from: 127.0.0.1:49898
[2021.11.05-10.56.11:146][  9]LogHandshake: SendChallengeAck. InCookie: 253027201103150001172030005085212165183147153057094128213251
[2021.11.05-10.56.11:147][  9]LogNet: Server accepting post-challenge connection from: 127.0.0.1:49898
[2021.11.05-10.56.11:148][  9]PacketHandlerLog: Loaded PacketHandler component: Engine.EngineHandlerComponentFactory (StatelessConnectHandlerComponent)
[2021.11.05-10.56.11:148][  9]LogNet: NotifyAcceptedConnection: Name: Level_01, TimeStamp: 11/05/21 18:56:11, [UNetConnection] RemoteAddr: 127.0.0.1:49898, Name: IpConnection_0, Driver: GameNetDriver IpNetDriver_0, IsServer: YES, PC: NULL, Owner: NULL, UniqueId: INVALID
[2021.11.05-10.56.11:148][  9]LogNet: AddClientConnection: Added client connection: [UNetConnection] RemoteAddr: 127.0.0.1:49898, Name: IpConnection_0, Driver: GameNetDriver IpNetDriver_0, IsServer: YES, PC: NULL, Owner: NULL, UniqueId: INVALID
[2021.11.05-10.56.11:149][  9]LogNet: NotifyAcceptingChannel Control 0 server World /Game/Maps/Level_01.Level_01: Accepted
[2021.11.05-10.56.11:149][  9]LogNet: Remote platform little endian=1
[2021.11.05-10.56.11:149][  9]LogNet: This platform little endian=1
[2021.11.05-10.56.11:150][  9]LogNetVersion: Netshoot 1.0.0.0, NetCL: 0, EngineNetVer: 17, GameNetVer: 0 (Checksum: 3847081628)
[2021.11.05-10.56.11:180][ 10]LogNet: Login request: ?Name=DESKTOP-GH4GCSH-E0BD4A784E69D9354C6DE8A98AC45E9B userId: NULL:DESKTOP-GH4GCSH-E0BD4A784E69D9354C6DE8A98AC45E9B platform: NULL
[2021.11.05-10.56.11:444][ 18]LogNet: Client netspeed is 100000
[2021.11.05-10.56.11:444][ 18]LogNet: Join request: /Engine/Maps/Entry?Name=DESKTOP-GH4GCSH-E0BD4A784E69D9354C6DE8A98AC45E9B?SplitscreenCount=1
[2021.11.05-10.56.11:445][ 18]LogScript: Warning: Script Msg: MyPlayerController_C_0 自定义事件_0 SetTimer passed a negative or zero time. The associated timer may fail to be created/fire! If using InitialStartDelayVariance, be sure it is smaller than (Time + InitialStartDelay).
[2021.11.05-10.56.11:445][ 18]LogOnlineSession: Warning: OSS: No game present to join for session (GameSession)
[2021.11.05-10.56.11:447][ 18]LogGameMode: Display: Match State Changed from WaitingToStart to InProgress
[2021.11.05-10.56.11:449][ 18]LogGameState: Match State Changed from WaitingToStart to InProgress
[2021.11.05-10.56.11:449][ 18]LogNet: Join succeeded: DESKTOP-GH4GCSH-E0BD
